$ ['/entrypoint.sh', 'gazebo_gui:=true', 'launch_rviz:=true', 'ground_truth:=false', 'start_aic_engine:=false', 'shutdown_on_aic_engine_exit:=false', 'model_discovery_timeout_seconds:=600']

ZENOH_CONFIG_OVERRIDE_ROUTER=mode="router";listen/endpoints=["tcp/[::]:7447"];connect/endpoints=[];routing/router/peers_failover_brokering=true;transport/shared_memory/enabled=false
ZENOH_CONFIG_OVERRIDE_PEER=;transport/shared_memory/enabled=false
[2m2026-05-09T15:41:34.915255Z[0m [32m INFO[0m ThreadId(02) [2mzenoh::net::runtime[0m[2m:[0m Using ZID: f63d62d25a12d42af3e1cb9ff930d986
[2m2026-05-09T15:41:34.919246Z[0m [33m WARN[0m ThreadId(02) [2mzenoh::net::routing::interceptor::authorization[0m[2m:[0m Rule 'deny_rule' flows list is not set. Setting it to both Ingress and Egress
[2m2026-05-09T15:41:34.951837Z[0m [32m INFO[0m ThreadId(02) [2mzenoh::net::runtime::orchestrator[0m[2m:[0m Zenoh can be reached at: tcp/172.18.0.2:7447
[INFO] [launch]: All log files can be found below /root/.ros/log/2026-05-09-15-41-34-978972-a8611d9241d5-38
[INFO] [launch]: Default logging verbosity is set to INFO
Started Zenoh router with id f63d62d25a12d42af3e1cb9ff930d986
[2m2026-05-09T15:41:35.540637Z[0m [32m INFO[0m acc-0 ThreadId(04) [2mzenoh::net::routing::interceptor::access_control[0m[2m:[0m 234e95203bdd263c9204bf40394ff4b7 did not match any configured ACL subject. Default permission `Allow` will be applied on all messages
[INFO] [robot_state_publisher-1]: process started with pid [110]
[INFO] [aic_adapter-2]: process started with pid [112]
[INFO] [component_container-3]: process started with pid [114]
[INFO] [gz-4]: process started with pid [116]
[INFO] [create-5]: process started with pid [118]
[2m2026-05-09T15:41:35.982553Z[0m [32m INFO[0m acc-0 ThreadId(04) [2mzenoh::net::routing::interceptor::access_control[0m[2m:[0m 3e99e9a789a7d90d030cc770b786d959 did not match any configured ACL subject. Default permission `Allow` will be applied on all messages
[2m2026-05-09T15:41:35.989848Z[0m [32m INFO[0m acc-0 ThreadId(04) [2mzenoh::net::routing::interceptor::access_control[0m[2m:[0m 26a50f927f303ad678782a3c9af45854 did not match any configured ACL subject. Default permission `Allow` will be applied on all messages
[2m2026-05-09T15:41:36.000566Z[0m [32m INFO[0m acc-0 ThreadId(04) [2mzenoh::net::routing::interceptor::access_control[0m[2m:[0m c45555d2bf93b8a0628e7ebb64155949 did not match any configured ACL subject. Default permission `Allow` will be applied on all messages
[2m2026-05-09T15:41:36.050517Z[0m [32m INFO[0m acc-0 ThreadId(04) [2mzenoh::net::routing::interceptor::access_control[0m[2m:[0m b473e3c45620b215fcf48aeb2db5802c did not match any configured ACL subject. Default permission `Allow` will be applied on all messages
[aic_adapter-2] [INFO] [1778341296.143408511] [aic_adapter_node]: Adapter node initialization complete.
[robot_state_publisher-1] [INFO] [1778341296.156113927] [robot_state_publisher]: Robot initialized
[create-5] [INFO] [1778341296.161801677] [ros_gz_sim]: Requesting list of world names.
[component_container-3] [INFO] [1778341296.181288261] [ros_gz_container]: Load Library: /ws_aic/install/lib/libgzserver_component.so
[component_container-3] [INFO] [1778341296.275407386] [ros_gz_container]: Found class: rclcpp_components::NodeFactoryTemplate<ros_gz_sim::GzServer>
[component_container-3] [INFO] [1778341296.275573927] [ros_gz_container]: Instantiate class: rclcpp_components::NodeFactoryTemplate<ros_gz_sim::GzServer>
[INFO] [launch_ros.actions.load_composable_nodes]: Loaded node '/gz_server' in container '/ros_gz_container'
[component_container-3] [INFO] [1778341296.291361677] [ros_gz_container]: Load Library: /ws_aic/install/lib/libros_gz_bridge.so
[component_container-3] [INFO] [1778341296.357326177] [ros_gz_container]: Found class: rclcpp_components::NodeFactoryTemplate<ros_gz_bridge::RosGzBridge>
[component_container-3] [INFO] [1778341296.357393136] [ros_gz_container]: Instantiate class: rclcpp_components::NodeFactoryTemplate<ros_gz_bridge::RosGzBridge>
[INFO] [launch_ros.actions.load_composable_nodes]: Loaded node '/ros_gz_bridge' in container 'ros_gz_container'
[gz-4] QStandardPaths: XDG_RUNTIME_DIR not set, defaulting to '/tmp/runtime-root'
[component_container-3] (2026-05-09 15:41:36.457) [info] [ServerPrivate.cc:664] Loading SDF world file[/ws_aic/install/share/aic_description/world/aic.sdf].
[gz-4] (2026-05-09 15:41:37.068) [error] [SignalHandler.cc:178] [GUI] 4 Interrupted system call
[component_container-3] [INFO] [1778341297.385025178] [ros_gz_bridge]: Creating GZ->ROS Bridge: [/clock (gz.msgs.Clock) -> /clock (rosgraph_msgs/msg/Clock)] (Lazy 0)
[component_container-3] [INFO] [1778341297.391593136] [ros_gz_bridge]: Creating GZ->ROS Bridge: [/left_camera/image (gz.msgs.Image) -> /left_camera/image (sensor_msgs/msg/Image)] (Lazy 1)
[component_container-3] [INFO] [1778341297.395454220] [ros_gz_bridge]: Creating GZ->ROS Bridge: [/center_camera/image (gz.msgs.Image) -> /center_camera/image (sensor_msgs/msg/Image)] (Lazy 1)
[component_container-3] [INFO] [1778341297.395787011] [ros_gz_bridge]: Creating GZ->ROS Bridge: [/right_camera/image (gz.msgs.Image) -> /right_camera/image (sensor_msgs/msg/Image)] (Lazy 1)
[component_container-3] [INFO] [1778341297.396300970] [ros_gz_bridge]: Creating GZ->ROS Bridge: [/left_camera/camera_info (gz.msgs.CameraInfo) -> /left_camera/camera_info (sensor_msgs/msg/CameraInfo)] (Lazy 1)
[component_container-3] [INFO] [1778341297.397234345] [ros_gz_bridge]: Creating GZ->ROS Bridge: [/center_camera/camera_info (gz.msgs.CameraInfo) -> /center_camera/camera_info (sensor_msgs/msg/CameraInfo)] (Lazy 1)
[component_container-3] [INFO] [1778341297.397418303] [ros_gz_bridge]: Creating GZ->ROS Bridge: [/right_camera/camera_info (gz.msgs.CameraInfo) -> /right_camera/camera_info (sensor_msgs/msg/CameraInfo)] (Lazy 1)
[component_container-3] [INFO] [1778341297.397549470] [ros_gz_bridge]: Creating GZ->ROS Bridge: [/aic/gazebo/contacts/off_limit (gz.msgs.Contacts) -> /aic/gazebo/contacts/off_limit (ros_gz_interfaces/msg/Contacts)] (Lazy 1)
[component_container-3] [INFO] [1778341297.400856761] [ros_gz_bridge]: Creating GZ->ROS Bridge: [/cable_0/pose (gz.msgs.Pose_V) -> /scoring/tf (tf2_msgs/msg/TFMessage)] (Lazy 1)
[component_container-3] [INFO] [1778341297.403476345] [ros_gz_bridge]: Creating GZ->ROS Bridge: [/cable_1/pose (gz.msgs.Pose_V) -> /scoring/tf (tf2_msgs/msg/TFMessage)] (Lazy 1)
[component_container-3] [INFO] [1778341297.405453761] [ros_gz_bridge]: Creating GZ->ROS Bridge: [/cable_2/pose (gz.msgs.Pose_V) -> /scoring/tf (tf2_msgs/msg/TFMessage)] (Lazy 1)
[component_container-3] [INFO] [1778341297.405631303] [ros_gz_bridge]: Creating GZ->ROS Bridge: [/cable_3/pose (gz.msgs.Pose_V) -> /scoring/tf (tf2_msgs/msg/TFMessage)] (Lazy 1)
[component_container-3] [INFO] [1778341297.405705636] [ros_gz_bridge]: Creating GZ->ROS Bridge: [/cable_4/pose (gz.msgs.Pose_V) -> /scoring/tf (tf2_msgs/msg/TFMessage)] (Lazy 1)
[component_container-3] [INFO] [1778341297.405766761] [ros_gz_bridge]: Creating GZ->ROS Bridge: [/task_board/pose_static (gz.msgs.Pose_V) -> /scoring/tf (tf2_msgs/msg/TFMessage)] (Lazy 1)
[component_container-3] [INFO] [1778341297.405830678] [ros_gz_bridge]: Creating GZ->ROS Bridge: [/cable_0/insertion_event (gz.msgs.StringMsg) -> /scoring/insertion_event (std_msgs/msg/String)] (Lazy 1)
[component_container-3] [INFO] [1778341297.407580178] [ros_gz_bridge]: Creating GZ->ROS Bridge: [/cable_1/insertion_event (gz.msgs.StringMsg) -> /scoring/insertion_event (std_msgs/msg/String)] (Lazy 1)
[component_container-3] (2026-05-09 15:41:38.380) [info] [SystemManager.cc:54] Serving entity system service on [/entity/system/add]
[component_container-3] (2026-05-09 15:41:38.427) [info] [UserCommands.cc:752] Create service on [/world/aic_world/create_multiple] (async)
[component_container-3] (2026-05-09 15:41:38.427) [info] [UserCommands.cc:754] Create service on [/world/aic_world/create_multiple/blocking] (blocking)
[component_container-3] (2026-05-09 15:41:38.428) [info] [UserCommands.cc:752] Remove service on [/world/aic_world/remove] (async)
[component_container-3] (2026-05-09 15:41:38.428) [info] [UserCommands.cc:754] Remove service on [/world/aic_world/remove/blocking] (blocking)
[component_container-3] (2026-05-09 15:41:38.428) [info] [UserCommands.cc:752] Pose service on [/world/aic_world/set_pose] (async)
[component_container-3] (2026-05-09 15:41:38.428) [info] [UserCommands.cc:754] Pose service on [/world/aic_world/set_pose/blocking] (blocking)
[component_container-3] (2026-05-09 15:41:38.428) [info] [UserCommands.cc:752] Pose service on [/world/aic_world/set_pose_vector] (async)
[component_container-3] (2026-05-09 15:41:38.428) [info] [UserCommands.cc:754] Pose service on [/world/aic_world/set_pose_vector/blocking] (blocking)
[component_container-3] (2026-05-09 15:41:38.429) [info] [UserCommands.cc:752] Light configuration service on [/world/aic_world/light_config] (async)
[component_container-3] (2026-05-09 15:41:38.429) [info] [UserCommands.cc:754] Light configuration service on [/world/aic_world/light_config/blocking] (blocking)
[component_container-3] (2026-05-09 15:41:38.430) [info] [UserCommands.cc:752] Physics service on [/world/aic_world/set_physics] (async)
[component_container-3] (2026-05-09 15:41:38.430) [info] [UserCommands.cc:754] Physics service on [/world/aic_world/set_physics/blocking] (blocking)
[component_container-3] (2026-05-09 15:41:38.431) [info] [UserCommands.cc:752] SphericalCoordinates service on [/world/aic_world/set_spherical_coordinates] (async)
[component_container-3] (2026-05-09 15:41:38.431) [info] [UserCommands.cc:754] SphericalCoordinates service on [/world/aic_world/set_spherical_coordinates/blocking] (blocking)
[component_container-3] (2026-05-09 15:41:38.431) [info] [UserCommands.cc:752] Enable collision service on [/world/aic_world/enable_collision] (async)
[component_container-3] (2026-05-09 15:41:38.431) [info] [UserCommands.cc:754] Enable collision service on [/world/aic_world/enable_collision/blocking] (blocking)
[component_container-3] (2026-05-09 15:41:38.431) [info] [UserCommands.cc:752] Disable collision service on [/world/aic_world/disable_collision] (async)
[component_container-3] (2026-05-09 15:41:38.431) [info] [UserCommands.cc:754] Disable collision service on [/world/aic_world/disable_collision/blocking] (blocking)
[component_container-3] (2026-05-09 15:41:38.432) [info] [UserCommands.cc:752] Material service on [/world/aic_world/visual_config] (async)
[component_container-3] (2026-05-09 15:41:38.432) [info] [UserCommands.cc:754] Material service on [/world/aic_world/visual_config/blocking] (blocking)
[component_container-3] (2026-05-09 15:41:38.432) [info] [UserCommands.cc:752] Material service on [/world/aic_world/wheel_slip] (async)
[component_container-3] (2026-05-09 15:41:38.432) [info] [UserCommands.cc:754] Material service on [/world/aic_world/wheel_slip/blocking] (blocking)
[component_container-3] (2026-05-09 15:41:38.432) [debug] [SystemManager.cc:80] Loaded system [gz::sim::systems::UserCommands] for entity [1]
[component_container-3] (2026-05-09 15:41:38.525) [debug] [Physics.cc:967] Loaded [gz::physics::bullet_featherstone::Plugin] from library [/ws_aic/install/lib/gz-physics-8/engine-plugins/libgz-physics-bullet-featherstone-plugin.so]
[component_container-3] (2026-05-09 15:41:38.525) [debug] [SystemManager.cc:80] Loaded system [gz::sim::systems::Physics] for entity [1]
[component_container-3] (2026-05-09 15:41:38.548) [debug] [Sensors.cc:697] Configuring Sensors system
[component_container-3] (2026-05-09 15:41:38.550) [debug] [Sensors.cc:557] SensorsPrivate::Run
[component_container-3] (2026-05-09 15:41:38.550) [debug] [SystemManager.cc:80] Loaded system [gz::sim::systems::Sensors] for entity [1]
[component_container-3] (2026-05-09 15:41:38.551) [debug] [Sensors.cc:532] SensorsPrivate::RenderThread started
[component_container-3] (2026-05-09 15:41:38.551) [debug] [Sensors.cc:337] Waiting for init
[component_container-3] (2026-05-09 15:41:38.555) [debug] [ScoringPlugin.cc:45] aic_gazebo::ScoringPlugin::Configure on entity: 1
[component_container-3] (2026-05-09 15:41:38.557) [debug] [SystemManager.cc:80] Loaded system [aic_gazebo::ScoringPlugin] for entity [1]
[component_container-3] (2026-05-09 15:41:38.559) [debug] [WorldSdfGeneratorPlugin.cc:47] aic_gazebo::WorldSdfGeneratorPlugin::Configure
[component_container-3] (2026-05-09 15:41:38.559) [debug] [SystemManager.cc:80] Loaded system [aic_gazebo::WorldSdfGeneratorPlugin] for entity [1]
[component_container-3] (2026-05-09 15:41:38.562) [debug] [SystemManager.cc:80] Loaded system [gz::sim::systems::Contact] for entity [1]
[component_container-3] (2026-05-09 15:41:38.564) [info] [LevelManager.cc:646] Loaded level [default]
[component_container-3] (2026-05-09 15:41:38.565) [info] [ServerConfig.cc:1010] Copied installed config [/ws_aic/install/share/gz/gz-sim9/server.config] to default config [/root/.gz/sim/9/server.config].
[component_container-3] (2026-05-09 15:41:38.565) [debug] [ServerConfig.cc:1025] Loading (3) plugins from file [/root/.gz/sim/9/server.config]
[component_container-3] (2026-05-09 15:41:38.565) [debug] [SimulationRunner.cc:1696] Additional plugins to load:
[component_container-3] (2026-05-09 15:41:38.565) [debug] [SimulationRunner.cc:1699] gz::sim::systems::SceneBroadcaster gz-sim-scene-broadcaster-system
[component_container-3] (2026-05-09 15:41:38.572) [debug] [SystemManager.cc:80] Loaded system [gz::sim::systems::SceneBroadcaster] for entity [1]
[component_container-3] (2026-05-09 15:41:38.575) [info] [SimulationRunner.cc:275] Serving world controls on [/world/aic_world/control], [/world/aic_world/control/state] and [/world/aic_world/playback/control]
[component_container-3] (2026-05-09 15:41:38.575) [info] [SimulationRunner.cc:301] Serving GUI information on [/world/aic_world/gui/info]
[component_container-3] (2026-05-09 15:41:38.575) [info] [SimulationRunner.cc:304] World [aic_world] initialized with [2ms] physics profile.
[component_container-3] (2026-05-09 15:41:38.575) [info] [SimulationRunner.cc:311] Serving world SDF generation service on [/world/aic_world/generate_world_sdf]
[component_container-3] (2026-05-09 15:41:38.576) [info] [ServerPrivate.cc:344] Serving world names on [/gazebo/worlds]
[component_container-3] (2026-05-09 15:41:38.576) [info] [ServerPrivate.cc:357] Resource path add service on [/gazebo/resource_paths/add].
[component_container-3] (2026-05-09 15:41:38.576) [info] [ServerPrivate.cc:370] Resource path get service on [/gazebo/resource_paths/get].
[component_container-3] (2026-05-09 15:41:38.577) [info] [ServerPrivate.cc:385] Resource path resolve service on [/gazebo/resource_paths/resolve].
[component_container-3] (2026-05-09 15:41:38.577) [info] [ServerPrivate.cc:399] Resource paths published on [/gazebo/resource_paths].
[component_container-3] (2026-05-09 15:41:38.577) [info] [ServerPrivate.cc:412] Server control service on [/server_control].
[component_container-3] (2026-05-09 15:41:38.577) [info] [SimulationRunner.cc:769] Found no publishers on /stats, adding root stats topic
[component_container-3] (2026-05-09 15:41:38.578) [info] [SimulationRunner.cc:803] Found no publishers on /clock, adding root clock topic
[component_container-3] (2026-05-09 15:41:38.584) [debug] [SimulationRunner.cc:573] Creating PostUpdate worker threads: 5
[component_container-3] (2026-05-09 15:41:38.584) [debug] [SimulationRunner.cc:584] Creating postupdate worker thread (0)
[component_container-3] (2026-05-09 15:41:38.584) [debug] [SimulationRunner.cc:584] Creating postupdate worker thread (1)
[component_container-3] (2026-05-09 15:41:38.584) [debug] [SimulationRunner.cc:584] Creating postupdate worker thread (2)
[component_container-3] (2026-05-09 15:41:38.584) [debug] [SimulationRunner.cc:584] Creating postupdate worker thread (3)
[component_container-3] (2026-05-09 15:41:38.695) [debug] [Physics.cc:1171] Attempting to set physics options, but the physics engine doesn't support feature [CollisionPairMaxContacts]. Options will be ignored.
[component_container-3] (2026-05-09 15:41:38.791) [info] [SceneBroadcaster.cc:634] Serving scene information on [/world/aic_world/scene/info]
[component_container-3] (2026-05-09 15:41:38.791) [info] [SceneBroadcaster.cc:643] Serving graph information on [/world/aic_world/scene/graph]
[component_container-3] (2026-05-09 15:41:38.792) [info] [SceneBroadcaster.cc:654] Serving full state on [/world/aic_world/state]
[create-5] [INFO] [1778341298.792138220] [ros_gz_sim]: Entity creation successful.
[component_container-3] (2026-05-09 15:41:38.792) [info] [SceneBroadcaster.cc:663] Serving full state (async) on [/world/aic_world/state_async]
[component_container-3] (2026-05-09 15:41:38.793) [info] [SceneBroadcaster.cc:671] Publishing scene information on [/world/aic_world/scene/info]
[component_container-3] (2026-05-09 15:41:38.793) [info] [SceneBroadcaster.cc:680] Publishing entity deletions on [/world/aic_world/scene/deletion]
[component_container-3] (2026-05-09 15:41:38.793) [info] [SceneBroadcaster.cc:689] Publishing state changes on [/world/aic_world/state]
[component_container-3] (2026-05-09 15:41:38.793) [info] [SceneBroadcaster.cc:700] Publishing pose messages on [/world/aic_world/pose/info]
[component_container-3] (2026-05-09 15:41:38.793) [info] [SceneBroadcaster.cc:711] Publishing dynamic pose messages on [/world/aic_world/dynamic_pose/info]
[INFO] [create-5]: process has finished cleanly [pid 118]
[INFO] [spawner-6]: process started with pid [249]
[INFO] [spawner-7]: process started with pid [251]
[component_container-3] [1;33mWarning [Utils.cc:119][0m [/sdf/model[@name="ur"]/link[@name="center_camera/sensor_link"]/sensor[@name="center_camera"]/camera[@name="center_camera"]/optical_frame_id]: SDF Element[optical_frame_id] is deprecated
[component_container-3] [1;33mWarning [Utils.cc:119][0m [/sdf/model[@name="ur"]/link[@name="left_camera/sensor_link"]/sensor[@name="left_camera"]/camera[@name="left_camera"]/optical_frame_id]: SDF Element[optical_frame_id] is deprecated
[component_container-3] [1;33mWarning [Utils.cc:119][0m [/sdf/model[@name="ur"]/link[@name="right_camera/sensor_link"]/sensor[@name="right_camera"]/camera[@name="right_camera"]/optical_frame_id]: SDF Element[optical_frame_id] is deprecated
[component_container-3] [WARN] [1778341298.936554429] [rcl.logging_rosout]: Publisher already registered for node name: 'ros_gz_container'. If this is due to multiple nodes with the same name then all logs for the logger named 'ros_gz_container' will go out over the existing publisher. As soon as any node with that name is destructed it will unregister the publisher, preventing any further logs for that name from being published on the rosout topic.
[component_container-3] [INFO] [1778341298.940548512] [ros_gz_container]: [gz_ros2_control] Fixed joint [tabletop_joint] (Entity=101)] is skipped
[component_container-3] [INFO] [1778341298.940749054] [ros_gz_container]: [gz_ros2_control] Fixed joint [center_camera/attach_sensor_link] (Entity=108)] is skipped
[component_container-3] [INFO] [1778341298.940778012] [ros_gz_container]: [gz_ros2_control] Fixed joint [center_camera/attach_optical] (Entity=109)] is skipped
[component_container-3] [INFO] [1778341298.940806345] [ros_gz_container]: [gz_ros2_control] Fixed joint [ati/attach_joint] (Entity=110)] is skipped
[component_container-3] [INFO] [1778341298.940820304] [ros_gz_container]: [gz_ros2_control] Fixed joint [left_camera/attach_sensor_link] (Entity=114)] is skipped
[component_container-3] [INFO] [1778341298.940825095] [ros_gz_container]: [gz_ros2_control] Fixed joint [left_camera/attach_optical] (Entity=115)] is skipped
[component_container-3] [INFO] [1778341298.940832262] [ros_gz_container]: [gz_ros2_control] Fixed joint [right_camera/attach_sensor_link] (Entity=116)] is skipped
[component_container-3] [INFO] [1778341298.940839012] [ros_gz_container]: [gz_ros2_control] Fixed joint [right_camera/attach_optical] (Entity=117)] is skipped
[component_container-3] [INFO] [1778341298.950674429] [ros_gz_container]: Loading controller_manager
[component_container-3] [INFO] [1778341298.984573720] [controller_manager]: Using ROS clock for triggering controller manager cycles.
[component_container-3] [INFO] [1778341298.997768345] [controller_manager]: Subscribing to '/robot_description' topic for robot description.
[component_container-3] [INFO] [1778341299.009773387] [controller_manager]: Enforcing command limits is enabled...
[component_container-3] [WARN] [1778341299.009943304] [ros_gz_container]: Waiting RM to load and initialize hardware...
[component_container-3] [INFO] [1778341299.012351387] [controller_manager]: Received robot description from topic.
[component_container-3] [INFO] [1778341299.022083470] [ros_gz_container]: Using JointLimiter for joint 'gripper/left_finger_joint' in hardware 'gripper' : '  has position limits: true [0, 0.025]
[component_container-3]   has velocity limits: true [0.05]
[component_container-3]   has acceleration limits: false [nan]
[component_container-3]   has deceleration limits: false [nan]
[component_container-3]   has jerk limits: false [nan]
[component_container-3]   has effort limits: true [20]
[component_container-3]   angle wraparound: false'
[component_container-3] [INFO] [1778341299.022167345] [ros_gz_container]: Creating JointSaturationLimiter for joint 'gripper/left_finger_joint' in hardware 'gripper'
[component_container-3] [INFO] [1778341299.023410887] [ros_gz_container]: Using JointLimiter for joint 'wrist_3_joint' in hardware 'ControlSystem' : '  has position limits: true [-6.28319, 6.28319]
[component_container-3]   has velocity limits: true [3.14159]
[component_container-3]   has acceleration limits: false [nan]
[component_container-3]   has deceleration limits: false [nan]
[component_container-3]   has jerk limits: false [nan]
[component_container-3]   has effort limits: true [28]
[component_container-3]   angle wraparound: false'
[component_container-3] [INFO] [1778341299.023427304] [ros_gz_container]: Creating JointSaturationLimiter for joint 'wrist_3_joint' in hardware 'ControlSystem'
[component_container-3] [INFO] [1778341299.023442679] [ros_gz_container]: Using JointLimiter for joint 'wrist_2_joint' in hardware 'ControlSystem' : '  has position limits: true [-6.28319, 6.28319]
[component_container-3]   has velocity limits: true [3.14159]
[component_container-3]   has acceleration limits: false [nan]
[component_container-3]   has deceleration limits: false [nan]
[component_container-3]   has jerk limits: false [nan]
[component_container-3]   has effort limits: true [28]
[component_container-3]   angle wraparound: false'
[component_container-3] [INFO] [1778341299.023447512] [ros_gz_container]: Creating JointSaturationLimiter for joint 'wrist_2_joint' in hardware 'ControlSystem'
[component_container-3] [INFO] [1778341299.023475220] [ros_gz_container]: Using JointLimiter for joint 'wrist_1_joint' in hardware 'ControlSystem' : '  has position limits: true [-6.28319, 6.28319]
[component_container-3]   has velocity limits: true [3.14159]
[component_container-3]   has acceleration limits: false [nan]
[component_container-3]   has deceleration limits: false [nan]
[component_container-3]   has jerk limits: false [nan]
[component_container-3]   has effort limits: true [28]
[component_container-3]   angle wraparound: false'
[component_container-3] [INFO] [1778341299.023481679] [ros_gz_container]: Creating JointSaturationLimiter for joint 'wrist_1_joint' in hardware 'ControlSystem'
[component_container-3] [INFO] [1778341299.023580679] [ros_gz_container]: Using JointLimiter for joint 'elbow_joint' in hardware 'ControlSystem' : '  has position limits: true [-3.14159, 3.14159]
[component_container-3]   has velocity limits: true [3.14159]
[component_container-3]   has acceleration limits: false [nan]
[component_container-3]   has deceleration limits: false [nan]
[component_container-3]   has jerk limits: false [nan]
[component_container-3]   has effort limits: true [150]
[component_container-3]   angle wraparound: false'
[component_container-3] [INFO] [1778341299.023611595] [ros_gz_container]: Creating JointSaturationLimiter for joint 'elbow_joint' in hardware 'ControlSystem'
[component_container-3] [INFO] [1778341299.023621220] [ros_gz_container]: Using JointLimiter for joint 'shoulder_lift_joint' in hardware 'ControlSystem' : '  has position limits: true [-6.28319, 6.28319]
[component_container-3]   has velocity limits: true [3.14159]
[component_container-3]   has acceleration limits: false [nan]
[component_container-3]   has deceleration limits: false [nan]
[component_container-3]   has jerk limits: false [nan]
[component_container-3]   has effort limits: true [150]
[component_container-3]   angle wraparound: false'
[component_container-3] [INFO] [1778341299.023633012] [ros_gz_container]: Creating JointSaturationLimiter for joint 'shoulder_lift_joint' in hardware 'ControlSystem'
[component_container-3] [INFO] [1778341299.023640429] [ros_gz_container]: Using JointLimiter for joint 'shoulder_pan_joint' in hardware 'ControlSystem' : '  has position limits: true [-6.28319, 6.28319]
[component_container-3]   has velocity limits: true [3.14159]
[component_container-3]   has acceleration limits: false [nan]
[component_container-3]   has deceleration limits: false [nan]
[component_container-3]   has jerk limits: false [nan]
[component_container-3]   has effort limits: true [150]
[component_container-3]   angle wraparound: false'
[component_container-3] [INFO] [1778341299.023644137] [ros_gz_container]: Creating JointSaturationLimiter for joint 'shoulder_pan_joint' in hardware 'ControlSystem'
[component_container-3] [INFO] [1778341299.033814929] [ros_gz_container]: The position_proportional_gain has been set to: 0.1
[component_container-3] [INFO] [1778341299.034741720] [ros_gz_container]: Loading joint: gripper/left_finger_joint
[component_container-3] [INFO] [1778341299.034785720] [ros_gz_container]: 	State:
[component_container-3] [INFO] [1778341299.034841595] [ros_gz_container]: 		 position
[component_container-3] [INFO] [1778341299.035032970] [ros_gz_container]: 			 found initial value: 0.007300
[component_container-3] [INFO] [1778341299.035052762] [ros_gz_container]: 		 velocity
[component_container-3] [INFO] [1778341299.035169845] [ros_gz_container]: 			 found initial value: 0.000000
[component_container-3] [INFO] [1778341299.035181887] [ros_gz_container]: 		 effort
[component_container-3] [INFO] [1778341299.035328137] [ros_gz_container]: 			 found initial value: 0.000000
[component_container-3] [INFO] [1778341299.035439804] [ros_gz_container]: 	Command:
[component_container-3] [INFO] [1778341299.035446345] [ros_gz_container]: 		 position
[component_container-3] [INFO] [1778341299.035773554] [ros_gz_container]: 		 effort
[component_container-3] [INFO] [1778341299.037656095] [ros_gz_container]: Loading sensor: AtiForceTorqueSensor
[component_container-3] [INFO] [1778341299.037676429] [ros_gz_container]: 	State:
[component_container-3] [INFO] [1778341299.040119845] [ros_gz_container]: Initialize hardware 'gripper' 
[component_container-3] [WARN] [1778341299.040932179] [rcl.logging_rosout]: Publisher already registered for node name: 'ros_gz_container'. If this is due to multiple nodes with the same name then all logs for the logger named 'ros_gz_container' will go out over the existing publisher. As soon as any node with that name is destructed it will unregister the publisher, preventing any further logs for that name from being published on the rosout topic.
[component_container-3] [INFO] [1778341299.041848345] [ros_gz_container.hardware_component.system.gripper]: `status_publish_rate` is set to 0.0, hardware status publisher will not be created.
[component_container-3] [INFO] [1778341299.042636054] [ros_gz_container]: Successful initialization of hardware 'gripper'
[component_container-3] [INFO] [1778341299.045084470] [ros_gz_container]: The position_proportional_gain has been set to: 0.1
[component_container-3] [INFO] [1778341299.045157970] [ros_gz_container]: Loading joint: shoulder_pan_joint
[component_container-3] [INFO] [1778341299.045166679] [ros_gz_container]: 	State:
[component_container-3] [INFO] [1778341299.045172387] [ros_gz_container]: 		 position
[component_container-3] [INFO] [1778341299.045192804] [ros_gz_container]: 			 found initial value: -0.159700
[component_container-3] [INFO] [1778341299.045200054] [ros_gz_container]: 		 velocity
[component_container-3] [INFO] [1778341299.045205637] [ros_gz_container]: 			 found initial value: 0.000000
[component_container-3] [INFO] [1778341299.045210304] [ros_gz_container]: 		 effort
[component_container-3] [INFO] [1778341299.045215304] [ros_gz_container]: 			 found initial value: 0.000000
[component_container-3] [INFO] [1778341299.045218887] [ros_gz_container]: 	Command:
[component_container-3] [INFO] [1778341299.045221762] [ros_gz_container]: 		 position
[component_container-3] [INFO] [1778341299.045237179] [ros_gz_container]: 		 velocity
[component_container-3] [INFO] [1778341299.045329179] [ros_gz_container]: 		 effort
[component_container-3] [INFO] [1778341299.045358679] [ros_gz_container]: Loading joint: shoulder_lift_joint
[component_container-3] [INFO] [1778341299.045363387] [ros_gz_container]: 	State:
[component_container-3] [INFO] [1778341299.045366387] [ros_gz_container]: 		 position
[component_container-3] [INFO] [1778341299.045372095] [ros_gz_container]: 			 found initial value: -1.354200
[component_container-3] [INFO] [1778341299.045378387] [ros_gz_container]: 		 velocity
[component_container-3] [INFO] [1778341299.045401554] [ros_gz_container]: 			 found initial value: 0.000000
[component_container-3] [INFO] [1778341299.045407220] [ros_gz_container]: 		 effort
[component_container-3] [INFO] [1778341299.045420304] [ros_gz_container]: 			 found initial value: 0.000000
[component_container-3] [INFO] [1778341299.045423762] [ros_gz_container]: 	Command:
[component_container-3] [INFO] [1778341299.045426429] [ros_gz_container]: 		 position
[component_container-3] [INFO] [1778341299.045434470] [ros_gz_container]: 		 velocity
[component_container-3] [INFO] [1778341299.045447429] [ros_gz_container]: 		 effort
[component_container-3] [INFO] [1778341299.045459137] [ros_gz_container]: Loading joint: elbow_joint
[component_container-3] [INFO] [1778341299.045462470] [ros_gz_container]: 	State:
[component_container-3] [INFO] [1778341299.045465054] [ros_gz_container]: 		 position
[component_container-3] [INFO] [1778341299.045468762] [ros_gz_container]: 			 found initial value: -1.664800
[component_container-3] [INFO] [1778341299.045472095] [ros_gz_container]: 		 velocity
[component_container-3] [INFO] [1778341299.045475262] [ros_gz_container]: 			 found initial value: 0.000000
[component_container-3] [INFO] [1778341299.045481804] [ros_gz_container]: 		 effort
[component_container-3] [INFO] [1778341299.045598179] [ros_gz_container]: 			 found initial value: 0.000000
[component_container-3] [INFO] [1778341299.045604345] [ros_gz_container]: 	Command:
[component_container-3] [INFO] [1778341299.045606929] [ros_gz_container]: 		 position
[component_container-3] [INFO] [1778341299.045615470] [ros_gz_container]: 		 velocity
[component_container-3] [INFO] [1778341299.045619012] [ros_gz_container]: 		 effort
[component_container-3] [INFO] [1778341299.045629887] [ros_gz_container]: Loading joint: wrist_1_joint
[component_container-3] [INFO] [1778341299.045632887] [ros_gz_container]: 	State:
[component_container-3] [INFO] [1778341299.045635470] [ros_gz_container]: 		 position
[component_container-3] [INFO] [1778341299.045638929] [ros_gz_container]: 			 found initial value: -1.693300
[component_container-3] [INFO] [1778341299.045641929] [ros_gz_container]: 		 velocity
[component_container-3] [INFO] [1778341299.045645887] [ros_gz_container]: 			 found initial value: 0.000000
[component_container-3] [INFO] [1778341299.045648720] [ros_gz_container]: 		 effort
[component_container-3] [INFO] [1778341299.045651470] [ros_gz_container]: 			 found initial value: 0.000000
[component_container-3] [INFO] [1778341299.045654095] [ros_gz_container]: 	Command:
[component_container-3] [INFO] [1778341299.045656429] [ros_gz_container]: 		 position
[component_container-3] [INFO] [1778341299.045662512] [ros_gz_container]: 		 velocity
[component_container-3] [INFO] [1778341299.045665679] [ros_gz_container]: 		 effort
[component_container-3] [INFO] [1778341299.045676762] [ros_gz_container]: Loading joint: wrist_2_joint
[component_container-3] [INFO] [1778341299.045682137] [ros_gz_container]: 	State:
[component_container-3] [INFO] [1778341299.045684595] [ros_gz_container]: 		 position
[component_container-3] [INFO] [1778341299.045688554] [ros_gz_container]: 			 found initial value: 1.571000
[component_container-3] [INFO] [1778341299.045696345] [ros_gz_container]: 		 velocity
[component_container-3] [INFO] [1778341299.045699387] [ros_gz_container]: 			 found initial value: 0.000000
[component_container-3] [INFO] [1778341299.045702012] [ros_gz_container]: 		 effort
[component_container-3] [INFO] [1778341299.045704679] [ros_gz_container]: 			 found initial value: 0.000000
[component_container-3] [INFO] [1778341299.045707304] [ros_gz_container]: 	Command:
[component_container-3] [INFO] [1778341299.045712095] [ros_gz_container]: 		 position
[component_container-3] [INFO] [1778341299.045723512] [ros_gz_container]: 		 velocity
[component_container-3] [INFO] [1778341299.045732595] [ros_gz_container]: 		 effort
[component_container-3] [INFO] [1778341299.045741387] [ros_gz_container]: Loading joint: wrist_3_joint
[component_container-3] [INFO] [1778341299.045744179] [ros_gz_container]: 	State:
[component_container-3] [INFO] [1778341299.045746679] [ros_gz_container]: 		 position
[component_container-3] [INFO] [1778341299.045750054] [ros_gz_container]: 			 found initial value: 1.411000
[component_container-3] [INFO] [1778341299.045755262] [ros_gz_container]: 		 velocity
[component_container-3] [INFO] [1778341299.045760720] [ros_gz_container]: 			 found initial value: 0.000000
[component_container-3] [INFO] [1778341299.045763470] [ros_gz_container]: 		 effort
[component_container-3] [INFO] [1778341299.045766220] [ros_gz_container]: 			 found initial value: 0.000000
[component_container-3] [INFO] [1778341299.045768845] [ros_gz_container]: 	Command:
[component_container-3] [INFO] [1778341299.045771137] [ros_gz_container]: 		 position
[component_container-3] [INFO] [1778341299.045778470] [ros_gz_container]: 		 velocity
[component_container-3] [INFO] [1778341299.045783554] [ros_gz_container]: 		 effort
[component_container-3] [INFO] [1778341299.046019095] [ros_gz_container]: Loading sensor: AtiForceTorqueSensor
[component_container-3] [INFO] [1778341299.046026595] [ros_gz_container]: 	State:
[component_container-3] [INFO] [1778341299.046304970] [ros_gz_container]: 		 force.x
[component_container-3] [INFO] [1778341299.046311679] [ros_gz_container]: 		 force.y
[component_container-3] [INFO] [1778341299.046314470] [ros_gz_container]: 		 force.z
[component_container-3] [INFO] [1778341299.046317595] [ros_gz_container]: 		 torque.x
[component_container-3] [INFO] [1778341299.046320220] [ros_gz_container]: 		 torque.y
[component_container-3] [INFO] [1778341299.046327429] [ros_gz_container]: 		 torque.z
[component_container-3] [INFO] [1778341299.046413804] [ros_gz_container]: Initialize hardware 'ControlSystem' 
[component_container-3] [WARN] [1778341299.046576304] [rcl.logging_rosout]: Publisher already registered for node name: 'ros_gz_container'. If this is due to multiple nodes with the same name then all logs for the logger named 'ros_gz_container' will go out over the existing publisher. As soon as any node with that name is destructed it will unregister the publisher, preventing any further logs for that name from being published on the rosout topic.
[component_container-3] [INFO] [1778341299.047314887] [ros_gz_container.hardware_component.system.ControlSystem]: `status_publish_rate` is set to 0.0, hardware status publisher will not be created.
[component_container-3] [INFO] [1778341299.047415345] [ros_gz_container]: Successful initialization of hardware 'ControlSystem'
[component_container-3] [INFO] [1778341299.048532429] [resource_manager]: 'configure' hardware 'ControlSystem' 
[component_container-3] [INFO] [1778341299.048626220] [ros_gz_container]: System Successfully configured!
[component_container-3] [INFO] [1778341299.048655429] [resource_manager]: Successful 'configure' of hardware 'ControlSystem'
[component_container-3] [INFO] [1778341299.048901887] [resource_manager]: 'activate' hardware 'ControlSystem' 
[component_container-3] [INFO] [1778341299.049120929] [resource_manager]: Successful 'activate' of hardware 'ControlSystem'
[component_container-3] [INFO] [1778341299.049860679] [resource_manager]: 'configure' hardware 'gripper' 
[component_container-3] [INFO] [1778341299.049867429] [ros_gz_container]: System Successfully configured!
[component_container-3] [INFO] [1778341299.049873595] [resource_manager]: Successful 'configure' of hardware 'gripper'
[component_container-3] [INFO] [1778341299.049876887] [resource_manager]: 'activate' hardware 'gripper' 
[component_container-3] [INFO] [1778341299.049880179] [resource_manager]: Successful 'activate' of hardware 'gripper'
[component_container-3] [WARN] [1778341299.049974095] [controller_manager]: Component 'ControlSystem' does not have read or write statistics initialized, skipping registration.
[component_container-3] [WARN] [1778341299.049988845] [controller_manager]: Component 'gripper' does not have read or write statistics initialized, skipping registration.
[component_container-3] [INFO] [1778341299.050020845] [controller_manager]: Resource Manager has been successfully initialized. Starting Controller Manager services...
[2m2026-05-09T15:41:39.285615Z[0m [32m INFO[0m acc-0 ThreadId(04) [2mzenoh::net::routing::interceptor::access_control[0m[2m:[0m 287d4af1d01473f9936a6e2994e50965 did not match any configured ACL subject. Default permission `Allow` will be applied on all messages
[2m2026-05-09T15:41:39.295458Z[0m [32m INFO[0m acc-0 ThreadId(04) [2mzenoh::net::routing::interceptor::access_control[0m[2m:[0m c86cb8f318c916ce579e8d5c543e7fd7 did not match any configured ACL subject. Default permission `Allow` will be applied on all messages
[component_container-3] [INFO] [1778341299.416420762] [controller_manager]: Loading controller : 'fts_broadcaster' of type 'force_torque_sensor_broadcaster/ForceTorqueSensorBroadcaster'
[component_container-3] [INFO] [1778341299.416689096] [controller_manager]: Loading controller 'fts_broadcaster'
[component_container-3] [INFO] [1778341299.422692012] [controller_manager]: Controller 'fts_broadcaster' node arguments: --ros-args --params-file /ws_aic/install/share/aic_bringup/config/aic_ros2_controllers.yaml -p use_sim_time:=true --param use_sim_time:=true 
[spawner-7] [INFO] [1778341299.439676429] [spawner_fts_broadcaster]: Loaded fts_broadcaster
[component_container-3] [INFO] [1778341299.443308596] [controller_manager]: Configuring controller: 'fts_broadcaster'
[component_container-3] [INFO] [1778341299.451628012] [fts_broadcaster]: configure successful
[component_container-3] [INFO] [1778341299.459361471] [controller_manager]: Activating controllers: [ fts_broadcaster ]
[component_container-3] [INFO] [1778341299.460931429] [controller_manager]: Requested controller switch from non-realtime loop
[component_container-3] [INFO] [1778341299.462168054] [controller_manager]: Successfully switched controllers!
[component_container-3] (2026-05-09 15:41:41.010) [debug] [SystemManager.cc:80] Loaded system [gz_ros2_control::GazeboSimROS2ControlPlugin] for entity [31]
[component_container-3] (2026-05-09 15:41:41.015) [debug] [SystemManager.cc:80] Loaded system [gz::sim::systems::ForceTorque] for entity [31]
[component_container-3] (2026-05-09 15:41:41.019) [debug] [OffLimitContactsPlugin.cc:41] aic_gazebo::OffLimitContactsPlugin::Configure on entity: 31
[component_container-3] (2026-05-09 15:41:41.021) [debug] [OffLimitContactsPlugin.cc:165] Enabled collision [34]
[component_container-3] (2026-05-09 15:41:41.021) [debug] [OffLimitContactsPlugin.cc:165] Enabled collision [37]
[component_container-3] (2026-05-09 15:41:41.021) [debug] [OffLimitContactsPlugin.cc:165] Enabled collision [40]
[component_container-3] (2026-05-09 15:41:41.021) [debug] [OffLimitContactsPlugin.cc:165] Enabled collision [43]
[component_container-3] (2026-05-09 15:41:41.021) [debug] [OffLimitContactsPlugin.cc:165] Enabled collision [46]
[component_container-3] (2026-05-09 15:41:41.021) [debug] [OffLimitContactsPlugin.cc:165] Enabled collision [49]
[component_container-3] (2026-05-09 15:41:41.021) [debug] [OffLimitContactsPlugin.cc:165] Enabled collision [57]
[component_container-3] (2026-05-09 15:41:41.021) [debug] [OffLimitContactsPlugin.cc:165] Enabled collision [58]
[component_container-3] (2026-05-09 15:41:41.021) [debug] [OffLimitContactsPlugin.cc:165] Enabled collision [59]
[component_container-3] (2026-05-09 15:41:41.021) [debug] [OffLimitContactsPlugin.cc:165] Enabled collision [60]
[component_container-3] (2026-05-09 15:41:41.021) [debug] [OffLimitContactsPlugin.cc:165] Enabled collision [61]
[component_container-3] (2026-05-09 15:41:41.021) [debug] [OffLimitContactsPlugin.cc:165] Enabled collision [62]
[component_container-3] (2026-05-09 15:41:41.021) [debug] [OffLimitContactsPlugin.cc:165] Enabled collision [63]
[component_container-3] (2026-05-09 15:41:41.021) [debug] [OffLimitContactsPlugin.cc:165] Enabled collision [64]
[component_container-3] (2026-05-09 15:41:41.021) [debug] [OffLimitContactsPlugin.cc:165] Enabled collision [65]
[component_container-3] (2026-05-09 15:41:41.021) [debug] [OffLimitContactsPlugin.cc:165] Enabled collision [66]
[component_container-3] (2026-05-09 15:41:41.021) [debug] [OffLimitContactsPlugin.cc:165] Enabled collision [67]
[component_container-3] (2026-05-09 15:41:41.021) [debug] [OffLimitContactsPlugin.cc:165] Enabled collision [68]
[component_container-3] (2026-05-09 15:41:41.021) [debug] [OffLimitContactsPlugin.cc:165] Enabled collision [69]
[component_container-3] (2026-05-09 15:41:41.021) [debug] [OffLimitContactsPlugin.cc:165] Enabled collision [70]
[component_container-3] (2026-05-09 15:41:41.021) [debug] [OffLimitContactsPlugin.cc:165] Enabled collision [71]
[component_container-3] (2026-05-09 15:41:41.021) [debug] [OffLimitContactsPlugin.cc:165] Enabled collision [72]
[component_container-3] (2026-05-09 15:41:41.021) [debug] [OffLimitContactsPlugin.cc:165] Enabled collision [73]
[component_container-3] (2026-05-09 15:41:41.021) [debug] [OffLimitContactsPlugin.cc:165] Enabled collision [74]
[component_container-3] (2026-05-09 15:41:41.021) [debug] [OffLimitContactsPlugin.cc:165] Enabled collision [75]
[component_container-3] (2026-05-09 15:41:41.021) [debug] [OffLimitContactsPlugin.cc:165] Enabled collision [81]
[component_container-3] (2026-05-09 15:41:41.021) [debug] [OffLimitContactsPlugin.cc:165] Enabled collision [82]
[component_container-3] (2026-05-09 15:41:41.021) [debug] [OffLimitContactsPlugin.cc:165] Enabled collision [85]
[component_container-3] (2026-05-09 15:41:41.021) [debug] [OffLimitContactsPlugin.cc:165] Enabled collision [86]
[component_container-3] (2026-05-09 15:41:41.021) [debug] [OffLimitContactsPlugin.cc:165] Enabled collision [87]
[component_container-3] (2026-05-09 15:41:41.021) [debug] [OffLimitContactsPlugin.cc:165] Enabled collision [88]
[component_container-3] (2026-05-09 15:41:41.021) [debug] [OffLimitContactsPlugin.cc:165] Enabled collision [91]
[component_container-3] (2026-05-09 15:41:41.021) [debug] [OffLimitContactsPlugin.cc:165] Enabled collision [92]
[component_container-3] (2026-05-09 15:41:41.021) [debug] [OffLimitContactsPlugin.cc:165] Enabled collision [93]
[component_container-3] (2026-05-09 15:41:41.021) [debug] [OffLimitContactsPlugin.cc:165] Enabled collision [94]
[component_container-3] (2026-05-09 15:41:41.021) [debug] [SystemManager.cc:80] Loaded system [aic_gazebo::OffLimitContactsPlugin] for entity [31]
[component_container-3] (2026-05-09 15:41:41.025) [debug] [ResetJointsPlugin.cc:40] aic_gazebo::ResetJointsPlugin::Configure on entity: 31
[component_container-3] [WARN] [1778341301.026072263] [rcl.logging_rosout]: Publisher already registered for node name: 'ros_gz_container'. If this is due to multiple nodes with the same name then all logs for the logger named 'ros_gz_container' will go out over the existing publisher. As soon as any node with that name is destructed it will unregister the publisher, preventing any further logs for that name from being published on the rosout topic.
[component_container-3] (2026-05-09 15:41:41.028) [info] [ResetJointsPlugin.cc:117] Initialized ResetJointsPlugin!
[component_container-3] (2026-05-09 15:41:41.028) [debug] [SystemManager.cc:80] Loaded system [aic_gazebo::ResetJointsPlugin] for entity [31]
[component_container-3] (2026-05-09 15:41:41.029) [debug] [UserCommands.cc:1108] Created entity [31] named [ur5e]
[component_container-3] (2026-05-09 15:41:41.071) [debug] [Sensors.cc:953] Initialization needed
[component_container-3] (2026-05-09 15:41:41.072) [debug] [Sensors.cc:349] Initializing render context
[component_container-3] (2026-05-09 15:41:41.074) [info] [RenderEngineManager.cc:514] Loading plugin [gz-rendering-ogre2]
[component_container-3] (2026-05-09 15:41:41.075) [debug] [EntityComponentManager.cc:1676] Updated state thread iterators: 10 threads processing around 12 entities each.
[component_container-3] (2026-05-09 15:41:41.141) [debug] [SimulationRunner.cc:600] Exiting postupdate worker thread (2)
[component_container-3] (2026-05-09 15:41:41.141) [debug] [SimulationRunner.cc:600] Exiting postupdate worker thread (3)
[component_container-3] (2026-05-09 15:41:41.141) [debug] [SimulationRunner.cc:600] Exiting postupdate worker thread (0)
[component_container-3] (2026-05-09 15:41:41.141) [debug] [SimulationRunner.cc:600] Exiting postupdate worker thread (1)
[component_container-3] (2026-05-09 15:41:41.144) [debug] [SimulationRunner.cc:573] Creating PostUpdate worker threads: 6
[component_container-3] (2026-05-09 15:41:41.145) [debug] [SimulationRunner.cc:584] Creating postupdate worker thread (0)
[component_container-3] (2026-05-09 15:41:41.145) [debug] [SimulationRunner.cc:584] Creating postupdate worker thread (1)
[component_container-3] (2026-05-09 15:41:41.146) [debug] [SimulationRunner.cc:584] Creating postupdate worker thread (2)
[component_container-3] (2026-05-09 15:41:41.146) [debug] [SimulationRunner.cc:584] Creating postupdate worker thread (3)
[component_container-3] (2026-05-09 15:41:41.146) [debug] [SimulationRunner.cc:584] Creating postupdate worker thread (4)
[spawner-7] [INFO] [1778341301.199552388] [spawner_fts_broadcaster]: Configured and activated fts_broadcaster
[component_container-3] [1;33mWarning [Utils.cc:119][0m [/sdf/model[@name="ur"]/link[@name="center_camera/sensor_link"]/sensor[@name="center_camera"]/camera[@name="center_camera"]/optical_frame_id]: SDF Element[optical_frame_id] is deprecated
[component_container-3] [1;33mWarning [Utils.cc:119][0m [/sdf/model[@name="ur"]/link[@name="left_camera/sensor_link"]/sensor[@name="left_camera"]/camera[@name="left_camera"]/optical_frame_id]: SDF Element[optical_frame_id] is deprecated
[INFO] [spawner-7]: process has finished cleanly [pid 251]
[component_container-3] [1;33mWarning [Utils.cc:119][0m [/sdf/model[@name="ur"]/link[@name="right_camera/sensor_link"]/sensor[@name="right_camera"]/camera[@name="right_camera"]/optical_frame_id]: SDF Element[optical_frame_id] is deprecated
[gz-4] [1;33mWarning [Utils.cc:119][0m [/sdf/model[@name="ur"]/link[@name="center_camera/sensor_link"]/sensor[@name="center_camera"]/camera[@name="center_camera"]/optical_frame_id]: SDF Element[optical_frame_id] is deprecated
[component_container-3] [INFO] [1778341301.349734930] [controller_manager]: Loading controller : 'joint_state_broadcaster' of type 'joint_state_broadcaster/JointStateBroadcaster'
[component_container-3] [INFO] [1778341301.349795763] [controller_manager]: Loading controller 'joint_state_broadcaster'
[gz-4] [1;33mWarning [Utils.cc:119][0m [/sdf/model[@name="ur"]/link[@name="left_camera/sensor_link"]/sensor[@name="left_camera"]/camera[@name="left_camera"]/optical_frame_id]: SDF Element[optical_frame_id] is deprecated
[gz-4] [1;33mWarning [Utils.cc:119][0m [/sdf/model[@name="ur"]/link[@name="right_camera/sensor_link"]/sensor[@name="right_camera"]/camera[@name="right_camera"]/optical_frame_id]: SDF Element[optical_frame_id] is deprecated
[component_container-3] [INFO] [1778341301.382773347] [controller_manager]: Controller 'joint_state_broadcaster' node arguments: --ros-args --params-file /ws_aic/install/share/aic_bringup/config/aic_ros2_controllers.yaml -p use_sim_time:=true --param use_sim_time:=true 
[component_container-3] [INFO] [1778341301.383820222] [gz_server]: InitializeCanonicalLinks
[component_container-3] [INFO] [1778341301.386086805] [gz_server]: Creating services on gz_server
[component_container-3] [INFO] [1778341301.411688263] [gz_server]: Created service /gz_server/delete_entity
[component_container-3] [INFO] [1778341301.414235138] [gz_server]: Created service /gz_server/get_entities
[component_container-3] [INFO] [1778341301.419272638] [gz_server]: Created service /gz_server/get_entity_info
[component_container-3] [INFO] [1778341301.425865430] [gz_server]: Created service /gz_server/get_entity_state
[component_container-3] [INFO] [1778341301.429166847] [gz_server]: Created service /gz_server/get_entities_states
[component_container-3] [INFO] [1778341301.432943972] [gz_server]: Created service /gz_server/get_simulation_state
[component_container-3] [INFO] [1778341301.438207055] [gz_server]: Created service /gz_server/get_simulator_features
[component_container-3] [INFO] [1778341301.441909055] [gz_server]: Created service /gz_server/reset_simulation
[component_container-3] [INFO] [1778341301.446523513] [gz_server]: Created service /gz_server/set_entity_state
[component_container-3] [INFO] [1778341301.452572930] [gz_server]: Created service /gz_server/set_simulation_state
[component_container-3] [INFO] [1778341301.455809180] [gz_server]: Created service /gz_server/spawn_entity
[component_container-3] [INFO] [1778341301.457865180] [gz_server]: Created service /gz_server/step_simulation
[component_container-3] [INFO] [1778341301.481650013] [gz_server]: Created action /gz_server/simulate_steps
[component_container-3] (2026-05-09 15:41:41.684) [debug] [RenderUtil.cc:2646] Create scene [scene]
[component_container-3] (2026-05-09 15:41:44.519) [debug] [Sensors.cc:391] Rendering Thread initialized
[component_container-3] (2026-05-09 15:41:44.519) [debug] [Sensors.cc:953] Initialization needed
[component_container-3] (2026-05-09 15:41:44.548) [info] [ApplyLinkWrench.cc:209] Listening to instantaneous wrench commands in [/world/aic_world/wrench]
[component_container-3] (2026-05-09 15:41:44.548) [info] [ApplyLinkWrench.cc:220] Listening to persistent wrench commands in [/world/aic_world/wrench/persistent]
[component_container-3] (2026-05-09 15:41:44.548) [info] [ApplyLinkWrench.cc:231] Listening to wrench clear commands in [/world/aic_world/wrench/clear]
[component_container-3] (2026-05-09 15:41:44.549) [debug] [SystemManager.cc:80] Loaded system [gz::sim::systems::ApplyLinkWrench] for entity [1]
[component_container-3] (2026-05-09 15:41:44.549) [debug] [ForceTorque.cc:162] Adding JointTransmittedWrench to: 110
[component_container-3] [INFO] [1778341304.553768667] [ros_gz_container]: ForceTorque AtiForceTorqueSensor has a topic name: /axia80_m20/wrench
[component_container-3] [INFO] [1778341304.556426375] [ros_gz_container]: ForceTorque AtiForceTorqueSensor has a topic name: /axia80_m20/wrench
[spawner-6] [INFO] [1778341304.571853292] [spawner_joint_state_broadcaster]: Loaded joint_state_broadcaster
[component_container-3] [INFO] [1778341304.575308750] [controller_manager]: Configuring controller: 'joint_state_broadcaster'
[component_container-3] [INFO] [1778341304.575833167] [joint_state_broadcaster]: 'joints' or 'interfaces' parameter is empty. All available state interfaces will be published
[component_container-3] (2026-05-09 15:41:46.511) [debug] [CameraSensor.cc:342] Camera images for [ur5e::center_camera/sensor_link::center_camera] advertised on [/center_camera/image]
[component_container-3] (2026-05-09 15:41:46.511) [debug] [CameraSensor.cc:632] Camera info for [ur5e::center_camera/sensor_link::center_camera] advertised on [/center_camera/camera_info]
[component_container-3] (2026-05-09 15:41:46.518) [warning] [Ogre2Camera.cc:423] Ogre2Camera::SetVisibilityMask: Mask bits c0000000 are set but will be ignored as they conflict with the reserved bits used internally by the ogre2 backend.
[component_container-3] (2026-05-09 15:41:46.532) [debug] [CameraSensor.cc:342] Camera images for [ur5e::left_camera/sensor_link::left_camera] advertised on [/left_camera/image]
[component_container-3] (2026-05-09 15:41:46.532) [debug] [CameraSensor.cc:632] Camera info for [ur5e::left_camera/sensor_link::left_camera] advertised on [/left_camera/camera_info]
[component_container-3] (2026-05-09 15:41:46.533) [warning] [Ogre2Camera.cc:423] Ogre2Camera::SetVisibilityMask: Mask bits c0000000 are set but will be ignored as they conflict with the reserved bits used internally by the ogre2 backend.
[component_container-3] (2026-05-09 15:41:46.536) [debug] [CameraSensor.cc:342] Camera images for [ur5e::right_camera/sensor_link::right_camera] advertised on [/right_camera/image]
[component_container-3] (2026-05-09 15:41:46.536) [debug] [CameraSensor.cc:632] Camera info for [ur5e::right_camera/sensor_link::right_camera] advertised on [/right_camera/camera_info]
[component_container-3] (2026-05-09 15:41:46.537) [warning] [Ogre2Camera.cc:423] Ogre2Camera::SetVisibilityMask: Mask bits c0000000 are set but will be ignored as they conflict with the reserved bits used internally by the ogre2 backend.
[spawner-6] [WARN] [1778341334.607908459] [spawner_joint_state_broadcaster]: Failed getting a result from calling /controller_manager/configure_controller in 30.0. (Attempt 1 of 3.)
[component_container-3] (2026-05-09 15:42:14.851) [warning] [Ogre2RenderTarget.cc:668] Anti-aliasing level of '' is not supported; valid FSAA levels are: [ 0 ]. Setting to 1
[component_container-3] (2026-05-09 15:42:23.515) [debug] [CameraSensor.cc:441] Enabling camera sensor: 'ur5e::center_camera/sensor_link::center_camera' data generation.
[component_container-3] (2026-05-09 15:42:27.799) [debug] [CameraSensor.cc:441] Enabling camera sensor: 'ur5e::left_camera/sensor_link::left_camera' data generation.
[component_container-3] (2026-05-09 15:42:28.726) [debug] [CameraSensor.cc:441] Enabling camera sensor: 'ur5e::right_camera/sensor_link::right_camera' data generation.
[component_container-3] (2026-05-09 15:42:30.148) [debug] [SimulationRunner.cc:600] Exiting postupdate worker thread (3)
[component_container-3] (2026-05-09 15:42:30.148) [debug] [SimulationRunner.cc:600] Exiting postupdate worker thread (0)
[component_container-3] (2026-05-09 15:42:30.148) [debug] [SimulationRunner.cc:600] Exiting postupdate worker thread (4)
[component_container-3] (2026-05-09 15:42:30.148) [debug] [SimulationRunner.cc:600] Exiting postupdate worker thread (2)
[component_container-3] (2026-05-09 15:42:30.148) [debug] [SimulationRunner.cc:600] Exiting postupdate worker thread (1)
[component_container-3] (2026-05-09 15:42:30.148) [debug] [SimulationRunner.cc:573] Creating PostUpdate worker threads: 6
[component_container-3] (2026-05-09 15:42:30.148) [debug] [SimulationRunner.cc:584] Creating postupdate worker thread (0)
[component_container-3] (2026-05-09 15:42:30.148) [debug] [SimulationRunner.cc:584] Creating postupdate worker thread (1)
[component_container-3] (2026-05-09 15:42:30.148) [debug] [SimulationRunner.cc:584] Creating postupdate worker thread (2)
[component_container-3] (2026-05-09 15:42:30.148) [debug] [SimulationRunner.cc:584] Creating postupdate worker thread (3)
[component_container-3] (2026-05-09 15:42:30.148) [debug] [SimulationRunner.cc:584] Creating postupdate worker thread (4)
[component_container-3] [INFO] [1778341350.183620466] [controller_manager]: Configuring controller: 'joint_state_broadcaster'
[component_container-3] [INFO] [1778341350.194097966] [joint_state_broadcaster]: 'joints' or 'interfaces' parameter is empty. All available state interfaces will be published
[component_container-3] [INFO] [1778341350.215856466] [controller_manager]: Activating controllers: [ joint_state_broadcaster ]
[component_container-3] [INFO] [1778341350.217370008] [controller_manager]: Requested controller switch from non-realtime loop
[component_container-3] [INFO] [1778341350.223702508] [controller_manager]: Successfully switched controllers!
[spawner-6] [INFO] [1778341350.230699925] [spawner_joint_state_broadcaster]: Configured and activated joint_state_broadcaster
[INFO] [spawner-6]: process has finished cleanly [pid 249]
[INFO] [spawner-8]: process started with pid [511]
[component_container-3] (2026-05-09 15:42:30.997) [debug] [WorldSdfGeneratorPlugin.cc:79] Saving world: aic_world to: /tmp/aic.sdf
[component_container-3] (2026-05-09 15:42:31.002) [info] [WorldSdfGeneratorPlugin.cc:84] World saved to /tmp/aic.sdf
[2m2026-05-09T15:42:31.431009Z[0m [32m INFO[0m acc-0 ThreadId(04) [2mzenoh::net::routing::interceptor::access_control[0m[2m:[0m 5e5767e99aa543a77b3bd5ad7de7db28 did not match any configured ACL subject. Default permission `Allow` will be applied on all messages
[component_container-3] [INFO] [1778341351.838008759] [controller_manager]: Loading controller : 'aic_controller' of type 'aic/Controller'
[component_container-3] [INFO] [1778341351.838142759] [controller_manager]: Loading controller 'aic_controller'
[component_container-3] [INFO] [1778341351.905362842] [controller_manager]: Controller 'aic_controller' node arguments: --ros-args --params-file /ws_aic/install/share/aic_bringup/config/aic_ros2_controllers.yaml -p use_sim_time:=true --param use_sim_time:=true 
[spawner-8] [INFO] [1778341354.180494760] [spawner_aic_controller]: Loaded aic_controller
[component_container-3] [INFO] [1778341354.196170385] [controller_manager]: Configuring controller: 'aic_controller'
[component_container-3] [INFO] [1778341354.196576468] [aic_controller]: Control mode set to impedance
[component_container-3] [INFO] [1778341354.196593926] [aic_controller]: Target mode set to Cartesian. Accepting MotionUpdate targets.
[component_container-3] [INFO] [1778341358.456790970] [controller_manager]: Activating controllers: [ aic_controller ]
[component_container-3] [INFO] [1778341358.458865803] [controller_manager]: Requested controller switch from non-realtime loop
[component_container-3] [INFO] [1778341358.468626220] [controller_manager]: Successfully switched controllers!
[spawner-8] [INFO] [1778341358.482722678] [spawner_aic_controller]: Configured and activated all the parsed controllers list : ['aic_controller']!
[component_container-3] (2026-05-09 15:42:38.483) [warning] [Component.hh:144] Trying to serialize component with data type [St6vectorIdSaIdEE], which doesn't have `operator<<`. Component will not be serialized.
[component_container-3] (2026-05-09 15:42:38.483) [warning] [Component.hh:189] Trying to deserialize component with data type [St6vectorIdSaIdEE], which doesn't have `operator>>`. Component will not be deserialized.
[INFO] [spawner-8]: process has finished cleanly [pid 511]
[INFO] [rviz2-9]: process started with pid [562]
[rviz2-9] QStandardPaths: XDG_RUNTIME_DIR not set, defaulting to '/tmp/runtime-root'
[2m2026-05-09T15:42:39.595821Z[0m [32m INFO[0m acc-0 ThreadId(04) [2mzenoh::net::routing::interceptor::access_control[0m[2m:[0m a7089f729c5eb96d2dcd2c154768848f did not match any configured ACL subject. Default permission `Allow` will be applied on all messages
[rviz2-9] [INFO] [1778341360.758493096] [rviz2]: Stereo is NOT SUPPORTED
[rviz2-9] [INFO] [1778341360.760300180] [rviz2]: OpenGl version: 4.5 (GLSL 4.5)
[rviz2-9] [INFO] [1778341361.158212721] [rviz2]: Stereo is NOT SUPPORTED
[rviz2-9] [INFO] [1778341364.531021334] [rviz2]: Stereo is NOT SUPPORTED

[web] stop requested: new warehouse_visual run started
[2m2026-05-09T15:42:55.874809Z[0m [32m INFO[0m ThreadId(02) [2mzenoh::api::session[0m[2m:[0m close session [3mzid[0m[2m=[0mf63d62d25a12d42af3e1cb9ff930d986
[WARNING] [launch]: user interrupted with ctrl-c (SIGINT)
[ros2run]: Received signal:  Interrupt
[INFO] [rviz2-9]: sending signal 'SIGINT' to process[rviz2-9]
[INFO] [aic_adapter-2]: process has finished cleanly [pid 112]
[INFO] [robot_state_publisher-1]: process has finished cleanly [pid 110]
[INFO] [gz-4]: sending signal 'SIGINT' to process[gz-4]
[INFO] [component_container-3]: sending signal 'SIGINT' to process[component_container-3]
[robot_state_publisher-1] [INFO] [1778341375.870346089] [rclcpp]: signal_handler(SIGINT/SIGTERM)
[rviz2-9] [INFO] [1778341375.872956214] [rclcpp]: signal_handler(SIGINT/SIGTERM)
[component_container-3] (2026-05-09 15:42:55.873) [debug] [SignalHandler.cc:278] Received signal[2].
[component_container-3] (2026-05-09 15:42:55.873) [debug] [ServerPrivate.cc:127] Server received signal[2]
[component_container-3] (2026-05-09 15:42:55.873) [debug] [Sensors.cc:565] SensorsPrivate::Stop
[aic_adapter-2] [INFO] [1778341375.876611714] [rclcpp]: signal_handler(SIGINT/SIGTERM)
[ERROR] [rviz2-9]: process has died [pid 562, exit code -11, cmd '/opt/ros/kilted/lib/rviz2/rviz2 -d /ws_aic/install/share/aic_bringup/rviz/aic.rviz --ros-args -r __node:=rviz2 --params-file /tmp/launch_params_j5n5v9la'].
[component_container-3] corrupted size vs. prev_size while consolidating
[ERROR] [component_container-3]: process has died [pid 114, exit code -6, cmd '/opt/ros/kilted/lib/rclcpp_components/component_container --ros-args -r __node:=ros_gz_container -r __ns:=/'].
