$ ['python3', '/opt/aic_web/warehouse_lidar_random_mode.py']

Starting Lidar Random Map mode
Generated random world seed=1778424802
Exploration must complete before TaskGoal is accepted.
(2026-05-10 14:53:23.577) [info] [Gui.cc:332] Gazebo Sim GUI    v9.5.0
(2026-05-10 14:53:23.583) [info] [Gui.cc:224] Copied installed config [/ws_aic/install/share/gz/gz-sim9/gui/gui.config] to default config [/root/.gz/sim/9/gui.config].
(2026-05-10 14:53:23.729) [info] [gz.cc:170] Received world [/workspace/aic_results/lidar_random_map/lidar_random_world.sdf] from the GUI.
(2026-05-10 14:53:23.732) [info] [gz.cc:337] Gazebo Sim Server v9.5.0
QStandardPaths: XDG_RUNTIME_DIR not set, defaulting to '/tmp/runtime-root'
(2026-05-10 14:53:23.863) [info] [ServerPrivate.cc:664] Loading SDF world file[/workspace/aic_results/lidar_random_map/lidar_random_world.sdf].
[1;33mWarning [Utils.cc:132][0m [/sdf/world[@name="lidar_random_warehouse"]/model[@name="warehouse_robot"]/link[@name="base_link"]/visual[@name="scan_disc"]/material/transparency:/workspace/aic_results/lidar_random_map/lidar_random_world.sdf:L4606]: XML Element[transparency], child of element[material], not defined in SDF. Copying[transparency] as children of [material].
(2026-05-10 14:53:25.624) [info] [SystemManager.cc:54] Serving entity system service on [/entity/system/add]
(2026-05-10 14:53:25.813) [info] [UserCommands.cc:752] Create service on [/world/lidar_random_warehouse/create_multiple] (async)
(2026-05-10 14:53:25.814) [info] [UserCommands.cc:754] Create service on [/world/lidar_random_warehouse/create_multiple/blocking] (blocking)
(2026-05-10 14:53:25.814) [info] [UserCommands.cc:752] Remove service on [/world/lidar_random_warehouse/remove] (async)
(2026-05-10 14:53:25.814) [info] [UserCommands.cc:754] Remove service on [/world/lidar_random_warehouse/remove/blocking] (blocking)
(2026-05-10 14:53:25.815) [info] [UserCommands.cc:752] Pose service on [/world/lidar_random_warehouse/set_pose] (async)
(2026-05-10 14:53:25.815) [info] [UserCommands.cc:754] Pose service on [/world/lidar_random_warehouse/set_pose/blocking] (blocking)
(2026-05-10 14:53:25.815) [info] [UserCommands.cc:752] Pose service on [/world/lidar_random_warehouse/set_pose_vector] (async)
(2026-05-10 14:53:25.815) [info] [UserCommands.cc:754] Pose service on [/world/lidar_random_warehouse/set_pose_vector/blocking] (blocking)
(2026-05-10 14:53:25.815) [info] [UserCommands.cc:752] Light configuration service on [/world/lidar_random_warehouse/light_config] (async)
(2026-05-10 14:53:25.815) [info] [UserCommands.cc:754] Light configuration service on [/world/lidar_random_warehouse/light_config/blocking] (blocking)
(2026-05-10 14:53:25.817) [info] [UserCommands.cc:752] Physics service on [/world/lidar_random_warehouse/set_physics] (async)
(2026-05-10 14:53:25.817) [info] [UserCommands.cc:754] Physics service on [/world/lidar_random_warehouse/set_physics/blocking] (blocking)
(2026-05-10 14:53:25.817) [info] [UserCommands.cc:752] SphericalCoordinates service on [/world/lidar_random_warehouse/set_spherical_coordinates] (async)
(2026-05-10 14:53:25.817) [info] [UserCommands.cc:754] SphericalCoordinates service on [/world/lidar_random_warehouse/set_spherical_coordinates/blocking] (blocking)
(2026-05-10 14:53:25.817) [info] [UserCommands.cc:752] Enable collision service on [/world/lidar_random_warehouse/enable_collision] (async)
(2026-05-10 14:53:25.817) [info] [UserCommands.cc:754] Enable collision service on [/world/lidar_random_warehouse/enable_collision/blocking] (blocking)
(2026-05-10 14:53:25.818) [info] [UserCommands.cc:752] Disable collision service on [/world/lidar_random_warehouse/disable_collision] (async)
(2026-05-10 14:53:25.818) [info] [UserCommands.cc:754] Disable collision service on [/world/lidar_random_warehouse/disable_collision/blocking] (blocking)
(2026-05-10 14:53:25.818) [info] [UserCommands.cc:752] Material service on [/world/lidar_random_warehouse/visual_config] (async)
(2026-05-10 14:53:25.818) [info] [UserCommands.cc:754] Material service on [/world/lidar_random_warehouse/visual_config/blocking] (blocking)
(2026-05-10 14:53:25.818) [info] [UserCommands.cc:752] Material service on [/world/lidar_random_warehouse/wheel_slip] (async)
(2026-05-10 14:53:25.818) [info] [UserCommands.cc:754] Material service on [/world/lidar_random_warehouse/wheel_slip/blocking] (blocking)
(2026-05-10 14:53:25.834) [info] [LevelManager.cc:646] Loaded level [default]
(2026-05-10 14:53:25.837) [info] [ServerConfig.cc:1010] Copied installed config [/ws_aic/install/share/gz/gz-sim9/server.config] to default config [/root/.gz/sim/9/server.config].
(2026-05-10 14:53:25.859) [info] [SimulationRunner.cc:275] Serving world controls on [/world/lidar_random_warehouse/control], [/world/lidar_random_warehouse/control/state] and [/world/lidar_random_warehouse/playback/control]
(2026-05-10 14:53:25.860) [warning] [Conversions.cc:735] <gui><camera> can't be converted yet
(2026-05-10 14:53:25.860) [info] [SimulationRunner.cc:301] Serving GUI information on [/world/lidar_random_warehouse/gui/info]
(2026-05-10 14:53:25.860) [info] [SimulationRunner.cc:304] World [lidar_random_warehouse] initialized with [1ms] physics profile.
(2026-05-10 14:53:25.860) [info] [SimulationRunner.cc:311] Serving world SDF generation service on [/world/lidar_random_warehouse/generate_world_sdf]
(2026-05-10 14:53:25.861) [info] [ServerPrivate.cc:344] Serving world names on [/gazebo/worlds]
(2026-05-10 14:53:25.862) [info] [ServerPrivate.cc:357] Resource path add service on [/gazebo/resource_paths/add].
(2026-05-10 14:53:25.862) [info] [ServerPrivate.cc:370] Resource path get service on [/gazebo/resource_paths/get].
(2026-05-10 14:53:25.862) [info] [ServerPrivate.cc:385] Resource path resolve service on [/gazebo/resource_paths/resolve].
(2026-05-10 14:53:25.863) [info] [ServerPrivate.cc:399] Resource paths published on [/gazebo/resource_paths].
(2026-05-10 14:53:25.863) [info] [ServerPrivate.cc:412] Server control service on [/server_control].
(2026-05-10 14:53:25.865) [info] [SimulationRunner.cc:769] Found no publishers on /stats, adding root stats topic
(2026-05-10 14:53:25.967) [info] [SimulationRunner.cc:803] Found no publishers on /clock, adding root clock topic
(2026-05-10 14:53:26.075) [info] [SceneBroadcaster.cc:634] Serving scene information on [/world/lidar_random_warehouse/scene/info]
(2026-05-10 14:53:26.075) [info] [SceneBroadcaster.cc:643] Serving graph information on [/world/lidar_random_warehouse/scene/graph]
(2026-05-10 14:53:26.076) [info] [SceneBroadcaster.cc:654] Serving full state on [/world/lidar_random_warehouse/state]
(2026-05-10 14:53:26.076) [info] [SceneBroadcaster.cc:663] Serving full state (async) on [/world/lidar_random_warehouse/state_async]
(2026-05-10 14:53:26.076) [info] [SceneBroadcaster.cc:671] Publishing scene information on [/world/lidar_random_warehouse/scene/info]
(2026-05-10 14:53:26.179) [info] [SceneBroadcaster.cc:680] Publishing entity deletions on [/world/lidar_random_warehouse/scene/deletion]
(2026-05-10 14:53:26.180) [info] [SceneBroadcaster.cc:689] Publishing state changes on [/world/lidar_random_warehouse/state]
(2026-05-10 14:53:26.180) [info] [SceneBroadcaster.cc:700] Publishing pose messages on [/world/lidar_random_warehouse/pose/info]
(2026-05-10 14:53:26.180) [info] [SceneBroadcaster.cc:711] Publishing dynamic pose messages on [/world/lidar_random_warehouse/dynamic_pose/info]
(2026-05-10 14:53:26.200) [info] [Application.cc:766] [GUI] Added plugin [3D View] to main window
(2026-05-10 14:53:26.201) [info] [Application.cc:652] [GUI] Loaded plugin [MinimalScene] from path [/ws_aic/install/lib/gz-gui-9/plugins/libMinimalScene.so]
(2026-05-10 14:53:26.210) [info] [EntityContextMenu.cc:134] [GUI] Currently tracking topic on [/gui/currently_tracked]
(2026-05-10 14:53:26.245) [info] [Application.cc:766] [GUI] Added plugin [Entity Context Menu] to main window
(2026-05-10 14:53:26.245) [info] [Application.cc:652] [GUI] Loaded plugin [EntityContextMenuPlugin] from path [/ws_aic/install/lib/gz-sim-9/plugins/gui/libEntityContextMenuPlugin.so]
(2026-05-10 14:53:26.311) [info] [Application.cc:766] [GUI] Added plugin [Scene Manager] to main window
(2026-05-10 14:53:26.312) [info] [Application.cc:652] [GUI] Loaded plugin [GzSceneManager] from path [/ws_aic/install/lib/gz-sim-9/plugins/gui/libGzSceneManager.so]
(2026-05-10 14:53:26.317) [info] [InteractiveViewControl.cc:409] [GUI] Camera view controller topic advertised on [/gui/camera/view_control]
(2026-05-10 14:53:26.317) [info] [InteractiveViewControl.cc:417] [GUI] Camera reference visual topic advertised on [/gui/camera/view_control/reference_visual]
(2026-05-10 14:53:26.317) [info] [InteractiveViewControl.cc:427] [GUI] Camera view control sensitivity advertised on [/gui/camera/view_control/sensitivity]
(2026-05-10 14:53:26.333) [info] [Application.cc:766] [GUI] Added plugin [Interactive view control] to main window
(2026-05-10 14:53:26.333) [info] [Application.cc:652] [GUI] Loaded plugin [InteractiveViewControl] from path [/ws_aic/install/lib/gz-gui-9/plugins/libInteractiveViewControl.so]
(2026-05-10 14:53:26.354) [info] [Application.cc:766] [GUI] Added plugin [Camera tracking] to main window
(2026-05-10 14:53:26.354) [info] [Application.cc:652] [GUI] Loaded plugin [CameraTracking] from path [/ws_aic/install/lib/gz-gui-9/plugins/libCameraTracking.so]
(2026-05-10 14:53:26.360) [info] [MarkerManager.cc:752] [GUI] Listening to stats on [/world/lidar_random_warehouse/stats]
(2026-05-10 14:53:26.377) [info] [Application.cc:766] [GUI] Added plugin [Marker Manager] to main window
(2026-05-10 14:53:26.377) [info] [Application.cc:652] [GUI] Loaded plugin [MarkerManager] from path [/ws_aic/install/lib/gz-gui-9/plugins/libMarkerManager.so]
(2026-05-10 14:53:26.394) [info] [Application.cc:766] [GUI] Added plugin [Select entities] to main window
(2026-05-10 14:53:26.394) [info] [Application.cc:652] [GUI] Loaded plugin [SelectEntities] from path [/ws_aic/install/lib/gz-sim-9/plugins/gui/libSelectEntities.so]
(2026-05-10 14:53:26.418) [info] [Application.cc:766] [GUI] Added plugin [Spawn] to main window
(2026-05-10 14:53:26.418) [info] [Application.cc:652] [GUI] Loaded plugin [Spawn] from path [/ws_aic/install/lib/gz-sim-9/plugins/gui/libSpawn.so]
(2026-05-10 14:53:26.428) [info] [VisualizationCapabilities.cc:2850] [GUI] View as transparent service on [/gui/view/transparent]
(2026-05-10 14:53:26.428) [info] [VisualizationCapabilities.cc:2857] [GUI] View as wireframes service on [/gui/view/wireframes]
(2026-05-10 14:53:26.428) [info] [VisualizationCapabilities.cc:2864] [GUI] View center of mass service on [/gui/view/com]
(2026-05-10 14:53:26.428) [info] [VisualizationCapabilities.cc:2871] [GUI] View inertia service on [/gui/view/inertia]
(2026-05-10 14:53:26.428) [info] [VisualizationCapabilities.cc:2879] [GUI] View collisions service on [/gui/view/collisions]
(2026-05-10 14:53:26.428) [info] [VisualizationCapabilities.cc:2887] [GUI] View joints service on [/gui/view/joints]
(2026-05-10 14:53:26.428) [info] [VisualizationCapabilities.cc:2894] [GUI] View frames service on [/gui/view/frames]
(2026-05-10 14:53:26.440) [info] [Application.cc:766] [GUI] Added plugin [Visualization capabilities] to main window
(2026-05-10 14:53:26.440) [info] [Application.cc:652] [GUI] Loaded plugin [VisualizationCapabilities] from path [/ws_aic/install/lib/gz-sim-9/plugins/gui/libVisualizationCapabilities.so]
(2026-05-10 14:53:26.454) [info] [WorldControl.cc:152] [GUI] Using world control service [/world/lidar_random_warehouse/control]
(2026-05-10 14:53:26.456) [info] [WorldControl.cc:225] [GUI] Listening to stats on [/world/lidar_random_warehouse/stats]
(2026-05-10 14:53:26.472) [info] [Application.cc:766] [GUI] Added plugin [World control] to main window
(2026-05-10 14:53:26.472) [info] [Application.cc:652] [GUI] Loaded plugin [WorldControl] from path [/ws_aic/install/lib/gz-gui-9/plugins/libWorldControl.so]
(2026-05-10 14:53:26.480) [info] [WorldStats.cc:156] [GUI] Listening to stats on [/world/lidar_random_warehouse/stats]
(2026-05-10 14:53:26.496) [info] [Application.cc:766] [GUI] Added plugin [World stats] to main window
(2026-05-10 14:53:26.496) [info] [Application.cc:652] [GUI] Loaded plugin [WorldStats] from path [/ws_aic/install/lib/gz-gui-9/plugins/libWorldStats.so]
(2026-05-10 14:53:26.521) [info] [Application.cc:766] [GUI] Added plugin [Shapes] to main window
(2026-05-10 14:53:26.521) [info] [Application.cc:652] [GUI] Loaded plugin [Shapes] from path [/ws_aic/install/lib/gz-sim-9/plugins/gui/libShapes.so]
(2026-05-10 14:53:26.539) [info] [Application.cc:766] [GUI] Added plugin [Lights] to main window
(2026-05-10 14:53:26.539) [info] [Application.cc:652] [GUI] Loaded plugin [Lights] from path [/ws_aic/install/lib/gz-sim-9/plugins/gui/libLights.so]
(2026-05-10 14:53:26.580) [info] [Application.cc:766] [GUI] Added plugin [Transform control] to main window
(2026-05-10 14:53:26.580) [info] [Application.cc:652] [GUI] Loaded plugin [TransformControl] from path [/ws_aic/install/lib/gz-sim-9/plugins/gui/libTransformControl.so]
(2026-05-10 14:53:26.588) [info] [Screenshot.cc:97] [GUI] Screenshot service on [/gui/screenshot]
(2026-05-10 14:53:26.605) [info] [Application.cc:766] [GUI] Added plugin [Screenshot] to main window
(2026-05-10 14:53:26.605) [info] [Application.cc:652] [GUI] Loaded plugin [Screenshot] from path [/ws_aic/install/lib/gz-gui-9/plugins/libScreenshot.so]
(2026-05-10 14:53:26.628) [info] [Application.cc:766] [GUI] Added plugin [Copy/Paste] to main window
(2026-05-10 14:53:26.628) [info] [Application.cc:652] [GUI] Loaded plugin [CopyPaste] from path [/ws_aic/install/lib/gz-sim-9/plugins/gui/libCopyPaste.so]
(2026-05-10 14:53:26.750) [info] [Application.cc:766] [GUI] Added plugin [Component inspector] to main window
(2026-05-10 14:53:26.750) [info] [Application.cc:652] [GUI] Loaded plugin [ComponentInspector] from path [/ws_aic/install/lib/gz-sim-9/plugins/gui/libComponentInspector.so]
(2026-05-10 14:53:26.770) [info] [EntityContextMenu.cc:134] [GUI] Currently tracking topic on [/gui/currently_tracked]
(2026-05-10 14:53:26.805) [info] [Application.cc:766] [GUI] Added plugin [Entity tree] to main window
(2026-05-10 14:53:26.805) [info] [Application.cc:652] [GUI] Loaded plugin [EntityTree] from path [/ws_aic/install/lib/gz-sim-9/plugins/gui/libEntityTree.so]
[1;33mWarning [Utils.cc:132][0m [/sdf/model[@name="warehouse_robot"]/link[@name="base_link"]/visual[@name="scan_disc"]/material/transparency:<data-string>:L92]: XML Element[transparency], child of element[material], not defined in SDF. Copying[transparency] as children of [material].
(2026-05-10 14:53:29.320) [info] [RenderEngineManager.cc:514] [GUI] Loading plugin [gz-rendering-ogre2]
(2026-05-10 14:53:30.161) [warning] [Ogre2RenderTarget.cc:668] [GUI] Anti-aliasing level of '' is not supported; valid FSAA levels are: [ 0 ]. Setting to 1
(2026-05-10 14:53:30.415) [info] [CameraTracking.cc:224] [GUI] Move to service on [/gui/move_to]
(2026-05-10 14:53:30.415) [info] [CameraTracking.cc:231] [GUI] Follow service on [/gui/follow] (deprecated)
(2026-05-10 14:53:30.416) [info] [CameraTracking.cc:238] [GUI] Tracking topic on [/gui/track]
(2026-05-10 14:53:30.416) [info] [CameraTracking.cc:245] [GUI] Tracking status topic on [/gui/currently_tracked]
(2026-05-10 14:53:30.416) [info] [CameraTracking.cc:253] [GUI] Move to pose service on [/gui/move_to/pose]
(2026-05-10 14:53:30.417) [info] [CameraTracking.cc:260] [GUI] Camera pose topic advertised on [/gui/camera/pose]
(2026-05-10 14:53:30.417) [info] [CameraTracking.cc:267] [GUI] Follow offset service on [/gui/follow/offset] (deprecated)
ROS drive telemetry enabled: publishing /cmd_vel, /odom, /tf, /joint_states
[drive:lidar_random] cmd_vel=(linear.x=18.000, angular.z=-11.066) odom=(-10.420,-7.020,-0.111) map_cell=(21,16) motors: left(v=23.090m/s phi_dot=135.825rad/s angle=1.358) right(v=12.910m/s phi_dot=75.940rad/s angle=0.759) wheel_xy: L=(-10.369201498005571, -6.562813482050135) R=(-10.470798501994429, -7.477186517949864)
[drive:lidar_random] cmd_vel=(linear.x=12.000, angular.z=0.000) odom=(-9.220,-7.020,0.000) map_cell=(31,16) motors: left(v=12.000m/s phi_dot=70.588rad/s angle=1.830) right(v=12.000m/s phi_dot=70.588rad/s angle=1.830) wheel_xy: L=(-9.22, -6.56) R=(-9.22, -7.4799999999999995)
(2026-05-10 14:54:37.140) [warning] [Application.cc:933] [GUI] [QT] file::/ComponentInspector/Inertial.qml:343:13: Unable to assign [undefined] to QString
(2026-05-10 14:54:37.140) [warning] [Application.cc:933] [GUI] [QT] file::/ComponentInspector/Inertial.qml:351:13: Unable to assign [undefined] to QString
(2026-05-10 14:54:37.140) [warning] [Application.cc:933] [GUI] [QT] file::/ComponentInspector/Inertial.qml:359:13: Unable to assign [undefined] to QString
(2026-05-10 14:54:37.140) [warning] [Application.cc:933] [GUI] [QT] file::/ComponentInspector/Inertial.qml:367:13: Unable to assign [undefined] to QString
(2026-05-10 14:54:37.140) [warning] [Application.cc:933] [GUI] [QT] file::/ComponentInspector/Inertial.qml:375:13: Unable to assign [undefined] to QString
(2026-05-10 14:54:37.140) [warning] [Application.cc:933] [GUI] [QT] file::/ComponentInspector/Inertial.qml:383:13: Unable to assign [undefined] to QString
(2026-05-10 14:54:37.140) [warning] [Application.cc:933] [GUI] [QT] file::/ComponentInspector/Inertial.qml:399:13: Unable to assign [undefined] to QString
(2026-05-10 14:54:37.140) [warning] [Application.cc:933] [GUI] [QT] file::/ComponentInspector/Inertial.qml:407:13: Unable to assign [undefined] to QString
(2026-05-10 14:54:37.140) [warning] [Application.cc:933] [GUI] [QT] file::/ComponentInspector/Inertial.qml:415:13: Unable to assign [undefined] to QString
(2026-05-10 14:54:37.140) [warning] [Application.cc:933] [GUI] [QT] file::/ComponentInspector/Inertial.qml:423:13: Unable to assign [undefined] to QString
(2026-05-10 14:54:37.140) [warning] [Application.cc:933] [GUI] [QT] file::/ComponentInspector/Inertial.qml:431:13: Unable to assign [undefined] to QString
(2026-05-10 14:54:37.140) [warning] [Application.cc:933] [GUI] [QT] file::/ComponentInspector/Inertial.qml:439:13: Unable to assign [undefined] to QString
(2026-05-10 14:54:37.140) [warning] [Application.cc:933] [GUI] [QT] file::/ComponentInspector/Inertial.qml:455:13: Unable to assign [undefined] to QString
(2026-05-10 14:54:37.140) [warning] [Application.cc:933] [GUI] [QT] file::/ComponentInspector/Inertial.qml:463:13: Unable to assign [undefined] to QString
(2026-05-10 14:54:37.140) [warning] [Application.cc:933] [GUI] [QT] file::/ComponentInspector/Inertial.qml:471:13: Unable to assign [undefined] to QString
(2026-05-10 14:54:37.140) [warning] [Application.cc:933] [GUI] [QT] file::/ComponentInspector/Inertial.qml:479:13: Unable to assign [undefined] to QString
(2026-05-10 14:54:37.140) [warning] [Application.cc:933] [GUI] [QT] file::/ComponentInspector/Inertial.qml:487:13: Unable to assign [undefined] to QString
(2026-05-10 14:54:37.140) [warning] [Application.cc:933] [GUI] [QT] file::/ComponentInspector/Inertial.qml:495:13: Unable to assign [undefined] to QString
(2026-05-10 14:54:37.140) [warning] [Application.cc:933] [GUI] [QT] file::/ComponentInspector/Inertial.qml:511:13: Unable to assign [undefined] to QString
(2026-05-10 14:54:37.140) [warning] [Application.cc:933] [GUI] [QT] file::/ComponentInspector/Inertial.qml:519:13: Unable to assign [undefined] to QString
(2026-05-10 14:54:37.140) [warning] [Application.cc:933] [GUI] [QT] file::/ComponentInspector/Inertial.qml:527:13: Unable to assign [undefined] to QString
(2026-05-10 14:54:37.140) [warning] [Application.cc:933] [GUI] [QT] file::/ComponentInspector/Inertial.qml:535:13: Unable to assign [undefined] to QString
(2026-05-10 14:54:37.140) [warning] [Application.cc:933] [GUI] [QT] file::/ComponentInspector/Inertial.qml:543:13: Unable to assign [undefined] to QString
(2026-05-10 14:54:37.140) [warning] [Application.cc:933] [GUI] [QT] file::/ComponentInspector/Inertial.qml:551:13: Unable to assign [undefined] to QString
(2026-05-10 14:54:37.140) [warning] [Application.cc:933] [GUI] [QT] file::/ComponentInspector/Inertial.qml:567:13: Unable to assign [undefined] to QString
(2026-05-10 14:54:37.140) [warning] [Application.cc:933] [GUI] [QT] file::/ComponentInspector/Inertial.qml:575:13: Unable to assign [undefined] to QString
(2026-05-10 14:54:37.140) [warning] [Application.cc:933] [GUI] [QT] file::/ComponentInspector/Inertial.qml:583:13: Unable to assign [undefined] to QString
(2026-05-10 14:54:37.140) [warning] [Application.cc:933] [GUI] [QT] file::/ComponentInspector/Inertial.qml:591:13: Unable to assign [undefined] to QString
(2026-05-10 14:54:37.140) [warning] [Application.cc:933] [GUI] [QT] file::/ComponentInspector/Inertial.qml:599:13: Unable to assign [undefined] to QString
(2026-05-10 14:54:37.140) [warning] [Application.cc:933] [GUI] [QT] file::/ComponentInspector/Inertial.qml:607:13: Unable to assign [undefined] to QString
(2026-05-10 14:54:37.140) [warning] [Application.cc:933] [GUI] [QT] file::/ComponentInspector/Inertial.qml:623:13: Unable to assign [undefined] to QString
(2026-05-10 14:54:37.140) [warning] [Application.cc:933] [GUI] [QT] file::/ComponentInspector/Inertial.qml:631:13: Unable to assign [undefined] to QString
(2026-05-10 14:54:37.140) [warning] [Application.cc:933] [GUI] [QT] file::/ComponentInspector/Inertial.qml:639:13: Unable to assign [undefined] to QString
(2026-05-10 14:54:37.140) [warning] [Application.cc:933] [GUI] [QT] file::/ComponentInspector/Inertial.qml:647:13: Unable to assign [undefined] to QString
(2026-05-10 14:54:37.140) [warning] [Application.cc:933] [GUI] [QT] file::/ComponentInspector/Inertial.qml:655:13: Unable to assign [undefined] to QString
(2026-05-10 14:54:37.140) [warning] [Application.cc:933] [GUI] [QT] file::/ComponentInspector/Inertial.qml:663:13: Unable to assign [undefined] to QString
[drive:lidar_random] cmd_vel=(linear.x=12.000, angular.z=0.000) odom=(-8.020,-7.020,0.000) map_cell=(41,16) motors: left(v=12.000m/s phi_dot=70.588rad/s angle=2.606) right(v=12.000m/s phi_dot=70.588rad/s angle=2.606) wheel_xy: L=(-8.02, -6.56) R=(-8.02, -7.4799999999999995)
[drive:lidar_random] cmd_vel=(linear.x=12.000, angular.z=0.000) odom=(-6.820,-7.020,0.000) map_cell=(51,16) motors: left(v=12.000m/s phi_dot=70.588rad/s angle=-2.902) right(v=12.000m/s phi_dot=70.588rad/s angle=-2.902) wheel_xy: L=(-6.82, -6.56) R=(-6.82, -7.4799999999999995)
[drive:lidar_random] cmd_vel=(linear.x=12.000, angular.z=0.000) odom=(-5.620,-7.020,0.000) map_cell=(61,16) motors: left(v=12.000m/s phi_dot=70.588rad/s angle=-2.126) right(v=12.000m/s phi_dot=70.588rad/s angle=-2.126) wheel_xy: L=(-5.62, -6.56) R=(-5.62, -7.4799999999999995)
b'data: true\n\n'[drive:lidar_random] cmd_vel=(linear.x=8.485, angular.z=-78.540) odom=(-6.220,-6.540,1.571) map_cell=(56,20) motors: left(v=44.614m/s phi_dot=262.433rad/s angle=-0.851) right(v=-27.643m/s phi_dot=-162.606rad/s angle=1.367) wheel_xy: L=(-6.680000000000001, -6.54) R=(-5.760000000000001, -6.54)
[drive:lidar_random] cmd_vel=(linear.x=12.000, angular.z=-78.540) odom=(-6.580,-5.580,2.356) map_cell=(53,28) motors: left(v=48.128m/s phi_dot=283.108rad/s angle=-2.906) right(v=-24.128m/s phi_dot=-141.931rad/s angle=-2.721) wheel_xy: L=(-6.905269119345812, -5.905269119345812) R=(-6.254730880654188, -5.254730880654188)
[drive:lidar_random] cmd_vel=(linear.x=12.000, angular.z=0.000) odom=(-7.780,-5.460,3.142) map_cell=(43,29) motors: left(v=12.000m/s phi_dot=70.588rad/s angle=2.113) right(v=12.000m/s phi_dot=70.588rad/s angle=0.265) wheel_xy: L=(-7.78, -5.92) R=(-7.78, -5.0)
[drive:lidar_random] cmd_vel=(linear.x=16.971, angular.z=0.000) odom=(-8.980,-4.500,2.356) map_cell=(33,37) motors: left(v=16.971m/s phi_dot=99.827rad/s angle=0.778) right(v=16.971m/s phi_dot=99.827rad/s angle=0.962) wheel_xy: L=(-9.30526911934581, -4.825269119345813) R=(-8.65473088065419, -4.174730880654187)
[drive:lidar_random] cmd_vel=(linear.x=16.971, angular.z=-0.000) odom=(-10.180,-3.300,2.356) map_cell=(23,47) motors: left(v=16.971m/s phi_dot=99.827rad/s angle=-1.806) right(v=16.971m/s phi_dot=99.827rad/s angle=-1.621) wheel_xy: L=(-10.505269119345813, -3.6252691193458104) R=(-9.854730880654186, -2.9747308806541892)
[drive:lidar_random] cmd_vel=(linear.x=12.000, angular.z=-78.540) odom=(-11.380,-2.580,2.356) map_cell=(13,53) motors: left(v=48.128m/s phi_dot=283.108rad/s angle=-0.774) right(v=-24.128m/s phi_dot=-141.931rad/s angle=-0.589) wheel_xy: L=(-11.705269119345811, -2.9052691193458133) R=(-11.05473088065419, -2.254730880654187)
[drive:lidar_random] cmd_vel=(linear.x=12.000, angular.z=0.000) odom=(-11.860,-2.220,0.000) map_cell=(9,56) motors: left(v=12.000m/s phi_dot=70.588rad/s angle=-2.144) right(v=12.000m/s phi_dot=70.588rad/s angle=-2.144) wheel_xy: L=(-11.86, -1.7600000000000007) R=(-11.86, -2.6800000000000006)
[drive:lidar_random] cmd_vel=(linear.x=12.000, angular.z=0.000) odom=(-10.660,-2.220,0.000) map_cell=(19,56) motors: left(v=12.000m/s phi_dot=70.588rad/s angle=-1.369) right(v=12.000m/s phi_dot=70.588rad/s angle=-1.369) wheel_xy: L=(-10.66, -1.7600000000000007) R=(-10.66, -2.6800000000000006)
[drive:lidar_random] cmd_vel=(linear.x=12.000, angular.z=0.000) odom=(-9.460,-2.220,0.000) map_cell=(29,56) motors: left(v=12.000m/s phi_dot=70.588rad/s angle=-0.593) right(v=12.000m/s phi_dot=70.588rad/s angle=-0.593) wheel_xy: L=(-9.46, -1.7600000000000007) R=(-9.46, -2.6800000000000006)
[drive:lidar_random] cmd_vel=(linear.x=12.000, angular.z=-78.540) odom=(-8.260,-2.460,-0.785) map_cell=(39,54) motors: left(v=48.128m/s phi_dot=283.108rad/s angle=2.101) right(v=-24.128m/s phi_dot=-141.931rad/s angle=-2.149) wheel_xy: L=(-7.934730880654187, -2.1347308806541894) R=(-8.585269119345813, -2.7852691193458106)
[drive:lidar_random] cmd_vel=(linear.x=16.971, angular.z=0.000) odom=(-7.060,-3.660,-0.785) map_cell=(49,44) motors: left(v=16.971m/s phi_dot=99.827rad/s angle=-0.483) right(v=16.971m/s phi_dot=99.827rad/s angle=1.550) wheel_xy: L=(-6.734730880654189, -3.334730880654188) R=(-7.385269119345812, -3.985269119345812)
[drive:lidar_random] cmd_vel=(linear.x=16.971, angular.z=0.000) odom=(-5.860,-4.260,-0.785) map_cell=(59,39) motors: left(v=16.971m/s phi_dot=99.827rad/s angle=1.256) right(v=16.971m/s phi_dot=99.827rad/s angle=-2.995) wheel_xy: L=(-5.534730880654189, -3.9347308806541865) R=(-6.185269119345811, -4.585269119345813)
[drive:lidar_random] cmd_vel=(linear.x=16.971, angular.z=0.000) odom=(-4.660,-5.460,-0.785) map_cell=(69,29) motors: left(v=16.971m/s phi_dot=99.827rad/s angle=-1.328) right(v=16.971m/s phi_dot=99.827rad/s angle=0.705) wheel_xy: L=(-4.334730880654189, -5.134730880654187) R=(-4.985269119345811, -5.785269119345813)
[drive:lidar_random] cmd_vel=(linear.x=8.485, angular.z=78.540) odom=(-3.460,-6.540,0.000) map_cell=(79,20) motors: left(v=-27.643m/s phi_dot=-162.606rad/s angle=-0.253) right(v=44.614m/s phi_dot=262.433rad/s angle=-0.253) wheel_xy: L=(-3.460000000000001, -6.08) R=(-3.460000000000001, -7.0)
[drive:lidar_random] cmd_vel=(linear.x=12.000, angular.z=-78.540) odom=(-2.260,-7.260,-0.785) map_cell=(89,14) motors: left(v=48.128m/s phi_dot=283.108rad/s angle=-2.672) right(v=-24.128m/s phi_dot=-141.931rad/s angle=-0.639) wheel_xy: L=(-1.9347308806541903, -6.934730880654185) R=(-2.585269119345809, -7.585269119345814)
[drive:lidar_random] cmd_vel=(linear.x=8.485, angular.z=78.540) odom=(-1.060,-7.740,0.000) map_cell=(99,10) motors: left(v=-27.643m/s phi_dot=-162.606rad/s angle=1.228) right(v=44.614m/s phi_dot=262.433rad/s angle=1.228) wheel_xy: L=(-1.0600000000000005, -7.28) R=(-1.0600000000000005, -8.200000000000001)
[drive:lidar_random] cmd_vel=(linear.x=16.971, angular.z=-0.000) odom=(-0.820,-7.620,2.356) map_cell=(101,11) motors: left(v=16.971m/s phi_dot=99.827rad/s angle=0.756) right(v=16.971m/s phi_dot=99.827rad/s angle=0.941) wheel_xy: L=(-1.1452691193458133, -7.945269119345811) R=(-0.4947308806541872, -7.294730880654189)
[drive:lidar_random] cmd_vel=(linear.x=12.000, angular.z=0.000) odom=(-2.020,-6.660,3.142) map_cell=(91,19) motors: left(v=12.000m/s phi_dot=70.588rad/s angle=1.539) right(v=12.000m/s phi_dot=70.588rad/s angle=-0.309) wheel_xy: L=(-2.0199999999999996, -7.12) R=(-2.0199999999999996, -6.2)
[drive:lidar_random] cmd_vel=(linear.x=8.485, angular.z=-78.540) odom=(-3.100,-6.420,1.571) map_cell=(82,21) motors: left(v=44.614m/s phi_dot=262.433rad/s angle=0.075) right(v=-27.643m/s phi_dot=-162.606rad/s angle=2.293) wheel_xy: L=(-3.5599999999999996, -6.42) R=(-2.6399999999999997, -6.42)
