$ ['python3', '/opt/aic_web/warehouse_policy.py']

Starting warehouse policy mode
This mode runs a separate observation-action control loop, not the scripted route replay.
Gazebo camera starts above the robot/work area. Open noVNC to watch it.
(2026-05-09 15:44:09.865) [info] [Gui.cc:332] Gazebo Sim GUI    v9.5.0
(2026-05-09 15:44:10.004) [info] [gz.cc:170] Received world [/opt/aic_web/warehouse_visual.sdf] from the GUI.
(2026-05-09 15:44:10.007) [info] [gz.cc:337] Gazebo Sim Server v9.5.0
QStandardPaths: XDG_RUNTIME_DIR not set, defaulting to '/tmp/runtime-root'
(2026-05-09 15:44:10.087) [info] [ServerPrivate.cc:664] Loading SDF world file[/opt/aic_web/warehouse_visual.sdf].
(2026-05-09 15:44:10.424) [error] [SignalHandler.cc:178] [GUI] 4 Interrupted system call
(2026-05-09 15:44:11.897) [info] [SystemManager.cc:54] Serving entity system service on [/entity/system/add]
(2026-05-09 15:44:11.993) [info] [UserCommands.cc:752] Create service on [/world/warehouse_mobile/create_multiple] (async)
(2026-05-09 15:44:11.993) [info] [UserCommands.cc:754] Create service on [/world/warehouse_mobile/create_multiple/blocking] (blocking)
(2026-05-09 15:44:11.994) [info] [UserCommands.cc:752] Remove service on [/world/warehouse_mobile/remove] (async)
(2026-05-09 15:44:11.994) [info] [UserCommands.cc:754] Remove service on [/world/warehouse_mobile/remove/blocking] (blocking)
(2026-05-09 15:44:11.994) [info] [UserCommands.cc:752] Pose service on [/world/warehouse_mobile/set_pose] (async)
(2026-05-09 15:44:11.994) [info] [UserCommands.cc:754] Pose service on [/world/warehouse_mobile/set_pose/blocking] (blocking)
(2026-05-09 15:44:11.994) [info] [UserCommands.cc:752] Pose service on [/world/warehouse_mobile/set_pose_vector] (async)
(2026-05-09 15:44:11.994) [info] [UserCommands.cc:754] Pose service on [/world/warehouse_mobile/set_pose_vector/blocking] (blocking)
(2026-05-09 15:44:11.994) [info] [UserCommands.cc:752] Light configuration service on [/world/warehouse_mobile/light_config] (async)
(2026-05-09 15:44:11.994) [info] [UserCommands.cc:754] Light configuration service on [/world/warehouse_mobile/light_config/blocking] (blocking)
(2026-05-09 15:44:11.996) [info] [UserCommands.cc:752] Physics service on [/world/warehouse_mobile/set_physics] (async)
(2026-05-09 15:44:11.996) [info] [UserCommands.cc:754] Physics service on [/world/warehouse_mobile/set_physics/blocking] (blocking)
(2026-05-09 15:44:11.996) [info] [UserCommands.cc:752] SphericalCoordinates service on [/world/warehouse_mobile/set_spherical_coordinates] (async)
(2026-05-09 15:44:11.996) [info] [UserCommands.cc:754] SphericalCoordinates service on [/world/warehouse_mobile/set_spherical_coordinates/blocking] (blocking)
(2026-05-09 15:44:11.996) [info] [UserCommands.cc:752] Enable collision service on [/world/warehouse_mobile/enable_collision] (async)
(2026-05-09 15:44:11.996) [info] [UserCommands.cc:754] Enable collision service on [/world/warehouse_mobile/enable_collision/blocking] (blocking)
(2026-05-09 15:44:11.996) [info] [UserCommands.cc:752] Disable collision service on [/world/warehouse_mobile/disable_collision] (async)
(2026-05-09 15:44:11.996) [info] [UserCommands.cc:754] Disable collision service on [/world/warehouse_mobile/disable_collision/blocking] (blocking)
(2026-05-09 15:44:11.997) [info] [UserCommands.cc:752] Material service on [/world/warehouse_mobile/visual_config] (async)
(2026-05-09 15:44:11.997) [info] [UserCommands.cc:754] Material service on [/world/warehouse_mobile/visual_config/blocking] (blocking)
(2026-05-09 15:44:11.997) [info] [UserCommands.cc:752] Material service on [/world/warehouse_mobile/wheel_slip] (async)
(2026-05-09 15:44:11.997) [info] [UserCommands.cc:754] Material service on [/world/warehouse_mobile/wheel_slip/blocking] (blocking)
(2026-05-09 15:44:12.004) [info] [LevelManager.cc:646] Loaded level [default]
(2026-05-09 15:44:12.008) [info] [SimulationRunner.cc:275] Serving world controls on [/world/warehouse_mobile/control], [/world/warehouse_mobile/control/state] and [/world/warehouse_mobile/playback/control]
(2026-05-09 15:44:12.008) [warning] [Conversions.cc:735] <gui><camera> can't be converted yet
(2026-05-09 15:44:12.009) [info] [SimulationRunner.cc:301] Serving GUI information on [/world/warehouse_mobile/gui/info]
(2026-05-09 15:44:12.009) [info] [SimulationRunner.cc:304] World [warehouse_mobile] initialized with [1ms] physics profile.
(2026-05-09 15:44:12.009) [info] [SimulationRunner.cc:311] Serving world SDF generation service on [/world/warehouse_mobile/generate_world_sdf]
(2026-05-09 15:44:12.010) [info] [ServerPrivate.cc:344] Serving world names on [/gazebo/worlds]
(2026-05-09 15:44:12.010) [info] [ServerPrivate.cc:357] Resource path add service on [/gazebo/resource_paths/add].
(2026-05-09 15:44:12.010) [info] [ServerPrivate.cc:370] Resource path get service on [/gazebo/resource_paths/get].
(2026-05-09 15:44:12.010) [info] [ServerPrivate.cc:385] Resource path resolve service on [/gazebo/resource_paths/resolve].
(2026-05-09 15:44:12.011) [info] [ServerPrivate.cc:399] Resource paths published on [/gazebo/resource_paths].
(2026-05-09 15:44:12.012) [info] [ServerPrivate.cc:412] Server control service on [/server_control].
(2026-05-09 15:44:12.119) [info] [SimulationRunner.cc:769] Found no publishers on /stats, adding root stats topic
(2026-05-09 15:44:12.120) [info] [SimulationRunner.cc:803] Found no publishers on /clock, adding root clock topic
(2026-05-09 15:44:12.169) [info] [SceneBroadcaster.cc:634] Serving scene information on [/world/warehouse_mobile/scene/info]
(2026-05-09 15:44:12.169) [info] [SceneBroadcaster.cc:643] Serving graph information on [/world/warehouse_mobile/scene/graph]
(2026-05-09 15:44:12.169) [info] [SceneBroadcaster.cc:654] Serving full state on [/world/warehouse_mobile/state]
(2026-05-09 15:44:12.169) [info] [SceneBroadcaster.cc:663] Serving full state (async) on [/world/warehouse_mobile/state_async]
(2026-05-09 15:44:12.169) [info] [SceneBroadcaster.cc:671] Publishing scene information on [/world/warehouse_mobile/scene/info]
(2026-05-09 15:44:12.170) [info] [SceneBroadcaster.cc:680] Publishing entity deletions on [/world/warehouse_mobile/scene/deletion]
(2026-05-09 15:44:12.170) [info] [SceneBroadcaster.cc:689] Publishing state changes on [/world/warehouse_mobile/state]
(2026-05-09 15:44:12.170) [info] [SceneBroadcaster.cc:700] Publishing pose messages on [/world/warehouse_mobile/pose/info]
(2026-05-09 15:44:12.170) [info] [SceneBroadcaster.cc:711] Publishing dynamic pose messages on [/world/warehouse_mobile/dynamic_pose/info]
(2026-05-09 15:44:12.299) [info] [Application.cc:766] [GUI] Added plugin [3D View] to main window
(2026-05-09 15:44:12.299) [info] [Application.cc:652] [GUI] Loaded plugin [MinimalScene] from path [/ws_aic/install/lib/gz-gui-9/plugins/libMinimalScene.so]
(2026-05-09 15:44:12.304) [info] [EntityContextMenu.cc:134] [GUI] Currently tracking topic on [/gui/currently_tracked]
(2026-05-09 15:44:12.328) [info] [Application.cc:766] [GUI] Added plugin [Entity Context Menu] to main window
(2026-05-09 15:44:12.328) [info] [Application.cc:652] [GUI] Loaded plugin [EntityContextMenuPlugin] from path [/ws_aic/install/lib/gz-sim-9/plugins/gui/libEntityContextMenuPlugin.so]
(2026-05-09 15:44:12.381) [info] [Application.cc:766] [GUI] Added plugin [Scene Manager] to main window
(2026-05-09 15:44:12.381) [info] [Application.cc:652] [GUI] Loaded plugin [GzSceneManager] from path [/ws_aic/install/lib/gz-sim-9/plugins/gui/libGzSceneManager.so]
(2026-05-09 15:44:12.387) [info] [InteractiveViewControl.cc:409] [GUI] Camera view controller topic advertised on [/gui/camera/view_control]
(2026-05-09 15:44:12.388) [info] [InteractiveViewControl.cc:417] [GUI] Camera reference visual topic advertised on [/gui/camera/view_control/reference_visual]
(2026-05-09 15:44:12.389) [info] [InteractiveViewControl.cc:427] [GUI] Camera view control sensitivity advertised on [/gui/camera/view_control/sensitivity]
(2026-05-09 15:44:12.403) [info] [Application.cc:766] [GUI] Added plugin [Interactive view control] to main window
(2026-05-09 15:44:12.403) [info] [Application.cc:652] [GUI] Loaded plugin [InteractiveViewControl] from path [/ws_aic/install/lib/gz-gui-9/plugins/libInteractiveViewControl.so]
(2026-05-09 15:44:12.419) [info] [Application.cc:766] [GUI] Added plugin [Camera tracking] to main window
(2026-05-09 15:44:12.419) [info] [Application.cc:652] [GUI] Loaded plugin [CameraTracking] from path [/ws_aic/install/lib/gz-gui-9/plugins/libCameraTracking.so]
(2026-05-09 15:44:12.422) [info] [MarkerManager.cc:752] [GUI] Listening to stats on [/world/warehouse_mobile/stats]
(2026-05-09 15:44:12.433) [info] [Application.cc:766] [GUI] Added plugin [Marker Manager] to main window
(2026-05-09 15:44:12.433) [info] [Application.cc:652] [GUI] Loaded plugin [MarkerManager] from path [/ws_aic/install/lib/gz-gui-9/plugins/libMarkerManager.so]
(2026-05-09 15:44:12.445) [info] [Application.cc:766] [GUI] Added plugin [Select entities] to main window
(2026-05-09 15:44:12.445) [info] [Application.cc:652] [GUI] Loaded plugin [SelectEntities] from path [/ws_aic/install/lib/gz-sim-9/plugins/gui/libSelectEntities.so]
(2026-05-09 15:44:12.461) [info] [Application.cc:766] [GUI] Added plugin [Spawn] to main window
(2026-05-09 15:44:12.461) [info] [Application.cc:652] [GUI] Loaded plugin [Spawn] from path [/ws_aic/install/lib/gz-sim-9/plugins/gui/libSpawn.so]
(2026-05-09 15:44:12.468) [info] [VisualizationCapabilities.cc:2850] [GUI] View as transparent service on [/gui/view/transparent]
(2026-05-09 15:44:12.468) [info] [VisualizationCapabilities.cc:2857] [GUI] View as wireframes service on [/gui/view/wireframes]
(2026-05-09 15:44:12.468) [info] [VisualizationCapabilities.cc:2864] [GUI] View center of mass service on [/gui/view/com]
(2026-05-09 15:44:12.468) [info] [VisualizationCapabilities.cc:2871] [GUI] View inertia service on [/gui/view/inertia]
(2026-05-09 15:44:12.468) [info] [VisualizationCapabilities.cc:2879] [GUI] View collisions service on [/gui/view/collisions]
(2026-05-09 15:44:12.468) [info] [VisualizationCapabilities.cc:2887] [GUI] View joints service on [/gui/view/joints]
(2026-05-09 15:44:12.468) [info] [VisualizationCapabilities.cc:2894] [GUI] View frames service on [/gui/view/frames]
(2026-05-09 15:44:12.478) [info] [Application.cc:766] [GUI] Added plugin [Visualization capabilities] to main window
(2026-05-09 15:44:12.478) [info] [Application.cc:652] [GUI] Loaded plugin [VisualizationCapabilities] from path [/ws_aic/install/lib/gz-sim-9/plugins/gui/libVisualizationCapabilities.so]
(2026-05-09 15:44:12.485) [info] [WorldControl.cc:152] [GUI] Using world control service [/world/warehouse_mobile/control]
(2026-05-09 15:44:12.487) [info] [WorldControl.cc:225] [GUI] Listening to stats on [/world/warehouse_mobile/stats]
(2026-05-09 15:44:12.498) [info] [Application.cc:766] [GUI] Added plugin [World control] to main window
(2026-05-09 15:44:12.498) [info] [Application.cc:652] [GUI] Loaded plugin [WorldControl] from path [/ws_aic/install/lib/gz-gui-9/plugins/libWorldControl.so]
(2026-05-09 15:44:12.503) [info] [WorldStats.cc:156] [GUI] Listening to stats on [/world/warehouse_mobile/stats]
(2026-05-09 15:44:12.514) [info] [Application.cc:766] [GUI] Added plugin [World stats] to main window
(2026-05-09 15:44:12.514) [info] [Application.cc:652] [GUI] Loaded plugin [WorldStats] from path [/ws_aic/install/lib/gz-gui-9/plugins/libWorldStats.so]
(2026-05-09 15:44:12.534) [info] [Application.cc:766] [GUI] Added plugin [Shapes] to main window
(2026-05-09 15:44:12.534) [info] [Application.cc:652] [GUI] Loaded plugin [Shapes] from path [/ws_aic/install/lib/gz-sim-9/plugins/gui/libShapes.so]
(2026-05-09 15:44:12.546) [info] [Application.cc:766] [GUI] Added plugin [Lights] to main window
(2026-05-09 15:44:12.546) [info] [Application.cc:652] [GUI] Loaded plugin [Lights] from path [/ws_aic/install/lib/gz-sim-9/plugins/gui/libLights.so]
(2026-05-09 15:44:12.575) [info] [Application.cc:766] [GUI] Added plugin [Transform control] to main window
(2026-05-09 15:44:12.575) [info] [Application.cc:652] [GUI] Loaded plugin [TransformControl] from path [/ws_aic/install/lib/gz-sim-9/plugins/gui/libTransformControl.so]
(2026-05-09 15:44:12.581) [info] [Screenshot.cc:97] [GUI] Screenshot service on [/gui/screenshot]
(2026-05-09 15:44:12.593) [info] [Application.cc:766] [GUI] Added plugin [Screenshot] to main window
(2026-05-09 15:44:12.593) [info] [Application.cc:652] [GUI] Loaded plugin [Screenshot] from path [/ws_aic/install/lib/gz-gui-9/plugins/libScreenshot.so]
(2026-05-09 15:44:12.608) [info] [Application.cc:766] [GUI] Added plugin [Copy/Paste] to main window
(2026-05-09 15:44:12.608) [info] [Application.cc:652] [GUI] Loaded plugin [CopyPaste] from path [/ws_aic/install/lib/gz-sim-9/plugins/gui/libCopyPaste.so]
(2026-05-09 15:44:12.678) [info] [Application.cc:766] [GUI] Added plugin [Component inspector] to main window
(2026-05-09 15:44:12.678) [info] [Application.cc:652] [GUI] Loaded plugin [ComponentInspector] from path [/ws_aic/install/lib/gz-sim-9/plugins/gui/libComponentInspector.so]
(2026-05-09 15:44:12.687) [info] [EntityContextMenu.cc:134] [GUI] Currently tracking topic on [/gui/currently_tracked]
(2026-05-09 15:44:12.712) [info] [Application.cc:766] [GUI] Added plugin [Entity tree] to main window
(2026-05-09 15:44:12.712) [info] [Application.cc:652] [GUI] Loaded plugin [EntityTree] from path [/ws_aic/install/lib/gz-sim-9/plugins/gui/libEntityTree.so]
(2026-05-09 15:44:13.349) [info] [RenderEngineManager.cc:514] [GUI] Loading plugin [gz-rendering-ogre2]
(2026-05-09 15:44:13.840) [warning] [Ogre2RenderTarget.cc:668] [GUI] Anti-aliasing level of '' is not supported; valid FSAA levels are: [ 0 ]. Setting to 1
(2026-05-09 15:44:14.022) [info] [CameraTracking.cc:224] [GUI] Move to service on [/gui/move_to]
(2026-05-09 15:44:14.022) [info] [CameraTracking.cc:231] [GUI] Follow service on [/gui/follow] (deprecated)
(2026-05-09 15:44:14.023) [info] [CameraTracking.cc:238] [GUI] Tracking topic on [/gui/track]
(2026-05-09 15:44:14.023) [info] [CameraTracking.cc:245] [GUI] Tracking status topic on [/gui/currently_tracked]
(2026-05-09 15:44:14.024) [info] [CameraTracking.cc:253] [GUI] Move to pose service on [/gui/move_to/pose]
(2026-05-09 15:44:14.024) [info] [CameraTracking.cc:260] [GUI] Camera pose topic advertised on [/gui/camera/pose]
(2026-05-09 15:44:14.024) [info] [CameraTracking.cc:267] [GUI] Follow offset service on [/gui/follow/offset] (deprecated)
[policy] reached goal: dispatch start; next_index=1; laps=0
[policy] goal=leave dispatch lane pos=(-6.97,-5.00) yaw=0.00 dist=3.50 cmd=(0.80,0.00)
[policy] goal=leave dispatch lane pos=(-6.71,-5.00) yaw=0.00 dist=3.24 cmd=(0.80,0.00)
[policy] goal=leave dispatch lane pos=(-6.46,-5.00) yaw=0.00 dist=2.99 cmd=(0.80,0.00)
[policy] goal=leave dispatch lane pos=(-6.20,-5.00) yaw=0.00 dist=2.73 cmd=(0.80,0.00)
[policy] goal=leave dispatch lane pos=(-5.94,-5.00) yaw=0.00 dist=2.48 cmd=(0.80,0.00)
[policy] goal=leave dispatch lane pos=(-5.69,-5.00) yaw=0.00 dist=2.22 cmd=(0.80,0.00)
[policy] goal=leave dispatch lane pos=(-5.43,-5.00) yaw=0.00 dist=1.96 cmd=(0.80,0.00)
[policy] goal=leave dispatch lane pos=(-5.18,-5.00) yaw=0.00 dist=1.71 cmd=(0.80,0.00)
[policy] goal=leave dispatch lane pos=(-4.92,-5.00) yaw=0.00 dist=1.45 cmd=(0.80,0.00)
[policy] goal=leave dispatch lane pos=(-4.66,-5.00) yaw=0.00 dist=1.20 cmd=(0.80,0.00)
[policy] goal=leave dispatch lane pos=(-4.41,-5.00) yaw=0.00 dist=0.94 cmd=(0.80,0.00)
[policy] goal=leave dispatch lane pos=(-4.15,-5.00) yaw=0.00 dist=0.68 cmd=(0.80,0.00)
[policy] goal=leave dispatch lane pos=(-3.90,-5.00) yaw=0.00 dist=0.43 cmd=(0.80,0.00)
[policy] reached goal: leave dispatch lane; next_index=2; laps=0
[policy] goal=drive lower aisle pos=(-3.65,-5.00) yaw=0.00 dist=6.68 cmd=(0.80,0.00)
[policy] goal=drive lower aisle pos=(-3.39,-5.00) yaw=0.00 dist=6.42 cmd=(0.80,0.00)
[policy] goal=drive lower aisle pos=(-3.13,-5.00) yaw=0.00 dist=6.17 cmd=(0.80,0.00)
[policy] goal=drive lower aisle pos=(-2.88,-5.00) yaw=0.00 dist=5.91 cmd=(0.80,0.00)
[policy] goal=drive lower aisle pos=(-2.62,-5.00) yaw=0.00 dist=5.65 cmd=(0.80,0.00)
[policy] goal=drive lower aisle pos=(-2.37,-5.00) yaw=0.00 dist=5.40 cmd=(0.80,0.00)
[policy] goal=drive lower aisle pos=(-2.11,-5.00) yaw=0.00 dist=5.14 cmd=(0.80,0.00)
[policy] goal=drive lower aisle pos=(-1.85,-5.00) yaw=0.00 dist=4.89 cmd=(0.80,0.00)
[policy] goal=drive lower aisle pos=(-1.60,-5.00) yaw=0.00 dist=4.63 cmd=(0.80,0.00)
[policy] goal=drive lower aisle pos=(-1.34,-5.00) yaw=0.00 dist=4.37 cmd=(0.80,0.00)
[policy] goal=drive lower aisle pos=(-1.09,-5.00) yaw=0.00 dist=4.12 cmd=(0.80,0.00)
[policy] goal=drive lower aisle pos=(-0.83,-5.00) yaw=0.00 dist=3.86 cmd=(0.80,0.00)
[policy] goal=drive lower aisle pos=(-0.57,-5.00) yaw=0.00 dist=3.61 cmd=(0.80,0.00)
[policy] goal=drive lower aisle pos=(-0.32,-5.00) yaw=0.00 dist=3.35 cmd=(0.80,0.00)
[policy] goal=drive lower aisle pos=(-0.06,-5.00) yaw=0.00 dist=3.09 cmd=(0.80,0.00)
[policy] goal=drive lower aisle pos=(0.19,-5.00) yaw=0.00 dist=2.84 cmd=(0.80,0.00)
[policy] goal=drive lower aisle pos=(0.45,-5.00) yaw=0.00 dist=2.58 cmd=(0.80,0.00)
[policy] goal=drive lower aisle pos=(0.71,-5.00) yaw=0.00 dist=2.33 cmd=(0.80,0.00)
[policy] goal=drive lower aisle pos=(0.96,-5.00) yaw=0.00 dist=2.07 cmd=(0.80,0.00)
[policy] goal=drive lower aisle pos=(1.22,-5.00) yaw=0.00 dist=1.81 cmd=(0.80,0.00)
[policy] goal=drive lower aisle pos=(1.47,-5.00) yaw=0.00 dist=1.56 cmd=(0.80,0.00)
[policy] goal=drive lower aisle pos=(1.73,-5.00) yaw=0.00 dist=1.30 cmd=(0.80,0.00)
[policy] goal=drive lower aisle pos=(1.99,-5.00) yaw=0.00 dist=1.05 cmd=(0.80,0.00)
[policy] goal=drive lower aisle pos=(2.24,-5.00) yaw=0.00 dist=0.79 cmd=(0.80,0.00)
[policy] goal=drive lower aisle pos=(2.50,-5.00) yaw=0.00 dist=0.53 cmd=(0.80,0.00)
[policy] goal=drive lower aisle pos=(2.74,-5.00) yaw=0.00 dist=0.28 cmd=(0.64,0.00)
[policy] reached goal: drive lower aisle; next_index=3; laps=0
[policy] goal=pickup at StorageR pos=(2.99,-4.95) yaw=0.24 dist=3.19 cmd=(0.80,0.17)
[policy] goal=pickup at StorageR pos=(3.24,-4.89) yaw=0.26 dist=2.93 cmd=(0.80,0.02)
[policy] goal=pickup at StorageR pos=(3.49,-4.82) yaw=0.26 dist=2.68 cmd=(0.80,0.01)
[policy] goal=pickup at StorageR pos=(3.74,-4.76) yaw=0.27 dist=2.42 cmd=(0.80,0.01)
[policy] goal=pickup at StorageR pos=(3.98,-4.69) yaw=0.27 dist=2.16 cmd=(0.80,0.02)
[policy] goal=pickup at StorageR pos=(4.23,-4.62) yaw=0.28 dist=1.91 cmd=(0.80,0.02)
[policy] goal=pickup at StorageR pos=(4.47,-4.55) yaw=0.28 dist=1.65 cmd=(0.80,0.02)
[policy] goal=pickup at StorageR pos=(4.72,-4.48) yaw=0.29 dist=1.40 cmd=(0.80,0.03)
[policy] goal=pickup at StorageR pos=(4.96,-4.40) yaw=0.30 dist=1.14 cmd=(0.80,0.03)
[policy] goal=pickup at StorageR pos=(5.21,-4.32) yaw=0.32 dist=0.89 cmd=(0.80,0.05)
[policy] goal=pickup at StorageR pos=(5.45,-4.24) yaw=0.33 dist=0.63 cmd=(0.80,0.07)
[policy] goal=pickup at StorageR pos=(5.69,-4.15) yaw=0.36 dist=0.38 cmd=(0.80,0.12)
[policy] goal=pickup at StorageR pos=(5.86,-4.08) yaw=0.42 dist=0.18 cmd=(0.40,0.20)
[policy] goal=pickup at StorageR pos=(5.94,-4.05) yaw=0.49 dist=0.08 cmd=(0.19,0.24)
[policy] goal=pickup at StorageR pos=(5.97,-4.02) yaw=0.58 dist=0.04 cmd=(0.09,0.28)
[policy] goal=pickup at StorageR pos=(5.99,-4.01) yaw=0.67 dist=0.02 cmd=(0.04,0.33)
[policy] goal=pickup at StorageR pos=(6.00,-4.01) yaw=0.79 dist=0.01 cmd=(0.02,0.39)
[policy] goal=pickup at StorageR pos=(6.00,-4.00) yaw=0.92 dist=0.00 cmd=(0.01,0.45)
[policy] goal=pickup at StorageR pos=(6.00,-4.00) yaw=1.08 dist=0.00 cmd=(0.00,0.52)
[policy] goal=pickup at StorageR pos=(6.00,-4.00) yaw=1.26 dist=0.00 cmd=(0.00,0.61)
[policy] goal=pickup at StorageR pos=(6.00,-4.00) yaw=1.48 dist=0.00 cmd=(0.00,0.70)
[policy] goal=pickup at StorageR pos=(6.00,-4.00) yaw=1.72 dist=0.00 cmd=(0.00,0.81)
[policy] goal=pickup at StorageR pos=(6.00,-4.00) yaw=2.00 dist=0.00 cmd=(0.00,0.93)
[policy] goal=pickup at StorageR pos=(6.00,-4.00) yaw=2.32 dist=0.00 cmd=(0.00,1.06)
[policy] goal=pickup at StorageR pos=(6.00,-4.00) yaw=2.63 dist=0.00 cmd=(0.00,0.75)
[policy] goal=pickup at StorageR pos=(6.00,-4.00) yaw=2.86 dist=0.00 cmd=(0.00,0.64)
[policy] goal=pickup at StorageR pos=(6.00,-4.00) yaw=3.01 dist=0.00 cmd=(0.00,0.42)
[policy] goal=pickup at StorageR pos=(6.00,-4.00) yaw=3.14 dist=0.00 cmd=(0.00,0.41)
[policy] goal=pickup at StorageR pos=(6.00,-4.00) yaw=-2.54 dist=0.00 cmd=(0.00,2.10)
[policy] goal=pickup at StorageR pos=(6.00,-4.00) yaw=-1.89 dist=0.00 cmd=(0.00,1.64)
[policy] goal=pickup at StorageR pos=(6.00,-4.00) yaw=-1.89 dist=0.00 cmd=(0.00,-0.63)
[policy] goal=pickup at StorageR pos=(6.00,-4.00) yaw=-2.17 dist=0.00 cmd=(0.00,-0.97)
[policy] goal=pickup at StorageR pos=(6.00,-4.00) yaw=-2.50 dist=0.00 cmd=(0.00,-0.89)
[policy] goal=pickup at StorageR pos=(6.00,-4.00) yaw=-2.75 dist=0.00 cmd=(0.00,-0.79)
[policy] goal=pickup at StorageR pos=(6.00,-4.00) yaw=-2.94 dist=0.00 cmd=(0.00,-0.48)
[policy] goal=pickup at StorageR pos=(6.00,-4.00) yaw=-3.08 dist=0.00 cmd=(0.00,-0.41)
[policy] goal=pickup at StorageR pos=(6.00,-4.00) yaw=2.80 dist=0.00 cmd=(0.00,-2.10)
[policy] goal=pickup at StorageR pos=(6.00,-4.00) yaw=2.13 dist=0.00 cmd=(0.00,-2.10)
[policy] goal=pickup at StorageR pos=(6.00,-4.00) yaw=1.84 dist=0.00 cmd=(0.00,0.27)
[policy] goal=pickup at StorageR pos=(6.00,-4.00) yaw=2.07 dist=0.00 cmd=(0.00,0.90)
[policy] goal=pickup at StorageR pos=(6.00,-4.00) yaw=2.39 dist=0.00 cmd=(0.00,1.08)
[policy] goal=pickup at StorageR pos=(6.00,-4.00) yaw=2.69 dist=0.00 cmd=(0.00,0.89)
[policy] goal=pickup at StorageR pos=(6.00,-4.00) yaw=2.89 dist=0.00 cmd=(0.00,0.70)
[policy] goal=pickup at StorageR pos=(6.00,-4.00) yaw=3.05 dist=0.00 cmd=(0.00,0.43)
[policy] goal=pickup at StorageR pos=(6.00,-4.00) yaw=-2.97 dist=0.00 cmd=(0.00,2.10)
[policy] goal=pickup at StorageR pos=(6.00,-4.00) yaw=-2.29 dist=0.00 cmd=(0.00,2.10)
[policy] goal=pickup at StorageR pos=(6.00,-4.00) yaw=-1.82 dist=0.00 cmd=(0.00,0.21)
[policy] goal=pickup at StorageR pos=(6.00,-4.00) yaw=-1.99 dist=0.00 cmd=(0.00,-0.82)
[policy] goal=pickup at StorageR pos=(6.00,-4.00) yaw=-2.30 dist=0.00 cmd=(0.00,-1.04)
[policy] goal=pickup at StorageR pos=(6.00,-4.00) yaw=-2.61 dist=0.00 cmd=(0.00,-0.93)
[policy] goal=pickup at StorageR pos=(6.00,-4.00) yaw=-2.84 dist=0.00 cmd=(0.00,-0.54)
[policy] goal=pickup at StorageR pos=(6.00,-4.00) yaw=-3.01 dist=0.00 cmd=(0.00,-0.43)
[policy] goal=pickup at StorageR pos=(6.00,-4.00) yaw=-3.14 dist=0.00 cmd=(0.00,-0.42)
[policy] goal=pickup at StorageR pos=(6.00,-4.00) yaw=2.54 dist=0.00 cmd=(0.00,-2.10)
[policy] goal=pickup at StorageR pos=(6.00,-4.00) yaw=1.88 dist=0.00 cmd=(0.00,-1.65)
[policy] goal=pickup at StorageR pos=(6.00,-4.00) yaw=1.89 dist=0.00 cmd=(0.00,0.63)
[policy] goal=pickup at StorageR pos=(6.00,-4.00) yaw=2.16 dist=0.00 cmd=(0.00,0.97)
[policy] goal=pickup at StorageR pos=(6.00,-4.00) yaw=2.49 dist=0.00 cmd=(0.00,0.89)
[policy] goal=pickup at StorageR pos=(6.00,-4.00) yaw=2.75 dist=0.00 cmd=(0.00,0.72)
[policy] goal=pickup at StorageR pos=(6.00,-4.00) yaw=2.94 dist=0.00 cmd=(0.00,0.46)
[policy] goal=pickup at StorageR pos=(6.00,-4.00) yaw=3.07 dist=0.00 cmd=(0.00,0.41)
[policy] goal=pickup at StorageR pos=(6.00,-4.00) yaw=-2.88 dist=0.00 cmd=(0.00,2.10)
[policy] goal=pickup at StorageR pos=(6.00,-4.00) yaw=-2.20 dist=0.00 cmd=(0.00,2.10)
[policy] goal=pickup at StorageR pos=(6.00,-4.00) yaw=-1.82 dist=0.00 cmd=(0.00,-0.05)
[policy] goal=pickup at StorageR pos=(6.00,-4.00) yaw=-2.02 dist=0.00 cmd=(0.00,-0.86)
[policy] goal=pickup at StorageR pos=(6.00,-4.00) yaw=-2.33 dist=0.00 cmd=(0.00,-1.06)
[policy] goal=pickup at StorageR pos=(6.00,-4.00) yaw=-2.63 dist=0.00 cmd=(0.00,-0.76)
[policy] goal=pickup at StorageR pos=(6.00,-4.00) yaw=-2.86 dist=0.00 cmd=(0.00,-0.56)
[policy] goal=pickup at StorageR pos=(6.00,-4.00) yaw=-3.02 dist=0.00 cmd=(0.00,-0.47)
[policy] goal=pickup at StorageR pos=(6.00,-4.00) yaw=-3.14 dist=0.00 cmd=(0.00,-0.38)
[policy] goal=pickup at StorageR pos=(6.00,-4.00) yaw=2.54 dist=0.00 cmd=(0.00,-2.10)
[policy] goal=pickup at StorageR pos=(6.00,-4.00) yaw=1.89 dist=0.00 cmd=(0.00,-1.57)
[policy] goal=pickup at StorageR pos=(6.00,-4.00) yaw=1.95 dist=0.00 cmd=(0.00,0.12)
[policy] goal=pickup at StorageR pos=(6.00,-4.00) yaw=1.96 dist=0.00 cmd=(0.00,0.01)
[policy] goal=pickup at StorageR pos=(6.00,-4.00) yaw=1.96 dist=0.00 cmd=(0.00,0.00)
[policy] goal=pickup at StorageR pos=(6.00,-4.00) yaw=1.96 dist=0.00 cmd=(0.00,0.00)
[policy] goal=pickup at StorageR pos=(6.00,-4.00) yaw=1.96 dist=0.00 cmd=(0.00,0.00)
[policy] goal=pickup at StorageR pos=(6.00,-4.00) yaw=1.96 dist=0.00 cmd=(0.00,0.00)
[policy] goal=pickup at StorageR pos=(6.00,-4.00) yaw=1.96 dist=0.00 cmd=(0.00,0.00)
[policy] goal=pickup at StorageR pos=(6.00,-4.00) yaw=1.96 dist=0.00 cmd=(0.00,0.00)
[policy] goal=pickup at StorageR pos=(6.00,-4.00) yaw=1.96 dist=0.00 cmd=(0.00,0.00)
[policy] goal=pickup at StorageR pos=(6.00,-4.00) yaw=1.96 dist=0.00 cmd=(0.00,0.00)
