$ ['python3', '/opt/aic_web/warehouse_visual.py']

Starting visual warehouse Gazebo simulation
World contains a room, storage racks, dispatch areas, and a mobile warehouse robot
Gazebo camera starts above the robot/work area. Open noVNC to watch it.
(2026-05-09 16:38:56.051) [info] [Gui.cc:332] Gazebo Sim GUI    v9.5.0
(2026-05-09 16:38:56.207) [info] [gz.cc:170] Received world [/opt/aic_web/warehouse_visual.sdf] from the GUI.
(2026-05-09 16:38:56.219) [info] [gz.cc:337] Gazebo Sim Server v9.5.0
QStandardPaths: XDG_RUNTIME_DIR not set, defaulting to '/tmp/runtime-root'
(2026-05-09 16:38:56.441) [info] [ServerPrivate.cc:664] Loading SDF world file[/opt/aic_web/warehouse_visual.sdf].
(2026-05-09 16:38:57.465) [error] [SignalHandler.cc:178] [GUI] 4 Interrupted system call
(2026-05-09 16:38:58.077) [info] [SystemManager.cc:54] Serving entity system service on [/entity/system/add]
(2026-05-09 16:38:58.240) [info] [UserCommands.cc:752] Create service on [/world/warehouse_mobile/create_multiple] (async)
(2026-05-09 16:38:58.241) [info] [UserCommands.cc:754] Create service on [/world/warehouse_mobile/create_multiple/blocking] (blocking)
(2026-05-09 16:38:58.242) [info] [UserCommands.cc:752] Remove service on [/world/warehouse_mobile/remove] (async)
(2026-05-09 16:38:58.242) [info] [UserCommands.cc:754] Remove service on [/world/warehouse_mobile/remove/blocking] (blocking)
(2026-05-09 16:38:58.243) [info] [UserCommands.cc:752] Pose service on [/world/warehouse_mobile/set_pose] (async)
(2026-05-09 16:38:58.243) [info] [UserCommands.cc:754] Pose service on [/world/warehouse_mobile/set_pose/blocking] (blocking)
(2026-05-09 16:38:58.243) [info] [UserCommands.cc:752] Pose service on [/world/warehouse_mobile/set_pose_vector] (async)
(2026-05-09 16:38:58.243) [info] [UserCommands.cc:754] Pose service on [/world/warehouse_mobile/set_pose_vector/blocking] (blocking)
(2026-05-09 16:38:58.243) [info] [UserCommands.cc:752] Light configuration service on [/world/warehouse_mobile/light_config] (async)
(2026-05-09 16:38:58.243) [info] [UserCommands.cc:754] Light configuration service on [/world/warehouse_mobile/light_config/blocking] (blocking)
(2026-05-09 16:38:58.245) [info] [UserCommands.cc:752] Physics service on [/world/warehouse_mobile/set_physics] (async)
(2026-05-09 16:38:58.245) [info] [UserCommands.cc:754] Physics service on [/world/warehouse_mobile/set_physics/blocking] (blocking)
(2026-05-09 16:38:58.245) [info] [UserCommands.cc:752] SphericalCoordinates service on [/world/warehouse_mobile/set_spherical_coordinates] (async)
(2026-05-09 16:38:58.245) [info] [UserCommands.cc:754] SphericalCoordinates service on [/world/warehouse_mobile/set_spherical_coordinates/blocking] (blocking)
(2026-05-09 16:38:58.245) [info] [UserCommands.cc:752] Enable collision service on [/world/warehouse_mobile/enable_collision] (async)
(2026-05-09 16:38:58.245) [info] [UserCommands.cc:754] Enable collision service on [/world/warehouse_mobile/enable_collision/blocking] (blocking)
(2026-05-09 16:38:58.245) [info] [UserCommands.cc:752] Disable collision service on [/world/warehouse_mobile/disable_collision] (async)
(2026-05-09 16:38:58.245) [info] [UserCommands.cc:754] Disable collision service on [/world/warehouse_mobile/disable_collision/blocking] (blocking)
(2026-05-09 16:38:58.246) [info] [UserCommands.cc:752] Material service on [/world/warehouse_mobile/visual_config] (async)
(2026-05-09 16:38:58.246) [info] [UserCommands.cc:754] Material service on [/world/warehouse_mobile/visual_config/blocking] (blocking)
(2026-05-09 16:38:58.246) [info] [UserCommands.cc:752] Material service on [/world/warehouse_mobile/wheel_slip] (async)
(2026-05-09 16:38:58.246) [info] [UserCommands.cc:754] Material service on [/world/warehouse_mobile/wheel_slip/blocking] (blocking)
(2026-05-09 16:38:58.254) [info] [LevelManager.cc:646] Loaded level [default]
(2026-05-09 16:38:58.261) [info] [SimulationRunner.cc:275] Serving world controls on [/world/warehouse_mobile/control], [/world/warehouse_mobile/control/state] and [/world/warehouse_mobile/playback/control]
(2026-05-09 16:38:58.261) [warning] [Conversions.cc:735] <gui><camera> can't be converted yet
(2026-05-09 16:38:58.261) [info] [SimulationRunner.cc:301] Serving GUI information on [/world/warehouse_mobile/gui/info]
(2026-05-09 16:38:58.261) [info] [SimulationRunner.cc:304] World [warehouse_mobile] initialized with [1ms] physics profile.
(2026-05-09 16:38:58.262) [info] [SimulationRunner.cc:311] Serving world SDF generation service on [/world/warehouse_mobile/generate_world_sdf]
(2026-05-09 16:38:58.265) [info] [ServerPrivate.cc:344] Serving world names on [/gazebo/worlds]
(2026-05-09 16:38:58.265) [info] [ServerPrivate.cc:357] Resource path add service on [/gazebo/resource_paths/add].
(2026-05-09 16:38:58.266) [info] [ServerPrivate.cc:370] Resource path get service on [/gazebo/resource_paths/get].
(2026-05-09 16:38:58.267) [info] [ServerPrivate.cc:385] Resource path resolve service on [/gazebo/resource_paths/resolve].
(2026-05-09 16:38:58.269) [info] [ServerPrivate.cc:399] Resource paths published on [/gazebo/resource_paths].
(2026-05-09 16:38:58.270) [info] [ServerPrivate.cc:412] Server control service on [/server_control].
(2026-05-09 16:38:58.271) [warning] [SimulationRunner.cc:756] Found additional publishers on /stats, using namespaced stats topic only
(2026-05-09 16:38:58.271) [warning] [SimulationRunner.cc:790] Found additional publishers on /clock, using namespaced clock topic only
(2026-05-09 16:38:58.391) [info] [SceneBroadcaster.cc:634] Serving scene information on [/world/warehouse_mobile/scene/info]
(2026-05-09 16:38:58.391) [info] [SceneBroadcaster.cc:643] Serving graph information on [/world/warehouse_mobile/scene/graph]
(2026-05-09 16:38:58.391) [info] [SceneBroadcaster.cc:654] Serving full state on [/world/warehouse_mobile/state]
(2026-05-09 16:38:58.391) [info] [SceneBroadcaster.cc:663] Serving full state (async) on [/world/warehouse_mobile/state_async]
(2026-05-09 16:38:58.395) [info] [SceneBroadcaster.cc:671] Publishing scene information on [/world/warehouse_mobile/scene/info]
(2026-05-09 16:38:58.396) [info] [SceneBroadcaster.cc:680] Publishing entity deletions on [/world/warehouse_mobile/scene/deletion]
(2026-05-09 16:38:58.396) [info] [SceneBroadcaster.cc:689] Publishing state changes on [/world/warehouse_mobile/state]
(2026-05-09 16:38:58.396) [info] [SceneBroadcaster.cc:700] Publishing pose messages on [/world/warehouse_mobile/pose/info]
(2026-05-09 16:38:58.397) [info] [SceneBroadcaster.cc:711] Publishing dynamic pose messages on [/world/warehouse_mobile/dynamic_pose/info]
(2026-05-09 16:38:58.428) [info] [Application.cc:766] [GUI] Added plugin [3D View] to main window
(2026-05-09 16:38:58.428) [info] [Application.cc:652] [GUI] Loaded plugin [MinimalScene] from path [/ws_aic/install/lib/gz-gui-9/plugins/libMinimalScene.so]
(2026-05-09 16:38:58.434) [info] [EntityContextMenu.cc:134] [GUI] Currently tracking topic on [/gui/currently_tracked]
(2026-05-09 16:38:58.598) [info] [Application.cc:766] [GUI] Added plugin [Entity Context Menu] to main window
(2026-05-09 16:38:58.598) [info] [Application.cc:652] [GUI] Loaded plugin [EntityContextMenuPlugin] from path [/ws_aic/install/lib/gz-sim-9/plugins/gui/libEntityContextMenuPlugin.so]
(2026-05-09 16:38:58.675) [info] [Application.cc:766] [GUI] Added plugin [Scene Manager] to main window
(2026-05-09 16:38:58.675) [info] [Application.cc:652] [GUI] Loaded plugin [GzSceneManager] from path [/ws_aic/install/lib/gz-sim-9/plugins/gui/libGzSceneManager.so]
(2026-05-09 16:38:58.680) [info] [InteractiveViewControl.cc:409] [GUI] Camera view controller topic advertised on [/gui/camera/view_control]
(2026-05-09 16:38:58.680) [info] [InteractiveViewControl.cc:417] [GUI] Camera reference visual topic advertised on [/gui/camera/view_control/reference_visual]
(2026-05-09 16:38:58.681) [info] [InteractiveViewControl.cc:427] [GUI] Camera view control sensitivity advertised on [/gui/camera/view_control/sensitivity]
(2026-05-09 16:38:58.705) [info] [Application.cc:766] [GUI] Added plugin [Interactive view control] to main window
(2026-05-09 16:38:58.705) [info] [Application.cc:652] [GUI] Loaded plugin [InteractiveViewControl] from path [/ws_aic/install/lib/gz-gui-9/plugins/libInteractiveViewControl.so]
(2026-05-09 16:38:58.735) [info] [Application.cc:766] [GUI] Added plugin [Camera tracking] to main window
(2026-05-09 16:38:58.735) [info] [Application.cc:652] [GUI] Loaded plugin [CameraTracking] from path [/ws_aic/install/lib/gz-gui-9/plugins/libCameraTracking.so]
(2026-05-09 16:38:58.740) [info] [MarkerManager.cc:752] [GUI] Listening to stats on [/world/aic_world/stats]
(2026-05-09 16:38:58.757) [info] [Application.cc:766] [GUI] Added plugin [Marker Manager] to main window
(2026-05-09 16:38:58.758) [info] [Application.cc:652] [GUI] Loaded plugin [MarkerManager] from path [/ws_aic/install/lib/gz-gui-9/plugins/libMarkerManager.so]
(2026-05-09 16:38:58.778) [info] [Application.cc:766] [GUI] Added plugin [Select entities] to main window
(2026-05-09 16:38:58.779) [info] [Application.cc:652] [GUI] Loaded plugin [SelectEntities] from path [/ws_aic/install/lib/gz-sim-9/plugins/gui/libSelectEntities.so]
(2026-05-09 16:38:58.855) [info] [Application.cc:766] [GUI] Added plugin [Spawn] to main window
(2026-05-09 16:38:58.855) [info] [Application.cc:652] [GUI] Loaded plugin [Spawn] from path [/ws_aic/install/lib/gz-sim-9/plugins/gui/libSpawn.so]
(2026-05-09 16:38:58.871) [info] [VisualizationCapabilities.cc:2850] [GUI] View as transparent service on [/gui/view/transparent]
(2026-05-09 16:38:58.872) [info] [VisualizationCapabilities.cc:2857] [GUI] View as wireframes service on [/gui/view/wireframes]
(2026-05-09 16:38:58.872) [info] [VisualizationCapabilities.cc:2864] [GUI] View center of mass service on [/gui/view/com]
(2026-05-09 16:38:58.872) [info] [VisualizationCapabilities.cc:2871] [GUI] View inertia service on [/gui/view/inertia]
(2026-05-09 16:38:58.872) [info] [VisualizationCapabilities.cc:2879] [GUI] View collisions service on [/gui/view/collisions]
(2026-05-09 16:38:58.872) [info] [VisualizationCapabilities.cc:2887] [GUI] View joints service on [/gui/view/joints]
(2026-05-09 16:38:58.872) [info] [VisualizationCapabilities.cc:2894] [GUI] View frames service on [/gui/view/frames]
(2026-05-09 16:38:58.931) [info] [Application.cc:766] [GUI] Added plugin [Visualization capabilities] to main window
(2026-05-09 16:38:58.931) [info] [Application.cc:652] [GUI] Loaded plugin [VisualizationCapabilities] from path [/ws_aic/install/lib/gz-sim-9/plugins/gui/libVisualizationCapabilities.so]
(2026-05-09 16:38:58.961) [info] [WorldControl.cc:152] [GUI] Using world control service [/world/aic_world/control]
(2026-05-09 16:38:58.969) [info] [WorldControl.cc:225] [GUI] Listening to stats on [/world/aic_world/stats]
(2026-05-09 16:38:59.006) [info] [Application.cc:766] [GUI] Added plugin [World control] to main window
(2026-05-09 16:38:59.010) [info] [Application.cc:652] [GUI] Loaded plugin [WorldControl] from path [/ws_aic/install/lib/gz-gui-9/plugins/libWorldControl.so]
(2026-05-09 16:38:59.019) [info] [WorldStats.cc:156] [GUI] Listening to stats on [/world/aic_world/stats]
(2026-05-09 16:38:59.061) [info] [Application.cc:766] [GUI] Added plugin [World stats] to main window
(2026-05-09 16:38:59.061) [info] [Application.cc:652] [GUI] Loaded plugin [WorldStats] from path [/ws_aic/install/lib/gz-gui-9/plugins/libWorldStats.so]
(2026-05-09 16:38:59.170) [info] [Application.cc:766] [GUI] Added plugin [Shapes] to main window
(2026-05-09 16:38:59.177) [info] [Application.cc:652] [GUI] Loaded plugin [Shapes] from path [/ws_aic/install/lib/gz-sim-9/plugins/gui/libShapes.so]
(2026-05-09 16:38:59.230) [info] [Application.cc:766] [GUI] Added plugin [Lights] to main window
(2026-05-09 16:38:59.235) [info] [Application.cc:652] [GUI] Loaded plugin [Lights] from path [/ws_aic/install/lib/gz-sim-9/plugins/gui/libLights.so]
(2026-05-09 16:38:59.430) [info] [Application.cc:766] [GUI] Added plugin [Transform control] to main window
(2026-05-09 16:38:59.430) [info] [Application.cc:652] [GUI] Loaded plugin [TransformControl] from path [/ws_aic/install/lib/gz-sim-9/plugins/gui/libTransformControl.so]
(2026-05-09 16:38:59.475) [info] [Screenshot.cc:97] [GUI] Screenshot service on [/gui/screenshot]
(2026-05-09 16:38:59.546) [info] [Application.cc:766] [GUI] Added plugin [Screenshot] to main window
(2026-05-09 16:38:59.551) [info] [Application.cc:652] [GUI] Loaded plugin [Screenshot] from path [/ws_aic/install/lib/gz-gui-9/plugins/libScreenshot.so]
(2026-05-09 16:38:59.667) [info] [Application.cc:766] [GUI] Added plugin [Copy/Paste] to main window
(2026-05-09 16:38:59.667) [info] [Application.cc:652] [GUI] Loaded plugin [CopyPaste] from path [/ws_aic/install/lib/gz-sim-9/plugins/gui/libCopyPaste.so]
(2026-05-09 16:38:59.945) [info] [Application.cc:766] [GUI] Added plugin [Component inspector] to main window
(2026-05-09 16:38:59.945) [info] [Application.cc:652] [GUI] Loaded plugin [ComponentInspector] from path [/ws_aic/install/lib/gz-sim-9/plugins/gui/libComponentInspector.so]
(2026-05-09 16:38:59.979) [info] [EntityContextMenu.cc:134] [GUI] Currently tracking topic on [/gui/currently_tracked]
(2026-05-09 16:39:00.028) [info] [Application.cc:766] [GUI] Added plugin [Entity tree] to main window
(2026-05-09 16:39:00.028) [info] [Application.cc:652] [GUI] Loaded plugin [EntityTree] from path [/ws_aic/install/lib/gz-sim-9/plugins/gui/libEntityTree.so]
(2026-05-09 16:39:00.051) [info] [Application.cc:766] [GUI] Added plugin [Global Illumination (VCT)] to main window
(2026-05-09 16:39:00.051) [info] [Application.cc:652] [GUI] Loaded plugin [GlobalIlluminationVct] from path [/ws_aic/install/lib/gz-sim-9/plugins/gui/libGlobalIlluminationVct.so]
(2026-05-09 16:39:00.070) [warning] [Application.cc:933] [GUI] [QT] file::/ViewAngle/ViewAngle.qml:251:5: Unable to assign int to QColor
(2026-05-09 16:39:00.070) [warning] [Application.cc:933] [GUI] [QT] file::/ViewAngle/ViewAngle.qml:279:5: Unable to assign int to QColor
(2026-05-09 16:39:00.070) [warning] [Application.cc:933] [GUI] [QT] file::/ViewAngle/ViewAngle.qml:333:5: Unable to assign int to QColor
(2026-05-09 16:39:00.072) [info] [ViewAngle.cc:170] [GUI] Move to model service on [/gui/move_to/model]
(2026-05-09 16:39:00.094) [info] [Application.cc:766] [GUI] Added plugin [View Angle] to main window
(2026-05-09 16:39:00.095) [info] [Application.cc:652] [GUI] Loaded plugin [ViewAngle] from path [/ws_aic/install/lib/gz-sim-9/plugins/gui/libViewAngle.so]
(2026-05-09 16:39:00.121) [info] [Application.cc:766] [GUI] Added plugin [Apply force and torque] to main window
(2026-05-09 16:39:00.121) [info] [Application.cc:652] [GUI] Loaded plugin [ApplyForceTorque] from path [/ws_aic/install/lib/gz-sim-9/plugins/gui/libApplyForceTorque.so]
(2026-05-09 16:39:00.137) [info] [Application.cc:766] [GUI] Added plugin [Visualize contacts] to main window
(2026-05-09 16:39:00.138) [info] [Application.cc:652] [GUI] Loaded plugin [VisualizeContacts] from path [/ws_aic/install/lib/gz-sim-9/plugins/gui/libVisualizeContacts.so]
(2026-05-09 16:39:00.169) [error] [SignalHandler.cc:178] [GUI] 4 Interrupted system call
(2026-05-09 16:39:00.669) [error] [SignalHandler.cc:178] [GUI] 4 Interrupted system call
(2026-05-09 16:39:00.807) [info] [RenderEngineManager.cc:514] [GUI] Loading plugin [gz-rendering-ogre2]
(2026-05-09 16:39:01.365) [warning] [Ogre2RenderTarget.cc:668] [GUI] Anti-aliasing level of '' is not supported; valid FSAA levels are: [ 0 ]. Setting to 1
(2026-05-09 16:39:01.757) [info] [CameraTracking.cc:224] [GUI] Move to service on [/gui/move_to]
(2026-05-09 16:39:01.757) [info] [CameraTracking.cc:231] [GUI] Follow service on [/gui/follow] (deprecated)
(2026-05-09 16:39:01.758) [info] [CameraTracking.cc:238] [GUI] Tracking topic on [/gui/track]
(2026-05-09 16:39:01.759) [info] [CameraTracking.cc:245] [GUI] Tracking status topic on [/gui/currently_tracked]
(2026-05-09 16:39:01.761) [info] [CameraTracking.cc:253] [GUI] Move to pose service on [/gui/move_to/pose]
(2026-05-09 16:39:01.762) [info] [CameraTracking.cc:260] [GUI] Camera pose topic advertised on [/gui/camera/pose]
(2026-05-09 16:39:01.762) [info] [CameraTracking.cc:267] [GUI] Follow offset service on [/gui/follow/offset] (deprecated)
(2026-05-09 16:39:02.369) [error] [SignalHandler.cc:178] [GUI] 4 Interrupted system call
(2026-05-09 16:39:02.669) [error] [SignalHandler.cc:178] [GUI] 4 Interrupted system call
(2026-05-09 16:39:03.472) [error] [SignalHandler.cc:178] [GUI] 4 Interrupted system call
(2026-05-09 16:39:04.669) [error] [SignalHandler.cc:178] [GUI] 4 Interrupted system call
(2026-05-09 16:39:05.169) [error] [SignalHandler.cc:178] [GUI] 4 Interrupted system call
(2026-05-09 16:39:05.272) [error] [SignalHandler.cc:178] [GUI] 4 Interrupted system call
(2026-05-09 16:39:05.469) [error] [SignalHandler.cc:178] [GUI] 4 Interrupted system call
(2026-05-09 16:39:05.569) [error] [SignalHandler.cc:178] [GUI] 4 Interrupted system call
(2026-05-09 16:39:05.969) [error] [SignalHandler.cc:178] [GUI] 4 Interrupted system call
(2026-05-09 16:39:06.171) [error] [SignalHandler.cc:178] [GUI] 4 Interrupted system call
(2026-05-09 16:39:06.370) [error] [SignalHandler.cc:178] [GUI] 4 Interrupted system call
(2026-05-09 16:39:06.969) [error] [SignalHandler.cc:178] [GUI] 4 Interrupted system call
(2026-05-09 16:39:07.268) [error] [SignalHandler.cc:178] [GUI] 4 Interrupted system call
(2026-05-09 16:39:07.469) [error] [SignalHandler.cc:178] [GUI] 4 Interrupted system call
(2026-05-09 16:39:07.870) [error] [SignalHandler.cc:178] [GUI] 4 Interrupted system call
(2026-05-09 16:39:07.969) [error] [SignalHandler.cc:178] [GUI] 4 Interrupted system call
(2026-05-09 16:39:08.170) [error] [SignalHandler.cc:178] [GUI] 4 Interrupted system call
Route lap 1: executing warehouse pickup and dispatch path
  leaving dispatch area
(2026-05-09 16:39:08.469) [error] [SignalHandler.cc:178] [GUI] 4 Interrupted system call
(2026-05-09 16:39:09.268) [error] [SignalHandler.cc:178] [GUI] 4 Interrupted system call
(2026-05-09 16:39:09.470) [error] [SignalHandler.cc:178] [GUI] 4 Interrupted system call
(2026-05-09 16:39:09.569) [error] [SignalHandler.cc:178] [GUI] 4 Interrupted system call
(2026-05-09 16:39:09.769) [error] [SignalHandler.cc:178] [GUI] 4 Interrupted system call
(2026-05-09 16:39:10.469) [error] [SignalHandler.cc:178] [GUI] 4 Interrupted system call
(2026-05-09 16:39:10.669) [error] [SignalHandler.cc:178] [GUI] 4 Interrupted system call
(2026-05-09 16:39:10.969) [error] [SignalHandler.cc:178] [GUI] 4 Interrupted system call
(2026-05-09 16:39:11.369) [error] [SignalHandler.cc:178] [GUI] 4 Interrupted system call
(2026-05-09 16:39:11.670) [error] [SignalHandler.cc:178] [GUI] 4 Interrupted system call
(2026-05-09 16:39:12.070) [error] [SignalHandler.cc:178] [GUI] 4 Interrupted system call
(2026-05-09 16:39:12.169) [error] [SignalHandler.cc:178] [GUI] 4 Interrupted system call
(2026-05-09 16:39:12.369) [error] [SignalHandler.cc:178] [GUI] 4 Interrupted system call
(2026-05-09 16:39:12.469) [error] [SignalHandler.cc:178] [GUI] 4 Interrupted system call
(2026-05-09 16:39:12.669) [error] [SignalHandler.cc:178] [GUI] 4 Interrupted system call
(2026-05-09 16:39:12.970) [error] [SignalHandler.cc:178] [GUI] 4 Interrupted system call
(2026-05-09 16:39:13.069) [error] [SignalHandler.cc:178] [GUI] 4 Interrupted system call
(2026-05-09 16:39:13.169) [error] [SignalHandler.cc:178] [GUI] 4 Interrupted system call
(2026-05-09 16:39:13.367) [error] [SignalHandler.cc:178] [GUI] 4 Interrupted system call
(2026-05-09 16:39:13.567) [error] [SignalHandler.cc:178] [GUI] 4 Interrupted system call
(2026-05-09 16:39:13.667) [error] [SignalHandler.cc:178] [GUI] 4 Interrupted system call
(2026-05-09 16:39:13.770) [error] [SignalHandler.cc:178] [GUI] 4 Interrupted system call
(2026-05-09 16:39:14.368) [error] [SignalHandler.cc:178] [GUI] 4 Interrupted system call
(2026-05-09 16:39:14.567) [error] [SignalHandler.cc:178] [GUI] 4 Interrupted system call
(2026-05-09 16:39:14.667) [error] [SignalHandler.cc:178] [GUI] 4 Interrupted system call
(2026-05-09 16:39:14.868) [error] [SignalHandler.cc:178] [GUI] 4 Interrupted system call
(2026-05-09 16:39:16.069) [error] [SignalHandler.cc:178] [GUI] 4 Interrupted system call
(2026-05-09 16:39:16.767) [error] [SignalHandler.cc:178] [GUI] 4 Interrupted system call
(2026-05-09 16:39:17.067) [error] [SignalHandler.cc:178] [GUI] 4 Interrupted system call
(2026-05-09 16:39:17.167) [error] [SignalHandler.cc:178] [GUI] 4 Interrupted system call
(2026-05-09 16:39:17.467) [error] [SignalHandler.cc:178] [GUI] 4 Interrupted system call
(2026-05-09 16:39:17.667) [error] [SignalHandler.cc:178] [GUI] 4 Interrupted system call
(2026-05-09 16:39:17.967) [error] [SignalHandler.cc:178] [GUI] 4 Interrupted system call
(2026-05-09 16:39:18.068) [error] [SignalHandler.cc:178] [GUI] 4 Interrupted system call
(2026-05-09 16:39:18.267) [error] [SignalHandler.cc:178] [GUI] 4 Interrupted system call
(2026-05-09 16:39:18.468) [error] [SignalHandler.cc:178] [GUI] 4 Interrupted system call
(2026-05-09 16:39:18.567) [error] [SignalHandler.cc:178] [GUI] 4 Interrupted system call
(2026-05-09 16:39:18.767) [error] [SignalHandler.cc:178] [GUI] 4 Interrupted system call
(2026-05-09 16:39:19.967) [error] [SignalHandler.cc:178] [GUI] 4 Interrupted system call
(2026-05-09 16:39:20.467) [error] [SignalHandler.cc:178] [GUI] 4 Interrupted system call
(2026-05-09 16:39:20.668) [error] [SignalHandler.cc:178] [GUI] 4 Interrupted system call
(2026-05-09 16:39:20.768) [error] [SignalHandler.cc:178] [GUI] 4 Interrupted system call
(2026-05-09 16:39:21.167) [error] [SignalHandler.cc:178] [GUI] 4 Interrupted system call
(2026-05-09 16:39:21.268) [error] [SignalHandler.cc:178] [GUI] 4 Interrupted system call
(2026-05-09 16:39:21.467) [error] [SignalHandler.cc:178] [GUI] 4 Interrupted system call
(2026-05-09 16:39:21.667) [error] [SignalHandler.cc:178] [GUI] 4 Interrupted system call
(2026-05-09 16:39:22.467) [error] [SignalHandler.cc:178] [GUI] 4 Interrupted system call
(2026-05-09 16:39:22.568) [error] [SignalHandler.cc:178] [GUI] 4 Interrupted system call
(2026-05-09 16:39:23.367) [error] [SignalHandler.cc:178] [GUI] 4 Interrupted system call
(2026-05-09 16:39:23.667) [error] [SignalHandler.cc:178] [GUI] 4 Interrupted system call
(2026-05-09 16:39:23.867) [error] [SignalHandler.cc:178] [GUI] 4 Interrupted system call
(2026-05-09 16:39:23.967) [error] [SignalHandler.cc:178] [GUI] 4 Interrupted system call
(2026-05-09 16:39:24.267) [error] [SignalHandler.cc:178] [GUI] 4 Interrupted system call
(2026-05-09 16:39:24.369) [error] [SignalHandler.cc:178] [GUI] 4 Interrupted system call
(2026-05-09 16:39:24.567) [error] [SignalHandler.cc:178] [GUI] 4 Interrupted system call
(2026-05-09 16:39:24.667) [error] [SignalHandler.cc:178] [GUI] 4 Interrupted system call
(2026-05-09 16:39:24.767) [error] [SignalHandler.cc:178] [GUI] 4 Interrupted system call
(2026-05-09 16:39:24.867) [error] [SignalHandler.cc:178] [GUI] 4 Interrupted system call
(2026-05-09 16:39:25.467) [error] [SignalHandler.cc:178] [GUI] 4 Interrupted system call
(2026-05-09 16:39:25.567) [error] [SignalHandler.cc:178] [GUI] 4 Interrupted system call
(2026-05-09 16:39:26.567) [error] [SignalHandler.cc:178] [GUI] 4 Interrupted system call
(2026-05-09 16:39:26.767) [error] [SignalHandler.cc:178] [GUI] 4 Interrupted system call
(2026-05-09 16:39:26.868) [error] [SignalHandler.cc:178] [GUI] 4 Interrupted system call
(2026-05-09 16:39:27.267) [error] [SignalHandler.cc:178] [GUI] 4 Interrupted system call
(2026-05-09 16:39:27.567) [error] [SignalHandler.cc:178] [GUI] 4 Interrupted system call
(2026-05-09 16:39:27.667) [error] [SignalHandler.cc:178] [GUI] 4 Interrupted system call
(2026-05-09 16:39:27.967) [error] [SignalHandler.cc:178] [GUI] 4 Interrupted system call
(2026-05-09 16:39:28.568) [error] [SignalHandler.cc:178] [GUI] 4 Interrupted system call
(2026-05-09 16:39:28.667) [error] [SignalHandler.cc:178] [GUI] 4 Interrupted system call
  driving through lower aisle
(2026-05-09 16:39:29.267) [error] [SignalHandler.cc:178] [GUI] 4 Interrupted system call
(2026-05-09 16:39:29.567) [error] [SignalHandler.cc:178] [GUI] 4 Interrupted system call
(2026-05-09 16:39:30.267) [error] [SignalHandler.cc:178] [GUI] 4 Interrupted system call
(2026-05-09 16:39:30.468) [error] [SignalHandler.cc:178] [GUI] 4 Interrupted system call
(2026-05-09 16:39:30.567) [error] [SignalHandler.cc:178] [GUI] 4 Interrupted system call
(2026-05-09 16:39:30.667) [error] [SignalHandler.cc:178] [GUI] 4 Interrupted system call
(2026-05-09 16:39:30.768) [error] [SignalHandler.cc:178] [GUI] 4 Interrupted system call
(2026-05-09 16:39:30.868) [error] [SignalHandler.cc:178] [GUI] 4 Interrupted system call
(2026-05-09 16:39:30.967) [error] [SignalHandler.cc:178] [GUI] 4 Interrupted system call
(2026-05-09 16:39:31.068) [error] [SignalHandler.cc:178] [GUI] 4 Interrupted system call
(2026-05-09 16:39:31.268) [error] [SignalHandler.cc:178] [GUI] 4 Interrupted system call
(2026-05-09 16:39:31.567) [error] [SignalHandler.cc:178] [GUI] 4 Interrupted system call
(2026-05-09 16:39:32.467) [error] [SignalHandler.cc:178] [GUI] 4 Interrupted system call
(2026-05-09 16:39:32.768) [error] [SignalHandler.cc:178] [GUI] 4 Interrupted system call
(2026-05-09 16:39:32.867) [error] [SignalHandler.cc:178] [GUI] 4 Interrupted system call
(2026-05-09 16:39:33.067) [error] [SignalHandler.cc:178] [GUI] 4 Interrupted system call
(2026-05-09 16:39:33.667) [error] [SignalHandler.cc:178] [GUI] 4 Interrupted system call
(2026-05-09 16:39:33.967) [error] [SignalHandler.cc:178] [GUI] 4 Interrupted system call
(2026-05-09 16:39:34.267) [error] [SignalHandler.cc:178] [GUI] 4 Interrupted system call
(2026-05-09 16:39:34.368) [error] [SignalHandler.cc:178] [GUI] 4 Interrupted system call
(2026-05-09 16:39:34.568) [error] [SignalHandler.cc:178] [GUI] 4 Interrupted system call
(2026-05-09 16:39:34.668) [error] [SignalHandler.cc:178] [GUI] 4 Interrupted system call
(2026-05-09 16:39:34.867) [error] [SignalHandler.cc:178] [GUI] 4 Interrupted system call
(2026-05-09 16:39:35.667) [error] [SignalHandler.cc:178] [GUI] 4 Interrupted system call
(2026-05-09 16:39:35.867) [error] [SignalHandler.cc:178] [GUI] 4 Interrupted system call
(2026-05-09 16:39:36.167) [error] [SignalHandler.cc:178] [GUI] 4 Interrupted system call
(2026-05-09 16:39:36.468) [error] [SignalHandler.cc:178] [GUI] 4 Interrupted system call
(2026-05-09 16:39:37.167) [error] [SignalHandler.cc:178] [GUI] 4 Interrupted system call
(2026-05-09 16:39:37.367) [error] [SignalHandler.cc:178] [GUI] 4 Interrupted system call
(2026-05-09 16:39:37.467) [error] [SignalHandler.cc:178] [GUI] 4 Interrupted system call
(2026-05-09 16:39:37.767) [error] [SignalHandler.cc:178] [GUI] 4 Interrupted system call
(2026-05-09 16:39:38.067) [error] [SignalHandler.cc:178] [GUI] 4 Interrupted system call
(2026-05-09 16:39:38.467) [error] [SignalHandler.cc:178] [GUI] 4 Interrupted system call
(2026-05-09 16:39:38.667) [error] [SignalHandler.cc:178] [GUI] 4 Interrupted system call
(2026-05-09 16:39:38.767) [error] [SignalHandler.cc:178] [GUI] 4 Interrupted system call
(2026-05-09 16:39:38.868) [error] [SignalHandler.cc:178] [GUI] 4 Interrupted system call
(2026-05-09 16:39:39.267) [error] [SignalHandler.cc:178] [GUI] 4 Interrupted system call
(2026-05-09 16:39:39.667) [error] [SignalHandler.cc:178] [GUI] 4 Interrupted system call
(2026-05-09 16:39:40.067) [error] [SignalHandler.cc:178] [GUI] 4 Interrupted system call
(2026-05-09 16:39:40.168) [error] [SignalHandler.cc:178] [GUI] 4 Interrupted system call
(2026-05-09 16:39:40.267) [error] [SignalHandler.cc:178] [GUI] 4 Interrupted system call
(2026-05-09 16:39:40.367) [error] [SignalHandler.cc:178] [GUI] 4 Interrupted system call
(2026-05-09 16:39:40.567) [error] [SignalHandler.cc:178] [GUI] 4 Interrupted system call
(2026-05-09 16:39:40.667) [error] [SignalHandler.cc:178] [GUI] 4 Interrupted system call
(2026-05-09 16:39:40.768) [error] [SignalHandler.cc:178] [GUI] 4 Interrupted system call
(2026-05-09 16:39:40.868) [error] [SignalHandler.cc:178] [GUI] 4 Interrupted system call
(2026-05-09 16:39:41.169) [error] [SignalHandler.cc:178] [GUI] 4 Interrupted system call
(2026-05-09 16:39:41.767) [error] [SignalHandler.cc:178] [GUI] 4 Interrupted system call
(2026-05-09 16:39:42.268) [error] [SignalHandler.cc:178] [GUI] 4 Interrupted system call
(2026-05-09 16:39:42.866) [error] [SignalHandler.cc:178] [GUI] 4 Interrupted system call
(2026-05-09 16:39:43.069) [error] [SignalHandler.cc:178] [GUI] 4 Interrupted system call
(2026-05-09 16:39:43.469) [error] [SignalHandler.cc:178] [GUI] 4 Interrupted system call
(2026-05-09 16:39:43.569) [error] [SignalHandler.cc:178] [GUI] 4 Interrupted system call
(2026-05-09 16:39:44.170) [error] [SignalHandler.cc:178] [GUI] 4 Interrupted system call
(2026-05-09 16:39:44.469) [error] [SignalHandler.cc:178] [GUI] 4 Interrupted system call
(2026-05-09 16:39:44.769) [error] [SignalHandler.cc:178] [GUI] 4 Interrupted system call
(2026-05-09 16:39:44.869) [error] [SignalHandler.cc:178] [GUI] 4 Interrupted system call
(2026-05-09 16:39:45.170) [error] [SignalHandler.cc:178] [GUI] 4 Interrupted system call
(2026-05-09 16:39:45.269) [error] [SignalHandler.cc:178] [GUI] 4 Interrupted system call
(2026-05-09 16:39:45.669) [error] [SignalHandler.cc:178] [GUI] 4 Interrupted system call
(2026-05-09 16:39:46.070) [error] [SignalHandler.cc:178] [GUI] 4 Interrupted system call
(2026-05-09 16:39:46.570) [error] [SignalHandler.cc:178] [GUI] 4 Interrupted system call
(2026-05-09 16:39:46.669) [error] [SignalHandler.cc:178] [GUI] 4 Interrupted system call
(2026-05-09 16:39:46.870) [error] [SignalHandler.cc:178] [GUI] 4 Interrupted system call
(2026-05-09 16:39:47.070) [error] [SignalHandler.cc:178] [GUI] 4 Interrupted system call
(2026-05-09 16:39:47.169) [error] [SignalHandler.cc:178] [GUI] 4 Interrupted system call
(2026-05-09 16:39:47.569) [error] [SignalHandler.cc:178] [GUI] 4 Interrupted system call
(2026-05-09 16:39:47.869) [error] [SignalHandler.cc:178] [GUI] 4 Interrupted system call
(2026-05-09 16:39:47.969) [error] [SignalHandler.cc:178] [GUI] 4 Interrupted system call
(2026-05-09 16:39:48.069) [error] [SignalHandler.cc:178] [GUI] 4 Interrupted system call
(2026-05-09 16:39:48.469) [error] [SignalHandler.cc:178] [GUI] 4 Interrupted system call
(2026-05-09 16:39:48.669) [error] [SignalHandler.cc:178] [GUI] 4 Interrupted system call
(2026-05-09 16:39:48.769) [error] [SignalHandler.cc:178] [GUI] 4 Interrupted system call
(2026-05-09 16:39:48.969) [error] [SignalHandler.cc:178] [GUI] 4 Interrupted system call
(2026-05-09 16:39:49.269) [error] [SignalHandler.cc:178] [GUI] 4 Interrupted system call
(2026-05-09 16:39:49.369) [error] [SignalHandler.cc:178] [GUI] 4 Interrupted system call
  approaching StorageR front
(2026-05-09 16:39:51.469) [error] [SignalHandler.cc:178] [GUI] 4 Interrupted system call
(2026-05-09 16:39:51.870) [error] [SignalHandler.cc:178] [GUI] 4 Interrupted system call
(2026-05-09 16:39:52.070) [error] [SignalHandler.cc:178] [GUI] 4 Interrupted system call
(2026-05-09 16:39:52.370) [error] [SignalHandler.cc:178] [GUI] 4 Interrupted system call
(2026-05-09 16:39:52.469) [error] [SignalHandler.cc:178] [GUI] 4 Interrupted system call
(2026-05-09 16:39:52.669) [error] [SignalHandler.cc:178] [GUI] 4 Interrupted system call
(2026-05-09 16:39:53.068) [error] [SignalHandler.cc:178] [GUI] 4 Interrupted system call
(2026-05-09 16:39:53.369) [error] [SignalHandler.cc:178] [GUI] 4 Interrupted system call
(2026-05-09 16:39:53.569) [error] [SignalHandler.cc:178] [GUI] 4 Interrupted system call
(2026-05-09 16:39:54.169) [error] [SignalHandler.cc:178] [GUI] 4 Interrupted system call
(2026-05-09 16:39:54.271) [error] [SignalHandler.cc:178] [GUI] 4 Interrupted system call
(2026-05-09 16:39:54.368) [error] [SignalHandler.cc:178] [GUI] 4 Interrupted system call
(2026-05-09 16:39:54.869) [error] [SignalHandler.cc:178] [GUI] 4 Interrupted system call
(2026-05-09 16:39:55.171) [error] [SignalHandler.cc:178] [GUI] 4 Interrupted system call
(2026-05-09 16:39:55.569) [error] [SignalHandler.cc:178] [GUI] 4 Interrupted system call
(2026-05-09 16:39:55.669) [error] [SignalHandler.cc:178] [GUI] 4 Interrupted system call
(2026-05-09 16:39:55.769) [error] [SignalHandler.cc:178] [GUI] 4 Interrupted system call
(2026-05-09 16:39:55.869) [error] [SignalHandler.cc:178] [GUI] 4 Interrupted system call
(2026-05-09 16:39:56.269) [error] [SignalHandler.cc:178] [GUI] 4 Interrupted system call
(2026-05-09 16:39:56.469) [error] [SignalHandler.cc:178] [GUI] 4 Interrupted system call
(2026-05-09 16:39:56.969) [error] [SignalHandler.cc:178] [GUI] 4 Interrupted system call
(2026-05-09 16:39:58.069) [error] [SignalHandler.cc:178] [GUI] 4 Interrupted system call
(2026-05-09 16:39:58.169) [error] [SignalHandler.cc:178] [GUI] 4 Interrupted system call
(2026-05-09 16:39:58.269) [error] [SignalHandler.cc:178] [GUI] 4 Interrupted system call
(2026-05-09 16:39:58.569) [error] [SignalHandler.cc:178] [GUI] 4 Interrupted system call
(2026-05-09 16:39:58.869) [error] [SignalHandler.cc:178] [GUI] 4 Interrupted system call
(2026-05-09 16:39:59.770) [error] [SignalHandler.cc:178] [GUI] 4 Interrupted system call
(2026-05-09 16:40:00.271) [error] [SignalHandler.cc:178] [GUI] 4 Interrupted system call
(2026-05-09 16:40:00.369) [error] [SignalHandler.cc:178] [GUI] 4 Interrupted system call
(2026-05-09 16:40:00.469) [error] [SignalHandler.cc:178] [GUI] 4 Interrupted system call
(2026-05-09 16:40:01.469) [error] [SignalHandler.cc:178] [GUI] 4 Interrupted system call
(2026-05-09 16:40:01.569) [error] [SignalHandler.cc:178] [GUI] 4 Interrupted system call
(2026-05-09 16:40:01.869) [error] [SignalHandler.cc:178] [GUI] 4 Interrupted system call
(2026-05-09 16:40:01.969) [error] [SignalHandler.cc:178] [GUI] 4 Interrupted system call
(2026-05-09 16:40:02.469) [error] [SignalHandler.cc:178] [GUI] 4 Interrupted system call
(2026-05-09 16:40:02.569) [error] [SignalHandler.cc:178] [GUI] 4 Interrupted system call
(2026-05-09 16:40:02.769) [error] [SignalHandler.cc:178] [GUI] 4 Interrupted system call
(2026-05-09 16:40:02.869) [error] [SignalHandler.cc:178] [GUI] 4 Interrupted system call
(2026-05-09 16:40:03.369) [error] [SignalHandler.cc:178] [GUI] 4 Interrupted system call
(2026-05-09 16:40:03.570) [error] [SignalHandler.cc:178] [GUI] 4 Interrupted system call
(2026-05-09 16:40:03.869) [error] [SignalHandler.cc:178] [GUI] 4 Interrupted system call
(2026-05-09 16:40:03.969) [error] [SignalHandler.cc:178] [GUI] 4 Interrupted system call
(2026-05-09 16:40:04.869) [error] [SignalHandler.cc:178] [GUI] 4 Interrupted system call
(2026-05-09 16:40:05.370) [error] [SignalHandler.cc:178] [GUI] 4 Interrupted system call
(2026-05-09 16:40:05.469) [error] [SignalHandler.cc:178] [GUI] 4 Interrupted system call
(2026-05-09 16:40:05.869) [error] [SignalHandler.cc:178] [GUI] 4 Interrupted system call
(2026-05-09 16:40:06.469) [error] [SignalHandler.cc:178] [GUI] 4 Interrupted system call
(2026-05-09 16:40:07.269) [error] [SignalHandler.cc:178] [GUI] 4 Interrupted system call
(2026-05-09 16:40:07.670) [error] [SignalHandler.cc:178] [GUI] 4 Interrupted system call
(2026-05-09 16:40:08.569) [error] [SignalHandler.cc:178] [GUI] 4 Interrupted system call
(2026-05-09 16:40:08.669) [error] [SignalHandler.cc:178] [GUI] 4 Interrupted system call
(2026-05-09 16:40:09.469) [error] [SignalHandler.cc:178] [GUI] 4 Interrupted system call
(2026-05-09 16:40:09.869) [error] [SignalHandler.cc:178] [GUI] 4 Interrupted system call
  pickup ProductR
(2026-05-09 16:40:10.669) [error] [SignalHandler.cc:178] [GUI] 4 Interrupted system call
(2026-05-09 16:40:10.969) [error] [SignalHandler.cc:178] [GUI] 4 Interrupted system call
(2026-05-09 16:40:11.069) [error] [SignalHandler.cc:178] [GUI] 4 Interrupted system call
(2026-05-09 16:40:11.969) [error] [SignalHandler.cc:178] [GUI] 4 Interrupted system call
(2026-05-09 16:40:12.169) [error] [SignalHandler.cc:178] [GUI] 4 Interrupted system call
(2026-05-09 16:40:12.969) [error] [SignalHandler.cc:178] [GUI] 4 Interrupted system call
(2026-05-09 16:40:13.070) [error] [SignalHandler.cc:178] [GUI] 4 Interrupted system call
(2026-05-09 16:40:13.269) [error] [SignalHandler.cc:178] [GUI] 4 Interrupted system call
(2026-05-09 16:40:13.369) [error] [SignalHandler.cc:178] [GUI] 4 Interrupted system call
(2026-05-09 16:40:13.569) [error] [SignalHandler.cc:178] [GUI] 4 Interrupted system call
(2026-05-09 16:40:14.169) [error] [SignalHandler.cc:178] [GUI] 4 Interrupted system call
(2026-05-09 16:40:14.270) [error] [SignalHandler.cc:178] [GUI] 4 Interrupted system call
(2026-05-09 16:40:14.970) [error] [SignalHandler.cc:178] [GUI] 4 Interrupted system call
(2026-05-09 16:40:15.269) [error] [SignalHandler.cc:178] [GUI] 4 Interrupted system call
(2026-05-09 16:40:15.369) [error] [SignalHandler.cc:178] [GUI] 4 Interrupted system call
(2026-05-09 16:40:15.869) [error] [SignalHandler.cc:178] [GUI] 4 Interrupted system call
(2026-05-09 16:40:15.969) [error] [SignalHandler.cc:178] [GUI] 4 Interrupted system call
(2026-05-09 16:40:16.169) [error] [SignalHandler.cc:178] [GUI] 4 Interrupted system call
(2026-05-09 16:40:16.969) [error] [SignalHandler.cc:178] [GUI] 4 Interrupted system call
(2026-05-09 16:40:17.069) [error] [SignalHandler.cc:178] [GUI] 4 Interrupted system call
(2026-05-09 16:40:17.371) [error] [SignalHandler.cc:178] [GUI] 4 Interrupted system call
(2026-05-09 16:40:17.969) [error] [SignalHandler.cc:178] [GUI] 4 Interrupted system call
(2026-05-09 16:40:18.069) [error] [SignalHandler.cc:178] [GUI] 4 Interrupted system call
(2026-05-09 16:40:18.269) [error] [SignalHandler.cc:178] [GUI] 4 Interrupted system call
(2026-05-09 16:40:18.769) [error] [SignalHandler.cc:178] [GUI] 4 Interrupted system call
(2026-05-09 16:40:18.869) [error] [SignalHandler.cc:178] [GUI] 4 Interrupted system call
(2026-05-09 16:40:19.070) [error] [SignalHandler.cc:178] [GUI] 4 Interrupted system call
(2026-05-09 16:40:19.869) [error] [SignalHandler.cc:178] [GUI] 4 Interrupted system call
(2026-05-09 16:40:20.169) [error] [SignalHandler.cc:178] [GUI] 4 Interrupted system call
(2026-05-09 16:40:20.269) [error] [SignalHandler.cc:178] [GUI] 4 Interrupted system call
(2026-05-09 16:40:20.672) [error] [SignalHandler.cc:178] [GUI] 4 Interrupted system call
(2026-05-09 16:40:20.769) [error] [SignalHandler.cc:178] [GUI] 4 Interrupted system call
(2026-05-09 16:40:21.169) [error] [SignalHandler.cc:178] [GUI] 4 Interrupted system call
(2026-05-09 16:40:21.470) [error] [SignalHandler.cc:178] [GUI] 4 Interrupted system call
(2026-05-09 16:40:21.570) [error] [SignalHandler.cc:178] [GUI] 4 Interrupted system call
(2026-05-09 16:40:21.769) [error] [SignalHandler.cc:178] [GUI] 4 Interrupted system call
(2026-05-09 16:40:21.871) [error] [SignalHandler.cc:178] [GUI] 4 Interrupted system call
(2026-05-09 16:40:22.469) [error] [SignalHandler.cc:178] [GUI] 4 Interrupted system call
(2026-05-09 16:40:22.870) [error] [SignalHandler.cc:178] [GUI] 4 Interrupted system call
(2026-05-09 16:40:23.170) [error] [SignalHandler.cc:178] [GUI] 4 Interrupted system call
(2026-05-09 16:40:23.269) [error] [SignalHandler.cc:178] [GUI] 4 Interrupted system call
(2026-05-09 16:40:23.469) [error] [SignalHandler.cc:178] [GUI] 4 Interrupted system call
(2026-05-09 16:40:24.069) [error] [SignalHandler.cc:178] [GUI] 4 Interrupted system call
(2026-05-09 16:40:24.771) [error] [SignalHandler.cc:178] [GUI] 4 Interrupted system call
(2026-05-09 16:40:25.269) [error] [SignalHandler.cc:178] [GUI] 4 Interrupted system call
(2026-05-09 16:40:25.569) [error] [SignalHandler.cc:178] [GUI] 4 Interrupted system call
(2026-05-09 16:40:25.969) [error] [SignalHandler.cc:178] [GUI] 4 Interrupted system call
(2026-05-09 16:40:26.069) [error] [SignalHandler.cc:178] [GUI] 4 Interrupted system call
(2026-05-09 16:40:26.169) [error] [SignalHandler.cc:178] [GUI] 4 Interrupted system call
(2026-05-09 16:40:26.369) [error] [SignalHandler.cc:178] [GUI] 4 Interrupted system call
(2026-05-09 16:40:26.469) [error] [SignalHandler.cc:178] [GUI] 4 Interrupted system call
(2026-05-09 16:40:26.569) [error] [SignalHandler.cc:178] [GUI] 4 Interrupted system call
(2026-05-09 16:40:26.669) [error] [SignalHandler.cc:178] [GUI] 4 Interrupted system call
(2026-05-09 16:40:26.969) [error] [SignalHandler.cc:178] [GUI] 4 Interrupted system call
(2026-05-09 16:40:27.269) [error] [SignalHandler.cc:178] [GUI] 4 Interrupted system call
(2026-05-09 16:40:27.369) [error] [SignalHandler.cc:178] [GUI] 4 Interrupted system call
(2026-05-09 16:40:27.469) [error] [SignalHandler.cc:178] [GUI] 4 Interrupted system call
(2026-05-09 16:40:27.970) [error] [SignalHandler.cc:178] [GUI] 4 Interrupted system call
(2026-05-09 16:40:28.269) [error] [SignalHandler.cc:178] [GUI] 4 Interrupted system call
(2026-05-09 16:40:28.369) [error] [SignalHandler.cc:178] [GUI] 4 Interrupted system call
(2026-05-09 16:40:28.469) [error] [SignalHandler.cc:178] [GUI] 4 Interrupted system call
(2026-05-09 16:40:28.769) [error] [SignalHandler.cc:178] [GUI] 4 Interrupted system call
(2026-05-09 16:40:28.869) [error] [SignalHandler.cc:178] [GUI] 4 Interrupted system call
(2026-05-09 16:40:29.269) [error] [SignalHandler.cc:178] [GUI] 4 Interrupted system call
(2026-05-09 16:40:29.469) [error] [SignalHandler.cc:178] [GUI] 4 Interrupted system call
(2026-05-09 16:40:29.669) [error] [SignalHandler.cc:178] [GUI] 4 Interrupted system call
(2026-05-09 16:40:29.869) [error] [SignalHandler.cc:178] [GUI] 4 Interrupted system call
(2026-05-09 16:40:30.270) [error] [SignalHandler.cc:178] [GUI] 4 Interrupted system call
(2026-05-09 16:40:30.769) [error] [SignalHandler.cc:178] [GUI] 4 Interrupted system call
(2026-05-09 16:40:32.070) [error] [SignalHandler.cc:178] [GUI] 4 Interrupted system call
pick_up product=ProductR storage=StorageR slot=(6.55, -4.2, 1.02)
  crossing central aisle
(2026-05-09 16:40:32.269) [error] [SignalHandler.cc:178] [GUI] 4 Interrupted system call
(2026-05-09 16:40:32.569) [error] [SignalHandler.cc:178] [GUI] 4 Interrupted system call
(2026-05-09 16:40:32.669) [error] [SignalHandler.cc:178] [GUI] 4 Interrupted system call
(2026-05-09 16:40:33.370) [error] [SignalHandler.cc:178] [GUI] 4 Interrupted system call
(2026-05-09 16:40:33.669) [error] [SignalHandler.cc:178] [GUI] 4 Interrupted system call
(2026-05-09 16:40:33.769) [error] [SignalHandler.cc:178] [GUI] 4 Interrupted system call
(2026-05-09 16:40:33.869) [error] [SignalHandler.cc:178] [GUI] 4 Interrupted system call
(2026-05-09 16:40:34.070) [error] [SignalHandler.cc:178] [GUI] 4 Interrupted system call
(2026-05-09 16:40:34.369) [error] [SignalHandler.cc:178] [GUI] 4 Interrupted system call
(2026-05-09 16:40:34.569) [error] [SignalHandler.cc:178] [GUI] 4 Interrupted system call
(2026-05-09 16:40:34.769) [error] [SignalHandler.cc:178] [GUI] 4 Interrupted system call
(2026-05-09 16:40:35.369) [error] [SignalHandler.cc:178] [GUI] 4 Interrupted system call
(2026-05-09 16:40:35.571) [error] [SignalHandler.cc:178] [GUI] 4 Interrupted system call
(2026-05-09 16:40:36.769) [error] [SignalHandler.cc:178] [GUI] 4 Interrupted system call
(2026-05-09 16:40:36.869) [error] [SignalHandler.cc:178] [GUI] 4 Interrupted system call
(2026-05-09 16:40:37.769) [error] [SignalHandler.cc:178] [GUI] 4 Interrupted system call
(2026-05-09 16:40:37.869) [error] [SignalHandler.cc:178] [GUI] 4 Interrupted system call
(2026-05-09 16:40:37.969) [error] [SignalHandler.cc:178] [GUI] 4 Interrupted system call
(2026-05-09 16:40:38.569) [error] [SignalHandler.cc:178] [GUI] 4 Interrupted system call
(2026-05-09 16:40:38.869) [error] [SignalHandler.cc:178] [GUI] 4 Interrupted system call

[web] stop requested: new warehouse_visual run started
Stopping visual warehouse simulation
