$ ['/entrypoint.sh', 'gazebo_gui:=true', 'launch_rviz:=true', 'ground_truth:=false', 'start_aic_engine:=false', 'shutdown_on_aic_engine_exit:=false', 'model_discovery_timeout_seconds:=600']

ZENOH_CONFIG_OVERRIDE_ROUTER=mode="router";listen/endpoints=["tcp/[::]:7447"];connect/endpoints=[];routing/router/peers_failover_brokering=true;transport/shared_memory/enabled=false
ZENOH_CONFIG_OVERRIDE_PEER=;transport/shared_memory/enabled=false
[2m2026-05-09T14:38:50.418022Z[0m [32m INFO[0m ThreadId(02) [2mzenoh::net::runtime[0m[2m:[0m Using ZID: 8da736e10040fc8ffb56d5ef8c4653ff
[2m2026-05-09T14:38:50.423898Z[0m [33m WARN[0m ThreadId(02) [2mzenoh::net::routing::interceptor::authorization[0m[2m:[0m Rule 'deny_rule' flows list is not set. Setting it to both Ingress and Egress
[2m2026-05-09T14:38:50.463038Z[0m [32m INFO[0m ThreadId(02) [2mzenoh::net::runtime::orchestrator[0m[2m:[0m Zenoh can be reached at: tcp/172.18.0.2:7447
[INFO] [launch]: All log files can be found below /root/.ros/log/2026-05-09-14-38-50-487488-079cf643d863-45
[INFO] [launch]: Default logging verbosity is set to INFO
Started Zenoh router with id 8da736e10040fc8ffb56d5ef8c4653ff
[2m2026-05-09T14:38:51.376608Z[0m [32m INFO[0m acc-0 ThreadId(04) [2mzenoh::net::routing::interceptor::access_control[0m[2m:[0m b183167e03129fe6d9dadf5832f15fe6 did not match any configured ACL subject. Default permission `Allow` will be applied on all messages
[INFO] [robot_state_publisher-1]: process started with pid [121]
[INFO] [aic_adapter-2]: process started with pid [123]
[INFO] [component_container-3]: process started with pid [125]
[INFO] [gz-4]: process started with pid [127]
[INFO] [create-5]: process started with pid [129]
[2m2026-05-09T14:38:52.177792Z[0m [32m INFO[0m acc-0 ThreadId(04) [2mzenoh::net::routing::interceptor::access_control[0m[2m:[0m 47ec2e606f046db6926abe7a287d726e did not match any configured ACL subject. Default permission `Allow` will be applied on all messages
[2m2026-05-09T14:38:52.187340Z[0m [32m INFO[0m acc-0 ThreadId(04) [2mzenoh::net::routing::interceptor::access_control[0m[2m:[0m 80965dfb328b61b6182e561606ae07b9 did not match any configured ACL subject. Default permission `Allow` will be applied on all messages
[2m2026-05-09T14:38:52.195917Z[0m [32m INFO[0m acc-0 ThreadId(04) [2mzenoh::net::routing::interceptor::access_control[0m[2m:[0m 4b803a9f9c3911d7985c81e7f9cc18fa did not match any configured ACL subject. Default permission `Allow` will be applied on all messages
[2m2026-05-09T14:38:52.268763Z[0m [32m INFO[0m acc-0 ThreadId(04) [2mzenoh::net::routing::interceptor::access_control[0m[2m:[0m 7b58a29468e40f562739f00dc1fe3 did not match any configured ACL subject. Default permission `Allow` will be applied on all messages
[component_container-3] [INFO] [1778337532.382896886] [ros_gz_container]: Load Library: /ws_aic/install/lib/libros_gz_bridge.so
[aic_adapter-2] [INFO] [1778337532.462018595] [aic_adapter_node]: Adapter node initialization complete.
[robot_state_publisher-1] [INFO] [1778337532.483250136] [robot_state_publisher]: Robot initialized
[create-5] [INFO] [1778337532.515108512] [ros_gz_sim]: Requesting list of world names.
[component_container-3] [INFO] [1778337532.560961512] [ros_gz_container]: Found class: rclcpp_components::NodeFactoryTemplate<ros_gz_bridge::RosGzBridge>
[component_container-3] [INFO] [1778337532.561211428] [ros_gz_container]: Instantiate class: rclcpp_components::NodeFactoryTemplate<ros_gz_bridge::RosGzBridge>
[INFO] [launch_ros.actions.load_composable_nodes]: Loaded node '/ros_gz_bridge' in container 'ros_gz_container'
[component_container-3] [INFO] [1778337532.616521553] [ros_gz_container]: Load Library: /ws_aic/install/lib/libgzserver_component.so
[component_container-3] [INFO] [1778337532.724988720] [ros_gz_container]: Found class: rclcpp_components::NodeFactoryTemplate<ros_gz_sim::GzServer>
[component_container-3] [INFO] [1778337532.725055762] [ros_gz_container]: Instantiate class: rclcpp_components::NodeFactoryTemplate<ros_gz_sim::GzServer>
[INFO] [launch_ros.actions.load_composable_nodes]: Loaded node '/gz_server' in container '/ros_gz_container'
[component_container-3] (2026-05-09 14:38:52.849) [info] [ServerPrivate.cc:664] Loading SDF world file[/ws_aic/install/share/aic_description/world/aic.sdf].
[gz-4] QStandardPaths: XDG_RUNTIME_DIR not set, defaulting to '/tmp/runtime-root'
[component_container-3] [INFO] [1778337533.642139720] [ros_gz_bridge]: Creating GZ->ROS Bridge: [/clock (gz.msgs.Clock) -> /clock (rosgraph_msgs/msg/Clock)] (Lazy 0)
[component_container-3] [INFO] [1778337533.650873012] [ros_gz_bridge]: Creating GZ->ROS Bridge: [/left_camera/image (gz.msgs.Image) -> /left_camera/image (sensor_msgs/msg/Image)] (Lazy 1)
[component_container-3] [INFO] [1778337533.656247637] [ros_gz_bridge]: Creating GZ->ROS Bridge: [/center_camera/image (gz.msgs.Image) -> /center_camera/image (sensor_msgs/msg/Image)] (Lazy 1)
[component_container-3] [INFO] [1778337533.656823179] [ros_gz_bridge]: Creating GZ->ROS Bridge: [/right_camera/image (gz.msgs.Image) -> /right_camera/image (sensor_msgs/msg/Image)] (Lazy 1)
[component_container-3] [INFO] [1778337533.657290804] [ros_gz_bridge]: Creating GZ->ROS Bridge: [/left_camera/camera_info (gz.msgs.CameraInfo) -> /left_camera/camera_info (sensor_msgs/msg/CameraInfo)] (Lazy 1)
[component_container-3] [INFO] [1778337533.658587387] [ros_gz_bridge]: Creating GZ->ROS Bridge: [/center_camera/camera_info (gz.msgs.CameraInfo) -> /center_camera/camera_info (sensor_msgs/msg/CameraInfo)] (Lazy 1)
[component_container-3] [INFO] [1778337533.658805720] [ros_gz_bridge]: Creating GZ->ROS Bridge: [/right_camera/camera_info (gz.msgs.CameraInfo) -> /right_camera/camera_info (sensor_msgs/msg/CameraInfo)] (Lazy 1)
[component_container-3] [INFO] [1778337533.658922012] [ros_gz_bridge]: Creating GZ->ROS Bridge: [/aic/gazebo/contacts/off_limit (gz.msgs.Contacts) -> /aic/gazebo/contacts/off_limit (ros_gz_interfaces/msg/Contacts)] (Lazy 1)
[component_container-3] [INFO] [1778337533.664417345] [ros_gz_bridge]: Creating GZ->ROS Bridge: [/cable_0/pose (gz.msgs.Pose_V) -> /scoring/tf (tf2_msgs/msg/TFMessage)] (Lazy 1)
[component_container-3] [INFO] [1778337533.667668970] [ros_gz_bridge]: Creating GZ->ROS Bridge: [/cable_1/pose (gz.msgs.Pose_V) -> /scoring/tf (tf2_msgs/msg/TFMessage)] (Lazy 1)
[component_container-3] [INFO] [1778337533.670490637] [ros_gz_bridge]: Creating GZ->ROS Bridge: [/cable_2/pose (gz.msgs.Pose_V) -> /scoring/tf (tf2_msgs/msg/TFMessage)] (Lazy 1)
[component_container-3] [INFO] [1778337533.671112887] [ros_gz_bridge]: Creating GZ->ROS Bridge: [/cable_3/pose (gz.msgs.Pose_V) -> /scoring/tf (tf2_msgs/msg/TFMessage)] (Lazy 1)
[component_container-3] [INFO] [1778337533.671321387] [ros_gz_bridge]: Creating GZ->ROS Bridge: [/cable_4/pose (gz.msgs.Pose_V) -> /scoring/tf (tf2_msgs/msg/TFMessage)] (Lazy 1)
[component_container-3] [INFO] [1778337533.671426220] [ros_gz_bridge]: Creating GZ->ROS Bridge: [/task_board/pose_static (gz.msgs.Pose_V) -> /scoring/tf (tf2_msgs/msg/TFMessage)] (Lazy 1)
[component_container-3] [INFO] [1778337533.671494179] [ros_gz_bridge]: Creating GZ->ROS Bridge: [/cable_0/insertion_event (gz.msgs.StringMsg) -> /scoring/insertion_event (std_msgs/msg/String)] (Lazy 1)
[component_container-3] [INFO] [1778337533.674879262] [ros_gz_bridge]: Creating GZ->ROS Bridge: [/cable_1/insertion_event (gz.msgs.StringMsg) -> /scoring/insertion_event (std_msgs/msg/String)] (Lazy 1)
[gz-4] (2026-05-09 14:38:54.015) [error] [SignalHandler.cc:178] [GUI] 4 Interrupted system call
[component_container-3] (2026-05-09 14:38:54.620) [info] [SystemManager.cc:54] Serving entity system service on [/entity/system/add]
[component_container-3] (2026-05-09 14:38:54.684) [info] [UserCommands.cc:752] Create service on [/world/aic_world/create_multiple] (async)
[component_container-3] (2026-05-09 14:38:54.684) [info] [UserCommands.cc:754] Create service on [/world/aic_world/create_multiple/blocking] (blocking)
[component_container-3] (2026-05-09 14:38:54.684) [info] [UserCommands.cc:752] Remove service on [/world/aic_world/remove] (async)
[component_container-3] (2026-05-09 14:38:54.684) [info] [UserCommands.cc:754] Remove service on [/world/aic_world/remove/blocking] (blocking)
[component_container-3] (2026-05-09 14:38:54.684) [info] [UserCommands.cc:752] Pose service on [/world/aic_world/set_pose] (async)
[component_container-3] (2026-05-09 14:38:54.684) [info] [UserCommands.cc:754] Pose service on [/world/aic_world/set_pose/blocking] (blocking)
[component_container-3] (2026-05-09 14:38:54.685) [info] [UserCommands.cc:752] Pose service on [/world/aic_world/set_pose_vector] (async)
[component_container-3] (2026-05-09 14:38:54.685) [info] [UserCommands.cc:754] Pose service on [/world/aic_world/set_pose_vector/blocking] (blocking)
[component_container-3] (2026-05-09 14:38:54.686) [info] [UserCommands.cc:752] Light configuration service on [/world/aic_world/light_config] (async)
[component_container-3] (2026-05-09 14:38:54.686) [info] [UserCommands.cc:754] Light configuration service on [/world/aic_world/light_config/blocking] (blocking)
[component_container-3] (2026-05-09 14:38:54.688) [info] [UserCommands.cc:752] Physics service on [/world/aic_world/set_physics] (async)
[component_container-3] (2026-05-09 14:38:54.688) [info] [UserCommands.cc:754] Physics service on [/world/aic_world/set_physics/blocking] (blocking)
[component_container-3] (2026-05-09 14:38:54.688) [info] [UserCommands.cc:752] SphericalCoordinates service on [/world/aic_world/set_spherical_coordinates] (async)
[component_container-3] (2026-05-09 14:38:54.688) [info] [UserCommands.cc:754] SphericalCoordinates service on [/world/aic_world/set_spherical_coordinates/blocking] (blocking)
[component_container-3] (2026-05-09 14:38:54.688) [info] [UserCommands.cc:752] Enable collision service on [/world/aic_world/enable_collision] (async)
[component_container-3] (2026-05-09 14:38:54.688) [info] [UserCommands.cc:754] Enable collision service on [/world/aic_world/enable_collision/blocking] (blocking)
[component_container-3] (2026-05-09 14:38:54.689) [info] [UserCommands.cc:752] Disable collision service on [/world/aic_world/disable_collision] (async)
[component_container-3] (2026-05-09 14:38:54.689) [info] [UserCommands.cc:754] Disable collision service on [/world/aic_world/disable_collision/blocking] (blocking)
[component_container-3] (2026-05-09 14:38:54.689) [info] [UserCommands.cc:752] Material service on [/world/aic_world/visual_config] (async)
[component_container-3] (2026-05-09 14:38:54.689) [info] [UserCommands.cc:754] Material service on [/world/aic_world/visual_config/blocking] (blocking)
[component_container-3] (2026-05-09 14:38:54.689) [info] [UserCommands.cc:752] Material service on [/world/aic_world/wheel_slip] (async)
[component_container-3] (2026-05-09 14:38:54.689) [info] [UserCommands.cc:754] Material service on [/world/aic_world/wheel_slip/blocking] (blocking)
[component_container-3] (2026-05-09 14:38:54.690) [debug] [SystemManager.cc:80] Loaded system [gz::sim::systems::UserCommands] for entity [1]
[component_container-3] (2026-05-09 14:38:54.805) [debug] [Physics.cc:967] Loaded [gz::physics::bullet_featherstone::Plugin] from library [/ws_aic/install/lib/gz-physics-8/engine-plugins/libgz-physics-bullet-featherstone-plugin.so]
[component_container-3] (2026-05-09 14:38:54.805) [debug] [SystemManager.cc:80] Loaded system [gz::sim::systems::Physics] for entity [1]
[component_container-3] (2026-05-09 14:38:54.835) [debug] [Sensors.cc:697] Configuring Sensors system
[component_container-3] (2026-05-09 14:38:54.838) [debug] [Sensors.cc:557] SensorsPrivate::Run
[component_container-3] (2026-05-09 14:38:54.838) [debug] [SystemManager.cc:80] Loaded system [gz::sim::systems::Sensors] for entity [1]
[component_container-3] (2026-05-09 14:38:54.838) [debug] [Sensors.cc:532] SensorsPrivate::RenderThread started
[component_container-3] (2026-05-09 14:38:54.838) [debug] [Sensors.cc:337] Waiting for init
[component_container-3] (2026-05-09 14:38:54.845) [debug] [ScoringPlugin.cc:45] aic_gazebo::ScoringPlugin::Configure on entity: 1
[component_container-3] (2026-05-09 14:38:54.848) [debug] [SystemManager.cc:80] Loaded system [aic_gazebo::ScoringPlugin] for entity [1]
[component_container-3] (2026-05-09 14:38:54.853) [debug] [WorldSdfGeneratorPlugin.cc:47] aic_gazebo::WorldSdfGeneratorPlugin::Configure
[component_container-3] (2026-05-09 14:38:54.854) [debug] [SystemManager.cc:80] Loaded system [aic_gazebo::WorldSdfGeneratorPlugin] for entity [1]
[component_container-3] (2026-05-09 14:38:54.858) [debug] [SystemManager.cc:80] Loaded system [gz::sim::systems::Contact] for entity [1]
[component_container-3] (2026-05-09 14:38:54.860) [info] [LevelManager.cc:646] Loaded level [default]
[component_container-3] (2026-05-09 14:38:54.862) [info] [ServerConfig.cc:1010] Copied installed config [/ws_aic/install/share/gz/gz-sim9/server.config] to default config [/root/.gz/sim/9/server.config].
[component_container-3] (2026-05-09 14:38:54.863) [debug] [ServerConfig.cc:1025] Loading (3) plugins from file [/root/.gz/sim/9/server.config]
[component_container-3] (2026-05-09 14:38:54.863) [debug] [SimulationRunner.cc:1696] Additional plugins to load:
[component_container-3] (2026-05-09 14:38:54.863) [debug] [SimulationRunner.cc:1699] gz::sim::systems::SceneBroadcaster gz-sim-scene-broadcaster-system
[component_container-3] (2026-05-09 14:38:54.873) [debug] [SystemManager.cc:80] Loaded system [gz::sim::systems::SceneBroadcaster] for entity [1]
[component_container-3] (2026-05-09 14:38:54.877) [info] [SimulationRunner.cc:275] Serving world controls on [/world/aic_world/control], [/world/aic_world/control/state] and [/world/aic_world/playback/control]
[component_container-3] (2026-05-09 14:38:54.878) [info] [SimulationRunner.cc:301] Serving GUI information on [/world/aic_world/gui/info]
[component_container-3] (2026-05-09 14:38:54.878) [info] [SimulationRunner.cc:304] World [aic_world] initialized with [2ms] physics profile.
[component_container-3] (2026-05-09 14:38:54.879) [info] [SimulationRunner.cc:311] Serving world SDF generation service on [/world/aic_world/generate_world_sdf]
[component_container-3] (2026-05-09 14:38:54.880) [info] [ServerPrivate.cc:344] Serving world names on [/gazebo/worlds]
[component_container-3] (2026-05-09 14:38:54.881) [info] [ServerPrivate.cc:357] Resource path add service on [/gazebo/resource_paths/add].
[component_container-3] (2026-05-09 14:38:54.881) [info] [ServerPrivate.cc:370] Resource path get service on [/gazebo/resource_paths/get].
[component_container-3] (2026-05-09 14:38:54.881) [info] [ServerPrivate.cc:385] Resource path resolve service on [/gazebo/resource_paths/resolve].
[component_container-3] (2026-05-09 14:38:54.881) [info] [ServerPrivate.cc:399] Resource paths published on [/gazebo/resource_paths].
[component_container-3] (2026-05-09 14:38:54.881) [info] [ServerPrivate.cc:412] Server control service on [/server_control].
[component_container-3] (2026-05-09 14:38:54.886) [info] [SimulationRunner.cc:769] Found no publishers on /stats, adding root stats topic
[component_container-3] (2026-05-09 14:38:55.091) [info] [SimulationRunner.cc:803] Found no publishers on /clock, adding root clock topic
[component_container-3] (2026-05-09 14:38:55.099) [debug] [SimulationRunner.cc:573] Creating PostUpdate worker threads: 5
[component_container-3] (2026-05-09 14:38:55.099) [debug] [SimulationRunner.cc:584] Creating postupdate worker thread (0)
[component_container-3] (2026-05-09 14:38:55.101) [debug] [SimulationRunner.cc:584] Creating postupdate worker thread (1)
[component_container-3] (2026-05-09 14:38:55.101) [debug] [SimulationRunner.cc:584] Creating postupdate worker thread (2)
[component_container-3] (2026-05-09 14:38:55.101) [debug] [SimulationRunner.cc:584] Creating postupdate worker thread (3)
[create-5] [INFO] [1778337535.108888554] [ros_gz_sim]: Entity creation successful.
[component_container-3] (2026-05-09 14:38:55.121) [debug] [Physics.cc:1171] Attempting to set physics options, but the physics engine doesn't support feature [CollisionPairMaxContacts]. Options will be ignored.
[INFO] [create-5]: process has finished cleanly [pid 129]
[INFO] [spawner-6]: process started with pid [259]
[INFO] [spawner-7]: process started with pid [261]
[component_container-3] (2026-05-09 14:38:55.181) [info] [SceneBroadcaster.cc:634] Serving scene information on [/world/aic_world/scene/info]
[component_container-3] (2026-05-09 14:38:55.181) [info] [SceneBroadcaster.cc:643] Serving graph information on [/world/aic_world/scene/graph]
[component_container-3] (2026-05-09 14:38:55.181) [info] [SceneBroadcaster.cc:654] Serving full state on [/world/aic_world/state]
[component_container-3] (2026-05-09 14:38:55.182) [info] [SceneBroadcaster.cc:663] Serving full state (async) on [/world/aic_world/state_async]
[component_container-3] (2026-05-09 14:38:55.183) [info] [SceneBroadcaster.cc:671] Publishing scene information on [/world/aic_world/scene/info]
[component_container-3] (2026-05-09 14:38:55.183) [info] [SceneBroadcaster.cc:680] Publishing entity deletions on [/world/aic_world/scene/deletion]
[component_container-3] (2026-05-09 14:38:55.183) [info] [SceneBroadcaster.cc:689] Publishing state changes on [/world/aic_world/state]
[component_container-3] (2026-05-09 14:38:55.183) [info] [SceneBroadcaster.cc:700] Publishing pose messages on [/world/aic_world/pose/info]
[component_container-3] (2026-05-09 14:38:55.183) [info] [SceneBroadcaster.cc:711] Publishing dynamic pose messages on [/world/aic_world/dynamic_pose/info]
[component_container-3] [1;33mWarning [Utils.cc:119][0m [/sdf/model[@name="ur"]/link[@name="center_camera/sensor_link"]/sensor[@name="center_camera"]/camera[@name="center_camera"]/optical_frame_id]: SDF Element[optical_frame_id] is deprecated
[component_container-3] [1;33mWarning [Utils.cc:119][0m [/sdf/model[@name="ur"]/link[@name="left_camera/sensor_link"]/sensor[@name="left_camera"]/camera[@name="left_camera"]/optical_frame_id]: SDF Element[optical_frame_id] is deprecated
[component_container-3] [1;33mWarning [Utils.cc:119][0m [/sdf/model[@name="ur"]/link[@name="right_camera/sensor_link"]/sensor[@name="right_camera"]/camera[@name="right_camera"]/optical_frame_id]: SDF Element[optical_frame_id] is deprecated
[component_container-3] [WARN] [1778337535.586184013] [rcl.logging_rosout]: Publisher already registered for node name: 'ros_gz_container'. If this is due to multiple nodes with the same name then all logs for the logger named 'ros_gz_container' will go out over the existing publisher. As soon as any node with that name is destructed it will unregister the publisher, preventing any further logs for that name from being published on the rosout topic.
[component_container-3] [INFO] [1778337535.590974471] [ros_gz_container]: [gz_ros2_control] Fixed joint [tabletop_joint] (Entity=101)] is skipped
[component_container-3] [INFO] [1778337535.591464055] [ros_gz_container]: [gz_ros2_control] Fixed joint [center_camera/attach_sensor_link] (Entity=108)] is skipped
[component_container-3] [INFO] [1778337535.591550930] [ros_gz_container]: [gz_ros2_control] Fixed joint [center_camera/attach_optical] (Entity=109)] is skipped
[component_container-3] [INFO] [1778337535.591663721] [ros_gz_container]: [gz_ros2_control] Fixed joint [ati/attach_joint] (Entity=110)] is skipped
[component_container-3] [INFO] [1778337535.591748930] [ros_gz_container]: [gz_ros2_control] Fixed joint [left_camera/attach_sensor_link] (Entity=114)] is skipped
[component_container-3] [INFO] [1778337535.591763055] [ros_gz_container]: [gz_ros2_control] Fixed joint [left_camera/attach_optical] (Entity=115)] is skipped
[component_container-3] [INFO] [1778337535.591771346] [ros_gz_container]: [gz_ros2_control] Fixed joint [right_camera/attach_sensor_link] (Entity=116)] is skipped
[component_container-3] [INFO] [1778337535.591789471] [ros_gz_container]: [gz_ros2_control] Fixed joint [right_camera/attach_optical] (Entity=117)] is skipped
[component_container-3] [INFO] [1778337535.611195305] [ros_gz_container]: Loading controller_manager
[component_container-3] [INFO] [1778337535.675912221] [controller_manager]: Using ROS clock for triggering controller manager cycles.
[component_container-3] [INFO] [1778337535.703412013] [controller_manager]: Subscribing to '/robot_description' topic for robot description.
[component_container-3] [INFO] [1778337535.721012888] [controller_manager]: Enforcing command limits is enabled...
[component_container-3] [WARN] [1778337535.721524346] [ros_gz_container]: Waiting RM to load and initialize hardware...
[component_container-3] [INFO] [1778337535.725518638] [controller_manager]: Received robot description from topic.
[component_container-3] [INFO] [1778337535.768546388] [ros_gz_container]: Using JointLimiter for joint 'gripper/left_finger_joint' in hardware 'gripper' : '  has position limits: true [0, 0.025]
[component_container-3]   has velocity limits: true [0.05]
[component_container-3]   has acceleration limits: false [nan]
[component_container-3]   has deceleration limits: false [nan]
[component_container-3]   has jerk limits: false [nan]
[component_container-3]   has effort limits: true [20]
[component_container-3]   angle wraparound: false'
[component_container-3] [INFO] [1778337535.768667721] [ros_gz_container]: Creating JointSaturationLimiter for joint 'gripper/left_finger_joint' in hardware 'gripper'
[component_container-3] [INFO] [1778337535.771394680] [ros_gz_container]: Using JointLimiter for joint 'wrist_3_joint' in hardware 'ControlSystem' : '  has position limits: true [-6.28319, 6.28319]
[component_container-3]   has velocity limits: true [3.14159]
[component_container-3]   has acceleration limits: false [nan]
[component_container-3]   has deceleration limits: false [nan]
[component_container-3]   has jerk limits: false [nan]
[component_container-3]   has effort limits: true [28]
[component_container-3]   angle wraparound: false'
[component_container-3] [INFO] [1778337535.771485388] [ros_gz_container]: Creating JointSaturationLimiter for joint 'wrist_3_joint' in hardware 'ControlSystem'
[component_container-3] [INFO] [1778337535.771540596] [ros_gz_container]: Using JointLimiter for joint 'wrist_2_joint' in hardware 'ControlSystem' : '  has position limits: true [-6.28319, 6.28319]
[component_container-3]   has velocity limits: true [3.14159]
[component_container-3]   has acceleration limits: false [nan]
[component_container-3]   has deceleration limits: false [nan]
[component_container-3]   has jerk limits: false [nan]
[component_container-3]   has effort limits: true [28]
[component_container-3]   angle wraparound: false'
[component_container-3] [INFO] [1778337535.771550471] [ros_gz_container]: Creating JointSaturationLimiter for joint 'wrist_2_joint' in hardware 'ControlSystem'
[component_container-3] [INFO] [1778337535.771577971] [ros_gz_container]: Using JointLimiter for joint 'wrist_1_joint' in hardware 'ControlSystem' : '  has position limits: true [-6.28319, 6.28319]
[component_container-3]   has velocity limits: true [3.14159]
[component_container-3]   has acceleration limits: false [nan]
[component_container-3]   has deceleration limits: false [nan]
[component_container-3]   has jerk limits: false [nan]
[component_container-3]   has effort limits: true [28]
[component_container-3]   angle wraparound: false'
[component_container-3] [INFO] [1778337535.771585221] [ros_gz_container]: Creating JointSaturationLimiter for joint 'wrist_1_joint' in hardware 'ControlSystem'
[component_container-3] [INFO] [1778337535.771592721] [ros_gz_container]: Using JointLimiter for joint 'elbow_joint' in hardware 'ControlSystem' : '  has position limits: true [-3.14159, 3.14159]
[component_container-3]   has velocity limits: true [3.14159]
[component_container-3]   has acceleration limits: false [nan]
[component_container-3]   has deceleration limits: false [nan]
[component_container-3]   has jerk limits: false [nan]
[component_container-3]   has effort limits: true [150]
[component_container-3]   angle wraparound: false'
[component_container-3] [INFO] [1778337535.771597263] [ros_gz_container]: Creating JointSaturationLimiter for joint 'elbow_joint' in hardware 'ControlSystem'
[component_container-3] [INFO] [1778337535.771605096] [ros_gz_container]: Using JointLimiter for joint 'shoulder_lift_joint' in hardware 'ControlSystem' : '  has position limits: true [-6.28319, 6.28319]
[component_container-3]   has velocity limits: true [3.14159]
[component_container-3]   has acceleration limits: false [nan]
[component_container-3]   has deceleration limits: false [nan]
[component_container-3]   has jerk limits: false [nan]
[component_container-3]   has effort limits: true [150]
[component_container-3]   angle wraparound: false'
[component_container-3] [INFO] [1778337535.778000388] [ros_gz_container]: Creating JointSaturationLimiter for joint 'shoulder_lift_joint' in hardware 'ControlSystem'
[component_container-3] [INFO] [1778337535.778148805] [ros_gz_container]: Using JointLimiter for joint 'shoulder_pan_joint' in hardware 'ControlSystem' : '  has position limits: true [-6.28319, 6.28319]
[component_container-3]   has velocity limits: true [3.14159]
[component_container-3]   has acceleration limits: false [nan]
[component_container-3]   has deceleration limits: false [nan]
[component_container-3]   has jerk limits: false [nan]
[component_container-3]   has effort limits: true [150]
[component_container-3]   angle wraparound: false'
[component_container-3] [INFO] [1778337535.778207388] [ros_gz_container]: Creating JointSaturationLimiter for joint 'shoulder_pan_joint' in hardware 'ControlSystem'
[component_container-3] [INFO] [1778337535.796853555] [ros_gz_container]: The position_proportional_gain has been set to: 0.1
[component_container-3] [INFO] [1778337535.798472055] [ros_gz_container]: Loading joint: gripper/left_finger_joint
[component_container-3] [INFO] [1778337535.798612971] [ros_gz_container]: 	State:
[component_container-3] [INFO] [1778337535.798734013] [ros_gz_container]: 		 position
[component_container-3] [INFO] [1778337535.799088013] [ros_gz_container]: 			 found initial value: 0.007300
[component_container-3] [INFO] [1778337535.799160513] [ros_gz_container]: 		 velocity
[component_container-3] [INFO] [1778337535.799439388] [ros_gz_container]: 			 found initial value: 0.000000
[component_container-3] [INFO] [1778337535.799518763] [ros_gz_container]: 		 effort
[component_container-3] [INFO] [1778337535.799972763] [ros_gz_container]: 			 found initial value: 0.000000
[component_container-3] [INFO] [1778337535.800401596] [ros_gz_container]: 	Command:
[component_container-3] [INFO] [1778337535.800449971] [ros_gz_container]: 		 position
[component_container-3] [INFO] [1778337535.801896263] [ros_gz_container]: 		 effort
[component_container-3] [INFO] [1778337535.807512388] [ros_gz_container]: Loading sensor: AtiForceTorqueSensor
[component_container-3] [INFO] [1778337535.807648763] [ros_gz_container]: 	State:
[component_container-3] [INFO] [1778337535.812632180] [ros_gz_container]: Initialize hardware 'gripper' 
[component_container-3] [WARN] [1778337535.814474638] [rcl.logging_rosout]: Publisher already registered for node name: 'ros_gz_container'. If this is due to multiple nodes with the same name then all logs for the logger named 'ros_gz_container' will go out over the existing publisher. As soon as any node with that name is destructed it will unregister the publisher, preventing any further logs for that name from being published on the rosout topic.
[component_container-3] [INFO] [1778337535.816099638] [ros_gz_container.hardware_component.system.gripper]: `status_publish_rate` is set to 0.0, hardware status publisher will not be created.
[component_container-3] [INFO] [1778337535.818204221] [ros_gz_container]: Successful initialization of hardware 'gripper'
[component_container-3] [INFO] [1778337535.822283596] [ros_gz_container]: The position_proportional_gain has been set to: 0.1
[component_container-3] [INFO] [1778337535.822401138] [ros_gz_container]: Loading joint: shoulder_pan_joint
[component_container-3] [INFO] [1778337535.822412096] [ros_gz_container]: 	State:
[component_container-3] [INFO] [1778337535.822416555] [ros_gz_container]: 		 position
[component_container-3] [INFO] [1778337535.822437430] [ros_gz_container]: 			 found initial value: -0.159700
[component_container-3] [INFO] [1778337535.822443638] [ros_gz_container]: 		 velocity
[component_container-3] [INFO] [1778337535.822450763] [ros_gz_container]: 			 found initial value: 0.000000
[component_container-3] [INFO] [1778337535.822455971] [ros_gz_container]: 		 effort
[component_container-3] [INFO] [1778337535.822461638] [ros_gz_container]: 			 found initial value: 0.000000
[component_container-3] [INFO] [1778337535.822465555] [ros_gz_container]: 	Command:
[component_container-3] [INFO] [1778337535.822468430] [ros_gz_container]: 		 position
[component_container-3] [INFO] [1778337535.822486846] [ros_gz_container]: 		 velocity
[component_container-3] [INFO] [1778337535.822592055] [ros_gz_container]: 		 effort
[component_container-3] [INFO] [1778337535.822801888] [ros_gz_container]: Loading joint: shoulder_lift_joint
[component_container-3] [INFO] [1778337535.822889263] [ros_gz_container]: 	State:
[component_container-3] [INFO] [1778337535.822920680] [ros_gz_container]: 		 position
[component_container-3] [INFO] [1778337535.822954596] [ros_gz_container]: 			 found initial value: -1.354200
[component_container-3] [INFO] [1778337535.823005930] [ros_gz_container]: 		 velocity
[component_container-3] [INFO] [1778337535.823077305] [ros_gz_container]: 			 found initial value: 0.000000
[component_container-3] [INFO] [1778337535.823093763] [ros_gz_container]: 		 effort
[component_container-3] [INFO] [1778337535.823174971] [ros_gz_container]: 			 found initial value: 0.000000
[component_container-3] [INFO] [1778337535.823206138] [ros_gz_container]: 	Command:
[component_container-3] [INFO] [1778337535.823215930] [ros_gz_container]: 		 position
[component_container-3] [INFO] [1778337535.823294680] [ros_gz_container]: 		 velocity
[component_container-3] [INFO] [1778337535.823403263] [ros_gz_container]: 		 effort
[component_container-3] [INFO] [1778337535.823456763] [ros_gz_container]: Loading joint: elbow_joint
[component_container-3] [INFO] [1778337535.823467180] [ros_gz_container]: 	State:
[component_container-3] [INFO] [1778337535.823474805] [ros_gz_container]: 		 position
[component_container-3] [INFO] [1778337535.823493263] [ros_gz_container]: 			 found initial value: -1.664800
[component_container-3] [INFO] [1778337535.823505721] [ros_gz_container]: 		 velocity
[component_container-3] [INFO] [1778337535.823515138] [ros_gz_container]: 			 found initial value: 0.000000
[component_container-3] [INFO] [1778337535.823523555] [ros_gz_container]: 		 effort
[component_container-3] [INFO] [1778337535.823535013] [ros_gz_container]: 			 found initial value: 0.000000
[component_container-3] [INFO] [1778337535.823543638] [ros_gz_container]: 	Command:
[component_container-3] [INFO] [1778337535.823550596] [ros_gz_container]: 		 position
[component_container-3] [INFO] [1778337535.823618221] [ros_gz_container]: 		 velocity
[component_container-3] [INFO] [1778337535.823652721] [ros_gz_container]: 		 effort
[component_container-3] [INFO] [1778337535.823702138] [ros_gz_container]: Loading joint: wrist_1_joint
[component_container-3] [INFO] [1778337535.823748846] [ros_gz_container]: 	State:
[component_container-3] [INFO] [1778337535.823764263] [ros_gz_container]: 		 position
[component_container-3] [INFO] [1778337535.823779305] [ros_gz_container]: 			 found initial value: -1.693300
[component_container-3] [INFO] [1778337535.823789596] [ros_gz_container]: 		 velocity
[component_container-3] [INFO] [1778337535.823797721] [ros_gz_container]: 			 found initial value: 0.000000
[component_container-3] [INFO] [1778337535.823805513] [ros_gz_container]: 		 effort
[component_container-3] [INFO] [1778337535.823813096] [ros_gz_container]: 			 found initial value: 0.000000
[component_container-3] [INFO] [1778337535.823820305] [ros_gz_container]: 	Command:
[component_container-3] [INFO] [1778337535.823826638] [ros_gz_container]: 		 position
[component_container-3] [INFO] [1778337535.823853305] [ros_gz_container]: 		 velocity
[component_container-3] [INFO] [1778337535.823867388] [ros_gz_container]: 		 effort
[component_container-3] [INFO] [1778337535.823896305] [ros_gz_container]: Loading joint: wrist_2_joint
[component_container-3] [INFO] [1778337535.823904138] [ros_gz_container]: 	State:
[component_container-3] [INFO] [1778337535.823910221] [ros_gz_container]: 		 position
[component_container-3] [INFO] [1778337535.823919930] [ros_gz_container]: 			 found initial value: 1.571000
[component_container-3] [INFO] [1778337535.823932555] [ros_gz_container]: 		 velocity
[component_container-3] [INFO] [1778337535.823939805] [ros_gz_container]: 			 found initial value: 0.000000
[component_container-3] [INFO] [1778337535.823947180] [ros_gz_container]: 		 effort
[component_container-3] [INFO] [1778337535.823957846] [ros_gz_container]: 			 found initial value: 0.000000
[component_container-3] [INFO] [1778337535.823965180] [ros_gz_container]: 	Command:
[component_container-3] [INFO] [1778337535.823971180] [ros_gz_container]: 		 position
[component_container-3] [INFO] [1778337535.823989305] [ros_gz_container]: 		 velocity
[component_container-3] [INFO] [1778337535.823997846] [ros_gz_container]: 		 effort
[component_container-3] [INFO] [1778337535.824020305] [ros_gz_container]: Loading joint: wrist_3_joint
[component_container-3] [INFO] [1778337535.824044721] [ros_gz_container]: 	State:
[component_container-3] [INFO] [1778337535.824059221] [ros_gz_container]: 		 position
[component_container-3] [INFO] [1778337535.824073055] [ros_gz_container]: 			 found initial value: 1.411000
[component_container-3] [INFO] [1778337535.824083805] [ros_gz_container]: 		 velocity
[component_container-3] [INFO] [1778337535.824097430] [ros_gz_container]: 			 found initial value: 0.000000
[component_container-3] [INFO] [1778337535.824105971] [ros_gz_container]: 		 effort
[component_container-3] [INFO] [1778337535.824113805] [ros_gz_container]: 			 found initial value: 0.000000
[component_container-3] [INFO] [1778337535.824121138] [ros_gz_container]: 	Command:
[component_container-3] [INFO] [1778337535.824127305] [ros_gz_container]: 		 position
[component_container-3] [INFO] [1778337535.824150430] [ros_gz_container]: 		 velocity
[component_container-3] [INFO] [1778337535.824164346] [ros_gz_container]: 		 effort
[component_container-3] [INFO] [1778337535.824819263] [ros_gz_container]: Loading sensor: AtiForceTorqueSensor
[component_container-3] [INFO] [1778337535.824873596] [ros_gz_container]: 	State:
[component_container-3] [INFO] [1778337535.825696305] [ros_gz_container]: 		 force.x
[component_container-3] [INFO] [1778337535.825769721] [ros_gz_container]: 		 force.y
[component_container-3] [INFO] [1778337535.825782888] [ros_gz_container]: 		 force.z
[component_container-3] [INFO] [1778337535.825790721] [ros_gz_container]: 		 torque.x
[component_container-3] [INFO] [1778337535.825797721] [ros_gz_container]: 		 torque.y
[component_container-3] [INFO] [1778337535.825826971] [ros_gz_container]: 		 torque.z
[component_container-3] [INFO] [1778337535.826019388] [ros_gz_container]: Initialize hardware 'ControlSystem' 
[component_container-3] [WARN] [1778337535.826421805] [rcl.logging_rosout]: Publisher already registered for node name: 'ros_gz_container'. If this is due to multiple nodes with the same name then all logs for the logger named 'ros_gz_container' will go out over the existing publisher. As soon as any node with that name is destructed it will unregister the publisher, preventing any further logs for that name from being published on the rosout topic.
[component_container-3] [INFO] [1778337535.828834013] [ros_gz_container.hardware_component.system.ControlSystem]: `status_publish_rate` is set to 0.0, hardware status publisher will not be created.
[component_container-3] [INFO] [1778337535.829073680] [ros_gz_container]: Successful initialization of hardware 'ControlSystem'
[component_container-3] [INFO] [1778337535.830903346] [resource_manager]: 'configure' hardware 'ControlSystem' 
[component_container-3] [INFO] [1778337535.831047971] [ros_gz_container]: System Successfully configured!
[component_container-3] [INFO] [1778337535.831099971] [resource_manager]: Successful 'configure' of hardware 'ControlSystem'
[component_container-3] [INFO] [1778337535.831386221] [resource_manager]: 'activate' hardware 'ControlSystem' 
[component_container-3] [INFO] [1778337535.831643305] [resource_manager]: Successful 'activate' of hardware 'ControlSystem'
[component_container-3] [INFO] [1778337535.833255471] [resource_manager]: 'configure' hardware 'gripper' 
[component_container-3] [INFO] [1778337535.833381221] [ros_gz_container]: System Successfully configured!
[component_container-3] [INFO] [1778337535.833436055] [resource_manager]: Successful 'configure' of hardware 'gripper'
[component_container-3] [INFO] [1778337535.833448346] [resource_manager]: 'activate' hardware 'gripper' 
[component_container-3] [INFO] [1778337535.833457763] [resource_manager]: Successful 'activate' of hardware 'gripper'
[component_container-3] [WARN] [1778337535.833887305] [controller_manager]: Component 'ControlSystem' does not have read or write statistics initialized, skipping registration.
[component_container-3] [WARN] [1778337535.834038555] [controller_manager]: Component 'gripper' does not have read or write statistics initialized, skipping registration.
[component_container-3] [INFO] [1778337535.834188513] [controller_manager]: Resource Manager has been successfully initialized. Starting Controller Manager services...
[2m2026-05-09T14:38:56.090879Z[0m [32m INFO[0m acc-0 ThreadId(04) [2mzenoh::net::routing::interceptor::access_control[0m[2m:[0m a070f3f1f961f35e89f3cc8d33ab2226 did not match any configured ACL subject. Default permission `Allow` will be applied on all messages
[2m2026-05-09T14:38:56.093062Z[0m [32m INFO[0m acc-0 ThreadId(04) [2mzenoh::net::routing::interceptor::access_control[0m[2m:[0m dc47de567bbed96bc89cb3503a3d427c did not match any configured ACL subject. Default permission `Allow` will be applied on all messages
[component_container-3] [INFO] [1778337536.324423638] [controller_manager]: Loading controller : 'joint_state_broadcaster' of type 'joint_state_broadcaster/JointStateBroadcaster'
[component_container-3] [INFO] [1778337536.324699097] [controller_manager]: Loading controller 'joint_state_broadcaster'
[component_container-3] [INFO] [1778337536.333506888] [controller_manager]: Controller 'joint_state_broadcaster' node arguments: --ros-args --params-file /ws_aic/install/share/aic_bringup/config/aic_ros2_controllers.yaml -p use_sim_time:=true --param use_sim_time:=true 
[spawner-6] [INFO] [1778337536.398956388] [spawner_joint_state_broadcaster]: Loaded joint_state_broadcaster
[component_container-3] [INFO] [1778337536.404723472] [controller_manager]: Configuring controller: 'joint_state_broadcaster'
[component_container-3] [INFO] [1778337536.406374555] [joint_state_broadcaster]: 'joints' or 'interfaces' parameter is empty. All available state interfaces will be published
[component_container-3] [INFO] [1778337536.428067180] [controller_manager]: Activating controllers: [ joint_state_broadcaster ]
[component_container-3] [INFO] [1778337536.430370847] [controller_manager]: Requested controller switch from non-realtime loop
[component_container-3] [INFO] [1778337536.434590972] [controller_manager]: Successfully switched controllers!
[component_container-3] (2026-05-09 14:38:57.724) [debug] [SystemManager.cc:80] Loaded system [gz_ros2_control::GazeboSimROS2ControlPlugin] for entity [31]
[component_container-3] (2026-05-09 14:38:57.731) [debug] [SystemManager.cc:80] Loaded system [gz::sim::systems::ForceTorque] for entity [31]
[component_container-3] (2026-05-09 14:38:57.737) [debug] [OffLimitContactsPlugin.cc:41] aic_gazebo::OffLimitContactsPlugin::Configure on entity: 31
[component_container-3] (2026-05-09 14:38:57.740) [debug] [OffLimitContactsPlugin.cc:165] Enabled collision [34]
[component_container-3] (2026-05-09 14:38:57.740) [debug] [OffLimitContactsPlugin.cc:165] Enabled collision [37]
[component_container-3] (2026-05-09 14:38:57.740) [debug] [OffLimitContactsPlugin.cc:165] Enabled collision [40]
[component_container-3] (2026-05-09 14:38:57.740) [debug] [OffLimitContactsPlugin.cc:165] Enabled collision [43]
[component_container-3] (2026-05-09 14:38:57.740) [debug] [OffLimitContactsPlugin.cc:165] Enabled collision [46]
[component_container-3] (2026-05-09 14:38:57.741) [debug] [OffLimitContactsPlugin.cc:165] Enabled collision [49]
[component_container-3] (2026-05-09 14:38:57.741) [debug] [OffLimitContactsPlugin.cc:165] Enabled collision [57]
[component_container-3] (2026-05-09 14:38:57.741) [debug] [OffLimitContactsPlugin.cc:165] Enabled collision [58]
[component_container-3] (2026-05-09 14:38:57.741) [debug] [OffLimitContactsPlugin.cc:165] Enabled collision [59]
[component_container-3] (2026-05-09 14:38:57.741) [debug] [OffLimitContactsPlugin.cc:165] Enabled collision [60]
[component_container-3] (2026-05-09 14:38:57.741) [debug] [OffLimitContactsPlugin.cc:165] Enabled collision [61]
[component_container-3] (2026-05-09 14:38:57.741) [debug] [OffLimitContactsPlugin.cc:165] Enabled collision [62]
[component_container-3] (2026-05-09 14:38:57.741) [debug] [OffLimitContactsPlugin.cc:165] Enabled collision [63]
[component_container-3] (2026-05-09 14:38:57.741) [debug] [OffLimitContactsPlugin.cc:165] Enabled collision [64]
[component_container-3] (2026-05-09 14:38:57.741) [debug] [OffLimitContactsPlugin.cc:165] Enabled collision [65]
[component_container-3] (2026-05-09 14:38:57.741) [debug] [OffLimitContactsPlugin.cc:165] Enabled collision [66]
[component_container-3] (2026-05-09 14:38:57.741) [debug] [OffLimitContactsPlugin.cc:165] Enabled collision [67]
[component_container-3] (2026-05-09 14:38:57.741) [debug] [OffLimitContactsPlugin.cc:165] Enabled collision [68]
[component_container-3] (2026-05-09 14:38:57.741) [debug] [OffLimitContactsPlugin.cc:165] Enabled collision [69]
[component_container-3] (2026-05-09 14:38:57.741) [debug] [OffLimitContactsPlugin.cc:165] Enabled collision [70]
[component_container-3] (2026-05-09 14:38:57.741) [debug] [OffLimitContactsPlugin.cc:165] Enabled collision [71]
[component_container-3] (2026-05-09 14:38:57.741) [debug] [OffLimitContactsPlugin.cc:165] Enabled collision [72]
[component_container-3] (2026-05-09 14:38:57.741) [debug] [OffLimitContactsPlugin.cc:165] Enabled collision [73]
[component_container-3] (2026-05-09 14:38:57.741) [debug] [OffLimitContactsPlugin.cc:165] Enabled collision [74]
[component_container-3] (2026-05-09 14:38:57.741) [debug] [OffLimitContactsPlugin.cc:165] Enabled collision [75]
[component_container-3] (2026-05-09 14:38:57.741) [debug] [OffLimitContactsPlugin.cc:165] Enabled collision [81]
[component_container-3] (2026-05-09 14:38:57.741) [debug] [OffLimitContactsPlugin.cc:165] Enabled collision [82]
[component_container-3] (2026-05-09 14:38:57.741) [debug] [OffLimitContactsPlugin.cc:165] Enabled collision [85]
[component_container-3] (2026-05-09 14:38:57.741) [debug] [OffLimitContactsPlugin.cc:165] Enabled collision [86]
[component_container-3] (2026-05-09 14:38:57.741) [debug] [OffLimitContactsPlugin.cc:165] Enabled collision [87]
[component_container-3] (2026-05-09 14:38:57.741) [debug] [OffLimitContactsPlugin.cc:165] Enabled collision [88]
[component_container-3] (2026-05-09 14:38:57.741) [debug] [OffLimitContactsPlugin.cc:165] Enabled collision [91]
[component_container-3] (2026-05-09 14:38:57.741) [debug] [OffLimitContactsPlugin.cc:165] Enabled collision [92]
[component_container-3] (2026-05-09 14:38:57.741) [debug] [OffLimitContactsPlugin.cc:165] Enabled collision [93]
[component_container-3] (2026-05-09 14:38:57.741) [debug] [OffLimitContactsPlugin.cc:165] Enabled collision [94]
[component_container-3] (2026-05-09 14:38:57.741) [debug] [SystemManager.cc:80] Loaded system [aic_gazebo::OffLimitContactsPlugin] for entity [31]
[component_container-3] (2026-05-09 14:38:57.747) [debug] [ResetJointsPlugin.cc:40] aic_gazebo::ResetJointsPlugin::Configure on entity: 31
[component_container-3] [WARN] [1778337537.748250458] [rcl.logging_rosout]: Publisher already registered for node name: 'ros_gz_container'. If this is due to multiple nodes with the same name then all logs for the logger named 'ros_gz_container' will go out over the existing publisher. As soon as any node with that name is destructed it will unregister the publisher, preventing any further logs for that name from being published on the rosout topic.
[component_container-3] (2026-05-09 14:38:57.754) [info] [ResetJointsPlugin.cc:117] Initialized ResetJointsPlugin!
[component_container-3] (2026-05-09 14:38:57.754) [debug] [SystemManager.cc:80] Loaded system [aic_gazebo::ResetJointsPlugin] for entity [31]
[component_container-3] (2026-05-09 14:38:57.755) [debug] [UserCommands.cc:1108] Created entity [31] named [ur5e]
[component_container-3] (2026-05-09 14:38:57.820) [debug] [Sensors.cc:953] Initialization needed
[component_container-3] (2026-05-09 14:38:57.821) [debug] [Sensors.cc:349] Initializing render context
[component_container-3] (2026-05-09 14:38:57.827) [info] [RenderEngineManager.cc:514] Loading plugin [gz-rendering-ogre2]
[component_container-3] (2026-05-09 14:38:57.831) [debug] [EntityComponentManager.cc:1676] Updated state thread iterators: 10 threads processing around 12 entities each.
[component_container-3] (2026-05-09 14:38:57.988) [debug] [SimulationRunner.cc:600] Exiting postupdate worker thread (3)
[component_container-3] (2026-05-09 14:38:57.988) [debug] [SimulationRunner.cc:600] Exiting postupdate worker thread (2)
[component_container-3] (2026-05-09 14:38:57.988) [debug] [SimulationRunner.cc:600] Exiting postupdate worker thread (1)
[component_container-3] (2026-05-09 14:38:57.988) [debug] [SimulationRunner.cc:600] Exiting postupdate worker thread (0)
[component_container-3] (2026-05-09 14:38:57.991) [debug] [SimulationRunner.cc:573] Creating PostUpdate worker threads: 6
[component_container-3] (2026-05-09 14:38:57.994) [debug] [SimulationRunner.cc:584] Creating postupdate worker thread (0)
[component_container-3] (2026-05-09 14:38:57.994) [debug] [SimulationRunner.cc:584] Creating postupdate worker thread (1)
[component_container-3] (2026-05-09 14:38:57.994) [debug] [SimulationRunner.cc:584] Creating postupdate worker thread (2)
[component_container-3] (2026-05-09 14:38:57.994) [debug] [SimulationRunner.cc:584] Creating postupdate worker thread (3)
[component_container-3] (2026-05-09 14:38:57.994) [debug] [SimulationRunner.cc:584] Creating postupdate worker thread (4)
[component_container-3] [1;33mWarning [Utils.cc:119][0m [/sdf/model[@name="ur"]/link[@name="center_camera/sensor_link"]/sensor[@name="center_camera"]/camera[@name="center_camera"]/optical_frame_id]: SDF Element[optical_frame_id] is deprecated
[component_container-3] [1;33mWarning [Utils.cc:119][0m [/sdf/model[@name="ur"]/link[@name="left_camera/sensor_link"]/sensor[@name="left_camera"]/camera[@name="left_camera"]/optical_frame_id]: SDF Element[optical_frame_id] is deprecated
[component_container-3] [1;33mWarning [Utils.cc:119][0m [/sdf/model[@name="ur"]/link[@name="right_camera/sensor_link"]/sensor[@name="right_camera"]/camera[@name="right_camera"]/optical_frame_id]: SDF Element[optical_frame_id] is deprecated
[spawner-6] [INFO] [1778337538.242757208] [spawner_joint_state_broadcaster]: Configured and activated joint_state_broadcaster
[component_container-3] [INFO] [1778337538.292586250] [gz_server]: InitializeCanonicalLinks
[component_container-3] [INFO] [1778337538.295870667] [gz_server]: Creating services on gz_server
[component_container-3] [INFO] [1778337538.331373208] [gz_server]: Created service /gz_server/delete_entity
[component_container-3] [INFO] [1778337538.343504250] [gz_server]: Created service /gz_server/get_entities
[component_container-3] [INFO] [1778337538.388202417] [gz_server]: Created service /gz_server/get_entity_info
[component_container-3] [INFO] [1778337538.406508958] [gz_server]: Created service /gz_server/get_entity_state
[component_container-3] [INFO] [1778337538.411509042] [gz_server]: Created service /gz_server/get_entities_states
[component_container-3] [INFO] [1778337538.422615958] [gz_server]: Created service /gz_server/get_simulation_state
[component_container-3] [INFO] [1778337538.436441542] [gz_server]: Created service /gz_server/get_simulator_features
[INFO] [spawner-6]: process has finished cleanly [pid 259]
[INFO] [spawner-8]: process started with pid [374]
[component_container-3] [INFO] [1778337538.452111500] [gz_server]: Created service /gz_server/reset_simulation
[component_container-3] [INFO] [1778337538.467942250] [gz_server]: Created service /gz_server/set_entity_state
[component_container-3] [INFO] [1778337538.484934208] [gz_server]: Created service /gz_server/set_simulation_state
[component_container-3] [INFO] [1778337538.488137583] [controller_manager]: Loading controller : 'fts_broadcaster' of type 'force_torque_sensor_broadcaster/ForceTorqueSensorBroadcaster'
[component_container-3] [INFO] [1778337538.488247417] [controller_manager]: Loading controller 'fts_broadcaster'
[component_container-3] [INFO] [1778337538.501671625] [gz_server]: Created service /gz_server/spawn_entity
[component_container-3] [INFO] [1778337538.518494500] [controller_manager]: Controller 'fts_broadcaster' node arguments: --ros-args --params-file /ws_aic/install/share/aic_bringup/config/aic_ros2_controllers.yaml -p use_sim_time:=true --param use_sim_time:=true 
[component_container-3] [INFO] [1778337538.523586625] [gz_server]: Created service /gz_server/step_simulation
[component_container-3] [INFO] [1778337538.578066333] [gz_server]: Created action /gz_server/simulate_steps
[component_container-3] (2026-05-09 14:38:58.919) [debug] [RenderUtil.cc:2646] Create scene [scene]
[2m2026-05-09T14:38:59.273234Z[0m [32m INFO[0m acc-0 ThreadId(04) [2mzenoh::net::routing::interceptor::access_control[0m[2m:[0m 9c622ac2cac33755d427de80137d9199 did not match any configured ACL subject. Default permission `Allow` will be applied on all messages
[gz-4] [1;33mWarning [Utils.cc:119][0m [/sdf/model[@name="ur"]/link[@name="center_camera/sensor_link"]/sensor[@name="center_camera"]/camera[@name="center_camera"]/optical_frame_id]: SDF Element[optical_frame_id] is deprecated
[gz-4] [1;33mWarning [Utils.cc:119][0m [/sdf/model[@name="ur"]/link[@name="left_camera/sensor_link"]/sensor[@name="left_camera"]/camera[@name="left_camera"]/optical_frame_id]: SDF Element[optical_frame_id] is deprecated
[gz-4] [1;33mWarning [Utils.cc:119][0m [/sdf/model[@name="ur"]/link[@name="right_camera/sensor_link"]/sensor[@name="right_camera"]/camera[@name="right_camera"]/optical_frame_id]: SDF Element[optical_frame_id] is deprecated
[component_container-3] (2026-05-09 14:39:04.348) [debug] [Sensors.cc:391] Rendering Thread initialized
[component_container-3] (2026-05-09 14:39:04.348) [debug] [Sensors.cc:953] Initialization needed
[component_container-3] (2026-05-09 14:39:04.396) [info] [ApplyLinkWrench.cc:209] Listening to instantaneous wrench commands in [/world/aic_world/wrench]
[component_container-3] (2026-05-09 14:39:04.397) [info] [ApplyLinkWrench.cc:220] Listening to persistent wrench commands in [/world/aic_world/wrench/persistent]
[component_container-3] (2026-05-09 14:39:04.397) [info] [ApplyLinkWrench.cc:231] Listening to wrench clear commands in [/world/aic_world/wrench/clear]
[component_container-3] (2026-05-09 14:39:04.398) [debug] [SystemManager.cc:80] Loaded system [gz::sim::systems::ApplyLinkWrench] for entity [1]
[component_container-3] (2026-05-09 14:39:04.398) [debug] [ForceTorque.cc:162] Adding JointTransmittedWrench to: 110
[component_container-3] [INFO] [1778337544.405269795] [ros_gz_container]: ForceTorque AtiForceTorqueSensor has a topic name: /axia80_m20/wrench
[component_container-3] [INFO] [1778337544.415175211] [ros_gz_container]: ForceTorque AtiForceTorqueSensor has a topic name: /axia80_m20/wrench
[spawner-7] [INFO] [1778337544.436473586] [spawner_fts_broadcaster]: Loaded fts_broadcaster
[component_container-3] [INFO] [1778337544.443867003] [controller_manager]: Configuring controller: 'fts_broadcaster'
[component_container-3] [INFO] [1778337544.461759670] [fts_broadcaster]: configure successful
[component_container-3] (2026-05-09 14:39:06.414) [debug] [CameraSensor.cc:342] Camera images for [ur5e::center_camera/sensor_link::center_camera] advertised on [/center_camera/image]
[component_container-3] (2026-05-09 14:39:06.415) [debug] [CameraSensor.cc:632] Camera info for [ur5e::center_camera/sensor_link::center_camera] advertised on [/center_camera/camera_info]
[component_container-3] (2026-05-09 14:39:06.422) [warning] [Ogre2Camera.cc:423] Ogre2Camera::SetVisibilityMask: Mask bits c0000000 are set but will be ignored as they conflict with the reserved bits used internally by the ogre2 backend.
[component_container-3] (2026-05-09 14:39:06.430) [debug] [CameraSensor.cc:342] Camera images for [ur5e::left_camera/sensor_link::left_camera] advertised on [/left_camera/image]
[component_container-3] (2026-05-09 14:39:06.430) [debug] [CameraSensor.cc:632] Camera info for [ur5e::left_camera/sensor_link::left_camera] advertised on [/left_camera/camera_info]
[component_container-3] (2026-05-09 14:39:06.430) [warning] [Ogre2Camera.cc:423] Ogre2Camera::SetVisibilityMask: Mask bits c0000000 are set but will be ignored as they conflict with the reserved bits used internally by the ogre2 backend.
[component_container-3] (2026-05-09 14:39:06.430) [warning] [Ogre2Camera.cc:423] Ogre2Camera::SetVisibilityMask: Mask bits c0000000 are set but will be ignored as they conflict with the reserved bits used internally by the ogre2 backend.
[component_container-3] (2026-05-09 14:39:06.430) [debug] [CameraSensor.cc:342] Camera images for [ur5e::right_camera/sensor_link::right_camera] advertised on [/right_camera/image]
[component_container-3] (2026-05-09 14:39:06.430) [debug] [CameraSensor.cc:632] Camera info for [ur5e::right_camera/sensor_link::right_camera] advertised on [/right_camera/camera_info]
[spawner-8] [WARN] [1778337559.665641843] [ros2_control_controller_spawner_aic_controller]: Attempt 1 failed. Retrying in 3 seconds...
[spawner-7] [WARN] [1778337574.453677336] [spawner_fts_broadcaster]: Failed getting a result from calling /controller_manager/configure_controller in 30.0. (Attempt 1 of 3.)
[spawner-8] [WARN] [1778337582.751129632] [ros2_control_controller_spawner_aic_controller]: Attempt 2 failed. Retrying in 3 seconds...
[component_container-3] (2026-05-09 14:39:49.663) [warning] [Ogre2RenderTarget.cc:668] Anti-aliasing level of '' is not supported; valid FSAA levels are: [ 0 ]. Setting to 1
[component_container-3] (2026-05-09 14:40:01.257) [debug] [CameraSensor.cc:441] Enabling camera sensor: 'ur5e::center_camera/sensor_link::center_camera' data generation.
[spawner-7] [WARN] [1778337604.469305045] [spawner_fts_broadcaster]: Failed getting a result from calling /controller_manager/configure_controller in 30.0. (Attempt 2 of 3.)
[spawner-8] [WARN] [1778337605.807285754] [ros2_control_controller_spawner_aic_controller]: Attempt 3 failed. Retrying in 3 seconds...
[component_container-3] (2026-05-09 14:40:06.547) [debug] [CameraSensor.cc:441] Enabling camera sensor: 'ur5e::left_camera/sensor_link::left_camera' data generation.
[component_container-3] (2026-05-09 14:40:07.929) [debug] [CameraSensor.cc:441] Enabling camera sensor: 'ur5e::right_camera/sensor_link::right_camera' data generation.
[component_container-3] (2026-05-09 14:40:10.005) [debug] [SimulationRunner.cc:600] Exiting postupdate worker thread (0)
[component_container-3] (2026-05-09 14:40:10.006) [debug] [SimulationRunner.cc:600] Exiting postupdate worker thread (4)
[component_container-3] (2026-05-09 14:40:10.005) [debug] [SimulationRunner.cc:600] Exiting postupdate worker thread (3)
[component_container-3] (2026-05-09 14:40:10.005) [debug] [SimulationRunner.cc:600] Exiting postupdate worker thread (2)
[component_container-3] (2026-05-09 14:40:10.005) [debug] [SimulationRunner.cc:600] Exiting postupdate worker thread (1)
[component_container-3] (2026-05-09 14:40:10.006) [debug] [SimulationRunner.cc:573] Creating PostUpdate worker threads: 6
[component_container-3] (2026-05-09 14:40:10.006) [debug] [SimulationRunner.cc:584] Creating postupdate worker thread (0)
[component_container-3] (2026-05-09 14:40:10.007) [debug] [SimulationRunner.cc:584] Creating postupdate worker thread (1)
[component_container-3] (2026-05-09 14:40:10.007) [debug] [SimulationRunner.cc:584] Creating postupdate worker thread (2)
[component_container-3] (2026-05-09 14:40:10.007) [debug] [SimulationRunner.cc:584] Creating postupdate worker thread (3)
[component_container-3] (2026-05-09 14:40:10.007) [debug] [SimulationRunner.cc:584] Creating postupdate worker thread (4)
[component_container-3] [INFO] [1778337610.021476464] [controller_manager]: Configuring controller: 'fts_broadcaster'
[component_container-3] [INFO] [1778337610.034740297] [fts_broadcaster]: configure successful
[component_container-3] [INFO] [1778337610.038619797] [controller_manager]: Configuring controller: 'fts_broadcaster'
[component_container-3] [INFO] [1778337610.044851381] [fts_broadcaster]: configure successful
[component_container-3] [INFO] [1778337610.071875631] [controller_manager]: Activating controllers: [ fts_broadcaster ]
[component_container-3] [INFO] [1778337610.071995006] [controller_manager]: Requested controller switch from non-realtime loop
[component_container-3] [INFO] [1778337610.072338756] [controller_manager]: Successfully switched controllers!
[spawner-7] [INFO] [1778337610.076337297] [spawner_fts_broadcaster]: Configured and activated fts_broadcaster
[INFO] [spawner-7]: process has finished cleanly [pid 261]
[component_container-3] [INFO] [1778337610.431798797] [controller_manager]: Loading controller : 'aic_controller' of type 'aic/Controller'
[component_container-3] [INFO] [1778337610.431899964] [controller_manager]: Loading controller 'aic_controller'
[component_container-3] [INFO] [1778337610.526694422] [controller_manager]: Controller 'aic_controller' node arguments: --ros-args --params-file /ws_aic/install/share/aic_bringup/config/aic_ros2_controllers.yaml -p use_sim_time:=true --param use_sim_time:=true 
[component_container-3] (2026-05-09 14:40:11.264) [debug] [WorldSdfGeneratorPlugin.cc:79] Saving world: aic_world to: /tmp/aic.sdf
[component_container-3] (2026-05-09 14:40:11.266) [info] [WorldSdfGeneratorPlugin.cc:84] World saved to /tmp/aic.sdf
[spawner-8] [INFO] [1778337615.680993717] [spawner_aic_controller]: Loaded aic_controller
[component_container-3] [INFO] [1778337615.689146717] [controller_manager]: Configuring controller: 'aic_controller'
[component_container-3] [INFO] [1778337615.689844883] [aic_controller]: Control mode set to impedance
[component_container-3] [INFO] [1778337615.689898300] [aic_controller]: Target mode set to Cartesian. Accepting MotionUpdate targets.
[component_container-3] [INFO] [1778337615.772229050] [controller_manager]: Activating controllers: [ aic_controller ]
[component_container-3] [INFO] [1778337615.773739050] [controller_manager]: Requested controller switch from non-realtime loop
[component_container-3] [INFO] [1778337615.782332925] [controller_manager]: Successfully switched controllers!
[component_container-3] (2026-05-09 14:40:21.934) [warning] [Component.hh:144] Trying to serialize component with data type [St6vectorIdSaIdEE], which doesn't have `operator<<`. Component will not be serialized.
[component_container-3] (2026-05-09 14:40:21.936) [warning] [Component.hh:189] Trying to deserialize component with data type [St6vectorIdSaIdEE], which doesn't have `operator>>`. Component will not be deserialized.
[spawner-8] [INFO] [1778337621.958611845] [spawner_aic_controller]: Configured and activated all the parsed controllers list : ['aic_controller']!
[INFO] [spawner-8]: process has finished cleanly [pid 374]
[INFO] [rviz2-9]: process started with pid [612]
[rviz2-9] QStandardPaths: XDG_RUNTIME_DIR not set, defaulting to '/tmp/runtime-root'
[2m2026-05-09T14:40:23.202663Z[0m [32m INFO[0m acc-0 ThreadId(04) [2mzenoh::net::routing::interceptor::access_control[0m[2m:[0m d9609e2805b0c6ec25cf5c67c919da47 did not match any configured ACL subject. Default permission `Allow` will be applied on all messages
[rviz2-9] [INFO] [1778337625.706321388] [rviz2]: Stereo is NOT SUPPORTED
[rviz2-9] [INFO] [1778337625.719166763] [rviz2]: OpenGl version: 4.5 (GLSL 4.5)
[rviz2-9] [INFO] [1778337626.192407847] [rviz2]: Stereo is NOT SUPPORTED

[web] stop requested: new warehouse_visual run started
[WARNING] [launch]: user interrupted with ctrl-c (SIGINT)
[2m2026-05-09T14:40:28.791997Z[0m [32m INFO[0m ThreadId(02) [2mzenoh::api::session[0m[2m:[0m close session [3mzid[0m[2m=[0m8da736e10040fc8ffb56d5ef8c4653ff
[ros2run]: Received signal:  Interrupt
[INFO] [rviz2-9]: sending signal 'SIGINT' to process[rviz2-9]
[INFO] [robot_state_publisher-1]: process has finished cleanly [pid 121]
[INFO] [aic_adapter-2]: process has finished cleanly [pid 123]
[INFO] [gz-4]: sending signal 'SIGINT' to process[gz-4]
[INFO] [component_container-3]: sending signal 'SIGINT' to process[component_container-3]
[component_container-3] (2026-05-09 14:40:28.783) [debug] [SignalHandler.cc:278] Received signal[2].
[component_container-3] (2026-05-09 14:40:28.783) [debug] [ServerPrivate.cc:127] Server received signal[2]
[component_container-3] (2026-05-09 14:40:28.788) [debug] [Sensors.cc:565] SensorsPrivate::Stop
[rviz2-9] [INFO] [1778337628.784534250] [rclcpp]: signal_handler(SIGINT/SIGTERM)
[robot_state_publisher-1] [INFO] [1778337628.790109042] [rclcpp]: signal_handler(SIGINT/SIGTERM)
[aic_adapter-2] [INFO] [1778337628.790909417] [rclcpp]: signal_handler(SIGINT/SIGTERM)
[rviz2-9] [INFO] [1778337629.234007167] [rclcpp]: signal_handler(SIGINT/SIGTERM)
[component_container-3] corrupted size vs. prev_size while consolidating
[ERROR] [component_container-3]: process has died [pid 125, exit code -6, cmd '/opt/ros/kilted/lib/rclcpp_components/component_container --ros-args -r __node:=ros_gz_container -r __ns:=/'].
[INFO] [rviz2-9]: process has finished cleanly [pid 612]
