$ ['python3', '/opt/aic_web/warehouse_lidar_random_mode.py']

Starting Lidar Random Map mode
Generated random world seed=1778411704
Exploration must complete before TaskGoal is accepted.
(2026-05-10 11:15:06.053) [info] [Gui.cc:332] Gazebo Sim GUI    v9.5.0
(2026-05-10 11:15:06.057) [info] [Gui.cc:224] Copied installed config [/ws_aic/install/share/gz/gz-sim9/gui/gui.config] to default config [/root/.gz/sim/9/gui.config].
(2026-05-10 11:15:06.193) [info] [gz.cc:170] Received world [/workspace/aic_results/lidar_random_map/lidar_random_world.sdf] from the GUI.
(2026-05-10 11:15:06.197) [info] [gz.cc:337] Gazebo Sim Server v9.5.0
QStandardPaths: XDG_RUNTIME_DIR not set, defaulting to '/tmp/runtime-root'
(2026-05-10 11:15:06.300) [info] [ServerPrivate.cc:664] Loading SDF world file[/workspace/aic_results/lidar_random_map/lidar_random_world.sdf].
[1;33mWarning [Utils.cc:132][0m [/sdf/world[@name="lidar_random_warehouse"]/model[@name="warehouse_robot"]/link[@name="base_link"]/visual[@name="scan_disc"]/material/transparency:/workspace/aic_results/lidar_random_map/lidar_random_world.sdf:L4613]: XML Element[transparency], child of element[material], not defined in SDF. Copying[transparency] as children of [material].
(2026-05-10 11:15:07.060) [error] [SignalHandler.cc:178] [GUI] 4 Interrupted system call
(2026-05-10 11:15:08.090) [info] [SystemManager.cc:54] Serving entity system service on [/entity/system/add]
(2026-05-10 11:15:08.289) [info] [UserCommands.cc:752] Create service on [/world/lidar_random_warehouse/create_multiple] (async)
(2026-05-10 11:15:08.289) [info] [UserCommands.cc:754] Create service on [/world/lidar_random_warehouse/create_multiple/blocking] (blocking)
(2026-05-10 11:15:08.290) [info] [UserCommands.cc:752] Remove service on [/world/lidar_random_warehouse/remove] (async)
(2026-05-10 11:15:08.290) [info] [UserCommands.cc:754] Remove service on [/world/lidar_random_warehouse/remove/blocking] (blocking)
(2026-05-10 11:15:08.290) [info] [UserCommands.cc:752] Pose service on [/world/lidar_random_warehouse/set_pose] (async)
(2026-05-10 11:15:08.290) [info] [UserCommands.cc:754] Pose service on [/world/lidar_random_warehouse/set_pose/blocking] (blocking)
(2026-05-10 11:15:08.290) [info] [UserCommands.cc:752] Pose service on [/world/lidar_random_warehouse/set_pose_vector] (async)
(2026-05-10 11:15:08.290) [info] [UserCommands.cc:754] Pose service on [/world/lidar_random_warehouse/set_pose_vector/blocking] (blocking)
(2026-05-10 11:15:08.291) [info] [UserCommands.cc:752] Light configuration service on [/world/lidar_random_warehouse/light_config] (async)
(2026-05-10 11:15:08.291) [info] [UserCommands.cc:754] Light configuration service on [/world/lidar_random_warehouse/light_config/blocking] (blocking)
(2026-05-10 11:15:08.292) [info] [UserCommands.cc:752] Physics service on [/world/lidar_random_warehouse/set_physics] (async)
(2026-05-10 11:15:08.292) [info] [UserCommands.cc:754] Physics service on [/world/lidar_random_warehouse/set_physics/blocking] (blocking)
(2026-05-10 11:15:08.293) [info] [UserCommands.cc:752] SphericalCoordinates service on [/world/lidar_random_warehouse/set_spherical_coordinates] (async)
(2026-05-10 11:15:08.293) [info] [UserCommands.cc:754] SphericalCoordinates service on [/world/lidar_random_warehouse/set_spherical_coordinates/blocking] (blocking)
(2026-05-10 11:15:08.293) [info] [UserCommands.cc:752] Enable collision service on [/world/lidar_random_warehouse/enable_collision] (async)
(2026-05-10 11:15:08.293) [info] [UserCommands.cc:754] Enable collision service on [/world/lidar_random_warehouse/enable_collision/blocking] (blocking)
(2026-05-10 11:15:08.293) [info] [UserCommands.cc:752] Disable collision service on [/world/lidar_random_warehouse/disable_collision] (async)
(2026-05-10 11:15:08.293) [info] [UserCommands.cc:754] Disable collision service on [/world/lidar_random_warehouse/disable_collision/blocking] (blocking)
(2026-05-10 11:15:08.294) [info] [UserCommands.cc:752] Material service on [/world/lidar_random_warehouse/visual_config] (async)
(2026-05-10 11:15:08.294) [info] [UserCommands.cc:754] Material service on [/world/lidar_random_warehouse/visual_config/blocking] (blocking)
(2026-05-10 11:15:08.294) [info] [UserCommands.cc:752] Material service on [/world/lidar_random_warehouse/wheel_slip] (async)
(2026-05-10 11:15:08.294) [info] [UserCommands.cc:754] Material service on [/world/lidar_random_warehouse/wheel_slip/blocking] (blocking)
(2026-05-10 11:15:08.311) [info] [LevelManager.cc:646] Loaded level [default]
(2026-05-10 11:15:08.313) [info] [ServerConfig.cc:1010] Copied installed config [/ws_aic/install/share/gz/gz-sim9/server.config] to default config [/root/.gz/sim/9/server.config].
(2026-05-10 11:15:08.326) [info] [SimulationRunner.cc:275] Serving world controls on [/world/lidar_random_warehouse/control], [/world/lidar_random_warehouse/control/state] and [/world/lidar_random_warehouse/playback/control]
(2026-05-10 11:15:08.327) [warning] [Conversions.cc:735] <gui><camera> can't be converted yet
(2026-05-10 11:15:08.327) [info] [SimulationRunner.cc:301] Serving GUI information on [/world/lidar_random_warehouse/gui/info]
(2026-05-10 11:15:08.327) [info] [SimulationRunner.cc:304] World [lidar_random_warehouse] initialized with [1ms] physics profile.
(2026-05-10 11:15:08.327) [info] [SimulationRunner.cc:311] Serving world SDF generation service on [/world/lidar_random_warehouse/generate_world_sdf]
(2026-05-10 11:15:08.328) [info] [ServerPrivate.cc:344] Serving world names on [/gazebo/worlds]
(2026-05-10 11:15:08.328) [info] [ServerPrivate.cc:357] Resource path add service on [/gazebo/resource_paths/add].
(2026-05-10 11:15:08.328) [info] [ServerPrivate.cc:370] Resource path get service on [/gazebo/resource_paths/get].
(2026-05-10 11:15:08.329) [info] [ServerPrivate.cc:385] Resource path resolve service on [/gazebo/resource_paths/resolve].
(2026-05-10 11:15:08.329) [info] [ServerPrivate.cc:399] Resource paths published on [/gazebo/resource_paths].
(2026-05-10 11:15:08.329) [info] [ServerPrivate.cc:412] Server control service on [/server_control].
(2026-05-10 11:15:08.331) [info] [SimulationRunner.cc:769] Found no publishers on /stats, adding root stats topic
(2026-05-10 11:15:08.439) [info] [SimulationRunner.cc:803] Found no publishers on /clock, adding root clock topic
(2026-05-10 11:15:08.516) [info] [SceneBroadcaster.cc:634] Serving scene information on [/world/lidar_random_warehouse/scene/info]
(2026-05-10 11:15:08.516) [info] [SceneBroadcaster.cc:643] Serving graph information on [/world/lidar_random_warehouse/scene/graph]
(2026-05-10 11:15:08.516) [info] [SceneBroadcaster.cc:654] Serving full state on [/world/lidar_random_warehouse/state]
(2026-05-10 11:15:08.516) [info] [SceneBroadcaster.cc:663] Serving full state (async) on [/world/lidar_random_warehouse/state_async]
(2026-05-10 11:15:08.516) [info] [SceneBroadcaster.cc:671] Publishing scene information on [/world/lidar_random_warehouse/scene/info]
(2026-05-10 11:15:08.516) [info] [SceneBroadcaster.cc:680] Publishing entity deletions on [/world/lidar_random_warehouse/scene/deletion]
(2026-05-10 11:15:08.516) [info] [SceneBroadcaster.cc:689] Publishing state changes on [/world/lidar_random_warehouse/state]
(2026-05-10 11:15:08.516) [info] [SceneBroadcaster.cc:700] Publishing pose messages on [/world/lidar_random_warehouse/pose/info]
(2026-05-10 11:15:08.516) [info] [SceneBroadcaster.cc:711] Publishing dynamic pose messages on [/world/lidar_random_warehouse/dynamic_pose/info]
(2026-05-10 11:15:08.647) [info] [Application.cc:766] [GUI] Added plugin [3D View] to main window
(2026-05-10 11:15:08.647) [info] [Application.cc:652] [GUI] Loaded plugin [MinimalScene] from path [/ws_aic/install/lib/gz-gui-9/plugins/libMinimalScene.so]
(2026-05-10 11:15:08.655) [info] [EntityContextMenu.cc:134] [GUI] Currently tracking topic on [/gui/currently_tracked]
(2026-05-10 11:15:08.684) [info] [Application.cc:766] [GUI] Added plugin [Entity Context Menu] to main window
(2026-05-10 11:15:08.684) [info] [Application.cc:652] [GUI] Loaded plugin [EntityContextMenuPlugin] from path [/ws_aic/install/lib/gz-sim-9/plugins/gui/libEntityContextMenuPlugin.so]
(2026-05-10 11:15:08.750) [info] [Application.cc:766] [GUI] Added plugin [Scene Manager] to main window
(2026-05-10 11:15:08.750) [info] [Application.cc:652] [GUI] Loaded plugin [GzSceneManager] from path [/ws_aic/install/lib/gz-sim-9/plugins/gui/libGzSceneManager.so]
(2026-05-10 11:15:08.757) [info] [InteractiveViewControl.cc:409] [GUI] Camera view controller topic advertised on [/gui/camera/view_control]
(2026-05-10 11:15:08.757) [info] [InteractiveViewControl.cc:417] [GUI] Camera reference visual topic advertised on [/gui/camera/view_control/reference_visual]
(2026-05-10 11:15:08.757) [info] [InteractiveViewControl.cc:427] [GUI] Camera view control sensitivity advertised on [/gui/camera/view_control/sensitivity]
(2026-05-10 11:15:08.772) [info] [Application.cc:766] [GUI] Added plugin [Interactive view control] to main window
(2026-05-10 11:15:08.772) [info] [Application.cc:652] [GUI] Loaded plugin [InteractiveViewControl] from path [/ws_aic/install/lib/gz-gui-9/plugins/libInteractiveViewControl.so]
(2026-05-10 11:15:08.789) [info] [Application.cc:766] [GUI] Added plugin [Camera tracking] to main window
(2026-05-10 11:15:08.789) [info] [Application.cc:652] [GUI] Loaded plugin [CameraTracking] from path [/ws_aic/install/lib/gz-gui-9/plugins/libCameraTracking.so]
(2026-05-10 11:15:08.794) [info] [MarkerManager.cc:752] [GUI] Listening to stats on [/world/lidar_random_warehouse/stats]
(2026-05-10 11:15:08.806) [info] [Application.cc:766] [GUI] Added plugin [Marker Manager] to main window
(2026-05-10 11:15:08.806) [info] [Application.cc:652] [GUI] Loaded plugin [MarkerManager] from path [/ws_aic/install/lib/gz-gui-9/plugins/libMarkerManager.so]
(2026-05-10 11:15:08.820) [info] [Application.cc:766] [GUI] Added plugin [Select entities] to main window
(2026-05-10 11:15:08.820) [info] [Application.cc:652] [GUI] Loaded plugin [SelectEntities] from path [/ws_aic/install/lib/gz-sim-9/plugins/gui/libSelectEntities.so]
(2026-05-10 11:15:08.841) [info] [Application.cc:766] [GUI] Added plugin [Spawn] to main window
(2026-05-10 11:15:08.841) [info] [Application.cc:652] [GUI] Loaded plugin [Spawn] from path [/ws_aic/install/lib/gz-sim-9/plugins/gui/libSpawn.so]
(2026-05-10 11:15:08.850) [info] [VisualizationCapabilities.cc:2850] [GUI] View as transparent service on [/gui/view/transparent]
(2026-05-10 11:15:08.850) [info] [VisualizationCapabilities.cc:2857] [GUI] View as wireframes service on [/gui/view/wireframes]
(2026-05-10 11:15:08.850) [info] [VisualizationCapabilities.cc:2864] [GUI] View center of mass service on [/gui/view/com]
(2026-05-10 11:15:08.850) [info] [VisualizationCapabilities.cc:2871] [GUI] View inertia service on [/gui/view/inertia]
(2026-05-10 11:15:08.850) [info] [VisualizationCapabilities.cc:2879] [GUI] View collisions service on [/gui/view/collisions]
(2026-05-10 11:15:08.850) [info] [VisualizationCapabilities.cc:2887] [GUI] View joints service on [/gui/view/joints]
(2026-05-10 11:15:08.850) [info] [VisualizationCapabilities.cc:2894] [GUI] View frames service on [/gui/view/frames]
(2026-05-10 11:15:08.862) [info] [Application.cc:766] [GUI] Added plugin [Visualization capabilities] to main window
(2026-05-10 11:15:08.862) [info] [Application.cc:652] [GUI] Loaded plugin [VisualizationCapabilities] from path [/ws_aic/install/lib/gz-sim-9/plugins/gui/libVisualizationCapabilities.so]
(2026-05-10 11:15:08.874) [info] [WorldControl.cc:152] [GUI] Using world control service [/world/lidar_random_warehouse/control]
(2026-05-10 11:15:08.876) [info] [WorldControl.cc:225] [GUI] Listening to stats on [/world/lidar_random_warehouse/stats]
(2026-05-10 11:15:08.888) [info] [Application.cc:766] [GUI] Added plugin [World control] to main window
(2026-05-10 11:15:08.888) [info] [Application.cc:652] [GUI] Loaded plugin [WorldControl] from path [/ws_aic/install/lib/gz-gui-9/plugins/libWorldControl.so]
(2026-05-10 11:15:08.896) [info] [WorldStats.cc:156] [GUI] Listening to stats on [/world/lidar_random_warehouse/stats]
(2026-05-10 11:15:08.909) [info] [Application.cc:766] [GUI] Added plugin [World stats] to main window
(2026-05-10 11:15:08.909) [info] [Application.cc:652] [GUI] Loaded plugin [WorldStats] from path [/ws_aic/install/lib/gz-gui-9/plugins/libWorldStats.so]
(2026-05-10 11:15:08.934) [info] [Application.cc:766] [GUI] Added plugin [Shapes] to main window
(2026-05-10 11:15:08.934) [info] [Application.cc:652] [GUI] Loaded plugin [Shapes] from path [/ws_aic/install/lib/gz-sim-9/plugins/gui/libShapes.so]
(2026-05-10 11:15:08.948) [info] [Application.cc:766] [GUI] Added plugin [Lights] to main window
(2026-05-10 11:15:08.948) [info] [Application.cc:652] [GUI] Loaded plugin [Lights] from path [/ws_aic/install/lib/gz-sim-9/plugins/gui/libLights.so]
(2026-05-10 11:15:08.981) [info] [Application.cc:766] [GUI] Added plugin [Transform control] to main window
(2026-05-10 11:15:08.981) [info] [Application.cc:652] [GUI] Loaded plugin [TransformControl] from path [/ws_aic/install/lib/gz-sim-9/plugins/gui/libTransformControl.so]
(2026-05-10 11:15:08.990) [info] [Screenshot.cc:97] [GUI] Screenshot service on [/gui/screenshot]
(2026-05-10 11:15:09.001) [info] [Application.cc:766] [GUI] Added plugin [Screenshot] to main window
(2026-05-10 11:15:09.001) [info] [Application.cc:652] [GUI] Loaded plugin [Screenshot] from path [/ws_aic/install/lib/gz-gui-9/plugins/libScreenshot.so]
(2026-05-10 11:15:09.019) [info] [Application.cc:766] [GUI] Added plugin [Copy/Paste] to main window
(2026-05-10 11:15:09.019) [info] [Application.cc:652] [GUI] Loaded plugin [CopyPaste] from path [/ws_aic/install/lib/gz-sim-9/plugins/gui/libCopyPaste.so]
(2026-05-10 11:15:09.109) [info] [Application.cc:766] [GUI] Added plugin [Component inspector] to main window
(2026-05-10 11:15:09.109) [info] [Application.cc:652] [GUI] Loaded plugin [ComponentInspector] from path [/ws_aic/install/lib/gz-sim-9/plugins/gui/libComponentInspector.so]
(2026-05-10 11:15:09.126) [info] [EntityContextMenu.cc:134] [GUI] Currently tracking topic on [/gui/currently_tracked]
(2026-05-10 11:15:09.160) [info] [Application.cc:766] [GUI] Added plugin [Entity tree] to main window
(2026-05-10 11:15:09.160) [info] [Application.cc:652] [GUI] Loaded plugin [EntityTree] from path [/ws_aic/install/lib/gz-sim-9/plugins/gui/libEntityTree.so]
[1;33mWarning [Utils.cc:132][0m [/sdf/model[@name="warehouse_robot"]/link[@name="base_link"]/visual[@name="scan_disc"]/material/transparency:<data-string>:L92]: XML Element[transparency], child of element[material], not defined in SDF. Copying[transparency] as children of [material].
(2026-05-10 11:15:10.958) [info] [RenderEngineManager.cc:514] [GUI] Loading plugin [gz-rendering-ogre2]
(2026-05-10 11:15:11.369) [warning] [Ogre2RenderTarget.cc:668] [GUI] Anti-aliasing level of '' is not supported; valid FSAA levels are: [ 0 ]. Setting to 1
(2026-05-10 11:15:11.577) [info] [CameraTracking.cc:224] [GUI] Move to service on [/gui/move_to]
(2026-05-10 11:15:11.577) [info] [CameraTracking.cc:231] [GUI] Follow service on [/gui/follow] (deprecated)
(2026-05-10 11:15:11.578) [info] [CameraTracking.cc:238] [GUI] Tracking topic on [/gui/track]
(2026-05-10 11:15:11.578) [info] [CameraTracking.cc:245] [GUI] Tracking status topic on [/gui/currently_tracked]
(2026-05-10 11:15:11.579) [info] [CameraTracking.cc:253] [GUI] Move to pose service on [/gui/move_to/pose]
(2026-05-10 11:15:11.579) [info] [CameraTracking.cc:260] [GUI] Camera pose topic advertised on [/gui/camera/pose]
(2026-05-10 11:15:11.579) [info] [CameraTracking.cc:267] [GUI] Follow offset service on [/gui/follow/offset] (deprecated)
(2026-05-10 11:15:11.962) [error] [SignalHandler.cc:178] [GUI] 4 Interrupted system call
(2026-05-10 11:15:12.461) [error] [SignalHandler.cc:178] [GUI] 4 Interrupted system call
(2026-05-10 11:15:12.662) [error] [SignalHandler.cc:178] [GUI] 4 Interrupted system call
(2026-05-10 11:15:12.761) [error] [SignalHandler.cc:178] [GUI] 4 Interrupted system call
(2026-05-10 11:15:12.861) [error] [SignalHandler.cc:178] [GUI] 4 Interrupted system call
(2026-05-10 11:15:12.963) [error] [SignalHandler.cc:178] [GUI] 4 Interrupted system call
(2026-05-10 11:15:13.061) [error] [SignalHandler.cc:178] [GUI] 4 Interrupted system call
(2026-05-10 11:15:13.161) [error] [SignalHandler.cc:178] [GUI] 4 Interrupted system call
(2026-05-10 11:15:13.361) [error] [SignalHandler.cc:178] [GUI] 4 Interrupted system call
(2026-05-10 11:15:13.461) [error] [SignalHandler.cc:178] [GUI] 4 Interrupted system call
(2026-05-10 11:15:13.761) [error] [SignalHandler.cc:178] [GUI] 4 Interrupted system call
(2026-05-10 11:15:13.963) [error] [SignalHandler.cc:178] [GUI] 4 Interrupted system call
(2026-05-10 11:15:14.061) [error] [SignalHandler.cc:178] [GUI] 4 Interrupted system call
(2026-05-10 11:15:14.261) [error] [SignalHandler.cc:178] [GUI] 4 Interrupted system call
(2026-05-10 11:15:14.361) [error] [SignalHandler.cc:178] [GUI] 4 Interrupted system call
(2026-05-10 11:15:14.663) [error] [SignalHandler.cc:178] [GUI] 4 Interrupted system call
(2026-05-10 11:15:15.062) [error] [SignalHandler.cc:178] [GUI] 4 Interrupted system call
(2026-05-10 11:15:15.161) [error] [SignalHandler.cc:178] [GUI] 4 Interrupted system call
(2026-05-10 11:15:15.261) [error] [SignalHandler.cc:178] [GUI] 4 Interrupted system call
(2026-05-10 11:15:15.461) [error] [SignalHandler.cc:178] [GUI] 4 Interrupted system call
(2026-05-10 11:15:15.562) [error] [SignalHandler.cc:178] [GUI] 4 Interrupted system call
(2026-05-10 11:15:15.761) [error] [SignalHandler.cc:178] [GUI] 4 Interrupted system call
(2026-05-10 11:15:15.961) [error] [SignalHandler.cc:178] [GUI] 4 Interrupted system call
(2026-05-10 11:15:16.062) [error] [SignalHandler.cc:178] [GUI] 4 Interrupted system call
(2026-05-10 11:15:16.161) [error] [SignalHandler.cc:178] [GUI] 4 Interrupted system call
(2026-05-10 11:15:16.263) [error] [SignalHandler.cc:178] [GUI] 4 Interrupted system call
(2026-05-10 11:15:16.362) [error] [SignalHandler.cc:178] [GUI] 4 Interrupted system call
(2026-05-10 11:15:16.462) [error] [SignalHandler.cc:178] [GUI] 4 Interrupted system call
(2026-05-10 11:15:16.561) [error] [SignalHandler.cc:178] [GUI] 4 Interrupted system call
(2026-05-10 11:15:16.761) [error] [SignalHandler.cc:178] [GUI] 4 Interrupted system call
(2026-05-10 11:15:16.862) [error] [SignalHandler.cc:178] [GUI] 4 Interrupted system call
(2026-05-10 11:15:17.062) [error] [SignalHandler.cc:178] [GUI] 4 Interrupted system call
(2026-05-10 11:15:17.161) [error] [SignalHandler.cc:178] [GUI] 4 Interrupted system call
(2026-05-10 11:15:17.261) [error] [SignalHandler.cc:178] [GUI] 4 Interrupted system call
(2026-05-10 11:15:17.361) [error] [SignalHandler.cc:178] [GUI] 4 Interrupted system call
(2026-05-10 11:15:17.463) [error] [SignalHandler.cc:178] [GUI] 4 Interrupted system call
(2026-05-10 11:15:17.764) [error] [SignalHandler.cc:178] [GUI] 4 Interrupted system call
(2026-05-10 11:15:17.861) [error] [SignalHandler.cc:178] [GUI] 4 Interrupted system call
(2026-05-10 11:15:18.061) [error] [SignalHandler.cc:178] [GUI] 4 Interrupted system call
(2026-05-10 11:15:18.261) [error] [SignalHandler.cc:178] [GUI] 4 Interrupted system call
(2026-05-10 11:15:18.363) [error] [SignalHandler.cc:178] [GUI] 4 Interrupted system call
(2026-05-10 11:15:18.461) [error] [SignalHandler.cc:178] [GUI] 4 Interrupted system call
(2026-05-10 11:15:18.761) [error] [SignalHandler.cc:178] [GUI] 4 Interrupted system call
(2026-05-10 11:15:18.961) [error] [SignalHandler.cc:178] [GUI] 4 Interrupted system call
(2026-05-10 11:15:19.362) [error] [SignalHandler.cc:178] [GUI] 4 Interrupted system call
(2026-05-10 11:15:19.762) [error] [SignalHandler.cc:178] [GUI] 4 Interrupted system call
(2026-05-10 11:15:19.862) [error] [SignalHandler.cc:178] [GUI] 4 Interrupted system call
(2026-05-10 11:15:19.964) [error] [SignalHandler.cc:178] [GUI] 4 Interrupted system call
(2026-05-10 11:15:20.061) [error] [SignalHandler.cc:178] [GUI] 4 Interrupted system call
(2026-05-10 11:15:20.161) [error] [SignalHandler.cc:178] [GUI] 4 Interrupted system call
(2026-05-10 11:15:20.461) [error] [SignalHandler.cc:178] [GUI] 4 Interrupted system call
(2026-05-10 11:15:21.262) [error] [SignalHandler.cc:178] [GUI] 4 Interrupted system call
(2026-05-10 11:15:21.361) [error] [SignalHandler.cc:178] [GUI] 4 Interrupted system call
(2026-05-10 11:15:21.684) [error] [SignalHandler.cc:178] [GUI] 4 Interrupted system call
(2026-05-10 11:15:21.961) [error] [SignalHandler.cc:178] [GUI] 4 Interrupted system call
(2026-05-10 11:15:22.061) [error] [SignalHandler.cc:178] [GUI] 4 Interrupted system call
(2026-05-10 11:15:22.261) [error] [SignalHandler.cc:178] [GUI] 4 Interrupted system call
(2026-05-10 11:15:22.472) [error] [SignalHandler.cc:178] [GUI] 4 Interrupted system call
(2026-05-10 11:15:23.077) [error] [SignalHandler.cc:178] [GUI] 4 Interrupted system call
(2026-05-10 11:15:23.465) [error] [SignalHandler.cc:178] [GUI] 4 Interrupted system call
(2026-05-10 11:15:23.561) [error] [SignalHandler.cc:178] [GUI] 4 Interrupted system call
(2026-05-10 11:15:23.663) [error] [SignalHandler.cc:178] [GUI] 4 Interrupted system call
(2026-05-10 11:15:23.761) [error] [SignalHandler.cc:178] [GUI] 4 Interrupted system call
(2026-05-10 11:15:24.161) [error] [SignalHandler.cc:178] [GUI] 4 Interrupted system call
(2026-05-10 11:15:24.261) [error] [SignalHandler.cc:178] [GUI] 4 Interrupted system call
(2026-05-10 11:15:24.392) [error] [SignalHandler.cc:178] [GUI] 4 Interrupted system call
(2026-05-10 11:15:24.492) [error] [SignalHandler.cc:178] [GUI] 4 Interrupted system call
(2026-05-10 11:15:24.591) [error] [SignalHandler.cc:178] [GUI] 4 Interrupted system call
(2026-05-10 11:15:24.692) [error] [SignalHandler.cc:178] [GUI] 4 Interrupted system call
(2026-05-10 11:15:24.893) [error] [SignalHandler.cc:178] [GUI] 4 Interrupted system call
(2026-05-10 11:15:25.092) [error] [SignalHandler.cc:178] [GUI] 4 Interrupted system call
(2026-05-10 11:15:25.596) [error] [SignalHandler.cc:178] [GUI] 4 Interrupted system call
(2026-05-10 11:15:25.691) [error] [SignalHandler.cc:178] [GUI] 4 Interrupted system call
(2026-05-10 11:15:25.791) [error] [SignalHandler.cc:178] [GUI] 4 Interrupted system call
(2026-05-10 11:15:25.893) [error] [SignalHandler.cc:178] [GUI] 4 Interrupted system call
(2026-05-10 11:15:26.597) [error] [SignalHandler.cc:178] [GUI] 4 Interrupted system call
