$ ['python3', '/opt/aic_web/warehouse_lidar_random_mode.py']

Starting Lidar Random Map mode
Generated random world seed=1778428276
Exploration must complete before TaskGoal is accepted.
(2026-05-10 15:51:17.024) [info] [Gui.cc:332] Gazebo Sim GUI    v9.5.0
(2026-05-10 15:51:17.028) [info] [Gui.cc:224] Copied installed config [/ws_aic/install/share/gz/gz-sim9/gui/gui.config] to default config [/root/.gz/sim/9/gui.config].
(2026-05-10 15:51:17.164) [info] [gz.cc:170] Received world [/workspace/aic_results/lidar_random_map/lidar_random_world.sdf] from the GUI.
(2026-05-10 15:51:17.167) [info] [gz.cc:337] Gazebo Sim Server v9.5.0
QStandardPaths: XDG_RUNTIME_DIR not set, defaulting to '/tmp/runtime-root'
(2026-05-10 15:51:17.244) [info] [ServerPrivate.cc:664] Loading SDF world file[/workspace/aic_results/lidar_random_map/lidar_random_world.sdf].
[1;33mWarning [Utils.cc:132][0m [/sdf/world[@name="lidar_random_warehouse"]/model[@name="warehouse_robot"]/link[@name="base_link"]/visual[@name="scan_disc"]/material/transparency:/workspace/aic_results/lidar_random_map/lidar_random_world.sdf:L4408]: XML Element[transparency], child of element[material], not defined in SDF. Copying[transparency] as children of [material].
(2026-05-10 15:51:19.054) [info] [SystemManager.cc:54] Serving entity system service on [/entity/system/add]
(2026-05-10 15:51:19.184) [info] [UserCommands.cc:752] Create service on [/world/lidar_random_warehouse/create_multiple] (async)
(2026-05-10 15:51:19.184) [info] [UserCommands.cc:754] Create service on [/world/lidar_random_warehouse/create_multiple/blocking] (blocking)
(2026-05-10 15:51:19.184) [info] [UserCommands.cc:752] Remove service on [/world/lidar_random_warehouse/remove] (async)
(2026-05-10 15:51:19.184) [info] [UserCommands.cc:754] Remove service on [/world/lidar_random_warehouse/remove/blocking] (blocking)
(2026-05-10 15:51:19.184) [info] [UserCommands.cc:752] Pose service on [/world/lidar_random_warehouse/set_pose] (async)
(2026-05-10 15:51:19.184) [info] [UserCommands.cc:754] Pose service on [/world/lidar_random_warehouse/set_pose/blocking] (blocking)
(2026-05-10 15:51:19.184) [info] [UserCommands.cc:752] Pose service on [/world/lidar_random_warehouse/set_pose_vector] (async)
(2026-05-10 15:51:19.184) [info] [UserCommands.cc:754] Pose service on [/world/lidar_random_warehouse/set_pose_vector/blocking] (blocking)
(2026-05-10 15:51:19.185) [info] [UserCommands.cc:752] Light configuration service on [/world/lidar_random_warehouse/light_config] (async)
(2026-05-10 15:51:19.185) [info] [UserCommands.cc:754] Light configuration service on [/world/lidar_random_warehouse/light_config/blocking] (blocking)
(2026-05-10 15:51:19.186) [info] [UserCommands.cc:752] Physics service on [/world/lidar_random_warehouse/set_physics] (async)
(2026-05-10 15:51:19.186) [info] [UserCommands.cc:754] Physics service on [/world/lidar_random_warehouse/set_physics/blocking] (blocking)
(2026-05-10 15:51:19.186) [info] [UserCommands.cc:752] SphericalCoordinates service on [/world/lidar_random_warehouse/set_spherical_coordinates] (async)
(2026-05-10 15:51:19.186) [info] [UserCommands.cc:754] SphericalCoordinates service on [/world/lidar_random_warehouse/set_spherical_coordinates/blocking] (blocking)
(2026-05-10 15:51:19.186) [info] [UserCommands.cc:752] Enable collision service on [/world/lidar_random_warehouse/enable_collision] (async)
(2026-05-10 15:51:19.186) [info] [UserCommands.cc:754] Enable collision service on [/world/lidar_random_warehouse/enable_collision/blocking] (blocking)
(2026-05-10 15:51:19.186) [info] [UserCommands.cc:752] Disable collision service on [/world/lidar_random_warehouse/disable_collision] (async)
(2026-05-10 15:51:19.186) [info] [UserCommands.cc:754] Disable collision service on [/world/lidar_random_warehouse/disable_collision/blocking] (blocking)
(2026-05-10 15:51:19.186) [info] [UserCommands.cc:752] Material service on [/world/lidar_random_warehouse/visual_config] (async)
(2026-05-10 15:51:19.187) [info] [UserCommands.cc:754] Material service on [/world/lidar_random_warehouse/visual_config/blocking] (blocking)
(2026-05-10 15:51:19.187) [info] [UserCommands.cc:752] Material service on [/world/lidar_random_warehouse/wheel_slip] (async)
(2026-05-10 15:51:19.187) [info] [UserCommands.cc:754] Material service on [/world/lidar_random_warehouse/wheel_slip/blocking] (blocking)
(2026-05-10 15:51:19.198) [info] [LevelManager.cc:646] Loaded level [default]
(2026-05-10 15:51:19.200) [info] [ServerConfig.cc:1010] Copied installed config [/ws_aic/install/share/gz/gz-sim9/server.config] to default config [/root/.gz/sim/9/server.config].
(2026-05-10 15:51:19.210) [info] [SimulationRunner.cc:275] Serving world controls on [/world/lidar_random_warehouse/control], [/world/lidar_random_warehouse/control/state] and [/world/lidar_random_warehouse/playback/control]
(2026-05-10 15:51:19.210) [warning] [Conversions.cc:735] <gui><camera> can't be converted yet
(2026-05-10 15:51:19.210) [info] [SimulationRunner.cc:301] Serving GUI information on [/world/lidar_random_warehouse/gui/info]
(2026-05-10 15:51:19.210) [info] [SimulationRunner.cc:304] World [lidar_random_warehouse] initialized with [1ms] physics profile.
(2026-05-10 15:51:19.211) [info] [SimulationRunner.cc:311] Serving world SDF generation service on [/world/lidar_random_warehouse/generate_world_sdf]
(2026-05-10 15:51:19.212) [info] [ServerPrivate.cc:344] Serving world names on [/gazebo/worlds]
(2026-05-10 15:51:19.213) [info] [ServerPrivate.cc:357] Resource path add service on [/gazebo/resource_paths/add].
(2026-05-10 15:51:19.213) [info] [ServerPrivate.cc:370] Resource path get service on [/gazebo/resource_paths/get].
(2026-05-10 15:51:19.213) [info] [ServerPrivate.cc:385] Resource path resolve service on [/gazebo/resource_paths/resolve].
(2026-05-10 15:51:19.214) [info] [ServerPrivate.cc:399] Resource paths published on [/gazebo/resource_paths].
(2026-05-10 15:51:19.317) [info] [ServerPrivate.cc:412] Server control service on [/server_control].
(2026-05-10 15:51:19.318) [info] [SimulationRunner.cc:769] Found no publishers on /stats, adding root stats topic
(2026-05-10 15:51:19.318) [info] [SimulationRunner.cc:803] Found no publishers on /clock, adding root clock topic
(2026-05-10 15:51:19.394) [info] [SceneBroadcaster.cc:634] Serving scene information on [/world/lidar_random_warehouse/scene/info]
(2026-05-10 15:51:19.394) [info] [SceneBroadcaster.cc:643] Serving graph information on [/world/lidar_random_warehouse/scene/graph]
(2026-05-10 15:51:19.395) [info] [SceneBroadcaster.cc:654] Serving full state on [/world/lidar_random_warehouse/state]
(2026-05-10 15:51:19.395) [info] [SceneBroadcaster.cc:663] Serving full state (async) on [/world/lidar_random_warehouse/state_async]
(2026-05-10 15:51:19.395) [info] [SceneBroadcaster.cc:671] Publishing scene information on [/world/lidar_random_warehouse/scene/info]
(2026-05-10 15:51:19.395) [info] [SceneBroadcaster.cc:680] Publishing entity deletions on [/world/lidar_random_warehouse/scene/deletion]
(2026-05-10 15:51:19.395) [info] [SceneBroadcaster.cc:689] Publishing state changes on [/world/lidar_random_warehouse/state]
(2026-05-10 15:51:19.395) [info] [SceneBroadcaster.cc:700] Publishing pose messages on [/world/lidar_random_warehouse/pose/info]
(2026-05-10 15:51:19.395) [info] [SceneBroadcaster.cc:711] Publishing dynamic pose messages on [/world/lidar_random_warehouse/dynamic_pose/info]
(2026-05-10 15:51:19.509) [info] [Application.cc:766] [GUI] Added plugin [3D View] to main window
(2026-05-10 15:51:19.509) [info] [Application.cc:652] [GUI] Loaded plugin [MinimalScene] from path [/ws_aic/install/lib/gz-gui-9/plugins/libMinimalScene.so]
(2026-05-10 15:51:19.516) [info] [EntityContextMenu.cc:134] [GUI] Currently tracking topic on [/gui/currently_tracked]
(2026-05-10 15:51:19.544) [info] [Application.cc:766] [GUI] Added plugin [Entity Context Menu] to main window
(2026-05-10 15:51:19.544) [info] [Application.cc:652] [GUI] Loaded plugin [EntityContextMenuPlugin] from path [/ws_aic/install/lib/gz-sim-9/plugins/gui/libEntityContextMenuPlugin.so]
(2026-05-10 15:51:19.601) [info] [Application.cc:766] [GUI] Added plugin [Scene Manager] to main window
(2026-05-10 15:51:19.601) [info] [Application.cc:652] [GUI] Loaded plugin [GzSceneManager] from path [/ws_aic/install/lib/gz-sim-9/plugins/gui/libGzSceneManager.so]
(2026-05-10 15:51:19.606) [info] [InteractiveViewControl.cc:409] [GUI] Camera view controller topic advertised on [/gui/camera/view_control]
(2026-05-10 15:51:19.607) [info] [InteractiveViewControl.cc:417] [GUI] Camera reference visual topic advertised on [/gui/camera/view_control/reference_visual]
(2026-05-10 15:51:19.607) [info] [InteractiveViewControl.cc:427] [GUI] Camera view control sensitivity advertised on [/gui/camera/view_control/sensitivity]
(2026-05-10 15:51:19.621) [info] [Application.cc:766] [GUI] Added plugin [Interactive view control] to main window
(2026-05-10 15:51:19.621) [info] [Application.cc:652] [GUI] Loaded plugin [InteractiveViewControl] from path [/ws_aic/install/lib/gz-gui-9/plugins/libInteractiveViewControl.so]
(2026-05-10 15:51:19.637) [info] [Application.cc:766] [GUI] Added plugin [Camera tracking] to main window
(2026-05-10 15:51:19.637) [info] [Application.cc:652] [GUI] Loaded plugin [CameraTracking] from path [/ws_aic/install/lib/gz-gui-9/plugins/libCameraTracking.so]
(2026-05-10 15:51:19.641) [info] [MarkerManager.cc:752] [GUI] Listening to stats on [/world/lidar_random_warehouse/stats]
(2026-05-10 15:51:19.652) [info] [Application.cc:766] [GUI] Added plugin [Marker Manager] to main window
(2026-05-10 15:51:19.652) [info] [Application.cc:652] [GUI] Loaded plugin [MarkerManager] from path [/ws_aic/install/lib/gz-gui-9/plugins/libMarkerManager.so]
(2026-05-10 15:51:19.666) [info] [Application.cc:766] [GUI] Added plugin [Select entities] to main window
(2026-05-10 15:51:19.666) [info] [Application.cc:652] [GUI] Loaded plugin [SelectEntities] from path [/ws_aic/install/lib/gz-sim-9/plugins/gui/libSelectEntities.so]
(2026-05-10 15:51:19.684) [info] [Application.cc:766] [GUI] Added plugin [Spawn] to main window
(2026-05-10 15:51:19.684) [info] [Application.cc:652] [GUI] Loaded plugin [Spawn] from path [/ws_aic/install/lib/gz-sim-9/plugins/gui/libSpawn.so]
(2026-05-10 15:51:19.692) [info] [VisualizationCapabilities.cc:2850] [GUI] View as transparent service on [/gui/view/transparent]
(2026-05-10 15:51:19.692) [info] [VisualizationCapabilities.cc:2857] [GUI] View as wireframes service on [/gui/view/wireframes]
(2026-05-10 15:51:19.692) [info] [VisualizationCapabilities.cc:2864] [GUI] View center of mass service on [/gui/view/com]
(2026-05-10 15:51:19.692) [info] [VisualizationCapabilities.cc:2871] [GUI] View inertia service on [/gui/view/inertia]
(2026-05-10 15:51:19.692) [info] [VisualizationCapabilities.cc:2879] [GUI] View collisions service on [/gui/view/collisions]
(2026-05-10 15:51:19.692) [info] [VisualizationCapabilities.cc:2887] [GUI] View joints service on [/gui/view/joints]
(2026-05-10 15:51:19.692) [info] [VisualizationCapabilities.cc:2894] [GUI] View frames service on [/gui/view/frames]
(2026-05-10 15:51:19.703) [info] [Application.cc:766] [GUI] Added plugin [Visualization capabilities] to main window
(2026-05-10 15:51:19.703) [info] [Application.cc:652] [GUI] Loaded plugin [VisualizationCapabilities] from path [/ws_aic/install/lib/gz-sim-9/plugins/gui/libVisualizationCapabilities.so]
(2026-05-10 15:51:19.713) [info] [WorldControl.cc:152] [GUI] Using world control service [/world/lidar_random_warehouse/control]
(2026-05-10 15:51:19.714) [info] [WorldControl.cc:225] [GUI] Listening to stats on [/world/lidar_random_warehouse/stats]
(2026-05-10 15:51:19.725) [info] [Application.cc:766] [GUI] Added plugin [World control] to main window
(2026-05-10 15:51:19.725) [info] [Application.cc:652] [GUI] Loaded plugin [WorldControl] from path [/ws_aic/install/lib/gz-gui-9/plugins/libWorldControl.so]
(2026-05-10 15:51:19.732) [info] [WorldStats.cc:156] [GUI] Listening to stats on [/world/lidar_random_warehouse/stats]
(2026-05-10 15:51:19.746) [info] [Application.cc:766] [GUI] Added plugin [World stats] to main window
(2026-05-10 15:51:19.746) [info] [Application.cc:652] [GUI] Loaded plugin [WorldStats] from path [/ws_aic/install/lib/gz-gui-9/plugins/libWorldStats.so]
(2026-05-10 15:51:19.773) [info] [Application.cc:766] [GUI] Added plugin [Shapes] to main window
(2026-05-10 15:51:19.773) [info] [Application.cc:652] [GUI] Loaded plugin [Shapes] from path [/ws_aic/install/lib/gz-sim-9/plugins/gui/libShapes.so]
(2026-05-10 15:51:19.794) [info] [Application.cc:766] [GUI] Added plugin [Lights] to main window
(2026-05-10 15:51:19.794) [info] [Application.cc:652] [GUI] Loaded plugin [Lights] from path [/ws_aic/install/lib/gz-sim-9/plugins/gui/libLights.so]
(2026-05-10 15:51:19.836) [info] [Application.cc:766] [GUI] Added plugin [Transform control] to main window
(2026-05-10 15:51:19.836) [info] [Application.cc:652] [GUI] Loaded plugin [TransformControl] from path [/ws_aic/install/lib/gz-sim-9/plugins/gui/libTransformControl.so]
(2026-05-10 15:51:19.844) [info] [Screenshot.cc:97] [GUI] Screenshot service on [/gui/screenshot]
(2026-05-10 15:51:19.858) [info] [Application.cc:766] [GUI] Added plugin [Screenshot] to main window
(2026-05-10 15:51:19.858) [info] [Application.cc:652] [GUI] Loaded plugin [Screenshot] from path [/ws_aic/install/lib/gz-gui-9/plugins/libScreenshot.so]
(2026-05-10 15:51:19.874) [info] [Application.cc:766] [GUI] Added plugin [Copy/Paste] to main window
(2026-05-10 15:51:19.874) [info] [Application.cc:652] [GUI] Loaded plugin [CopyPaste] from path [/ws_aic/install/lib/gz-sim-9/plugins/gui/libCopyPaste.so]
(2026-05-10 15:51:19.989) [info] [Application.cc:766] [GUI] Added plugin [Component inspector] to main window
(2026-05-10 15:51:19.989) [info] [Application.cc:652] [GUI] Loaded plugin [ComponentInspector] from path [/ws_aic/install/lib/gz-sim-9/plugins/gui/libComponentInspector.so]
(2026-05-10 15:51:20.004) [info] [EntityContextMenu.cc:134] [GUI] Currently tracking topic on [/gui/currently_tracked]
(2026-05-10 15:51:20.030) [info] [Application.cc:766] [GUI] Added plugin [Entity tree] to main window
(2026-05-10 15:51:20.030) [info] [Application.cc:652] [GUI] Loaded plugin [EntityTree] from path [/ws_aic/install/lib/gz-sim-9/plugins/gui/libEntityTree.so]
[1;33mWarning [Utils.cc:132][0m [/sdf/model[@name="warehouse_robot"]/link[@name="base_link"]/visual[@name="scan_disc"]/material/transparency:<data-string>:L118]: XML Element[transparency], child of element[material], not defined in SDF. Copying[transparency] as children of [material].
(2026-05-10 15:51:21.633) [info] [RenderEngineManager.cc:514] [GUI] Loading plugin [gz-rendering-ogre2]
(2026-05-10 15:51:22.063) [warning] [Ogre2RenderTarget.cc:668] [GUI] Anti-aliasing level of '' is not supported; valid FSAA levels are: [ 0 ]. Setting to 1
(2026-05-10 15:51:22.288) [info] [CameraTracking.cc:224] [GUI] Move to service on [/gui/move_to]
(2026-05-10 15:51:22.288) [info] [CameraTracking.cc:231] [GUI] Follow service on [/gui/follow] (deprecated)
(2026-05-10 15:51:22.288) [info] [CameraTracking.cc:238] [GUI] Tracking topic on [/gui/track]
(2026-05-10 15:51:22.289) [info] [CameraTracking.cc:245] [GUI] Tracking status topic on [/gui/currently_tracked]
(2026-05-10 15:51:22.289) [info] [CameraTracking.cc:253] [GUI] Move to pose service on [/gui/move_to/pose]
(2026-05-10 15:51:22.289) [info] [CameraTracking.cc:260] [GUI] Camera pose topic advertised on [/gui/camera/pose]
(2026-05-10 15:51:22.289) [info] [CameraTracking.cc:267] [GUI] Follow offset service on [/gui/follow/offset] (deprecated)
ROS drive telemetry enabled: publishing /cmd_vel, /odom, /tf, /joint_states
[drive:lidar_random] cmd_vel=(linear.x=0.514, angular.z=-0.316) odom=(-10.420,-7.020,-0.111) map_cell=(21,16) motors: left(v=0.660m/s phi_dot=3.881rad/s angle=1.358) right(v=0.369m/s phi_dot=2.170rad/s angle=0.759) wheel_xy: L=(-10.369201498005571, -6.562813482050135) R=(-10.470798501994429, -7.477186517949864)
[drive:lidar_random] cmd_vel=(linear.x=0.343, angular.z=0.000) odom=(-9.220,-7.020,0.000) map_cell=(31,16) motors: left(v=0.343m/s phi_dot=2.017rad/s angle=1.830) right(v=0.343m/s phi_dot=2.017rad/s angle=1.830) wheel_xy: L=(-9.22, -6.56) R=(-9.22, -7.4799999999999995)
(2026-05-10 15:51:50.511) [info] [EntityContextMenu.cc:259] [GUI] Follow target: warehouse_robot
(2026-05-10 15:51:50.512) [info] [CameraTracking.cc:301] [GUI] Got new track message.
[drive:lidar_random] cmd_vel=(linear.x=0.343, angular.z=0.000) odom=(-8.020,-7.020,0.000) map_cell=(41,16) motors: left(v=0.343m/s phi_dot=2.017rad/s angle=2.606) right(v=0.343m/s phi_dot=2.017rad/s angle=2.606) wheel_xy: L=(-8.02, -6.56) R=(-8.02, -7.4799999999999995)
[drive:lidar_random] cmd_vel=(linear.x=0.343, angular.z=0.000) odom=(-6.820,-7.020,0.000) map_cell=(51,16) motors: left(v=0.343m/s phi_dot=2.017rad/s angle=-2.902) right(v=0.343m/s phi_dot=2.017rad/s angle=-2.902) wheel_xy: L=(-6.82, -6.56) R=(-6.82, -7.4799999999999995)
[1;33mWarning [Utils.cc:132][0m [/sdf/model[@name="warehouse_robot"]/link[@name="base_link"]/visual[@name="scan_disc"]/material/transparency:<data-string>:L118]: XML Element[transparency], child of element[material], not defined in SDF. Copying[transparency] as children of [material].
[1;33mWarning [Utils.cc:132][0m [/sdf/model[@name="warehouse_robot"]/link[@name="base_link"]/visual[@name="scan_disc"]/material/transparency:<data-string>:L118]: XML Element[transparency], child of element[material], not defined in SDF. Copying[transparency] as children of [material].
[drive:lidar_random] cmd_vel=(linear.x=0.343, angular.z=0.000) odom=(-5.620,-7.020,0.000) map_cell=(61,16) motors: left(v=0.343m/s phi_dot=2.017rad/s angle=-2.126) right(v=0.343m/s phi_dot=2.017rad/s angle=-2.126) wheel_xy: L=(-5.62, -6.56) R=(-5.62, -7.4799999999999995)
[drive:lidar_random] cmd_vel=(linear.x=0.242, angular.z=-2.244) odom=(-6.220,-6.060,1.571) map_cell=(56,24) motors: left(v=1.275m/s phi_dot=7.498rad/s angle=0.818) right(v=-0.790m/s phi_dot=-4.646rad/s angle=3.036) wheel_xy: L=(-6.680000000000001, -6.0600000000000005) R=(-5.760000000000001, -6.0600000000000005)
[drive:lidar_random] cmd_vel=(linear.x=0.343, angular.z=0.000) odom=(-6.340,-4.860,1.571) map_cell=(55,34) motors: left(v=0.343m/s phi_dot=2.017rad/s angle=1.387) right(v=0.343m/s phi_dot=2.017rad/s angle=-2.679) wheel_xy: L=(-6.8, -4.86) R=(-5.88, -4.86)
[drive:lidar_random] cmd_vel=(linear.x=0.343, angular.z=0.000) odom=(-7.540,-4.620,3.142) map_cell=(45,36) motors: left(v=0.343m/s phi_dot=2.017rad/s angle=3.076) right(v=0.343m/s phi_dot=2.017rad/s angle=1.228) wheel_xy: L=(-7.54, -5.08) R=(-7.54, -4.16)
[drive:lidar_random] cmd_vel=(linear.x=0.343, angular.z=0.000) odom=(-8.740,-4.140,3.142) map_cell=(35,40) motors: left(v=0.343m/s phi_dot=2.017rad/s angle=-1.761) right(v=0.343m/s phi_dot=2.017rad/s angle=2.674) wheel_xy: L=(-8.74, -4.6000000000000005) R=(-8.74, -3.6800000000000006)
[drive:lidar_random] cmd_vel=(linear.x=0.485, angular.z=-0.000) odom=(-9.940,-3.420,2.356) map_cell=(25,46) motors: left(v=0.485m/s phi_dot=2.852rad/s angle=2.602) right(v=0.485m/s phi_dot=2.852rad/s angle=2.786) wheel_xy: L=(-10.265269119345813, -3.7452691193458105) R=(-9.614730880654186, -3.0947308806541893)
[drive:lidar_random] cmd_vel=(linear.x=0.242, angular.z=2.244) odom=(-11.140,-2.700,3.142) map_cell=(15,52) motors: left(v=-0.790m/s phi_dot=-4.646rad/s angle=1.302) right(v=1.275m/s phi_dot=7.498rad/s angle=-0.546) wheel_xy: L=(-11.14, -3.16) R=(-11.14, -2.24)
[drive:lidar_random] cmd_vel=(linear.x=-0.343, angular.z=-8.976) odom=(-12.100,-2.220,0.000) map_cell=(7,56) motors: left(v=3.786m/s phi_dot=22.271rad/s angle=2.057) right(v=-4.472m/s phi_dot=-26.305rad/s angle=2.057) wheel_xy: L=(-12.1, -1.7600000000000007) R=(-12.1, -2.6800000000000006)
[drive:lidar_random] cmd_vel=(linear.x=0.343, angular.z=0.000) odom=(-10.900,-2.220,0.000) map_cell=(17,56) motors: left(v=0.343m/s phi_dot=2.017rad/s angle=2.832) right(v=0.343m/s phi_dot=2.017rad/s angle=2.832) wheel_xy: L=(-10.9, -1.7600000000000007) R=(-10.9, -2.6800000000000006)
[drive:lidar_random] cmd_vel=(linear.x=0.343, angular.z=0.000) odom=(-9.700,-2.220,0.000) map_cell=(27,56) motors: left(v=0.343m/s phi_dot=2.017rad/s angle=-2.675) right(v=0.343m/s phi_dot=2.017rad/s angle=-2.675) wheel_xy: L=(-9.7, -1.7600000000000007) R=(-9.7, -2.6800000000000006)
[drive:lidar_random] cmd_vel=(linear.x=0.343, angular.z=0.000) odom=(-8.500,-2.340,0.000) map_cell=(37,55) motors: left(v=0.343m/s phi_dot=2.017rad/s angle=-2.106) right(v=0.343m/s phi_dot=2.017rad/s angle=-2.106) wheel_xy: L=(-8.5, -1.88) R=(-8.5, -2.8)
[drive:lidar_random] cmd_vel=(linear.x=0.242, angular.z=2.244) odom=(-7.300,-3.300,0.000) map_cell=(47,47) motors: left(v=-0.790m/s phi_dot=-4.646rad/s angle=0.509) right(v=1.275m/s phi_dot=7.498rad/s angle=0.509) wheel_xy: L=(-7.3, -2.84) R=(-7.3, -3.76)
[drive:lidar_random] cmd_vel=(linear.x=0.485, angular.z=0.000) odom=(-6.100,-3.540,-0.785) map_cell=(57,45) motors: left(v=0.485m/s phi_dot=2.852rad/s angle=-2.581) right(v=0.485m/s phi_dot=2.852rad/s angle=-0.548) wheel_xy: L=(-5.774730880654189, -3.214730880654188) R=(-6.4252691193458125, -3.865269119345812)
[drive:lidar_random] cmd_vel=(linear.x=0.485, angular.z=0.000) odom=(-4.900,-4.740,-0.785) map_cell=(67,35) motors: left(v=0.485m/s phi_dot=2.852rad/s angle=1.119) right(v=0.485m/s phi_dot=2.852rad/s angle=-3.132) wheel_xy: L=(-4.574730880654188, -4.414730880654188) R=(-5.225269119345812, -5.065269119345812)
[drive:lidar_random] cmd_vel=(linear.x=0.485, angular.z=0.000) odom=(-3.700,-5.940,-0.785) map_cell=(77,25) motors: left(v=0.485m/s phi_dot=2.852rad/s angle=-1.465) right(v=0.485m/s phi_dot=2.852rad/s angle=0.568) wheel_xy: L=(-3.374730880654189, -5.614730880654188) R=(-4.025269119345813, -6.265269119345811)
[drive:lidar_random] cmd_vel=(linear.x=0.485, angular.z=0.000) odom=(-2.500,-7.140,-0.785) map_cell=(87,15) motors: left(v=0.485m/s phi_dot=2.852rad/s angle=2.235) right(v=0.485m/s phi_dot=2.852rad/s angle=-2.016) wheel_xy: L=(-2.174730880654188, -6.814730880654189) R=(-2.825269119345812, -7.4652691193458125)
[drive:lidar_random] cmd_vel=(linear.x=0.343, angular.z=0.000) odom=(-1.300,-7.620,0.000) map_cell=(97,11) motors: left(v=0.343m/s phi_dot=2.017rad/s angle=-0.149) right(v=0.343m/s phi_dot=2.017rad/s angle=-0.149) wheel_xy: L=(-1.3000000000000007, -7.16) R=(-1.3000000000000007, -8.08)
[drive:lidar_random] cmd_vel=(linear.x=0.485, angular.z=-0.000) odom=(-0.580,-7.860,2.356) map_cell=(103,9) motors: left(v=0.485m/s phi_dot=2.852rad/s angle=-1.412) right(v=0.485m/s phi_dot=2.852rad/s angle=-1.227) wheel_xy: L=(-0.9052691193458131, -8.185269119345811) R=(-0.254730880654187, -7.534730880654189)
[drive:lidar_random] cmd_vel=(linear.x=0.242, angular.z=2.244) odom=(-1.780,-6.780,3.142) map_cell=(93,18) motors: left(v=-0.790m/s phi_dot=-4.646rad/s angle=-0.337) right(v=1.275m/s phi_dot=7.498rad/s angle=-2.185) wheel_xy: L=(-1.7800000000000011, -7.24) R=(-1.7800000000000011, -6.32)
[drive:lidar_random] cmd_vel=(linear.x=0.343, angular.z=0.000) odom=(-2.740,-6.540,1.571) map_cell=(85,20) motors: left(v=0.343m/s phi_dot=2.017rad/s angle=-2.300) right(v=0.343m/s phi_dot=2.017rad/s angle=-0.082) wheel_xy: L=(-3.2, -6.54) R=(-2.2800000000000002, -6.54)
[drive:lidar_random] cmd_vel=(linear.x=0.485, angular.z=-0.000) odom=(-3.340,-5.340,2.356) map_cell=(80,30) motors: left(v=0.485m/s phi_dot=2.852rad/s angle=-2.480) right(v=0.485m/s phi_dot=2.852rad/s angle=-2.295) wheel_xy: L=(-3.665269119345813, -5.665269119345811) R=(-3.0147308806541866, -5.014730880654189)
[drive:lidar_random] cmd_vel=(linear.x=0.485, angular.z=0.000) odom=(-4.540,-4.140,2.356) map_cell=(70,40) motors: left(v=0.485m/s phi_dot=2.852rad/s angle=1.220) right(v=0.485m/s phi_dot=2.852rad/s angle=1.405) wheel_xy: L=(-4.86526911934581, -4.465269119345815) R=(-4.214730880654192, -3.8147308806541864)
[drive:lidar_random] cmd_vel=(linear.x=0.343, angular.z=2.244) odom=(-5.620,-2.940,2.356) map_cell=(61,50) motors: left(v=-0.689m/s phi_dot=-4.055rad/s angle=-2.155) right(v=1.375m/s phi_dot=8.089rad/s angle=-1.971) wheel_xy: L=(-5.945269119345812, -3.2652691193458123) R=(-5.294730880654188, -2.6147308806541885)
[drive:lidar_random] cmd_vel=(linear.x=0.485, angular.z=0.000) odom=(-6.820,-1.740,2.356) map_cell=(51,60) motors: left(v=0.485m/s phi_dot=2.852rad/s angle=1.544) right(v=0.485m/s phi_dot=2.852rad/s angle=1.729) wheel_xy: L=(-7.145269119345812, -2.065269119345812) R=(-6.494730880654188, -1.4147308806541883)
[drive:lidar_random] cmd_vel=(linear.x=0.485, angular.z=0.000) odom=(-8.020,-0.540,2.356) map_cell=(41,70) motors: left(v=0.485m/s phi_dot=2.852rad/s angle=-1.040) right(v=0.485m/s phi_dot=2.852rad/s angle=-0.855) wheel_xy: L=(-8.345269119345812, -0.8652691193458127) R=(-7.694730880654188, -0.2147308806541891)
[drive:lidar_random] cmd_vel=(linear.x=0.485, angular.z=0.000) odom=(-9.220,0.660,2.356) map_cell=(31,80) motors: left(v=0.485m/s phi_dot=2.852rad/s angle=2.660) right(v=0.485m/s phi_dot=2.852rad/s angle=2.845) wheel_xy: L=(-9.545269119345813, 0.3347308806541883) R=(-8.894730880654189, 0.985269119345812)
[drive:lidar_random] cmd_vel=(linear.x=0.485, angular.z=0.000) odom=(-10.420,1.860,2.356) map_cell=(21,90) motors: left(v=0.485m/s phi_dot=2.852rad/s angle=0.076) right(v=0.485m/s phi_dot=2.852rad/s angle=0.261) wheel_xy: L=(-10.745269119345812, 1.5347308806541875) R=(-10.094730880654188, 2.1852691193458114)
[drive:lidar_random] cmd_vel=(linear.x=0.343, angular.z=-2.244) odom=(-11.620,2.700,2.356) map_cell=(11,97) motors: left(v=1.375m/s phi_dot=8.089rad/s angle=1.900) right(v=-0.689m/s phi_dot=-4.055rad/s angle=2.085) wheel_xy: L=(-11.945269119345811, 2.374730880654185) R=(-11.29473088065419, 3.0252691193458134)
[drive:lidar_random] cmd_vel=(linear.x=0.343, angular.z=0.000) odom=(-11.620,2.820,0.000) map_cell=(11,98) motors: left(v=0.343m/s phi_dot=2.017rad/s angle=2.378) right(v=0.343m/s phi_dot=2.017rad/s angle=-1.318) wheel_xy: L=(-11.620000000000001, 3.2800000000000002) R=(-11.620000000000001, 2.3600000000000003)
[drive:lidar_random] cmd_vel=(linear.x=0.343, angular.z=0.000) odom=(-10.420,2.820,0.000) map_cell=(21,98) motors: left(v=0.343m/s phi_dot=2.017rad/s angle=-3.130) right(v=0.343m/s phi_dot=2.017rad/s angle=-0.543) wheel_xy: L=(-10.42, 3.2800000000000002) R=(-10.42, 2.3600000000000003)
[drive:lidar_random] cmd_vel=(linear.x=0.343, angular.z=0.000) odom=(-9.220,2.820,0.000) map_cell=(31,98) motors: left(v=0.343m/s phi_dot=2.017rad/s angle=-2.354) right(v=0.343m/s phi_dot=2.017rad/s angle=0.233) wheel_xy: L=(-9.22, 3.2800000000000002) R=(-9.22, 2.3600000000000003)
[drive:lidar_random] cmd_vel=(linear.x=0.485, angular.z=0.000) odom=(-8.020,2.460,-0.785) map_cell=(41,95) motors: left(v=0.485m/s phi_dot=2.852rad/s angle=1.131) right(v=0.485m/s phi_dot=2.852rad/s angle=-0.532) wheel_xy: L=(-7.694730880654188, 2.785269119345811) R=(-8.345269119345812, 2.134730880654187)
[drive:lidar_random] cmd_vel=(linear.x=0.485, angular.z=0.000) odom=(-6.820,1.740,-0.785) map_cell=(51,89) motors: left(v=0.485m/s phi_dot=2.852rad/s angle=-3.121) right(v=0.485m/s phi_dot=2.852rad/s angle=1.499) wheel_xy: L=(-6.494730880654189, 2.0652691193458135) R=(-7.145269119345811, 1.4147308806541872)
[drive:lidar_random] cmd_vel=(linear.x=0.485, angular.z=-0.000) odom=(-5.620,0.540,-0.785) map_cell=(61,79) motors: left(v=0.485m/s phi_dot=2.852rad/s angle=0.578) right(v=0.485m/s phi_dot=2.852rad/s angle=-1.085) wheel_xy: L=(-5.294730880654187, 0.8652691193458097) R=(-5.945269119345813, 0.2147308806541885)
[drive:lidar_random] cmd_vel=(linear.x=0.485, angular.z=0.000) odom=(-4.420,0.060,-0.785) map_cell=(71,75) motors: left(v=0.485m/s phi_dot=2.852rad/s angle=2.025) right(v=0.485m/s phi_dot=2.852rad/s angle=0.361) wheel_xy: L=(-4.094730880654191, 0.38526911934581476) R=(-4.745269119345809, -0.26526911934581376)
[drive:lidar_random] cmd_vel=(linear.x=0.485, angular.z=-0.000) odom=(-3.220,-1.140,-0.785) map_cell=(81,65) motors: left(v=0.485m/s phi_dot=2.852rad/s angle=-0.559) right(v=0.485m/s phi_dot=2.852rad/s angle=-2.222) wheel_xy: L=(-2.8947308806541874, -0.81473088065419) R=(-3.545269119345814, -1.4652691193458112)
[drive:lidar_random] cmd_vel=(linear.x=0.485, angular.z=0.000) odom=(-2.020,-2.340,-0.785) map_cell=(91,55) motors: left(v=0.485m/s phi_dot=2.852rad/s angle=3.140) right(v=0.485m/s phi_dot=2.852rad/s angle=1.477) wheel_xy: L=(-1.69473088065419, -2.0147308806541857) R=(-2.345269119345809, -2.665269119345814)
[drive:lidar_random] cmd_vel=(linear.x=0.485, angular.z=0.000) odom=(-0.820,-3.540,-0.785) map_cell=(101,45) motors: left(v=0.485m/s phi_dot=2.852rad/s angle=0.557) right(v=0.485m/s phi_dot=2.852rad/s angle=-1.107) wheel_xy: L=(-0.49473088065418963, -3.2147308806541868) R=(-1.1452691193458109, -3.8652691193458133)
[drive:lidar_random] cmd_vel=(linear.x=0.485, angular.z=-0.000) odom=(0.380,-4.500,-0.785) map_cell=(111,37) motors: left(v=0.485m/s phi_dot=2.852rad/s angle=-3.111) right(v=0.485m/s phi_dot=2.852rad/s angle=1.509) wheel_xy: L=(0.705269119345812, -4.174730880654189) R=(0.05473088065418591, -4.825269119345811)
[drive:lidar_random] cmd_vel=(linear.x=0.485, angular.z=0.000) odom=(1.580,-5.580,-0.785) map_cell=(121,28) motors: left(v=0.485m/s phi_dot=2.852rad/s angle=-0.203) right(v=0.485m/s phi_dot=2.852rad/s angle=-1.866) wheel_xy: L=(1.9052691193458107, -5.254730880654187) R=(1.2547308806541895, -5.905269119345813)
[drive:lidar_random] cmd_vel=(linear.x=0.343, angular.z=0.000) odom=(2.780,-6.540,0.000) map_cell=(131,20) motors: left(v=0.343m/s phi_dot=2.017rad/s angle=0.580) right(v=0.343m/s phi_dot=2.017rad/s angle=-3.116) wheel_xy: L=(2.7799999999999994, -6.08) R=(2.7799999999999994, -7.0)
[drive:lidar_random] cmd_vel=(linear.x=0.485, angular.z=0.000) odom=(3.980,-7.260,-0.785) map_cell=(141,14) motors: left(v=0.485m/s phi_dot=2.852rad/s angle=-1.341) right(v=0.485m/s phi_dot=2.852rad/s angle=-3.004) wheel_xy: L=(4.30526911934581, -6.934730880654185) R=(3.654730880654191, -7.585269119345814)
[drive:lidar_random] cmd_vel=(linear.x=0.485, angular.z=-0.000) odom=(4.460,-7.740,2.356) map_cell=(145,10) motors: left(v=0.485m/s phi_dot=2.852rad/s angle=-1.855) right(v=0.485m/s phi_dot=2.852rad/s angle=0.917) wheel_xy: L=(4.134730880654185, -8.065269119345809) R=(4.785269119345816, -7.414730880654192)
[drive:lidar_random] cmd_vel=(linear.x=0.485, angular.z=0.000) odom=(3.260,-6.540,2.356) map_cell=(135,20) motors: left(v=0.485m/s phi_dot=2.852rad/s angle=1.844) right(v=0.485m/s phi_dot=2.852rad/s angle=-1.667) wheel_xy: L=(2.9347308806541874, -6.865269119345813) R=(3.5852691193458086, -6.214730880654187)
[drive:lidar_random] cmd_vel=(linear.x=-0.000, angular.z=4.488) odom=(3.140,-5.460,3.142) map_cell=(134,29) motors: left(v=-2.064m/s phi_dot=-12.144rad/s angle=-0.418) right(v=2.064m/s phi_dot=12.144rad/s angle=0.321) wheel_xy: L=(3.1400000000000006, -5.92) R=(3.1400000000000006, -5.0)
[drive:lidar_random] cmd_vel=(linear.x=0.485, angular.z=-0.000) odom=(2.180,-4.380,2.356) map_cell=(126,38) motors: left(v=0.485m/s phi_dot=2.852rad/s angle=-2.545) right(v=0.485m/s phi_dot=2.852rad/s angle=0.227) wheel_xy: L=(1.8547308806541867, -4.705269119345811) R=(2.505269119345813, -4.054730880654189)
[drive:lidar_random] cmd_vel=(linear.x=0.485, angular.z=-0.000) odom=(1.100,-3.180,2.356) map_cell=(117,48) motors: left(v=0.485m/s phi_dot=2.852rad/s angle=0.363) right(v=0.485m/s phi_dot=2.852rad/s angle=3.135) wheel_xy: L=(0.7747308806541877, -3.5052691193458125) R=(1.4252691193458116, -2.8547308806541887)
[drive:lidar_random] cmd_vel=(linear.x=0.485, angular.z=-0.000) odom=(0.020,-2.220,2.356) map_cell=(108,56) motors: left(v=0.485m/s phi_dot=2.852rad/s angle=1.980) right(v=0.485m/s phi_dot=2.852rad/s angle=-1.531) wheel_xy: L=(-0.3052691193458123, -2.5452691193458126) R=(0.34526911934581145, -1.8947308806541887)
[drive:lidar_random] cmd_vel=(linear.x=0.485, angular.z=0.000) odom=(-1.180,-1.020,2.356) map_cell=(98,66) motors: left(v=0.485m/s phi_dot=2.852rad/s angle=-0.603) right(v=0.485m/s phi_dot=2.852rad/s angle=2.169) wheel_xy: L=(-1.5052691193458128, -1.345269119345811) R=(-0.8547308806541867, -0.6947308806541899)
[drive:lidar_random] cmd_vel=(linear.x=0.485, angular.z=0.000) odom=(-2.380,0.180,2.356) map_cell=(88,76) motors: left(v=0.485m/s phi_dot=2.852rad/s angle=3.096) right(v=0.485m/s phi_dot=2.852rad/s angle=-0.415) wheel_xy: L=(-2.70526911934581, -0.1452691193458146) R=(-2.0547308806541915, 0.5052691193458141)
[drive:lidar_random] cmd_vel=(linear.x=0.485, angular.z=0.000) odom=(-3.580,1.380,2.356) map_cell=(78,86) motors: left(v=0.485m/s phi_dot=2.852rad/s angle=0.512) right(v=0.485m/s phi_dot=2.852rad/s angle=-2.999) wheel_xy: L=(-3.905269119345812, 1.054730880654187) R=(-3.254730880654188, 1.705269119345811)
[drive:lidar_random] cmd_vel=(linear.x=0.343, angular.z=0.000) odom=(-4.780,2.220,3.142) map_cell=(68,93) motors: left(v=0.343m/s phi_dot=2.017rad/s angle=1.003) right(v=0.343m/s phi_dot=2.017rad/s angle=1.742) wheel_xy: L=(-4.780000000000001, 1.759999999999999) R=(-4.780000000000001, 2.679999999999999)
[drive:lidar_random] cmd_vel=(linear.x=0.485, angular.z=-0.000) odom=(-5.980,3.420,2.356) map_cell=(58,103) motors: left(v=0.485m/s phi_dot=2.852rad/s angle=0.252) right(v=0.485m/s phi_dot=2.852rad/s angle=3.024) wheel_xy: L=(-6.305269119345813, 3.0947308806541893) R=(-5.654730880654188, 3.7452691193458105)
[drive:lidar_random] cmd_vel=(linear.x=-0.000, angular.z=4.488) odom=(-6.580,4.500,3.142) map_cell=(53,112) motors: left(v=-2.064m/s phi_dot=-12.144rad/s angle=-0.841) right(v=2.064m/s phi_dot=12.144rad/s angle=-0.102) wheel_xy: L=(-6.58, 4.04) R=(-6.58, 4.96)
[drive:lidar_random] cmd_vel=(linear.x=0.485, angular.z=-0.000) odom=(-7.780,5.580,2.356) map_cell=(43,121) motors: left(v=0.485m/s phi_dot=2.852rad/s angle=-1.884) right(v=0.485m/s phi_dot=2.852rad/s angle=0.888) wheel_xy: L=(-8.105269119345813, 5.254730880654189) R=(-7.454730880654187, 5.905269119345811)
[drive:lidar_random] cmd_vel=(linear.x=0.343, angular.z=0.000) odom=(-8.980,5.700,3.142) map_cell=(33,122) motors: left(v=0.343m/s phi_dot=2.017rad/s angle=3.135) right(v=0.343m/s phi_dot=2.017rad/s angle=-2.409) wheel_xy: L=(-8.98, 5.239999999999999) R=(-8.98, 6.159999999999999)
[drive:lidar_random] cmd_vel=(linear.x=0.485, angular.z=0.000) odom=(-10.180,6.540,2.356) map_cell=(23,129) motors: left(v=0.485m/s phi_dot=2.852rad/s angle=1.507) right(v=0.485m/s phi_dot=2.852rad/s angle=-2.004) wheel_xy: L=(-10.505269119345812, 6.214730880654187) R=(-9.854730880654188, 6.865269119345811)
[drive:lidar_random] cmd_vel=(linear.x=0.485, angular.z=0.000) odom=(-11.380,7.740,2.356) map_cell=(13,139) motors: left(v=0.485m/s phi_dot=2.852rad/s angle=-1.077) right(v=0.485m/s phi_dot=2.852rad/s angle=1.695) wheel_xy: L=(-11.705269119345807, 7.414730880654182) R=(-11.054730880654194, 8.065269119345816)
[drive:lidar_random] cmd_vel=(linear.x=0.343, angular.z=0.000) odom=(-11.860,7.980,0.000) map_cell=(9,141) motors: left(v=0.343m/s phi_dot=2.017rad/s angle=-0.806) right(v=0.343m/s phi_dot=2.017rad/s angle=-1.915) wheel_xy: L=(-11.86, 8.440000000000001) R=(-11.86, 7.5200000000000005)
[drive:lidar_random] cmd_vel=(linear.x=0.343, angular.z=0.000) odom=(-10.660,7.980,0.000) map_cell=(19,141) motors: left(v=0.343m/s phi_dot=2.017rad/s angle=-0.030) right(v=0.343m/s phi_dot=2.017rad/s angle=-1.139) wheel_xy: L=(-10.66, 8.440000000000001) R=(-10.66, 7.5200000000000005)
[drive:lidar_random] cmd_vel=(linear.x=0.343, angular.z=0.000) odom=(-9.460,7.980,0.000) map_cell=(29,141) motors: left(v=0.343m/s phi_dot=2.017rad/s angle=0.745) right(v=0.343m/s phi_dot=2.017rad/s angle=-0.364) wheel_xy: L=(-9.46, 8.440000000000001) R=(-9.46, 7.5200000000000005)
[drive:lidar_random] cmd_vel=(linear.x=0.343, angular.z=-2.244) odom=(-8.260,7.860,-0.785) map_cell=(39,140) motors: left(v=1.375m/s phi_dot=8.089rad/s angle=-2.637) right(v=-0.689m/s phi_dot=-4.055rad/s angle=-1.713) wheel_xy: L=(-7.934730880654185, 8.18526911934581) R=(-8.585269119345813, 7.53473088065419)
[drive:lidar_random] cmd_vel=(linear.x=0.485, angular.z=-0.000) odom=(-7.060,7.020,-0.785) map_cell=(49,133) motors: left(v=0.485m/s phi_dot=2.852rad/s angle=-0.314) right(v=0.485m/s phi_dot=2.852rad/s angle=0.610) wheel_xy: L=(-6.734730880654188, 7.345269119345811) R=(-7.385269119345813, 6.6947308806541885)
[drive:lidar_random] cmd_vel=(linear.x=0.485, angular.z=0.000) odom=(-5.860,5.820,-0.785) map_cell=(59,123) motors: left(v=0.485m/s phi_dot=2.852rad/s angle=-2.898) right(v=0.485m/s phi_dot=2.852rad/s angle=-1.974) wheel_xy: L=(-5.534730880654189, 6.145269119345813) R=(-6.185269119345811, 5.4947308806541875)
[drive:lidar_random] cmd_vel=(linear.x=0.485, angular.z=0.000) odom=(-4.660,4.620,-0.785) map_cell=(69,113) motors: left(v=0.485m/s phi_dot=2.852rad/s angle=0.802) right(v=0.485m/s phi_dot=2.852rad/s angle=1.726) wheel_xy: L=(-4.334730880654188, 4.945269119345811) R=(-4.985269119345812, 4.294730880654187)
[drive:lidar_random] cmd_vel=(linear.x=0.485, angular.z=0.000) odom=(-3.460,3.420,-0.785) map_cell=(79,103) motors: left(v=0.485m/s phi_dot=2.852rad/s angle=-1.782) right(v=0.485m/s phi_dot=2.852rad/s angle=-0.858) wheel_xy: L=(-3.134730880654189, 3.745269119345812) R=(-3.785269119345813, 3.094730880654188)
[drive:lidar_random] cmd_vel=(linear.x=0.485, angular.z=0.000) odom=(-2.260,2.460,-0.785) map_cell=(89,95) motors: left(v=0.485m/s phi_dot=2.852rad/s angle=0.834) right(v=0.485m/s phi_dot=2.852rad/s angle=1.758) wheel_xy: L=(-1.9347308806541879, 2.785269119345811) R=(-2.5852691193458117, 2.134730880654187)
[drive:lidar_random] cmd_vel=(linear.x=0.485, angular.z=0.000) odom=(-1.060,1.260,-0.785) map_cell=(99,85) motors: left(v=0.485m/s phi_dot=2.852rad/s angle=-1.750) right(v=0.485m/s phi_dot=2.852rad/s angle=-0.826) wheel_xy: L=(-0.7347308806541887, 1.5852691193458117) R=(-1.3852691193458124, 0.9347308806541879)
[drive:lidar_random] cmd_vel=(linear.x=0.343, angular.z=0.000) odom=(0.140,1.260,0.000) map_cell=(109,85) motors: left(v=0.343m/s phi_dot=2.017rad/s angle=2.977) right(v=0.343m/s phi_dot=2.017rad/s angle=1.868) wheel_xy: L=(0.1399999999999988, 1.7199999999999998) R=(0.1399999999999988, 0.7999999999999998)
[drive:lidar_random] cmd_vel=(linear.x=0.343, angular.z=0.000) odom=(1.340,0.300,0.000) map_cell=(119,77) motors: left(v=0.343m/s phi_dot=2.017rad/s angle=-0.691) right(v=0.343m/s phi_dot=2.017rad/s angle=-1.799) wheel_xy: L=(1.3399999999999999, 0.7599999999999989) R=(1.3399999999999999, -0.16000000000000109)
[drive:lidar_random] cmd_vel=(linear.x=0.485, angular.z=0.000) odom=(2.420,-0.900,-0.785) map_cell=(128,67) motors: left(v=0.485m/s phi_dot=2.852rad/s angle=-2.233) right(v=0.485m/s phi_dot=2.852rad/s angle=-1.309) wheel_xy: L=(2.745269119345809, -0.5747308806541861) R=(2.0947308806541907, -1.2252691193458145)
[drive:lidar_random] cmd_vel=(linear.x=0.485, angular.z=0.000) odom=(3.620,-2.100,-0.785) map_cell=(138,57) motors: left(v=0.485m/s phi_dot=2.852rad/s angle=1.467) right(v=0.485m/s phi_dot=2.852rad/s angle=2.391) wheel_xy: L=(3.9452691193458116, -1.7747308806541875) R=(3.2947308806541904, -2.425269119345814)
[drive:lidar_random] cmd_vel=(linear.x=0.485, angular.z=0.000) odom=(4.820,-3.300,-0.785) map_cell=(148,47) motors: left(v=0.485m/s phi_dot=2.852rad/s angle=-1.117) right(v=0.485m/s phi_dot=2.852rad/s angle=-0.193) wheel_xy: L=(5.1452691193458095, -2.9747308806541857) R=(4.494730880654191, -3.625269119345814)
[drive:lidar_random] cmd_vel=(linear.x=0.485, angular.z=0.000) odom=(6.020,-4.500,-0.785) map_cell=(158,37) motors: left(v=0.485m/s phi_dot=2.852rad/s angle=2.582) right(v=0.485m/s phi_dot=2.852rad/s angle=-2.777) wheel_xy: L=(6.345269119345811, -4.174730880654187) R=(5.6947308806541885, -4.825269119345813)
[drive:lidar_random] cmd_vel=(linear.x=0.485, angular.z=0.000) odom=(7.220,-5.700,-0.785) map_cell=(168,27) motors: left(v=0.485m/s phi_dot=2.852rad/s angle=-0.001) right(v=0.485m/s phi_dot=2.852rad/s angle=0.923) wheel_xy: L=(7.54526911934581, -5.374730880654187) R=(6.894730880654188, -6.025269119345813)
[drive:lidar_random] cmd_vel=(linear.x=0.485, angular.z=0.000) odom=(8.180,-6.900,-0.785) map_cell=(176,17) motors: left(v=0.485m/s phi_dot=2.852rad/s angle=2.614) right(v=0.485m/s phi_dot=2.852rad/s angle=-2.745) wheel_xy: L=(8.50526911934581, -6.5747308806541875) R=(7.854730880654189, -7.225269119345813)
[drive:lidar_random] cmd_vel=(linear.x=0.343, angular.z=-2.244) odom=(9.380,-7.860,-0.785) map_cell=(186,9) motors: left(v=1.375m/s phi_dot=8.089rad/s angle=-1.552) right(v=-0.689m/s phi_dot=-4.055rad/s angle=-0.628) wheel_xy: L=(9.70526911934581, -7.5347308806541875) R=(9.054730880654189, -8.185269119345813)
[drive:lidar_random] cmd_vel=(linear.x=0.343, angular.z=0.000) odom=(9.620,-7.500,1.571) map_cell=(188,12) motors: left(v=0.343m/s phi_dot=2.017rad/s angle=-2.523) right(v=0.343m/s phi_dot=2.017rad/s angle=-1.414) wheel_xy: L=(9.159999999999997, -7.5) R=(10.079999999999998, -7.5)
[drive:lidar_random] cmd_vel=(linear.x=0.343, angular.z=0.000) odom=(9.620,-6.300,1.571) map_cell=(188,22) motors: left(v=0.343m/s phi_dot=2.017rad/s angle=-1.748) right(v=0.343m/s phi_dot=2.017rad/s angle=-0.639) wheel_xy: L=(9.159999999999997, -6.300000000000001) R=(10.079999999999998, -6.300000000000001)
[drive:lidar_random] cmd_vel=(linear.x=0.242, angular.z=-2.244) odom=(9.380,-5.100,1.571) map_cell=(186,32) motors: left(v=1.275m/s phi_dot=7.498rad/s angle=-0.886) right(v=-0.790m/s phi_dot=-4.646rad/s angle=0.223) wheel_xy: L=(8.919999999999998, -5.1) R=(9.84, -5.1)
[drive:lidar_random] cmd_vel=(linear.x=0.485, angular.z=0.000) odom=(8.780,-3.900,2.356) map_cell=(181,42) motors: left(v=0.485m/s phi_dot=2.852rad/s angle=-1.066) right(v=0.485m/s phi_dot=2.852rad/s angle=-1.990) wheel_xy: L=(8.454730880654187, -4.225269119345813) R=(9.105269119345808, -3.574730880654187)
[drive:lidar_random] cmd_vel=(linear.x=0.485, angular.z=0.000) odom=(7.580,-2.700,2.356) map_cell=(171,52) motors: left(v=0.485m/s phi_dot=2.852rad/s angle=2.633) right(v=0.485m/s phi_dot=2.852rad/s angle=1.709) wheel_xy: L=(7.254730880654188, -3.0252691193458134) R=(7.9052691193458084, -2.374730880654187)
[drive:lidar_random] cmd_vel=(linear.x=0.485, angular.z=0.000) odom=(6.380,-1.500,2.356) map_cell=(161,62) motors: left(v=0.485m/s phi_dot=2.852rad/s angle=0.050) right(v=0.485m/s phi_dot=2.852rad/s angle=-0.874) wheel_xy: L=(6.054730880654189, -1.825269119345813) R=(6.705269119345809, -1.174730880654187)
[drive:lidar_random] cmd_vel=(linear.x=0.485, angular.z=-0.000) odom=(5.300,-0.300,2.356) map_cell=(152,72) motors: left(v=0.485m/s phi_dot=2.852rad/s angle=2.957) right(v=0.485m/s phi_dot=2.852rad/s angle=2.033) wheel_xy: L=(4.974730880654186, -0.6252691193458102) R=(5.625269119345815, 0.025269119345808833)
[drive:lidar_random] cmd_vel=(linear.x=0.485, angular.z=-0.000) odom=(4.100,0.660,2.356) map_cell=(142,80) motors: left(v=0.485m/s phi_dot=2.852rad/s angle=-0.710) right(v=0.485m/s phi_dot=2.852rad/s angle=-1.634) wheel_xy: L=(3.774730880654186, 0.3347308806541883) R=(4.42526911934581, 0.985269119345812)
[drive:lidar_random] cmd_vel=(linear.x=0.485, angular.z=0.000) odom=(2.900,1.860,2.356) map_cell=(132,90) motors: left(v=0.485m/s phi_dot=2.852rad/s angle=2.989) right(v=0.485m/s phi_dot=2.852rad/s angle=2.065) wheel_xy: L=(2.5747308806541893, 1.534730880654185) R=(3.225269119345808, 2.1852691193458136)
[drive:lidar_random] cmd_vel=(linear.x=0.485, angular.z=0.000) odom=(1.700,3.060,2.356) map_cell=(122,100) motors: left(v=0.485m/s phi_dot=2.852rad/s angle=0.406) right(v=0.485m/s phi_dot=2.852rad/s angle=-0.518) wheel_xy: L=(1.3747308806541898, 2.7347308806541846) R=(2.0252691193458086, 3.385269119345813)
[drive:lidar_random] cmd_vel=(linear.x=0.343, angular.z=0.000) odom=(0.500,3.660,3.142) map_cell=(112,105) motors: left(v=0.343m/s phi_dot=2.017rad/s angle=-0.188) right(v=0.343m/s phi_dot=2.017rad/s angle=3.139) wheel_xy: L=(0.49999999999999994, 3.2) R=(0.5000000000000001, 4.12)
[drive:lidar_random] cmd_vel=(linear.x=0.343, angular.z=-2.244) odom=(-0.220,4.500,2.356) map_cell=(106,112) motors: left(v=1.375m/s phi_dot=8.089rad/s angle=2.093) right(v=-0.689m/s phi_dot=-4.055rad/s angle=1.169) wheel_xy: L=(-0.5452691193458126, 4.174730880654188) R=(0.10526911934581124, 4.825269119345812)
[drive:lidar_random] cmd_vel=(linear.x=0.242, angular.z=2.244) odom=(-1.420,5.220,3.142) map_cell=(96,118) motors: left(v=-0.790m/s phi_dot=-4.646rad/s angle=0.793) right(v=1.275m/s phi_dot=7.498rad/s angle=-2.163) wheel_xy: L=(-1.42, 4.759999999999999) R=(-1.42, 5.679999999999999)
[drive:lidar_random] cmd_vel=(linear.x=0.343, angular.z=0.000) odom=(-2.620,5.580,3.142) map_cell=(86,121) motors: left(v=0.343m/s phi_dot=2.017rad/s angle=0.949) right(v=0.343m/s phi_dot=2.017rad/s angle=-2.008) wheel_xy: L=(-2.620000000000001, 5.12) R=(-2.620000000000001, 6.04)
[drive:lidar_random] cmd_vel=(linear.x=0.242, angular.z=2.244) odom=(-3.820,6.300,3.142) map_cell=(76,127) motors: left(v=-0.790m/s phi_dot=-4.646rad/s angle=2.480) right(v=1.275m/s phi_dot=7.498rad/s angle=-0.476) wheel_xy: L=(-3.8200000000000003, 5.839999999999999) R=(-3.8200000000000003, 6.759999999999999)
[drive:lidar_random] cmd_vel=(linear.x=0.343, angular.z=-2.244) odom=(-5.020,6.900,2.356) map_cell=(66,132) motors: left(v=1.375m/s phi_dot=8.089rad/s angle=-1.729) right(v=-0.689m/s phi_dot=-4.055rad/s angle=-2.653) wheel_xy: L=(-5.3452691193458115, 6.574730880654186) R=(-4.694730880654189, 7.225269119345811)
[drive:lidar_random] cmd_vel=(linear.x=0.242, angular.z=2.244) odom=(-6.220,7.380,3.142) map_cell=(56,136) motors: left(v=-0.790m/s phi_dot=-4.646rad/s angle=2.171) right(v=1.275m/s phi_dot=7.498rad/s angle=-0.786) wheel_xy: L=(-6.220000000000001, 6.919999999999999) R=(-6.220000000000001, 7.839999999999999)
