$ ['python3', '/opt/aic_web/warehouse_nav2_mode.py']

Starting warehouse Nav2 task mode
Generated Nav2 map/keepout files in /workspace/aic_results/nav2_warehouse_map
Use the Map Task window to set keepout zones and send TaskGoal.
(2026-05-09 22:03:07.030) [info] [Gui.cc:332] Gazebo Sim GUI    v9.5.0
(2026-05-09 22:03:07.033) [info] [Gui.cc:224] Copied installed config [/ws_aic/install/share/gz/gz-sim9/gui/gui.config] to default config [/root/.gz/sim/9/gui.config].
(2026-05-09 22:03:07.168) [info] [gz.cc:170] Received world [/opt/aic_web/warehouse_visual.sdf] from the GUI.
(2026-05-09 22:03:07.171) [info] [gz.cc:337] Gazebo Sim Server v9.5.0
QStandardPaths: XDG_RUNTIME_DIR not set, defaulting to '/tmp/runtime-root'
(2026-05-09 22:03:07.249) [info] [ServerPrivate.cc:664] Loading SDF world file[/opt/aic_web/warehouse_visual.sdf].
(2026-05-09 22:03:07.817) [error] [SignalHandler.cc:178] [GUI] 4 Interrupted system call
(2026-05-09 22:03:09.062) [info] [SystemManager.cc:54] Serving entity system service on [/entity/system/add]
(2026-05-09 22:03:09.166) [info] [UserCommands.cc:752] Create service on [/world/warehouse_mobile/create_multiple] (async)
(2026-05-09 22:03:09.166) [info] [UserCommands.cc:754] Create service on [/world/warehouse_mobile/create_multiple/blocking] (blocking)
(2026-05-09 22:03:09.167) [info] [UserCommands.cc:752] Remove service on [/world/warehouse_mobile/remove] (async)
(2026-05-09 22:03:09.167) [info] [UserCommands.cc:754] Remove service on [/world/warehouse_mobile/remove/blocking] (blocking)
(2026-05-09 22:03:09.167) [info] [UserCommands.cc:752] Pose service on [/world/warehouse_mobile/set_pose] (async)
(2026-05-09 22:03:09.167) [info] [UserCommands.cc:754] Pose service on [/world/warehouse_mobile/set_pose/blocking] (blocking)
(2026-05-09 22:03:09.167) [info] [UserCommands.cc:752] Pose service on [/world/warehouse_mobile/set_pose_vector] (async)
(2026-05-09 22:03:09.167) [info] [UserCommands.cc:754] Pose service on [/world/warehouse_mobile/set_pose_vector/blocking] (blocking)
(2026-05-09 22:03:09.167) [info] [UserCommands.cc:752] Light configuration service on [/world/warehouse_mobile/light_config] (async)
(2026-05-09 22:03:09.168) [info] [UserCommands.cc:754] Light configuration service on [/world/warehouse_mobile/light_config/blocking] (blocking)
(2026-05-09 22:03:09.169) [info] [UserCommands.cc:752] Physics service on [/world/warehouse_mobile/set_physics] (async)
(2026-05-09 22:03:09.169) [info] [UserCommands.cc:754] Physics service on [/world/warehouse_mobile/set_physics/blocking] (blocking)
(2026-05-09 22:03:09.169) [info] [UserCommands.cc:752] SphericalCoordinates service on [/world/warehouse_mobile/set_spherical_coordinates] (async)
(2026-05-09 22:03:09.169) [info] [UserCommands.cc:754] SphericalCoordinates service on [/world/warehouse_mobile/set_spherical_coordinates/blocking] (blocking)
(2026-05-09 22:03:09.169) [info] [UserCommands.cc:752] Enable collision service on [/world/warehouse_mobile/enable_collision] (async)
(2026-05-09 22:03:09.169) [info] [UserCommands.cc:754] Enable collision service on [/world/warehouse_mobile/enable_collision/blocking] (blocking)
(2026-05-09 22:03:09.169) [info] [UserCommands.cc:752] Disable collision service on [/world/warehouse_mobile/disable_collision] (async)
(2026-05-09 22:03:09.169) [info] [UserCommands.cc:754] Disable collision service on [/world/warehouse_mobile/disable_collision/blocking] (blocking)
(2026-05-09 22:03:09.170) [info] [UserCommands.cc:752] Material service on [/world/warehouse_mobile/visual_config] (async)
(2026-05-09 22:03:09.170) [info] [UserCommands.cc:754] Material service on [/world/warehouse_mobile/visual_config/blocking] (blocking)
(2026-05-09 22:03:09.170) [info] [UserCommands.cc:752] Material service on [/world/warehouse_mobile/wheel_slip] (async)
(2026-05-09 22:03:09.170) [info] [UserCommands.cc:754] Material service on [/world/warehouse_mobile/wheel_slip/blocking] (blocking)
(2026-05-09 22:03:09.178) [info] [LevelManager.cc:646] Loaded level [default]
(2026-05-09 22:03:09.180) [info] [ServerConfig.cc:1010] Copied installed config [/ws_aic/install/share/gz/gz-sim9/server.config] to default config [/root/.gz/sim/9/server.config].
(2026-05-09 22:03:09.184) [info] [SimulationRunner.cc:275] Serving world controls on [/world/warehouse_mobile/control], [/world/warehouse_mobile/control/state] and [/world/warehouse_mobile/playback/control]
(2026-05-09 22:03:09.184) [warning] [Conversions.cc:735] <gui><camera> can't be converted yet
(2026-05-09 22:03:09.184) [info] [SimulationRunner.cc:301] Serving GUI information on [/world/warehouse_mobile/gui/info]
(2026-05-09 22:03:09.184) [info] [SimulationRunner.cc:304] World [warehouse_mobile] initialized with [1ms] physics profile.
(2026-05-09 22:03:09.184) [info] [SimulationRunner.cc:311] Serving world SDF generation service on [/world/warehouse_mobile/generate_world_sdf]
(2026-05-09 22:03:09.185) [info] [ServerPrivate.cc:344] Serving world names on [/gazebo/worlds]
(2026-05-09 22:03:09.186) [info] [ServerPrivate.cc:357] Resource path add service on [/gazebo/resource_paths/add].
(2026-05-09 22:03:09.186) [info] [ServerPrivate.cc:370] Resource path get service on [/gazebo/resource_paths/get].
(2026-05-09 22:03:09.186) [info] [ServerPrivate.cc:385] Resource path resolve service on [/gazebo/resource_paths/resolve].
(2026-05-09 22:03:09.186) [info] [ServerPrivate.cc:399] Resource paths published on [/gazebo/resource_paths].
(2026-05-09 22:03:09.187) [info] [ServerPrivate.cc:412] Server control service on [/server_control].
(2026-05-09 22:03:09.188) [info] [SimulationRunner.cc:769] Found no publishers on /stats, adding root stats topic
(2026-05-09 22:03:09.295) [info] [SimulationRunner.cc:803] Found no publishers on /clock, adding root clock topic
(2026-05-09 22:03:09.345) [info] [SceneBroadcaster.cc:634] Serving scene information on [/world/warehouse_mobile/scene/info]
(2026-05-09 22:03:09.345) [info] [SceneBroadcaster.cc:643] Serving graph information on [/world/warehouse_mobile/scene/graph]
(2026-05-09 22:03:09.345) [info] [SceneBroadcaster.cc:654] Serving full state on [/world/warehouse_mobile/state]
(2026-05-09 22:03:09.346) [info] [SceneBroadcaster.cc:663] Serving full state (async) on [/world/warehouse_mobile/state_async]
(2026-05-09 22:03:09.346) [info] [SceneBroadcaster.cc:671] Publishing scene information on [/world/warehouse_mobile/scene/info]
(2026-05-09 22:03:09.346) [info] [SceneBroadcaster.cc:680] Publishing entity deletions on [/world/warehouse_mobile/scene/deletion]
(2026-05-09 22:03:09.346) [info] [SceneBroadcaster.cc:689] Publishing state changes on [/world/warehouse_mobile/state]
(2026-05-09 22:03:09.346) [info] [SceneBroadcaster.cc:700] Publishing pose messages on [/world/warehouse_mobile/pose/info]
(2026-05-09 22:03:09.346) [info] [SceneBroadcaster.cc:711] Publishing dynamic pose messages on [/world/warehouse_mobile/dynamic_pose/info]
(2026-05-09 22:03:09.492) [info] [Application.cc:766] [GUI] Added plugin [3D View] to main window
(2026-05-09 22:03:09.493) [info] [Application.cc:652] [GUI] Loaded plugin [MinimalScene] from path [/ws_aic/install/lib/gz-gui-9/plugins/libMinimalScene.so]
(2026-05-09 22:03:09.502) [info] [EntityContextMenu.cc:134] [GUI] Currently tracking topic on [/gui/currently_tracked]
(2026-05-09 22:03:09.532) [info] [Application.cc:766] [GUI] Added plugin [Entity Context Menu] to main window
(2026-05-09 22:03:09.532) [info] [Application.cc:652] [GUI] Loaded plugin [EntityContextMenuPlugin] from path [/ws_aic/install/lib/gz-sim-9/plugins/gui/libEntityContextMenuPlugin.so]
(2026-05-09 22:03:09.585) [info] [Application.cc:766] [GUI] Added plugin [Scene Manager] to main window
(2026-05-09 22:03:09.585) [info] [Application.cc:652] [GUI] Loaded plugin [GzSceneManager] from path [/ws_aic/install/lib/gz-sim-9/plugins/gui/libGzSceneManager.so]
(2026-05-09 22:03:09.590) [info] [InteractiveViewControl.cc:409] [GUI] Camera view controller topic advertised on [/gui/camera/view_control]
(2026-05-09 22:03:09.590) [info] [InteractiveViewControl.cc:417] [GUI] Camera reference visual topic advertised on [/gui/camera/view_control/reference_visual]
(2026-05-09 22:03:09.590) [info] [InteractiveViewControl.cc:427] [GUI] Camera view control sensitivity advertised on [/gui/camera/view_control/sensitivity]
(2026-05-09 22:03:09.604) [info] [Application.cc:766] [GUI] Added plugin [Interactive view control] to main window
(2026-05-09 22:03:09.604) [info] [Application.cc:652] [GUI] Loaded plugin [InteractiveViewControl] from path [/ws_aic/install/lib/gz-gui-9/plugins/libInteractiveViewControl.so]
(2026-05-09 22:03:09.620) [info] [Application.cc:766] [GUI] Added plugin [Camera tracking] to main window
(2026-05-09 22:03:09.620) [info] [Application.cc:652] [GUI] Loaded plugin [CameraTracking] from path [/ws_aic/install/lib/gz-gui-9/plugins/libCameraTracking.so]
(2026-05-09 22:03:09.624) [info] [MarkerManager.cc:752] [GUI] Listening to stats on [/world/warehouse_mobile/stats]
(2026-05-09 22:03:09.635) [info] [Application.cc:766] [GUI] Added plugin [Marker Manager] to main window
(2026-05-09 22:03:09.635) [info] [Application.cc:652] [GUI] Loaded plugin [MarkerManager] from path [/ws_aic/install/lib/gz-gui-9/plugins/libMarkerManager.so]
(2026-05-09 22:03:09.647) [info] [Application.cc:766] [GUI] Added plugin [Select entities] to main window
(2026-05-09 22:03:09.647) [info] [Application.cc:652] [GUI] Loaded plugin [SelectEntities] from path [/ws_aic/install/lib/gz-sim-9/plugins/gui/libSelectEntities.so]
(2026-05-09 22:03:09.664) [info] [Application.cc:766] [GUI] Added plugin [Spawn] to main window
(2026-05-09 22:03:09.665) [info] [Application.cc:652] [GUI] Loaded plugin [Spawn] from path [/ws_aic/install/lib/gz-sim-9/plugins/gui/libSpawn.so]
(2026-05-09 22:03:09.672) [info] [VisualizationCapabilities.cc:2850] [GUI] View as transparent service on [/gui/view/transparent]
(2026-05-09 22:03:09.672) [info] [VisualizationCapabilities.cc:2857] [GUI] View as wireframes service on [/gui/view/wireframes]
(2026-05-09 22:03:09.672) [info] [VisualizationCapabilities.cc:2864] [GUI] View center of mass service on [/gui/view/com]
(2026-05-09 22:03:09.672) [info] [VisualizationCapabilities.cc:2871] [GUI] View inertia service on [/gui/view/inertia]
(2026-05-09 22:03:09.672) [info] [VisualizationCapabilities.cc:2879] [GUI] View collisions service on [/gui/view/collisions]
(2026-05-09 22:03:09.672) [info] [VisualizationCapabilities.cc:2887] [GUI] View joints service on [/gui/view/joints]
(2026-05-09 22:03:09.672) [info] [VisualizationCapabilities.cc:2894] [GUI] View frames service on [/gui/view/frames]
(2026-05-09 22:03:09.682) [info] [Application.cc:766] [GUI] Added plugin [Visualization capabilities] to main window
(2026-05-09 22:03:09.682) [info] [Application.cc:652] [GUI] Loaded plugin [VisualizationCapabilities] from path [/ws_aic/install/lib/gz-sim-9/plugins/gui/libVisualizationCapabilities.so]
(2026-05-09 22:03:09.692) [info] [WorldControl.cc:152] [GUI] Using world control service [/world/warehouse_mobile/control]
(2026-05-09 22:03:09.693) [info] [WorldControl.cc:225] [GUI] Listening to stats on [/world/warehouse_mobile/stats]
(2026-05-09 22:03:09.705) [info] [Application.cc:766] [GUI] Added plugin [World control] to main window
(2026-05-09 22:03:09.705) [info] [Application.cc:652] [GUI] Loaded plugin [WorldControl] from path [/ws_aic/install/lib/gz-gui-9/plugins/libWorldControl.so]
(2026-05-09 22:03:09.712) [info] [WorldStats.cc:156] [GUI] Listening to stats on [/world/warehouse_mobile/stats]
(2026-05-09 22:03:09.724) [info] [Application.cc:766] [GUI] Added plugin [World stats] to main window
(2026-05-09 22:03:09.724) [info] [Application.cc:652] [GUI] Loaded plugin [WorldStats] from path [/ws_aic/install/lib/gz-gui-9/plugins/libWorldStats.so]
(2026-05-09 22:03:09.745) [info] [Application.cc:766] [GUI] Added plugin [Shapes] to main window
(2026-05-09 22:03:09.745) [info] [Application.cc:652] [GUI] Loaded plugin [Shapes] from path [/ws_aic/install/lib/gz-sim-9/plugins/gui/libShapes.so]
(2026-05-09 22:03:09.758) [info] [Application.cc:766] [GUI] Added plugin [Lights] to main window
(2026-05-09 22:03:09.758) [info] [Application.cc:652] [GUI] Loaded plugin [Lights] from path [/ws_aic/install/lib/gz-sim-9/plugins/gui/libLights.so]
(2026-05-09 22:03:09.788) [info] [Application.cc:766] [GUI] Added plugin [Transform control] to main window
(2026-05-09 22:03:09.788) [info] [Application.cc:652] [GUI] Loaded plugin [TransformControl] from path [/ws_aic/install/lib/gz-sim-9/plugins/gui/libTransformControl.so]
(2026-05-09 22:03:09.796) [info] [Screenshot.cc:97] [GUI] Screenshot service on [/gui/screenshot]
(2026-05-09 22:03:09.806) [info] [Application.cc:766] [GUI] Added plugin [Screenshot] to main window
(2026-05-09 22:03:09.806) [info] [Application.cc:652] [GUI] Loaded plugin [Screenshot] from path [/ws_aic/install/lib/gz-gui-9/plugins/libScreenshot.so]
(2026-05-09 22:03:09.821) [info] [Application.cc:766] [GUI] Added plugin [Copy/Paste] to main window
(2026-05-09 22:03:09.821) [info] [Application.cc:652] [GUI] Loaded plugin [CopyPaste] from path [/ws_aic/install/lib/gz-sim-9/plugins/gui/libCopyPaste.so]
(2026-05-09 22:03:09.897) [info] [Application.cc:766] [GUI] Added plugin [Component inspector] to main window
(2026-05-09 22:03:09.897) [info] [Application.cc:652] [GUI] Loaded plugin [ComponentInspector] from path [/ws_aic/install/lib/gz-sim-9/plugins/gui/libComponentInspector.so]
(2026-05-09 22:03:09.909) [info] [EntityContextMenu.cc:134] [GUI] Currently tracking topic on [/gui/currently_tracked]
(2026-05-09 22:03:09.935) [info] [Application.cc:766] [GUI] Added plugin [Entity tree] to main window
(2026-05-09 22:03:09.935) [info] [Application.cc:652] [GUI] Loaded plugin [EntityTree] from path [/ws_aic/install/lib/gz-sim-9/plugins/gui/libEntityTree.so]
(2026-05-09 22:03:10.989) [info] [RenderEngineManager.cc:514] [GUI] Loading plugin [gz-rendering-ogre2]
(2026-05-09 22:03:11.409) [warning] [Ogre2RenderTarget.cc:668] [GUI] Anti-aliasing level of '' is not supported; valid FSAA levels are: [ 0 ]. Setting to 1
(2026-05-09 22:03:11.623) [info] [CameraTracking.cc:224] [GUI] Move to service on [/gui/move_to]
(2026-05-09 22:03:11.623) [info] [CameraTracking.cc:231] [GUI] Follow service on [/gui/follow] (deprecated)
(2026-05-09 22:03:11.624) [info] [CameraTracking.cc:238] [GUI] Tracking topic on [/gui/track]
(2026-05-09 22:03:11.625) [info] [CameraTracking.cc:245] [GUI] Tracking status topic on [/gui/currently_tracked]
(2026-05-09 22:03:11.625) [info] [CameraTracking.cc:253] [GUI] Move to pose service on [/gui/move_to/pose]
(2026-05-09 22:03:11.625) [info] [CameraTracking.cc:260] [GUI] Camera pose topic advertised on [/gui/camera/pose]
(2026-05-09 22:03:11.625) [info] [CameraTracking.cc:267] [GUI] Follow offset service on [/gui/follow/offset] (deprecated)
TaskGoal rerouted: requested product=ProductG is blocked or unreachable; switched to nearest reachable shelf=ProductR
TaskGoal accepted product=ProductR pickup=(6.55,-5.35) drop=(-8.53,4.18) keepouts=1
pick_up product=ProductR storage=StorageR slot=(6.55,-4.20,1.02)
b'data: true\n\n'drop_off product=ProductR target=(-8.53,4.18)
