$ ['/entrypoint.sh', 'gazebo_gui:=true', 'launch_rviz:=true', 'ground_truth:=false', 'start_aic_engine:=true', 'shutdown_on_aic_engine_exit:=true', 'model_discovery_timeout_seconds:=600']

ZENOH_CONFIG_OVERRIDE_ROUTER=mode="router";listen/endpoints=["tcp/[::]:7447"];connect/endpoints=[];routing/router/peers_failover_brokering=true;transport/shared_memory/enabled=false
ZENOH_CONFIG_OVERRIDE_PEER=;transport/shared_memory/enabled=false
[2m2026-05-08T20:23:30.062835Z[0m [32m INFO[0m ThreadId(02) [2mzenoh::net::runtime[0m[2m:[0m Using ZID: 3dc17c871579918da2ee12c299dd7f41
[2m2026-05-08T20:23:30.067300Z[0m [33m WARN[0m ThreadId(02) [2mzenoh::net::routing::interceptor::authorization[0m[2m:[0m Rule 'deny_rule' flows list is not set. Setting it to both Ingress and Egress
[INFO] [launch]: All log files can be found below /root/.ros/log/2026-05-08-20-23-30-076847-2efe26165337-314
[INFO] [launch]: Default logging verbosity is set to INFO
[2m2026-05-08T20:23:30.095779Z[0m [32m INFO[0m ThreadId(02) [2mzenoh::net::runtime::orchestrator[0m[2m:[0m Zenoh can be reached at: tcp/172.19.0.2:7447
Started Zenoh router with id 3dc17c871579918da2ee12c299dd7f41
[2m2026-05-08T20:23:30.642248Z[0m [32m INFO[0m acc-0 ThreadId(04) [2mzenoh::net::routing::interceptor::access_control[0m[2m:[0m dd185dac1d64872b3c4cfaab84876ca did not match any configured ACL subject. Default permission `Allow` will be applied on all messages
[INFO] [robot_state_publisher-1]: process started with pid [387]
[INFO] [aic_adapter-2]: process started with pid [389]
[INFO] [component_container-3]: process started with pid [391]
[INFO] [gz-4]: process started with pid [393]
[INFO] [create-5]: process started with pid [395]
[INFO] [aic_engine-6]: process started with pid [397]
[2m2026-05-08T20:23:31.099097Z[0m [32m INFO[0m acc-0 ThreadId(04) [2mzenoh::net::routing::interceptor::access_control[0m[2m:[0m 3f8020c6882373b5147806f1c4df0a9b did not match any configured ACL subject. Default permission `Allow` will be applied on all messages
[2m2026-05-08T20:23:31.102739Z[0m [32m INFO[0m acc-0 ThreadId(04) [2mzenoh::net::routing::interceptor::access_control[0m[2m:[0m d168a811e61b02c05d3d9f2a4a1ec412 did not match any configured ACL subject. Default permission `Allow` will be applied on all messages
[2m2026-05-08T20:23:31.117200Z[0m [32m INFO[0m acc-0 ThreadId(04) [2mzenoh::net::routing::interceptor::access_control[0m[2m:[0m e8231e42a130283b20d78d6c58a2f0b7 did not match any configured ACL subject. Default permission `Allow` will be applied on all messages
[2m2026-05-08T20:23:31.154929Z[0m [32m INFO[0m acc-0 ThreadId(04) [2mzenoh::net::routing::interceptor::access_control[0m[2m:[0m 2d0c5906d7fca3aa69f904eb0de99437 did not match any configured ACL subject. Default permission `Allow` will be applied on all messages
[2m2026-05-08T20:23:31.174944Z[0m [32m INFO[0m acc-0 ThreadId(04) [2mzenoh::net::routing::interceptor::access_control[0m[2m:[0m 1a366dc253fd5d90297fcb5cf7e3e9cb did not match any configured ACL subject. Default permission `Allow` will be applied on all messages
[aic_adapter-2] [INFO] [1778271811.284666968] [aic_adapter_node]: Adapter node initialization complete.
[component_container-3] [INFO] [1778271811.291007968] [ros_gz_container]: Load Library: /ws_aic/install/lib/libgzserver_component.so
[aic_engine-6] [INFO] [1778271811.296543135] [aic_engine]: Creating AIC Engine...
[aic_engine-6] [INFO] [1778271811.299020093] [aic_engine]: Scoring output directory set to: /workspace/aic_results
[robot_state_publisher-1] [INFO] [1778271811.298781510] [robot_state_publisher]: Robot initialized
[aic_engine-6] [INFO] [1778271811.300023176] [aic_engine]: [1;36m╔════════════════════════════════════════╗[0m
[aic_engine-6] [INFO] [1778271811.300078926] [aic_engine]: [1;36m║   Initializing AIC Engine...           ║[0m
[aic_engine-6] [INFO] [1778271811.300084010] [aic_engine]: [1;36m╚════════════════════════════════════════╝[0m
[aic_engine-6] [INFO] [1778271811.313473510] [aic_engine]: Successfully parsed trial 'trial_1'
[create-5] [INFO] [1778271811.306153010] [ros_gz_sim]: Requesting list of world names.
[aic_engine-6] [INFO] [1778271811.313840176] [aic_engine]: Successfully parsed trial 'trial_2'
[aic_engine-6] [INFO] [1778271811.314004176] [aic_engine]: Successfully parsed trial 'trial_3'
[aic_engine-6] [INFO] [1778271811.314013551] [aic_engine]: Successfully parsed 3 trial(s)
[aic_engine-6] [INFO] [1778271811.314450885] [aic_engine]: Waiting for clock
[component_container-3] [INFO] [1778271811.407449593] [ros_gz_container]: Found class: rclcpp_components::NodeFactoryTemplate<ros_gz_sim::GzServer>
[component_container-3] [INFO] [1778271811.407603635] [ros_gz_container]: Instantiate class: rclcpp_components::NodeFactoryTemplate<ros_gz_sim::GzServer>
[INFO] [launch_ros.actions.load_composable_nodes]: Loaded node '/gz_server' in container '/ros_gz_container'
[component_container-3] [INFO] [1778271811.422929635] [ros_gz_container]: Load Library: /ws_aic/install/lib/libros_gz_bridge.so
[component_container-3] [INFO] [1778271811.484649801] [ros_gz_container]: Found class: rclcpp_components::NodeFactoryTemplate<ros_gz_bridge::RosGzBridge>
[component_container-3] [INFO] [1778271811.484707426] [ros_gz_container]: Instantiate class: rclcpp_components::NodeFactoryTemplate<ros_gz_bridge::RosGzBridge>
[INFO] [launch_ros.actions.load_composable_nodes]: Loaded node '/ros_gz_bridge' in container 'ros_gz_container'
[gz-4] QStandardPaths: XDG_RUNTIME_DIR not set, defaulting to '/tmp/runtime-root'
[component_container-3] (2026-05-08 20:23:31.588) [info] [ServerPrivate.cc:664] Loading SDF world file[/ws_aic/install/share/aic_description/world/aic.sdf].
[gz-4] (2026-05-08 20:23:32.215) [error] [SignalHandler.cc:178] [GUI] 4 Interrupted system call
[component_container-3] [INFO] [1778271812.512549635] [ros_gz_bridge]: Creating GZ->ROS Bridge: [/clock (gz.msgs.Clock) -> /clock (rosgraph_msgs/msg/Clock)] (Lazy 0)
[component_container-3] [INFO] [1778271812.517965385] [ros_gz_bridge]: Creating GZ->ROS Bridge: [/left_camera/image (gz.msgs.Image) -> /left_camera/image (sensor_msgs/msg/Image)] (Lazy 1)
[component_container-3] [INFO] [1778271812.521310885] [ros_gz_bridge]: Creating GZ->ROS Bridge: [/center_camera/image (gz.msgs.Image) -> /center_camera/image (sensor_msgs/msg/Image)] (Lazy 1)
[component_container-3] [INFO] [1778271812.521687635] [ros_gz_bridge]: Creating GZ->ROS Bridge: [/right_camera/image (gz.msgs.Image) -> /right_camera/image (sensor_msgs/msg/Image)] (Lazy 1)
[component_container-3] [INFO] [1778271812.521882969] [ros_gz_bridge]: Creating GZ->ROS Bridge: [/left_camera/camera_info (gz.msgs.CameraInfo) -> /left_camera/camera_info (sensor_msgs/msg/CameraInfo)] (Lazy 1)
[component_container-3] [INFO] [1778271812.522689094] [ros_gz_bridge]: Creating GZ->ROS Bridge: [/center_camera/camera_info (gz.msgs.CameraInfo) -> /center_camera/camera_info (sensor_msgs/msg/CameraInfo)] (Lazy 1)
[component_container-3] [INFO] [1778271812.522851885] [ros_gz_bridge]: Creating GZ->ROS Bridge: [/right_camera/camera_info (gz.msgs.CameraInfo) -> /right_camera/camera_info (sensor_msgs/msg/CameraInfo)] (Lazy 1)
[component_container-3] [INFO] [1778271812.522959010] [ros_gz_bridge]: Creating GZ->ROS Bridge: [/aic/gazebo/contacts/off_limit (gz.msgs.Contacts) -> /aic/gazebo/contacts/off_limit (ros_gz_interfaces/msg/Contacts)] (Lazy 1)
[component_container-3] [INFO] [1778271812.526210094] [ros_gz_bridge]: Creating GZ->ROS Bridge: [/cable_0/pose (gz.msgs.Pose_V) -> /scoring/tf (tf2_msgs/msg/TFMessage)] (Lazy 1)
[component_container-3] [INFO] [1778271812.528164094] [ros_gz_bridge]: Creating GZ->ROS Bridge: [/cable_1/pose (gz.msgs.Pose_V) -> /scoring/tf (tf2_msgs/msg/TFMessage)] (Lazy 1)
[component_container-3] [INFO] [1778271812.530212927] [ros_gz_bridge]: Creating GZ->ROS Bridge: [/cable_2/pose (gz.msgs.Pose_V) -> /scoring/tf (tf2_msgs/msg/TFMessage)] (Lazy 1)
[component_container-3] [INFO] [1778271812.530326677] [ros_gz_bridge]: Creating GZ->ROS Bridge: [/cable_3/pose (gz.msgs.Pose_V) -> /scoring/tf (tf2_msgs/msg/TFMessage)] (Lazy 1)
[component_container-3] [INFO] [1778271812.530416635] [ros_gz_bridge]: Creating GZ->ROS Bridge: [/cable_4/pose (gz.msgs.Pose_V) -> /scoring/tf (tf2_msgs/msg/TFMessage)] (Lazy 1)
[component_container-3] [INFO] [1778271812.530487802] [ros_gz_bridge]: Creating GZ->ROS Bridge: [/task_board/pose_static (gz.msgs.Pose_V) -> /scoring/tf (tf2_msgs/msg/TFMessage)] (Lazy 1)
[component_container-3] [INFO] [1778271812.530548385] [ros_gz_bridge]: Creating GZ->ROS Bridge: [/cable_0/insertion_event (gz.msgs.StringMsg) -> /scoring/insertion_event (std_msgs/msg/String)] (Lazy 1)
[component_container-3] [INFO] [1778271812.532176427] [ros_gz_bridge]: Creating GZ->ROS Bridge: [/cable_1/insertion_event (gz.msgs.StringMsg) -> /scoring/insertion_event (std_msgs/msg/String)] (Lazy 1)
[component_container-3] (2026-05-08 20:23:33.513) [info] [SystemManager.cc:54] Serving entity system service on [/entity/system/add]
[component_container-3] (2026-05-08 20:23:33.561) [info] [UserCommands.cc:752] Create service on [/world/aic_world/create_multiple] (async)
[component_container-3] (2026-05-08 20:23:33.561) [info] [UserCommands.cc:754] Create service on [/world/aic_world/create_multiple/blocking] (blocking)
[component_container-3] (2026-05-08 20:23:33.562) [info] [UserCommands.cc:752] Remove service on [/world/aic_world/remove] (async)
[component_container-3] (2026-05-08 20:23:33.562) [info] [UserCommands.cc:754] Remove service on [/world/aic_world/remove/blocking] (blocking)
[component_container-3] (2026-05-08 20:23:33.562) [info] [UserCommands.cc:752] Pose service on [/world/aic_world/set_pose] (async)
[component_container-3] (2026-05-08 20:23:33.562) [info] [UserCommands.cc:754] Pose service on [/world/aic_world/set_pose/blocking] (blocking)
[component_container-3] (2026-05-08 20:23:33.562) [info] [UserCommands.cc:752] Pose service on [/world/aic_world/set_pose_vector] (async)
[component_container-3] (2026-05-08 20:23:33.562) [info] [UserCommands.cc:754] Pose service on [/world/aic_world/set_pose_vector/blocking] (blocking)
[component_container-3] (2026-05-08 20:23:33.563) [info] [UserCommands.cc:752] Light configuration service on [/world/aic_world/light_config] (async)
[component_container-3] (2026-05-08 20:23:33.563) [info] [UserCommands.cc:754] Light configuration service on [/world/aic_world/light_config/blocking] (blocking)
[component_container-3] (2026-05-08 20:23:33.564) [info] [UserCommands.cc:752] Physics service on [/world/aic_world/set_physics] (async)
[component_container-3] (2026-05-08 20:23:33.564) [info] [UserCommands.cc:754] Physics service on [/world/aic_world/set_physics/blocking] (blocking)
[component_container-3] (2026-05-08 20:23:33.565) [info] [UserCommands.cc:752] SphericalCoordinates service on [/world/aic_world/set_spherical_coordinates] (async)
[component_container-3] (2026-05-08 20:23:33.565) [info] [UserCommands.cc:754] SphericalCoordinates service on [/world/aic_world/set_spherical_coordinates/blocking] (blocking)
[component_container-3] (2026-05-08 20:23:33.565) [info] [UserCommands.cc:752] Enable collision service on [/world/aic_world/enable_collision] (async)
[component_container-3] (2026-05-08 20:23:33.565) [info] [UserCommands.cc:754] Enable collision service on [/world/aic_world/enable_collision/blocking] (blocking)
[component_container-3] (2026-05-08 20:23:33.565) [info] [UserCommands.cc:752] Disable collision service on [/world/aic_world/disable_collision] (async)
[component_container-3] (2026-05-08 20:23:33.565) [info] [UserCommands.cc:754] Disable collision service on [/world/aic_world/disable_collision/blocking] (blocking)
[component_container-3] (2026-05-08 20:23:33.566) [info] [UserCommands.cc:752] Material service on [/world/aic_world/visual_config] (async)
[component_container-3] (2026-05-08 20:23:33.566) [info] [UserCommands.cc:754] Material service on [/world/aic_world/visual_config/blocking] (blocking)
[component_container-3] (2026-05-08 20:23:33.566) [info] [UserCommands.cc:752] Material service on [/world/aic_world/wheel_slip] (async)
[component_container-3] (2026-05-08 20:23:33.566) [info] [UserCommands.cc:754] Material service on [/world/aic_world/wheel_slip/blocking] (blocking)
[component_container-3] (2026-05-08 20:23:33.566) [debug] [SystemManager.cc:80] Loaded system [gz::sim::systems::UserCommands] for entity [1]
[component_container-3] (2026-05-08 20:23:33.661) [debug] [Physics.cc:967] Loaded [gz::physics::bullet_featherstone::Plugin] from library [/ws_aic/install/lib/gz-physics-8/engine-plugins/libgz-physics-bullet-featherstone-plugin.so]
[component_container-3] (2026-05-08 20:23:33.661) [debug] [SystemManager.cc:80] Loaded system [gz::sim::systems::Physics] for entity [1]
[component_container-3] (2026-05-08 20:23:33.683) [debug] [Sensors.cc:697] Configuring Sensors system
[component_container-3] (2026-05-08 20:23:33.685) [debug] [Sensors.cc:557] SensorsPrivate::Run
[component_container-3] (2026-05-08 20:23:33.685) [debug] [SystemManager.cc:80] Loaded system [gz::sim::systems::Sensors] for entity [1]
[component_container-3] (2026-05-08 20:23:33.686) [debug] [Sensors.cc:532] SensorsPrivate::RenderThread started
[component_container-3] (2026-05-08 20:23:33.686) [debug] [Sensors.cc:337] Waiting for init
[component_container-3] (2026-05-08 20:23:33.690) [debug] [ScoringPlugin.cc:45] aic_gazebo::ScoringPlugin::Configure on entity: 1
[component_container-3] (2026-05-08 20:23:33.692) [debug] [SystemManager.cc:80] Loaded system [aic_gazebo::ScoringPlugin] for entity [1]
[component_container-3] (2026-05-08 20:23:33.694) [debug] [WorldSdfGeneratorPlugin.cc:47] aic_gazebo::WorldSdfGeneratorPlugin::Configure
[component_container-3] (2026-05-08 20:23:33.695) [debug] [SystemManager.cc:80] Loaded system [aic_gazebo::WorldSdfGeneratorPlugin] for entity [1]
[component_container-3] (2026-05-08 20:23:33.698) [debug] [SystemManager.cc:80] Loaded system [gz::sim::systems::Contact] for entity [1]
[component_container-3] (2026-05-08 20:23:33.699) [info] [LevelManager.cc:646] Loaded level [default]
[component_container-3] (2026-05-08 20:23:33.700) [info] [ServerConfig.cc:1010] Copied installed config [/ws_aic/install/share/gz/gz-sim9/server.config] to default config [/root/.gz/sim/9/server.config].
[component_container-3] (2026-05-08 20:23:33.701) [debug] [ServerConfig.cc:1025] Loading (3) plugins from file [/root/.gz/sim/9/server.config]
[component_container-3] (2026-05-08 20:23:33.701) [debug] [SimulationRunner.cc:1696] Additional plugins to load:
[component_container-3] (2026-05-08 20:23:33.701) [debug] [SimulationRunner.cc:1699] gz::sim::systems::SceneBroadcaster gz-sim-scene-broadcaster-system
[component_container-3] (2026-05-08 20:23:33.708) [debug] [SystemManager.cc:80] Loaded system [gz::sim::systems::SceneBroadcaster] for entity [1]
[component_container-3] (2026-05-08 20:23:33.710) [info] [SimulationRunner.cc:275] Serving world controls on [/world/aic_world/control], [/world/aic_world/control/state] and [/world/aic_world/playback/control]
[component_container-3] (2026-05-08 20:23:33.711) [info] [SimulationRunner.cc:301] Serving GUI information on [/world/aic_world/gui/info]
[component_container-3] (2026-05-08 20:23:33.711) [info] [SimulationRunner.cc:304] World [aic_world] initialized with [2ms] physics profile.
[component_container-3] (2026-05-08 20:23:33.711) [info] [SimulationRunner.cc:311] Serving world SDF generation service on [/world/aic_world/generate_world_sdf]
[component_container-3] (2026-05-08 20:23:33.712) [info] [ServerPrivate.cc:344] Serving world names on [/gazebo/worlds]
[component_container-3] (2026-05-08 20:23:33.712) [info] [ServerPrivate.cc:357] Resource path add service on [/gazebo/resource_paths/add].
[component_container-3] (2026-05-08 20:23:33.712) [info] [ServerPrivate.cc:370] Resource path get service on [/gazebo/resource_paths/get].
[component_container-3] (2026-05-08 20:23:33.712) [info] [ServerPrivate.cc:385] Resource path resolve service on [/gazebo/resource_paths/resolve].
[component_container-3] (2026-05-08 20:23:33.712) [info] [ServerPrivate.cc:399] Resource paths published on [/gazebo/resource_paths].
[component_container-3] (2026-05-08 20:23:33.712) [info] [ServerPrivate.cc:412] Server control service on [/server_control].
[component_container-3] (2026-05-08 20:23:33.713) [info] [SimulationRunner.cc:769] Found no publishers on /stats, adding root stats topic
[component_container-3] (2026-05-08 20:23:33.715) [info] [SimulationRunner.cc:803] Found no publishers on /clock, adding root clock topic
[create-5] [INFO] [1778271813.925788928] [ros_gz_sim]: Entity creation successful.
[component_container-3] (2026-05-08 20:23:33.936) [debug] [SimulationRunner.cc:573] Creating PostUpdate worker threads: 5
[component_container-3] (2026-05-08 20:23:33.938) [debug] [SimulationRunner.cc:584] Creating postupdate worker thread (0)
[component_container-3] (2026-05-08 20:23:33.939) [debug] [SimulationRunner.cc:584] Creating postupdate worker thread (1)
[component_container-3] (2026-05-08 20:23:33.939) [debug] [SimulationRunner.cc:584] Creating postupdate worker thread (2)
[component_container-3] (2026-05-08 20:23:33.940) [debug] [SimulationRunner.cc:584] Creating postupdate worker thread (3)
[INFO] [create-5]: process has finished cleanly [pid 395]
[INFO] [spawner-7]: process started with pid [545]
[INFO] [spawner-8]: process started with pid [547]
[component_container-3] [1;33mWarning [Utils.cc:119][0m [/sdf/model[@name="ur"]/link[@name="center_camera/sensor_link"]/sensor[@name="center_camera"]/camera[@name="center_camera"]/optical_frame_id]: SDF Element[optical_frame_id] is deprecated
[component_container-3] [1;33mWarning [Utils.cc:119][0m [/sdf/model[@name="ur"]/link[@name="left_camera/sensor_link"]/sensor[@name="left_camera"]/camera[@name="left_camera"]/optical_frame_id]: SDF Element[optical_frame_id] is deprecated
[component_container-3] [1;33mWarning [Utils.cc:119][0m [/sdf/model[@name="ur"]/link[@name="right_camera/sensor_link"]/sensor[@name="right_camera"]/camera[@name="right_camera"]/optical_frame_id]: SDF Element[optical_frame_id] is deprecated
[component_container-3] [WARN] [1778271814.075305803] [rcl.logging_rosout]: Publisher already registered for node name: 'ros_gz_container'. If this is due to multiple nodes with the same name then all logs for the logger named 'ros_gz_container' will go out over the existing publisher. As soon as any node with that name is destructed it will unregister the publisher, preventing any further logs for that name from being published on the rosout topic.
[component_container-3] [INFO] [1778271814.079219178] [ros_gz_container]: [gz_ros2_control] Fixed joint [tabletop_joint] (Entity=101)] is skipped
[component_container-3] [INFO] [1778271814.079382219] [ros_gz_container]: [gz_ros2_control] Fixed joint [center_camera/attach_sensor_link] (Entity=108)] is skipped
[component_container-3] [INFO] [1778271814.079398011] [ros_gz_container]: [gz_ros2_control] Fixed joint [center_camera/attach_optical] (Entity=109)] is skipped
[component_container-3] [INFO] [1778271814.079417469] [ros_gz_container]: [gz_ros2_control] Fixed joint [ati/attach_joint] (Entity=110)] is skipped
[component_container-3] [INFO] [1778271814.079427928] [ros_gz_container]: [gz_ros2_control] Fixed joint [left_camera/attach_sensor_link] (Entity=114)] is skipped
[component_container-3] [INFO] [1778271814.079431844] [ros_gz_container]: [gz_ros2_control] Fixed joint [left_camera/attach_optical] (Entity=115)] is skipped
[component_container-3] [INFO] [1778271814.079434928] [ros_gz_container]: [gz_ros2_control] Fixed joint [right_camera/attach_sensor_link] (Entity=116)] is skipped
[component_container-3] [INFO] [1778271814.079437886] [ros_gz_container]: [gz_ros2_control] Fixed joint [right_camera/attach_optical] (Entity=117)] is skipped
[component_container-3] [INFO] [1778271814.088430928] [ros_gz_container]: Loading controller_manager
[component_container-3] [INFO] [1778271814.123314428] [controller_manager]: Using ROS clock for triggering controller manager cycles.
[component_container-3] [INFO] [1778271814.137684511] [controller_manager]: Subscribing to '/robot_description' topic for robot description.
[component_container-3] [INFO] [1778271814.149035344] [controller_manager]: Enforcing command limits is enabled...
[component_container-3] [WARN] [1778271814.151246261] [ros_gz_container]: Waiting RM to load and initialize hardware...
[component_container-3] [INFO] [1778271814.155078678] [controller_manager]: Received robot description from topic.
[component_container-3] [INFO] [1778271814.165100261] [ros_gz_container]: Using JointLimiter for joint 'gripper/left_finger_joint' in hardware 'gripper' : '  has position limits: true [0, 0.025]
[component_container-3]   has velocity limits: true [0.05]
[component_container-3]   has acceleration limits: false [nan]
[component_container-3]   has deceleration limits: false [nan]
[component_container-3]   has jerk limits: false [nan]
[component_container-3]   has effort limits: true [20]
[component_container-3]   angle wraparound: false'
[component_container-3] [INFO] [1778271814.165176053] [ros_gz_container]: Creating JointSaturationLimiter for joint 'gripper/left_finger_joint' in hardware 'gripper'
[component_container-3] [INFO] [1778271814.166517261] [ros_gz_container]: Using JointLimiter for joint 'wrist_3_joint' in hardware 'ControlSystem' : '  has position limits: true [-6.28319, 6.28319]
[component_container-3]   has velocity limits: true [3.14159]
[component_container-3]   has acceleration limits: false [nan]
[component_container-3]   has deceleration limits: false [nan]
[component_container-3]   has jerk limits: false [nan]
[component_container-3]   has effort limits: true [28]
[component_container-3]   angle wraparound: false'
[component_container-3] [INFO] [1778271814.166537469] [ros_gz_container]: Creating JointSaturationLimiter for joint 'wrist_3_joint' in hardware 'ControlSystem'
[component_container-3] [INFO] [1778271814.166555428] [ros_gz_container]: Using JointLimiter for joint 'wrist_2_joint' in hardware 'ControlSystem' : '  has position limits: true [-6.28319, 6.28319]
[component_container-3]   has velocity limits: true [3.14159]
[component_container-3]   has acceleration limits: false [nan]
[component_container-3]   has deceleration limits: false [nan]
[component_container-3]   has jerk limits: false [nan]
[component_container-3]   has effort limits: true [28]
[component_container-3]   angle wraparound: false'
[component_container-3] [INFO] [1778271814.166560386] [ros_gz_container]: Creating JointSaturationLimiter for joint 'wrist_2_joint' in hardware 'ControlSystem'
[component_container-3] [INFO] [1778271814.166582386] [ros_gz_container]: Using JointLimiter for joint 'wrist_1_joint' in hardware 'ControlSystem' : '  has position limits: true [-6.28319, 6.28319]
[component_container-3]   has velocity limits: true [3.14159]
[component_container-3]   has acceleration limits: false [nan]
[component_container-3]   has deceleration limits: false [nan]
[component_container-3]   has jerk limits: false [nan]
[component_container-3]   has effort limits: true [28]
[component_container-3]   angle wraparound: false'
[component_container-3] [INFO] [1778271814.166587178] [ros_gz_container]: Creating JointSaturationLimiter for joint 'wrist_1_joint' in hardware 'ControlSystem'
[component_container-3] [INFO] [1778271814.166593219] [ros_gz_container]: Using JointLimiter for joint 'elbow_joint' in hardware 'ControlSystem' : '  has position limits: true [-3.14159, 3.14159]
[component_container-3]   has velocity limits: true [3.14159]
[component_container-3]   has acceleration limits: false [nan]
[component_container-3]   has deceleration limits: false [nan]
[component_container-3]   has jerk limits: false [nan]
[component_container-3]   has effort limits: true [150]
[component_container-3]   angle wraparound: false'
[component_container-3] [INFO] [1778271814.166597011] [ros_gz_container]: Creating JointSaturationLimiter for joint 'elbow_joint' in hardware 'ControlSystem'
[component_container-3] [INFO] [1778271814.166604303] [ros_gz_container]: Using JointLimiter for joint 'shoulder_lift_joint' in hardware 'ControlSystem' : '  has position limits: true [-6.28319, 6.28319]
[component_container-3]   has velocity limits: true [3.14159]
[component_container-3]   has acceleration limits: false [nan]
[component_container-3]   has deceleration limits: false [nan]
[component_container-3]   has jerk limits: false [nan]
[component_container-3]   has effort limits: true [150]
[component_container-3]   angle wraparound: false'
[component_container-3] [INFO] [1778271814.166614678] [ros_gz_container]: Creating JointSaturationLimiter for joint 'shoulder_lift_joint' in hardware 'ControlSystem'
[component_container-3] [INFO] [1778271814.166621636] [ros_gz_container]: Using JointLimiter for joint 'shoulder_pan_joint' in hardware 'ControlSystem' : '  has position limits: true [-6.28319, 6.28319]
[component_container-3]   has velocity limits: true [3.14159]
[component_container-3]   has acceleration limits: false [nan]
[component_container-3]   has deceleration limits: false [nan]
[component_container-3]   has jerk limits: false [nan]
[component_container-3]   has effort limits: true [150]
[component_container-3]   angle wraparound: false'
[component_container-3] [INFO] [1778271814.166625428] [ros_gz_container]: Creating JointSaturationLimiter for joint 'shoulder_pan_joint' in hardware 'ControlSystem'
[component_container-3] [INFO] [1778271814.177294303] [ros_gz_container]: The position_proportional_gain has been set to: 0.1
[component_container-3] [INFO] [1778271814.178273428] [ros_gz_container]: Loading joint: gripper/left_finger_joint
[component_container-3] [INFO] [1778271814.178335219] [ros_gz_container]: 	State:
[component_container-3] [INFO] [1778271814.179271719] [ros_gz_container]: 		 position
[component_container-3] [INFO] [1778271814.179500219] [ros_gz_container]: 			 found initial value: 0.007300
[component_container-3] [INFO] [1778271814.179525928] [ros_gz_container]: 		 velocity
[component_container-3] [INFO] [1778271814.179652511] [ros_gz_container]: 			 found initial value: 0.000000
[component_container-3] [INFO] [1778271814.179662511] [ros_gz_container]: 		 effort
[component_container-3] [INFO] [1778271814.179815511] [ros_gz_container]: 			 found initial value: 0.000000
[component_container-3] [INFO] [1778271814.179929011] [ros_gz_container]: 	Command:
[component_container-3] [INFO] [1778271814.179935969] [ros_gz_container]: 		 position
[component_container-3] [INFO] [1778271814.180266511] [ros_gz_container]: 		 effort
[component_container-3] [INFO] [1778271814.181945344] [ros_gz_container]: Loading sensor: AtiForceTorqueSensor
[component_container-3] [INFO] [1778271814.181971136] [ros_gz_container]: 	State:
[component_container-3] [INFO] [1778271814.184408011] [ros_gz_container]: Initialize hardware 'gripper' 
[component_container-3] [WARN] [1778271814.185131469] [rcl.logging_rosout]: Publisher already registered for node name: 'ros_gz_container'. If this is due to multiple nodes with the same name then all logs for the logger named 'ros_gz_container' will go out over the existing publisher. As soon as any node with that name is destructed it will unregister the publisher, preventing any further logs for that name from being published on the rosout topic.
[component_container-3] [INFO] [1778271814.186009553] [ros_gz_container.hardware_component.system.gripper]: `status_publish_rate` is set to 0.0, hardware status publisher will not be created.
[component_container-3] [INFO] [1778271814.187120678] [ros_gz_container]: Successful initialization of hardware 'gripper'
[component_container-3] [INFO] [1778271814.189298386] [ros_gz_container]: The position_proportional_gain has been set to: 0.1
[component_container-3] [INFO] [1778271814.189591928] [ros_gz_container]: Loading joint: shoulder_pan_joint
[component_container-3] [INFO] [1778271814.189627428] [ros_gz_container]: 	State:
[component_container-3] [INFO] [1778271814.189637719] [ros_gz_container]: 		 position
[component_container-3] [INFO] [1778271814.189666719] [ros_gz_container]: 			 found initial value: -0.159700
[component_container-3] [INFO] [1778271814.189680136] [ros_gz_container]: 		 velocity
[component_container-3] [INFO] [1778271814.189694928] [ros_gz_container]: 			 found initial value: 0.000000
[component_container-3] [INFO] [1778271814.189706344] [ros_gz_container]: 		 effort
[component_container-3] [INFO] [1778271814.189716303] [ros_gz_container]: 			 found initial value: 0.000000
[component_container-3] [INFO] [1778271814.189724636] [ros_gz_container]: 	Command:
[component_container-3] [INFO] [1778271814.189731469] [ros_gz_container]: 		 position
[component_container-3] [INFO] [1778271814.189753386] [ros_gz_container]: 		 velocity
[component_container-3] [INFO] [1778271814.189967886] [ros_gz_container]: 		 effort
[component_container-3] [INFO] [1778271814.190027094] [ros_gz_container]: Loading joint: shoulder_lift_joint
[component_container-3] [INFO] [1778271814.190035511] [ros_gz_container]: 	State:
[component_container-3] [INFO] [1778271814.190043011] [ros_gz_container]: 		 position
[component_container-3] [INFO] [1778271814.190057636] [ros_gz_container]: 			 found initial value: -1.354200
[component_container-3] [INFO] [1778271814.190066428] [ros_gz_container]: 		 velocity
[component_container-3] [INFO] [1778271814.190084261] [ros_gz_container]: 			 found initial value: 0.000000
[component_container-3] [INFO] [1778271814.190088969] [ros_gz_container]: 		 effort
[component_container-3] [INFO] [1778271814.190107344] [ros_gz_container]: 			 found initial value: 0.000000
[component_container-3] [INFO] [1778271814.190113136] [ros_gz_container]: 	Command:
[component_container-3] [INFO] [1778271814.190116011] [ros_gz_container]: 		 position
[component_container-3] [INFO] [1778271814.190123511] [ros_gz_container]: 		 velocity
[component_container-3] [INFO] [1778271814.190138219] [ros_gz_container]: 		 effort
[component_container-3] [INFO] [1778271814.190146053] [ros_gz_container]: Loading joint: elbow_joint
[component_container-3] [INFO] [1778271814.190149386] [ros_gz_container]: 	State:
[component_container-3] [INFO] [1778271814.190151928] [ros_gz_container]: 		 position
[component_container-3] [INFO] [1778271814.190155969] [ros_gz_container]: 			 found initial value: -1.664800
[component_container-3] [INFO] [1778271814.190159136] [ros_gz_container]: 		 velocity
[component_container-3] [INFO] [1778271814.190162428] [ros_gz_container]: 			 found initial value: 0.000000
[component_container-3] [INFO] [1778271814.190165344] [ros_gz_container]: 		 effort
[component_container-3] [INFO] [1778271814.190169719] [ros_gz_container]: 			 found initial value: 0.000000
[component_container-3] [INFO] [1778271814.190172719] [ros_gz_container]: 	Command:
[component_container-3] [INFO] [1778271814.190175219] [ros_gz_container]: 		 position
[component_container-3] [INFO] [1778271814.190179469] [ros_gz_container]: 		 velocity
[component_container-3] [INFO] [1778271814.190182761] [ros_gz_container]: 		 effort
[component_container-3] [INFO] [1778271814.190189636] [ros_gz_container]: Loading joint: wrist_1_joint
[component_container-3] [INFO] [1778271814.190192636] [ros_gz_container]: 	State:
[component_container-3] [INFO] [1778271814.190195011] [ros_gz_container]: 		 position
[component_container-3] [INFO] [1778271814.190198303] [ros_gz_container]: 			 found initial value: -1.693300
[component_container-3] [INFO] [1778271814.190201136] [ros_gz_container]: 		 velocity
[component_container-3] [INFO] [1778271814.190203969] [ros_gz_container]: 			 found initial value: 0.000000
[component_container-3] [INFO] [1778271814.190206719] [ros_gz_container]: 		 effort
[component_container-3] [INFO] [1778271814.190209386] [ros_gz_container]: 			 found initial value: 0.000000
[component_container-3] [INFO] [1778271814.190211969] [ros_gz_container]: 	Command:
[component_container-3] [INFO] [1778271814.190214219] [ros_gz_container]: 		 position
[component_container-3] [INFO] [1778271814.190217928] [ros_gz_container]: 		 velocity
[component_container-3] [INFO] [1778271814.190220928] [ros_gz_container]: 		 effort
[component_container-3] [INFO] [1778271814.190225886] [ros_gz_container]: Loading joint: wrist_2_joint
[component_container-3] [INFO] [1778271814.190228719] [ros_gz_container]: 	State:
[component_container-3] [INFO] [1778271814.190231053] [ros_gz_container]: 		 position
[component_container-3] [INFO] [1778271814.190234636] [ros_gz_container]: 			 found initial value: 1.571000
[component_container-3] [INFO] [1778271814.190238844] [ros_gz_container]: 		 velocity
[component_container-3] [INFO] [1778271814.190241511] [ros_gz_container]: 			 found initial value: 0.000000
[component_container-3] [INFO] [1778271814.190244303] [ros_gz_container]: 		 effort
[component_container-3] [INFO] [1778271814.190247053] [ros_gz_container]: 			 found initial value: 0.000000
[component_container-3] [INFO] [1778271814.190249719] [ros_gz_container]: 	Command:
[component_container-3] [INFO] [1778271814.190252053] [ros_gz_container]: 		 position
[component_container-3] [INFO] [1778271814.190258553] [ros_gz_container]: 		 velocity
[component_container-3] [INFO] [1778271814.190262428] [ros_gz_container]: 		 effort
[component_container-3] [INFO] [1778271814.190267594] [ros_gz_container]: Loading joint: wrist_3_joint
[component_container-3] [INFO] [1778271814.190270136] [ros_gz_container]: 	State:
[component_container-3] [INFO] [1778271814.190272553] [ros_gz_container]: 		 position
[component_container-3] [INFO] [1778271814.190275594] [ros_gz_container]: 			 found initial value: 1.411000
[component_container-3] [INFO] [1778271814.190278469] [ros_gz_container]: 		 velocity
[component_container-3] [INFO] [1778271814.190282803] [ros_gz_container]: 			 found initial value: 0.000000
[component_container-3] [INFO] [1778271814.190285553] [ros_gz_container]: 		 effort
[component_container-3] [INFO] [1778271814.190288136] [ros_gz_container]: 			 found initial value: 0.000000
[component_container-3] [INFO] [1778271814.190290719] [ros_gz_container]: 	Command:
[component_container-3] [INFO] [1778271814.190292928] [ros_gz_container]: 		 position
[component_container-3] [INFO] [1778271814.190296469] [ros_gz_container]: 		 velocity
[component_container-3] [INFO] [1778271814.190301178] [ros_gz_container]: 		 effort
[component_container-3] [INFO] [1778271814.190548344] [ros_gz_container]: Loading sensor: AtiForceTorqueSensor
[component_container-3] [INFO] [1778271814.190555386] [ros_gz_container]: 	State:
[component_container-3] [INFO] [1778271814.190830844] [ros_gz_container]: 		 force.x
[component_container-3] [INFO] [1778271814.190835719] [ros_gz_container]: 		 force.y
[component_container-3] [INFO] [1778271814.190838553] [ros_gz_container]: 		 force.z
[component_container-3] [INFO] [1778271814.190841136] [ros_gz_container]: 		 torque.x
[component_container-3] [INFO] [1778271814.190843511] [ros_gz_container]: 		 torque.y
[component_container-3] [INFO] [1778271814.190849969] [ros_gz_container]: 		 torque.z
[component_container-3] [INFO] [1778271814.190918636] [ros_gz_container]: Initialize hardware 'ControlSystem' 
[component_container-3] [WARN] [1778271814.191125553] [rcl.logging_rosout]: Publisher already registered for node name: 'ros_gz_container'. If this is due to multiple nodes with the same name then all logs for the logger named 'ros_gz_container' will go out over the existing publisher. As soon as any node with that name is destructed it will unregister the publisher, preventing any further logs for that name from being published on the rosout topic.
[component_container-3] [INFO] [1778271814.192607136] [ros_gz_container.hardware_component.system.ControlSystem]: `status_publish_rate` is set to 0.0, hardware status publisher will not be created.
[component_container-3] [INFO] [1778271814.192958386] [ros_gz_container]: Successful initialization of hardware 'ControlSystem'
[component_container-3] [INFO] [1778271814.194231844] [resource_manager]: 'configure' hardware 'ControlSystem' 
[component_container-3] [INFO] [1778271814.194447761] [ros_gz_container]: System Successfully configured!
[component_container-3] [INFO] [1778271814.194479928] [resource_manager]: Successful 'configure' of hardware 'ControlSystem'
[component_container-3] [INFO] [1778271814.194712678] [resource_manager]: 'activate' hardware 'ControlSystem' 
[component_container-3] [INFO] [1778271814.194940303] [resource_manager]: Successful 'activate' of hardware 'ControlSystem'
[component_container-3] [INFO] [1778271814.195638136] [resource_manager]: 'configure' hardware 'gripper' 
[component_container-3] [INFO] [1778271814.195648178] [ros_gz_container]: System Successfully configured!
[component_container-3] [INFO] [1778271814.195654886] [resource_manager]: Successful 'configure' of hardware 'gripper'
[component_container-3] [INFO] [1778271814.195658386] [resource_manager]: 'activate' hardware 'gripper' 
[component_container-3] [INFO] [1778271814.195662053] [resource_manager]: Successful 'activate' of hardware 'gripper'
[component_container-3] [WARN] [1778271814.195769761] [controller_manager]: Component 'ControlSystem' does not have read or write statistics initialized, skipping registration.
[component_container-3] [WARN] [1778271814.195786761] [controller_manager]: Component 'gripper' does not have read or write statistics initialized, skipping registration.
[component_container-3] [INFO] [1778271814.195822303] [controller_manager]: Resource Manager has been successfully initialized. Starting Controller Manager services...
[2m2026-05-08T20:23:34.410799Z[0m [32m INFO[0m acc-0 ThreadId(04) [2mzenoh::net::routing::interceptor::access_control[0m[2m:[0m fb53d2c9fc208d6788b4b1fe121a43a7 did not match any configured ACL subject. Default permission `Allow` will be applied on all messages
[2m2026-05-08T20:23:34.471326Z[0m [32m INFO[0m acc-0 ThreadId(04) [2mzenoh::net::routing::interceptor::access_control[0m[2m:[0m 1cfc3f2a13a58a7c11c288190e8d2612 did not match any configured ACL subject. Default permission `Allow` will be applied on all messages
[component_container-3] [INFO] [1778271814.541526470] [controller_manager]: Loading controller : 'joint_state_broadcaster' of type 'joint_state_broadcaster/JointStateBroadcaster'
[component_container-3] [INFO] [1778271814.541779053] [controller_manager]: Loading controller 'joint_state_broadcaster'
[component_container-3] [INFO] [1778271814.547500845] [controller_manager]: Controller 'joint_state_broadcaster' node arguments: --ros-args --params-file /ws_aic/install/share/aic_bringup/config/aic_ros2_controllers.yaml -p use_sim_time:=true --param use_sim_time:=true 
[spawner-7] [INFO] [1778271814.566991178] [spawner_joint_state_broadcaster]: Loaded joint_state_broadcaster
[component_container-3] [INFO] [1778271814.570359886] [controller_manager]: Configuring controller: 'joint_state_broadcaster'
[component_container-3] [INFO] [1778271814.571601553] [joint_state_broadcaster]: 'joints' or 'interfaces' parameter is empty. All available state interfaces will be published
[component_container-3] [INFO] [1778271814.585525261] [controller_manager]: Activating controllers: [ joint_state_broadcaster ]
[component_container-3] [INFO] [1778271814.587199303] [controller_manager]: Requested controller switch from non-realtime loop
[component_container-3] [INFO] [1778271814.590269595] [controller_manager]: Successfully switched controllers!
[component_container-3] (2026-05-08 20:23:36.152) [debug] [SystemManager.cc:80] Loaded system [gz_ros2_control::GazeboSimROS2ControlPlugin] for entity [31]
[component_container-3] (2026-05-08 20:23:36.157) [debug] [SystemManager.cc:80] Loaded system [gz::sim::systems::ForceTorque] for entity [31]
[component_container-3] (2026-05-08 20:23:36.161) [debug] [OffLimitContactsPlugin.cc:41] aic_gazebo::OffLimitContactsPlugin::Configure on entity: 31
[component_container-3] (2026-05-08 20:23:36.163) [debug] [OffLimitContactsPlugin.cc:165] Enabled collision [34]
[component_container-3] (2026-05-08 20:23:36.163) [debug] [OffLimitContactsPlugin.cc:165] Enabled collision [37]
[component_container-3] (2026-05-08 20:23:36.163) [debug] [OffLimitContactsPlugin.cc:165] Enabled collision [40]
[component_container-3] (2026-05-08 20:23:36.163) [debug] [OffLimitContactsPlugin.cc:165] Enabled collision [43]
[component_container-3] (2026-05-08 20:23:36.163) [debug] [OffLimitContactsPlugin.cc:165] Enabled collision [46]
[component_container-3] (2026-05-08 20:23:36.163) [debug] [OffLimitContactsPlugin.cc:165] Enabled collision [49]
[component_container-3] (2026-05-08 20:23:36.163) [debug] [OffLimitContactsPlugin.cc:165] Enabled collision [57]
[component_container-3] (2026-05-08 20:23:36.163) [debug] [OffLimitContactsPlugin.cc:165] Enabled collision [58]
[component_container-3] (2026-05-08 20:23:36.163) [debug] [OffLimitContactsPlugin.cc:165] Enabled collision [59]
[component_container-3] (2026-05-08 20:23:36.163) [debug] [OffLimitContactsPlugin.cc:165] Enabled collision [60]
[component_container-3] (2026-05-08 20:23:36.163) [debug] [OffLimitContactsPlugin.cc:165] Enabled collision [61]
[component_container-3] (2026-05-08 20:23:36.163) [debug] [OffLimitContactsPlugin.cc:165] Enabled collision [62]
[component_container-3] (2026-05-08 20:23:36.163) [debug] [OffLimitContactsPlugin.cc:165] Enabled collision [63]
[component_container-3] (2026-05-08 20:23:36.163) [debug] [OffLimitContactsPlugin.cc:165] Enabled collision [64]
[component_container-3] (2026-05-08 20:23:36.163) [debug] [OffLimitContactsPlugin.cc:165] Enabled collision [65]
[component_container-3] (2026-05-08 20:23:36.163) [debug] [OffLimitContactsPlugin.cc:165] Enabled collision [66]
[component_container-3] (2026-05-08 20:23:36.163) [debug] [OffLimitContactsPlugin.cc:165] Enabled collision [67]
[component_container-3] (2026-05-08 20:23:36.163) [debug] [OffLimitContactsPlugin.cc:165] Enabled collision [68]
[component_container-3] (2026-05-08 20:23:36.163) [debug] [OffLimitContactsPlugin.cc:165] Enabled collision [69]
[component_container-3] (2026-05-08 20:23:36.163) [debug] [OffLimitContactsPlugin.cc:165] Enabled collision [70]
[component_container-3] (2026-05-08 20:23:36.163) [debug] [OffLimitContactsPlugin.cc:165] Enabled collision [71]
[component_container-3] (2026-05-08 20:23:36.163) [debug] [OffLimitContactsPlugin.cc:165] Enabled collision [72]
[component_container-3] (2026-05-08 20:23:36.163) [debug] [OffLimitContactsPlugin.cc:165] Enabled collision [73]
[component_container-3] (2026-05-08 20:23:36.163) [debug] [OffLimitContactsPlugin.cc:165] Enabled collision [74]
[component_container-3] (2026-05-08 20:23:36.163) [debug] [OffLimitContactsPlugin.cc:165] Enabled collision [75]
[component_container-3] (2026-05-08 20:23:36.163) [debug] [OffLimitContactsPlugin.cc:165] Enabled collision [81]
[component_container-3] (2026-05-08 20:23:36.163) [debug] [OffLimitContactsPlugin.cc:165] Enabled collision [82]
[component_container-3] (2026-05-08 20:23:36.163) [debug] [OffLimitContactsPlugin.cc:165] Enabled collision [85]
[component_container-3] (2026-05-08 20:23:36.163) [debug] [OffLimitContactsPlugin.cc:165] Enabled collision [86]
[component_container-3] (2026-05-08 20:23:36.163) [debug] [OffLimitContactsPlugin.cc:165] Enabled collision [87]
[component_container-3] (2026-05-08 20:23:36.163) [debug] [OffLimitContactsPlugin.cc:165] Enabled collision [88]
[component_container-3] (2026-05-08 20:23:36.163) [debug] [OffLimitContactsPlugin.cc:165] Enabled collision [91]
[component_container-3] (2026-05-08 20:23:36.163) [debug] [OffLimitContactsPlugin.cc:165] Enabled collision [92]
[component_container-3] (2026-05-08 20:23:36.163) [debug] [OffLimitContactsPlugin.cc:165] Enabled collision [93]
[component_container-3] (2026-05-08 20:23:36.163) [debug] [OffLimitContactsPlugin.cc:165] Enabled collision [94]
[component_container-3] (2026-05-08 20:23:36.163) [debug] [SystemManager.cc:80] Loaded system [aic_gazebo::OffLimitContactsPlugin] for entity [31]
[component_container-3] (2026-05-08 20:23:36.166) [debug] [ResetJointsPlugin.cc:40] aic_gazebo::ResetJointsPlugin::Configure on entity: 31
[component_container-3] [WARN] [1778271816.167344970] [rcl.logging_rosout]: Publisher already registered for node name: 'ros_gz_container'. If this is due to multiple nodes with the same name then all logs for the logger named 'ros_gz_container' will go out over the existing publisher. As soon as any node with that name is destructed it will unregister the publisher, preventing any further logs for that name from being published on the rosout topic.
[component_container-3] (2026-05-08 20:23:36.169) [info] [ResetJointsPlugin.cc:117] Initialized ResetJointsPlugin!
[component_container-3] (2026-05-08 20:23:36.169) [debug] [SystemManager.cc:80] Loaded system [aic_gazebo::ResetJointsPlugin] for entity [31]
[component_container-3] (2026-05-08 20:23:36.170) [debug] [UserCommands.cc:1108] Created entity [31] named [ur5e]
[component_container-3] (2026-05-08 20:23:36.178) [debug] [Physics.cc:1171] Attempting to set physics options, but the physics engine doesn't support feature [CollisionPairMaxContacts]. Options will be ignored.
[component_container-3] (2026-05-08 20:23:36.221) [debug] [Sensors.cc:953] Initialization needed
[component_container-3] (2026-05-08 20:23:36.221) [debug] [Sensors.cc:349] Initializing render context
[component_container-3] (2026-05-08 20:23:36.226) [info] [RenderEngineManager.cc:514] Loading plugin [gz-rendering-ogre2]
[component_container-3] (2026-05-08 20:23:36.231) [info] [SceneBroadcaster.cc:634] Serving scene information on [/world/aic_world/scene/info]
[component_container-3] (2026-05-08 20:23:36.231) [info] [SceneBroadcaster.cc:643] Serving graph information on [/world/aic_world/scene/graph]
[component_container-3] (2026-05-08 20:23:36.231) [info] [SceneBroadcaster.cc:654] Serving full state on [/world/aic_world/state]
[component_container-3] (2026-05-08 20:23:36.231) [info] [SceneBroadcaster.cc:663] Serving full state (async) on [/world/aic_world/state_async]
[component_container-3] (2026-05-08 20:23:36.231) [info] [SceneBroadcaster.cc:671] Publishing scene information on [/world/aic_world/scene/info]
[component_container-3] (2026-05-08 20:23:36.231) [info] [SceneBroadcaster.cc:680] Publishing entity deletions on [/world/aic_world/scene/deletion]
[component_container-3] (2026-05-08 20:23:36.231) [info] [SceneBroadcaster.cc:689] Publishing state changes on [/world/aic_world/state]
[component_container-3] (2026-05-08 20:23:36.231) [info] [SceneBroadcaster.cc:700] Publishing pose messages on [/world/aic_world/pose/info]
[component_container-3] (2026-05-08 20:23:36.231) [info] [SceneBroadcaster.cc:711] Publishing dynamic pose messages on [/world/aic_world/dynamic_pose/info]
[component_container-3] (2026-05-08 20:23:36.241) [debug] [EntityComponentManager.cc:1676] Updated state thread iterators: 10 threads processing around 12 entities each.
[component_container-3] (2026-05-08 20:23:36.302) [debug] [SimulationRunner.cc:600] Exiting postupdate worker thread (0)
[component_container-3] (2026-05-08 20:23:36.302) [debug] [SimulationRunner.cc:600] Exiting postupdate worker thread (1)
[component_container-3] (2026-05-08 20:23:36.302) [debug] [SimulationRunner.cc:600] Exiting postupdate worker thread (3)
[component_container-3] (2026-05-08 20:23:36.302) [debug] [SimulationRunner.cc:600] Exiting postupdate worker thread (2)
[component_container-3] (2026-05-08 20:23:36.304) [debug] [SimulationRunner.cc:573] Creating PostUpdate worker threads: 6
[component_container-3] (2026-05-08 20:23:36.304) [debug] [SimulationRunner.cc:584] Creating postupdate worker thread (0)
[component_container-3] (2026-05-08 20:23:36.304) [debug] [SimulationRunner.cc:584] Creating postupdate worker thread (1)
[component_container-3] (2026-05-08 20:23:36.304) [debug] [SimulationRunner.cc:584] Creating postupdate worker thread (2)
[component_container-3] (2026-05-08 20:23:36.304) [debug] [SimulationRunner.cc:584] Creating postupdate worker thread (3)
[component_container-3] (2026-05-08 20:23:36.305) [debug] [SimulationRunner.cc:584] Creating postupdate worker thread (4)
[aic_engine-6] [INFO] [1778271816.310700137] [aic_engine]: Clock found successfully.
[component_container-3] (2026-05-08 20:23:36.346) [debug] [EntityComponentManager.cc:1676] Updated state thread iterators: 10 threads processing around 12 entities each.
[aic_engine-6] [INFO] [1778271816.349513262] [aic_engine]: Retrieved home joint position from config: [shoulder_pan_joint]: -0.159700
[aic_engine-6] [INFO] [1778271816.350453095] [aic_engine]: Retrieved home joint position from config: [shoulder_lift_joint]: -1.354200
[aic_engine-6] [INFO] [1778271816.350673512] [aic_engine]: Retrieved home joint position from config: [elbow_joint]: -1.664800
[aic_engine-6] [INFO] [1778271816.350680345] [aic_engine]: Retrieved home joint position from config: [wrist_1_joint]: -1.693300
[aic_engine-6] [INFO] [1778271816.350771512] [aic_engine]: Retrieved home joint position from config: [wrist_2_joint]: 1.571000
[aic_engine-6] [INFO] [1778271816.350828220] [aic_engine]: Retrieved home joint position from config: [wrist_3_joint]: 1.411000
[aic_engine-6] [INFO] [1778271816.350961470] [aic_engine]: Pre-built home messages for robot homing.
[spawner-7] [INFO] [1778271816.357557679] [spawner_joint_state_broadcaster]: Configured and activated joint_state_broadcaster
[aic_engine-6] [INFO] [1778271816.364421095] [aic_engine]: Bag output directory: /workspace/aic_results
[aic_engine-6] [INFO] [1778271816.364469887] [aic_engine]: [1;32m✓ AIC Engine initialized successfully![0m
[aic_engine-6] [INFO] [1778271816.364644220] [aic_engine]:  
[aic_engine-6] [INFO] [1778271816.364663970] [aic_engine]: [1;35m╔════════════════════════════════════════╗[0m
[aic_engine-6] [INFO] [1778271816.364680095] [aic_engine]: [1;35m║      Starting AIC Engine Run           ║[0m
[aic_engine-6] [INFO] [1778271816.364696679] [aic_engine]: [1;35m║   Total Trials: 3                      ║[0m
[aic_engine-6] [INFO] [1778271816.364788929] [aic_engine]: [1;35m╚════════════════════════════════════════╝[0m
[aic_engine-6] [INFO] [1778271816.364799137] [aic_engine]:  
[aic_engine-6] [INFO] [1778271816.364817512] [aic_engine]:  
[aic_engine-6] [INFO] [1778271816.364831387] [aic_engine]: [1;33m━━━━━━━━━━━━━━━━━━━━━━━━━━━━━━━━━━━━━━━━[0m
[aic_engine-6] [INFO] [1778271816.364850220] [aic_engine]: [1;33m  Trial 1/3: trial_1[0m
[aic_engine-6] [INFO] [1778271816.364854637] [aic_engine]: [1;33m━━━━━━━━━━━━━━━━━━━━━━━━━━━━━━━━━━━━━━━━[0m
[aic_engine-6] [INFO] [1778271816.364947845] [aic_engine]: [1;36m→ Starting trial 'trial_1'...[0m
[aic_engine-6] [INFO] [1778271816.365051054] [aic_engine]: Checking participant model readiness...
[aic_engine-6] [INFO] [1778271816.366435595] [aic_engine]: No node with name 'aic_model' found. Retrying...
[component_container-3] [1;33mWarning [Utils.cc:119][0m [/sdf/model[@name="ur"]/link[@name="center_camera/sensor_link"]/sensor[@name="center_camera"]/camera[@name="center_camera"]/optical_frame_id]: SDF Element[optical_frame_id] is deprecated
[component_container-3] [1;33mWarning [Utils.cc:119][0m [/sdf/model[@name="ur"]/link[@name="left_camera/sensor_link"]/sensor[@name="left_camera"]/camera[@name="left_camera"]/optical_frame_id]: SDF Element[optical_frame_id] is deprecated
[component_container-3] [1;33mWarning [Utils.cc:119][0m [/sdf/model[@name="ur"]/link[@name="right_camera/sensor_link"]/sensor[@name="right_camera"]/camera[@name="right_camera"]/optical_frame_id]: SDF Element[optical_frame_id] is deprecated
[INFO] [spawner-7]: process has finished cleanly [pid 545]
[INFO] [spawner-9]: process started with pid [666]
[component_container-3] [INFO] [1778271816.460203970] [controller_manager]: Loading controller : 'fts_broadcaster' of type 'force_torque_sensor_broadcaster/ForceTorqueSensorBroadcaster'
[component_container-3] [INFO] [1778271816.460294345] [controller_manager]: Loading controller 'fts_broadcaster'
[component_container-3] [INFO] [1778271816.475307345] [controller_manager]: Controller 'fts_broadcaster' node arguments: --ros-args --params-file /ws_aic/install/share/aic_bringup/config/aic_ros2_controllers.yaml -p use_sim_time:=true --param use_sim_time:=true 
[component_container-3] [INFO] [1778271816.524480304] [gz_server]: InitializeCanonicalLinks
[component_container-3] [INFO] [1778271816.525401470] [gz_server]: Creating services on gz_server
[component_container-3] [INFO] [1778271816.541350845] [gz_server]: Created service /gz_server/delete_entity
[component_container-3] [INFO] [1778271816.549239720] [gz_server]: Created service /gz_server/get_entities
[component_container-3] [INFO] [1778271816.553876054] [gz_server]: Created service /gz_server/get_entity_info
[component_container-3] [INFO] [1778271816.560160762] [gz_server]: Created service /gz_server/get_entity_state
[component_container-3] [INFO] [1778271816.562929262] [gz_server]: Created service /gz_server/get_entities_states
[component_container-3] [INFO] [1778271816.566800929] [gz_server]: Created service /gz_server/get_simulation_state
[gz-4] [1;33mWarning [Utils.cc:119][0m [/sdf/model[@name="ur"]/link[@name="center_camera/sensor_link"]/sensor[@name="center_camera"]/camera[@name="center_camera"]/optical_frame_id]: SDF Element[optical_frame_id] is deprecated
[component_container-3] [INFO] [1778271816.575643845] [gz_server]: Created service /gz_server/get_simulator_features
[gz-4] [1;33mWarning [Utils.cc:119][0m [/sdf/model[@name="ur"]/link[@name="left_camera/sensor_link"]/sensor[@name="left_camera"]/camera[@name="left_camera"]/optical_frame_id]: SDF Element[optical_frame_id] is deprecated
[component_container-3] [INFO] [1778271816.578727429] [gz_server]: Created service /gz_server/reset_simulation
[gz-4] [1;33mWarning [Utils.cc:119][0m [/sdf/model[@name="ur"]/link[@name="right_camera/sensor_link"]/sensor[@name="right_camera"]/camera[@name="right_camera"]/optical_frame_id]: SDF Element[optical_frame_id] is deprecated
[component_container-3] [INFO] [1778271816.582853304] [gz_server]: Created service /gz_server/set_entity_state
[component_container-3] [INFO] [1778271816.584935095] [gz_server]: Created service /gz_server/set_simulation_state
[component_container-3] [INFO] [1778271816.586303387] [gz_server]: Created service /gz_server/spawn_entity
[component_container-3] [INFO] [1778271816.587907970] [gz_server]: Created service /gz_server/step_simulation
[component_container-3] [INFO] [1778271816.596710929] [gz_server]: Created action /gz_server/simulate_steps
[component_container-3] (2026-05-08 20:23:36.780) [debug] [RenderUtil.cc:2646] Create scene [scene]
[2m2026-05-08T20:23:36.879673Z[0m [32m INFO[0m acc-0 ThreadId(04) [2mzenoh::net::routing::interceptor::access_control[0m[2m:[0m ed4ed208b1c5b9d561351ad3e8e86c7f did not match any configured ACL subject. Default permission `Allow` will be applied on all messages
[component_container-3] (2026-05-08 20:23:39.437) [debug] [Sensors.cc:391] Rendering Thread initialized
[component_container-3] (2026-05-08 20:23:39.437) [debug] [Sensors.cc:953] Initialization needed
[component_container-3] (2026-05-08 20:23:39.471) [info] [ApplyLinkWrench.cc:209] Listening to instantaneous wrench commands in [/world/aic_world/wrench]
[component_container-3] (2026-05-08 20:23:39.471) [info] [ApplyLinkWrench.cc:220] Listening to persistent wrench commands in [/world/aic_world/wrench/persistent]
[component_container-3] (2026-05-08 20:23:39.472) [info] [ApplyLinkWrench.cc:231] Listening to wrench clear commands in [/world/aic_world/wrench/clear]
[component_container-3] (2026-05-08 20:23:39.472) [debug] [SystemManager.cc:80] Loaded system [gz::sim::systems::ApplyLinkWrench] for entity [1]
[component_container-3] (2026-05-08 20:23:39.472) [debug] [ForceTorque.cc:162] Adding JointTransmittedWrench to: 110
[component_container-3] [INFO] [1778271819.477771014] [ros_gz_container]: ForceTorque AtiForceTorqueSensor has a topic name: /axia80_m20/wrench
[component_container-3] [INFO] [1778271819.485030847] [ros_gz_container]: ForceTorque AtiForceTorqueSensor has a topic name: /axia80_m20/wrench
[spawner-8] [INFO] [1778271819.499978430] [spawner_fts_broadcaster]: Loaded fts_broadcaster
[component_container-3] [INFO] [1778271819.503853555] [controller_manager]: Configuring controller: 'fts_broadcaster'
[component_container-3] [INFO] [1778271819.514443639] [fts_broadcaster]: configure successful
[component_container-3] (2026-05-08 20:23:41.245) [debug] [CameraSensor.cc:342] Camera images for [ur5e::center_camera/sensor_link::center_camera] advertised on [/center_camera/image]
[component_container-3] (2026-05-08 20:23:41.246) [debug] [CameraSensor.cc:632] Camera info for [ur5e::center_camera/sensor_link::center_camera] advertised on [/center_camera/camera_info]
[component_container-3] (2026-05-08 20:23:41.251) [warning] [Ogre2Camera.cc:423] Ogre2Camera::SetVisibilityMask: Mask bits c0000000 are set but will be ignored as they conflict with the reserved bits used internally by the ogre2 backend.
[component_container-3] (2026-05-08 20:23:41.255) [debug] [CameraSensor.cc:342] Camera images for [ur5e::left_camera/sensor_link::left_camera] advertised on [/left_camera/image]
[component_container-3] (2026-05-08 20:23:41.255) [debug] [CameraSensor.cc:632] Camera info for [ur5e::left_camera/sensor_link::left_camera] advertised on [/left_camera/camera_info]
[component_container-3] (2026-05-08 20:23:41.255) [debug] [CameraSensor.cc:342] Camera images for [ur5e::right_camera/sensor_link::right_camera] advertised on [/right_camera/image]
[component_container-3] (2026-05-08 20:23:41.255) [debug] [CameraSensor.cc:632] Camera info for [ur5e::right_camera/sensor_link::right_camera] advertised on [/right_camera/camera_info]
[component_container-3] (2026-05-08 20:23:41.255) [warning] [Ogre2Camera.cc:423] Ogre2Camera::SetVisibilityMask: Mask bits c0000000 are set but will be ignored as they conflict with the reserved bits used internally by the ogre2 backend.
[component_container-3] (2026-05-08 20:23:41.255) [warning] [Ogre2Camera.cc:423] Ogre2Camera::SetVisibilityMask: Mask bits c0000000 are set but will be ignored as they conflict with the reserved bits used internally by the ogre2 backend.
