$ ['/entrypoint.sh', 'gazebo_gui:=true', 'launch_rviz:=true', 'ground_truth:=false', 'start_aic_engine:=false', 'shutdown_on_aic_engine_exit:=false', 'model_discovery_timeout_seconds:=600']

ZENOH_CONFIG_OVERRIDE_ROUTER=mode="router";listen/endpoints=["tcp/[::]:7447"];connect/endpoints=[];routing/router/peers_failover_brokering=true;transport/shared_memory/enabled=false
ZENOH_CONFIG_OVERRIDE_PEER=;transport/shared_memory/enabled=false
[2m2026-05-08T20:35:14.331338Z[0m [32m INFO[0m ThreadId(02) [2mzenoh::net::runtime[0m[2m:[0m Using ZID: a202e22c1180ee72dece65fab76c1fa6
[2m2026-05-08T20:35:14.335346Z[0m [33m WARN[0m ThreadId(02) [2mzenoh::net::routing::interceptor::authorization[0m[2m:[0m Rule 'deny_rule' flows list is not set. Setting it to both Ingress and Egress
[INFO] [launch]: All log files can be found below /root/.ros/log/2026-05-08-20-35-14-342509-1db961b742c2-193
[INFO] [launch]: Default logging verbosity is set to INFO
[2m2026-05-08T20:35:14.365200Z[0m [32m INFO[0m ThreadId(02) [2mzenoh::net::runtime::orchestrator[0m[2m:[0m Zenoh can be reached at: tcp/172.18.0.2:7447
Started Zenoh router with id a202e22c1180ee72dece65fab76c1fa6
[2m2026-05-08T20:35:14.902765Z[0m [32m INFO[0m acc-0 ThreadId(04) [2mzenoh::net::routing::interceptor::access_control[0m[2m:[0m fe5de2f0022f3478910ed5dcaaca65a8 did not match any configured ACL subject. Default permission `Allow` will be applied on all messages
[INFO] [robot_state_publisher-1]: process started with pid [263]
[INFO] [aic_adapter-2]: process started with pid [265]
[INFO] [component_container-3]: process started with pid [267]
[INFO] [gz-4]: process started with pid [269]
[INFO] [create-5]: process started with pid [271]
[2m2026-05-08T20:35:15.341834Z[0m [32m INFO[0m acc-0 ThreadId(04) [2mzenoh::net::routing::interceptor::access_control[0m[2m:[0m 241c22b02fcd231a42a47f151440ac66 did not match any configured ACL subject. Default permission `Allow` will be applied on all messages
[2m2026-05-08T20:35:15.346336Z[0m [32m INFO[0m acc-0 ThreadId(04) [2mzenoh::net::routing::interceptor::access_control[0m[2m:[0m b682aeed036878cd104dfcb0c4fbd02c did not match any configured ACL subject. Default permission `Allow` will be applied on all messages
[2m2026-05-08T20:35:15.366927Z[0m [32m INFO[0m acc-0 ThreadId(04) [2mzenoh::net::routing::interceptor::access_control[0m[2m:[0m 6c56b72a41d52e34e44a6dbe1fb038f1 did not match any configured ACL subject. Default permission `Allow` will be applied on all messages
[2m2026-05-08T20:35:15.409755Z[0m [32m INFO[0m acc-0 ThreadId(04) [2mzenoh::net::routing::interceptor::access_control[0m[2m:[0m 240c5d803636968316908a1a73cd03c1 did not match any configured ACL subject. Default permission `Allow` will be applied on all messages
[aic_adapter-2] [INFO] [1778272515.503010428] [aic_adapter_node]: Adapter node initialization complete.
[robot_state_publisher-1] [INFO] [1778272515.513939136] [robot_state_publisher]: Robot initialized
[create-5] [INFO] [1778272515.530239678] [ros_gz_sim]: Requesting list of world names.
[component_container-3] [INFO] [1778272515.542280595] [ros_gz_container]: Load Library: /ws_aic/install/lib/libgzserver_component.so
[component_container-3] [INFO] [1778272515.631476428] [ros_gz_container]: Found class: rclcpp_components::NodeFactoryTemplate<ros_gz_sim::GzServer>
[component_container-3] [INFO] [1778272515.631634803] [ros_gz_container]: Instantiate class: rclcpp_components::NodeFactoryTemplate<ros_gz_sim::GzServer>
[INFO] [launch_ros.actions.load_composable_nodes]: Loaded node '/gz_server' in container '/ros_gz_container'
[component_container-3] [INFO] [1778272515.646864720] [ros_gz_container]: Load Library: /ws_aic/install/lib/libros_gz_bridge.so
[component_container-3] [INFO] [1778272515.706596720] [ros_gz_container]: Found class: rclcpp_components::NodeFactoryTemplate<ros_gz_bridge::RosGzBridge>
[component_container-3] [INFO] [1778272515.706662386] [ros_gz_container]: Instantiate class: rclcpp_components::NodeFactoryTemplate<ros_gz_bridge::RosGzBridge>
[INFO] [launch_ros.actions.load_composable_nodes]: Loaded node '/ros_gz_bridge' in container 'ros_gz_container'
[gz-4] QStandardPaths: XDG_RUNTIME_DIR not set, defaulting to '/tmp/runtime-root'
[component_container-3] (2026-05-08 20:35:15.810) [info] [ServerPrivate.cc:664] Loading SDF world file[/ws_aic/install/share/aic_description/world/aic.sdf].
[gz-4] (2026-05-08 20:35:16.412) [error] [SignalHandler.cc:178] [GUI] 4 Interrupted system call
[component_container-3] [INFO] [1778272516.735263512] [ros_gz_bridge]: Creating GZ->ROS Bridge: [/clock (gz.msgs.Clock) -> /clock (rosgraph_msgs/msg/Clock)] (Lazy 0)
[component_container-3] [INFO] [1778272516.741661012] [ros_gz_bridge]: Creating GZ->ROS Bridge: [/left_camera/image (gz.msgs.Image) -> /left_camera/image (sensor_msgs/msg/Image)] (Lazy 1)
[component_container-3] [INFO] [1778272516.745200845] [ros_gz_bridge]: Creating GZ->ROS Bridge: [/center_camera/image (gz.msgs.Image) -> /center_camera/image (sensor_msgs/msg/Image)] (Lazy 1)
[component_container-3] [INFO] [1778272516.745557595] [ros_gz_bridge]: Creating GZ->ROS Bridge: [/right_camera/image (gz.msgs.Image) -> /right_camera/image (sensor_msgs/msg/Image)] (Lazy 1)
[component_container-3] [INFO] [1778272516.745737970] [ros_gz_bridge]: Creating GZ->ROS Bridge: [/left_camera/camera_info (gz.msgs.CameraInfo) -> /left_camera/camera_info (sensor_msgs/msg/CameraInfo)] (Lazy 1)
[component_container-3] [INFO] [1778272516.746672553] [ros_gz_bridge]: Creating GZ->ROS Bridge: [/center_camera/camera_info (gz.msgs.CameraInfo) -> /center_camera/camera_info (sensor_msgs/msg/CameraInfo)] (Lazy 1)
[component_container-3] [INFO] [1778272516.746868095] [ros_gz_bridge]: Creating GZ->ROS Bridge: [/right_camera/camera_info (gz.msgs.CameraInfo) -> /right_camera/camera_info (sensor_msgs/msg/CameraInfo)] (Lazy 1)
[component_container-3] [INFO] [1778272516.746975553] [ros_gz_bridge]: Creating GZ->ROS Bridge: [/aic/gazebo/contacts/off_limit (gz.msgs.Contacts) -> /aic/gazebo/contacts/off_limit (ros_gz_interfaces/msg/Contacts)] (Lazy 1)
[component_container-3] [INFO] [1778272516.750148262] [ros_gz_bridge]: Creating GZ->ROS Bridge: [/cable_0/pose (gz.msgs.Pose_V) -> /scoring/tf (tf2_msgs/msg/TFMessage)] (Lazy 1)
[component_container-3] [INFO] [1778272516.752102637] [ros_gz_bridge]: Creating GZ->ROS Bridge: [/cable_1/pose (gz.msgs.Pose_V) -> /scoring/tf (tf2_msgs/msg/TFMessage)] (Lazy 1)
[component_container-3] [INFO] [1778272516.753786470] [ros_gz_bridge]: Creating GZ->ROS Bridge: [/cable_2/pose (gz.msgs.Pose_V) -> /scoring/tf (tf2_msgs/msg/TFMessage)] (Lazy 1)
[component_container-3] [INFO] [1778272516.753965512] [ros_gz_bridge]: Creating GZ->ROS Bridge: [/cable_3/pose (gz.msgs.Pose_V) -> /scoring/tf (tf2_msgs/msg/TFMessage)] (Lazy 1)
[component_container-3] [INFO] [1778272516.754062220] [ros_gz_bridge]: Creating GZ->ROS Bridge: [/cable_4/pose (gz.msgs.Pose_V) -> /scoring/tf (tf2_msgs/msg/TFMessage)] (Lazy 1)
[component_container-3] [INFO] [1778272516.754142220] [ros_gz_bridge]: Creating GZ->ROS Bridge: [/task_board/pose_static (gz.msgs.Pose_V) -> /scoring/tf (tf2_msgs/msg/TFMessage)] (Lazy 1)
[component_container-3] [INFO] [1778272516.754239428] [ros_gz_bridge]: Creating GZ->ROS Bridge: [/cable_0/insertion_event (gz.msgs.StringMsg) -> /scoring/insertion_event (std_msgs/msg/String)] (Lazy 1)
[component_container-3] [INFO] [1778272516.755967803] [ros_gz_bridge]: Creating GZ->ROS Bridge: [/cable_1/insertion_event (gz.msgs.StringMsg) -> /scoring/insertion_event (std_msgs/msg/String)] (Lazy 1)
[component_container-3] (2026-05-08 20:35:17.731) [info] [SystemManager.cc:54] Serving entity system service on [/entity/system/add]
[component_container-3] (2026-05-08 20:35:17.779) [info] [UserCommands.cc:752] Create service on [/world/aic_world/create_multiple] (async)
[component_container-3] (2026-05-08 20:35:17.779) [info] [UserCommands.cc:754] Create service on [/world/aic_world/create_multiple/blocking] (blocking)
[component_container-3] (2026-05-08 20:35:17.780) [info] [UserCommands.cc:752] Remove service on [/world/aic_world/remove] (async)
[component_container-3] (2026-05-08 20:35:17.780) [info] [UserCommands.cc:754] Remove service on [/world/aic_world/remove/blocking] (blocking)
[component_container-3] (2026-05-08 20:35:17.780) [info] [UserCommands.cc:752] Pose service on [/world/aic_world/set_pose] (async)
[component_container-3] (2026-05-08 20:35:17.780) [info] [UserCommands.cc:754] Pose service on [/world/aic_world/set_pose/blocking] (blocking)
[component_container-3] (2026-05-08 20:35:17.780) [info] [UserCommands.cc:752] Pose service on [/world/aic_world/set_pose_vector] (async)
[component_container-3] (2026-05-08 20:35:17.780) [info] [UserCommands.cc:754] Pose service on [/world/aic_world/set_pose_vector/blocking] (blocking)
[component_container-3] (2026-05-08 20:35:17.781) [info] [UserCommands.cc:752] Light configuration service on [/world/aic_world/light_config] (async)
[component_container-3] (2026-05-08 20:35:17.781) [info] [UserCommands.cc:754] Light configuration service on [/world/aic_world/light_config/blocking] (blocking)
[component_container-3] (2026-05-08 20:35:17.782) [info] [UserCommands.cc:752] Physics service on [/world/aic_world/set_physics] (async)
[component_container-3] (2026-05-08 20:35:17.782) [info] [UserCommands.cc:754] Physics service on [/world/aic_world/set_physics/blocking] (blocking)
[component_container-3] (2026-05-08 20:35:17.782) [info] [UserCommands.cc:752] SphericalCoordinates service on [/world/aic_world/set_spherical_coordinates] (async)
[component_container-3] (2026-05-08 20:35:17.782) [info] [UserCommands.cc:754] SphericalCoordinates service on [/world/aic_world/set_spherical_coordinates/blocking] (blocking)
[component_container-3] (2026-05-08 20:35:17.783) [info] [UserCommands.cc:752] Enable collision service on [/world/aic_world/enable_collision] (async)
[component_container-3] (2026-05-08 20:35:17.783) [info] [UserCommands.cc:754] Enable collision service on [/world/aic_world/enable_collision/blocking] (blocking)
[component_container-3] (2026-05-08 20:35:17.783) [info] [UserCommands.cc:752] Disable collision service on [/world/aic_world/disable_collision] (async)
[component_container-3] (2026-05-08 20:35:17.783) [info] [UserCommands.cc:754] Disable collision service on [/world/aic_world/disable_collision/blocking] (blocking)
[component_container-3] (2026-05-08 20:35:17.783) [info] [UserCommands.cc:752] Material service on [/world/aic_world/visual_config] (async)
[component_container-3] (2026-05-08 20:35:17.783) [info] [UserCommands.cc:754] Material service on [/world/aic_world/visual_config/blocking] (blocking)
[component_container-3] (2026-05-08 20:35:17.784) [info] [UserCommands.cc:752] Material service on [/world/aic_world/wheel_slip] (async)
[component_container-3] (2026-05-08 20:35:17.784) [info] [UserCommands.cc:754] Material service on [/world/aic_world/wheel_slip/blocking] (blocking)
[component_container-3] (2026-05-08 20:35:17.784) [debug] [SystemManager.cc:80] Loaded system [gz::sim::systems::UserCommands] for entity [1]
[component_container-3] (2026-05-08 20:35:17.871) [debug] [Physics.cc:967] Loaded [gz::physics::bullet_featherstone::Plugin] from library [/ws_aic/install/lib/gz-physics-8/engine-plugins/libgz-physics-bullet-featherstone-plugin.so]
[component_container-3] (2026-05-08 20:35:17.871) [debug] [SystemManager.cc:80] Loaded system [gz::sim::systems::Physics] for entity [1]
[component_container-3] (2026-05-08 20:35:17.893) [debug] [Sensors.cc:697] Configuring Sensors system
[component_container-3] (2026-05-08 20:35:17.895) [debug] [Sensors.cc:557] SensorsPrivate::Run
[component_container-3] (2026-05-08 20:35:17.895) [debug] [SystemManager.cc:80] Loaded system [gz::sim::systems::Sensors] for entity [1]
[component_container-3] (2026-05-08 20:35:17.895) [debug] [Sensors.cc:532] SensorsPrivate::RenderThread started
[component_container-3] (2026-05-08 20:35:17.895) [debug] [Sensors.cc:337] Waiting for init
[component_container-3] (2026-05-08 20:35:17.900) [debug] [ScoringPlugin.cc:45] aic_gazebo::ScoringPlugin::Configure on entity: 1
[component_container-3] (2026-05-08 20:35:17.902) [debug] [SystemManager.cc:80] Loaded system [aic_gazebo::ScoringPlugin] for entity [1]
[component_container-3] (2026-05-08 20:35:17.904) [debug] [WorldSdfGeneratorPlugin.cc:47] aic_gazebo::WorldSdfGeneratorPlugin::Configure
[component_container-3] (2026-05-08 20:35:17.904) [debug] [SystemManager.cc:80] Loaded system [aic_gazebo::WorldSdfGeneratorPlugin] for entity [1]
[component_container-3] (2026-05-08 20:35:17.908) [debug] [SystemManager.cc:80] Loaded system [gz::sim::systems::Contact] for entity [1]
[component_container-3] (2026-05-08 20:35:17.909) [info] [LevelManager.cc:646] Loaded level [default]
[component_container-3] (2026-05-08 20:35:17.910) [info] [ServerConfig.cc:1010] Copied installed config [/ws_aic/install/share/gz/gz-sim9/server.config] to default config [/root/.gz/sim/9/server.config].
[component_container-3] (2026-05-08 20:35:17.910) [debug] [ServerConfig.cc:1025] Loading (3) plugins from file [/root/.gz/sim/9/server.config]
[component_container-3] (2026-05-08 20:35:17.910) [debug] [SimulationRunner.cc:1696] Additional plugins to load:
[component_container-3] (2026-05-08 20:35:17.910) [debug] [SimulationRunner.cc:1699] gz::sim::systems::SceneBroadcaster gz-sim-scene-broadcaster-system
[component_container-3] (2026-05-08 20:35:17.917) [debug] [SystemManager.cc:80] Loaded system [gz::sim::systems::SceneBroadcaster] for entity [1]
[component_container-3] (2026-05-08 20:35:17.920) [info] [SimulationRunner.cc:275] Serving world controls on [/world/aic_world/control], [/world/aic_world/control/state] and [/world/aic_world/playback/control]
[component_container-3] (2026-05-08 20:35:17.920) [info] [SimulationRunner.cc:301] Serving GUI information on [/world/aic_world/gui/info]
[component_container-3] (2026-05-08 20:35:17.920) [info] [SimulationRunner.cc:304] World [aic_world] initialized with [2ms] physics profile.
[component_container-3] (2026-05-08 20:35:17.921) [info] [SimulationRunner.cc:311] Serving world SDF generation service on [/world/aic_world/generate_world_sdf]
[component_container-3] (2026-05-08 20:35:17.921) [info] [ServerPrivate.cc:344] Serving world names on [/gazebo/worlds]
[component_container-3] (2026-05-08 20:35:17.922) [info] [ServerPrivate.cc:357] Resource path add service on [/gazebo/resource_paths/add].
[component_container-3] (2026-05-08 20:35:17.922) [info] [ServerPrivate.cc:370] Resource path get service on [/gazebo/resource_paths/get].
[component_container-3] (2026-05-08 20:35:17.922) [info] [ServerPrivate.cc:385] Resource path resolve service on [/gazebo/resource_paths/resolve].
[component_container-3] (2026-05-08 20:35:17.922) [info] [ServerPrivate.cc:399] Resource paths published on [/gazebo/resource_paths].
[component_container-3] (2026-05-08 20:35:17.922) [info] [ServerPrivate.cc:412] Server control service on [/server_control].
[component_container-3] (2026-05-08 20:35:17.925) [info] [SimulationRunner.cc:769] Found no publishers on /stats, adding root stats topic
[component_container-3] (2026-05-08 20:35:17.925) [info] [SimulationRunner.cc:803] Found no publishers on /clock, adding root clock topic
[create-5] [INFO] [1778272518.145553012] [ros_gz_sim]: Entity creation successful.
[component_container-3] (2026-05-08 20:35:18.147) [debug] [SimulationRunner.cc:573] Creating PostUpdate worker threads: 5
[component_container-3] (2026-05-08 20:35:18.149) [debug] [SimulationRunner.cc:584] Creating postupdate worker thread (0)
[component_container-3] (2026-05-08 20:35:18.150) [debug] [SimulationRunner.cc:584] Creating postupdate worker thread (1)
[component_container-3] (2026-05-08 20:35:18.150) [debug] [SimulationRunner.cc:584] Creating postupdate worker thread (2)
[component_container-3] (2026-05-08 20:35:18.151) [debug] [SimulationRunner.cc:584] Creating postupdate worker thread (3)
[INFO] [create-5]: process has finished cleanly [pid 271]
[INFO] [spawner-6]: process started with pid [402]
[INFO] [spawner-7]: process started with pid [404]
[component_container-3] [1;33mWarning [Utils.cc:119][0m [/sdf/model[@name="ur"]/link[@name="center_camera/sensor_link"]/sensor[@name="center_camera"]/camera[@name="center_camera"]/optical_frame_id]: SDF Element[optical_frame_id] is deprecated
[component_container-3] [1;33mWarning [Utils.cc:119][0m [/sdf/model[@name="ur"]/link[@name="left_camera/sensor_link"]/sensor[@name="left_camera"]/camera[@name="left_camera"]/optical_frame_id]: SDF Element[optical_frame_id] is deprecated
[component_container-3] [1;33mWarning [Utils.cc:119][0m [/sdf/model[@name="ur"]/link[@name="right_camera/sensor_link"]/sensor[@name="right_camera"]/camera[@name="right_camera"]/optical_frame_id]: SDF Element[optical_frame_id] is deprecated
[component_container-3] [WARN] [1778272518.298605471] [rcl.logging_rosout]: Publisher already registered for node name: 'ros_gz_container'. If this is due to multiple nodes with the same name then all logs for the logger named 'ros_gz_container' will go out over the existing publisher. As soon as any node with that name is destructed it will unregister the publisher, preventing any further logs for that name from being published on the rosout topic.
[component_container-3] [INFO] [1778272518.302598888] [ros_gz_container]: [gz_ros2_control] Fixed joint [tabletop_joint] (Entity=101)] is skipped
[component_container-3] [INFO] [1778272518.302753846] [ros_gz_container]: [gz_ros2_control] Fixed joint [center_camera/attach_sensor_link] (Entity=108)] is skipped
[component_container-3] [INFO] [1778272518.302776888] [ros_gz_container]: [gz_ros2_control] Fixed joint [center_camera/attach_optical] (Entity=109)] is skipped
[component_container-3] [INFO] [1778272518.302796554] [ros_gz_container]: [gz_ros2_control] Fixed joint [ati/attach_joint] (Entity=110)] is skipped
[component_container-3] [INFO] [1778272518.302806846] [ros_gz_container]: [gz_ros2_control] Fixed joint [left_camera/attach_sensor_link] (Entity=114)] is skipped
[component_container-3] [INFO] [1778272518.302810888] [ros_gz_container]: [gz_ros2_control] Fixed joint [left_camera/attach_optical] (Entity=115)] is skipped
[component_container-3] [INFO] [1778272518.302814263] [ros_gz_container]: [gz_ros2_control] Fixed joint [right_camera/attach_sensor_link] (Entity=116)] is skipped
[component_container-3] [INFO] [1778272518.302817346] [ros_gz_container]: [gz_ros2_control] Fixed joint [right_camera/attach_optical] (Entity=117)] is skipped
[component_container-3] [INFO] [1778272518.311756721] [ros_gz_container]: Loading controller_manager
[component_container-3] [INFO] [1778272518.345279304] [controller_manager]: Using ROS clock for triggering controller manager cycles.
[component_container-3] [INFO] [1778272518.361645054] [controller_manager]: Subscribing to '/robot_description' topic for robot description.
[component_container-3] [INFO] [1778272518.374077554] [controller_manager]: Enforcing command limits is enabled...
[component_container-3] [WARN] [1778272518.374477679] [ros_gz_container]: Waiting RM to load and initialize hardware...
[component_container-3] [INFO] [1778272518.376770679] [controller_manager]: Received robot description from topic.
[component_container-3] [INFO] [1778272518.387200471] [ros_gz_container]: Using JointLimiter for joint 'gripper/left_finger_joint' in hardware 'gripper' : '  has position limits: true [0, 0.025]
[component_container-3]   has velocity limits: true [0.05]
[component_container-3]   has acceleration limits: false [nan]
[component_container-3]   has deceleration limits: false [nan]
[component_container-3]   has jerk limits: false [nan]
[component_container-3]   has effort limits: true [20]
[component_container-3]   angle wraparound: false'
[component_container-3] [INFO] [1778272518.387270471] [ros_gz_container]: Creating JointSaturationLimiter for joint 'gripper/left_finger_joint' in hardware 'gripper'
[component_container-3] [INFO] [1778272518.388585304] [ros_gz_container]: Using JointLimiter for joint 'wrist_3_joint' in hardware 'ControlSystem' : '  has position limits: true [-6.28319, 6.28319]
[component_container-3]   has velocity limits: true [3.14159]
[component_container-3]   has acceleration limits: false [nan]
[component_container-3]   has deceleration limits: false [nan]
[component_container-3]   has jerk limits: false [nan]
[component_container-3]   has effort limits: true [28]
[component_container-3]   angle wraparound: false'
[component_container-3] [INFO] [1778272518.388641096] [ros_gz_container]: Creating JointSaturationLimiter for joint 'wrist_3_joint' in hardware 'ControlSystem'
[component_container-3] [INFO] [1778272518.388690679] [ros_gz_container]: Using JointLimiter for joint 'wrist_2_joint' in hardware 'ControlSystem' : '  has position limits: true [-6.28319, 6.28319]
[component_container-3]   has velocity limits: true [3.14159]
[component_container-3]   has acceleration limits: false [nan]
[component_container-3]   has deceleration limits: false [nan]
[component_container-3]   has jerk limits: false [nan]
[component_container-3]   has effort limits: true [28]
[component_container-3]   angle wraparound: false'
[component_container-3] [INFO] [1778272518.388697346] [ros_gz_container]: Creating JointSaturationLimiter for joint 'wrist_2_joint' in hardware 'ControlSystem'
[component_container-3] [INFO] [1778272518.388720554] [ros_gz_container]: Using JointLimiter for joint 'wrist_1_joint' in hardware 'ControlSystem' : '  has position limits: true [-6.28319, 6.28319]
[component_container-3]   has velocity limits: true [3.14159]
[component_container-3]   has acceleration limits: false [nan]
[component_container-3]   has deceleration limits: false [nan]
[component_container-3]   has jerk limits: false [nan]
[component_container-3]   has effort limits: true [28]
[component_container-3]   angle wraparound: false'
[component_container-3] [INFO] [1778272518.388725304] [ros_gz_container]: Creating JointSaturationLimiter for joint 'wrist_1_joint' in hardware 'ControlSystem'
[component_container-3] [INFO] [1778272518.388732263] [ros_gz_container]: Using JointLimiter for joint 'elbow_joint' in hardware 'ControlSystem' : '  has position limits: true [-3.14159, 3.14159]
[component_container-3]   has velocity limits: true [3.14159]
[component_container-3]   has acceleration limits: false [nan]
[component_container-3]   has deceleration limits: false [nan]
[component_container-3]   has jerk limits: false [nan]
[component_container-3]   has effort limits: true [150]
[component_container-3]   angle wraparound: false'
[component_container-3] [INFO] [1778272518.388736221] [ros_gz_container]: Creating JointSaturationLimiter for joint 'elbow_joint' in hardware 'ControlSystem'
[component_container-3] [INFO] [1778272518.388743179] [ros_gz_container]: Using JointLimiter for joint 'shoulder_lift_joint' in hardware 'ControlSystem' : '  has position limits: true [-6.28319, 6.28319]
[component_container-3]   has velocity limits: true [3.14159]
[component_container-3]   has acceleration limits: false [nan]
[component_container-3]   has deceleration limits: false [nan]
[component_container-3]   has jerk limits: false [nan]
[component_container-3]   has effort limits: true [150]
[component_container-3]   angle wraparound: false'
[component_container-3] [INFO] [1778272518.388758471] [ros_gz_container]: Creating JointSaturationLimiter for joint 'shoulder_lift_joint' in hardware 'ControlSystem'
[component_container-3] [INFO] [1778272518.388765971] [ros_gz_container]: Using JointLimiter for joint 'shoulder_pan_joint' in hardware 'ControlSystem' : '  has position limits: true [-6.28319, 6.28319]
[component_container-3]   has velocity limits: true [3.14159]
[component_container-3]   has acceleration limits: false [nan]
[component_container-3]   has deceleration limits: false [nan]
[component_container-3]   has jerk limits: false [nan]
[component_container-3]   has effort limits: true [150]
[component_container-3]   angle wraparound: false'
[component_container-3] [INFO] [1778272518.388769846] [ros_gz_container]: Creating JointSaturationLimiter for joint 'shoulder_pan_joint' in hardware 'ControlSystem'
[component_container-3] [INFO] [1778272518.398771096] [ros_gz_container]: The position_proportional_gain has been set to: 0.1
[component_container-3] [INFO] [1778272518.399689596] [ros_gz_container]: Loading joint: gripper/left_finger_joint
[component_container-3] [INFO] [1778272518.399741013] [ros_gz_container]: 	State:
[component_container-3] [INFO] [1778272518.399795013] [ros_gz_container]: 		 position
[component_container-3] [INFO] [1778272518.399985054] [ros_gz_container]: 			 found initial value: 0.007300
[component_container-3] [INFO] [1778272518.400003013] [ros_gz_container]: 		 velocity
[component_container-3] [INFO] [1778272518.400109513] [ros_gz_container]: 			 found initial value: 0.000000
[component_container-3] [INFO] [1778272518.400117971] [ros_gz_container]: 		 effort
[component_container-3] [INFO] [1778272518.400282513] [ros_gz_container]: 			 found initial value: 0.000000
[component_container-3] [INFO] [1778272518.400391679] [ros_gz_container]: 	Command:
[component_container-3] [INFO] [1778272518.400396763] [ros_gz_container]: 		 position
[component_container-3] [INFO] [1778272518.400709513] [ros_gz_container]: 		 effort
[component_container-3] [INFO] [1778272518.402391971] [ros_gz_container]: Loading sensor: AtiForceTorqueSensor
[component_container-3] [INFO] [1778272518.402491804] [ros_gz_container]: 	State:
[component_container-3] [INFO] [1778272518.405159513] [ros_gz_container]: Initialize hardware 'gripper' 
[component_container-3] [WARN] [1778272518.405932221] [rcl.logging_rosout]: Publisher already registered for node name: 'ros_gz_container'. If this is due to multiple nodes with the same name then all logs for the logger named 'ros_gz_container' will go out over the existing publisher. As soon as any node with that name is destructed it will unregister the publisher, preventing any further logs for that name from being published on the rosout topic.
[component_container-3] [INFO] [1778272518.406692721] [ros_gz_container.hardware_component.system.gripper]: `status_publish_rate` is set to 0.0, hardware status publisher will not be created.
[component_container-3] [INFO] [1778272518.407385554] [ros_gz_container]: Successful initialization of hardware 'gripper'
[component_container-3] [INFO] [1778272518.410362596] [ros_gz_container]: The position_proportional_gain has been set to: 0.1
[component_container-3] [INFO] [1778272518.410424763] [ros_gz_container]: Loading joint: shoulder_pan_joint
[component_container-3] [INFO] [1778272518.410436304] [ros_gz_container]: 	State:
[component_container-3] [INFO] [1778272518.410443763] [ros_gz_container]: 		 position
[component_container-3] [INFO] [1778272518.410465554] [ros_gz_container]: 			 found initial value: -0.159700
[component_container-3] [INFO] [1778272518.410472221] [ros_gz_container]: 		 velocity
[component_container-3] [INFO] [1778272518.410480388] [ros_gz_container]: 			 found initial value: 0.000000
[component_container-3] [INFO] [1778272518.410486638] [ros_gz_container]: 		 effort
[component_container-3] [INFO] [1778272518.410493971] [ros_gz_container]: 			 found initial value: 0.000000
[component_container-3] [INFO] [1778272518.410500554] [ros_gz_container]: 	Command:
[component_container-3] [INFO] [1778272518.410507971] [ros_gz_container]: 		 position
[component_container-3] [INFO] [1778272518.410525304] [ros_gz_container]: 		 velocity
[component_container-3] [INFO] [1778272518.410634929] [ros_gz_container]: 		 effort
[component_container-3] [INFO] [1778272518.410665471] [ros_gz_container]: Loading joint: shoulder_lift_joint
[component_container-3] [INFO] [1778272518.410672179] [ros_gz_container]: 	State:
[component_container-3] [INFO] [1778272518.410677679] [ros_gz_container]: 		 position
[component_container-3] [INFO] [1778272518.410688513] [ros_gz_container]: 			 found initial value: -1.354200
[component_container-3] [INFO] [1778272518.410698263] [ros_gz_container]: 		 velocity
[component_container-3] [INFO] [1778272518.410719513] [ros_gz_container]: 			 found initial value: 0.000000
[component_container-3] [INFO] [1778272518.410725888] [ros_gz_container]: 		 effort
[component_container-3] [INFO] [1778272518.410744596] [ros_gz_container]: 			 found initial value: 0.000000
[component_container-3] [INFO] [1778272518.410751138] [ros_gz_container]: 	Command:
[component_container-3] [INFO] [1778272518.410755304] [ros_gz_container]: 		 position
[component_container-3] [INFO] [1778272518.410764554] [ros_gz_container]: 		 velocity
[component_container-3] [INFO] [1778272518.410783596] [ros_gz_container]: 		 effort
[component_container-3] [INFO] [1778272518.410795971] [ros_gz_container]: Loading joint: elbow_joint
[component_container-3] [INFO] [1778272518.410801554] [ros_gz_container]: 	State:
[component_container-3] [INFO] [1778272518.410805971] [ros_gz_container]: 		 position
[component_container-3] [INFO] [1778272518.410813596] [ros_gz_container]: 			 found initial value: -1.664800
[component_container-3] [INFO] [1778272518.410820846] [ros_gz_container]: 		 velocity
[component_container-3] [INFO] [1778272518.410828388] [ros_gz_container]: 			 found initial value: 0.000000
[component_container-3] [INFO] [1778272518.410834263] [ros_gz_container]: 		 effort
[component_container-3] [INFO] [1778272518.410839971] [ros_gz_container]: 			 found initial value: 0.000000
[component_container-3] [INFO] [1778272518.410847221] [ros_gz_container]: 	Command:
[component_container-3] [INFO] [1778272518.410852804] [ros_gz_container]: 		 position
[component_container-3] [INFO] [1778272518.410863346] [ros_gz_container]: 		 velocity
[component_container-3] [INFO] [1778272518.410870429] [ros_gz_container]: 		 effort
[component_container-3] [INFO] [1778272518.410881596] [ros_gz_container]: Loading joint: wrist_1_joint
[component_container-3] [INFO] [1778272518.410886138] [ros_gz_container]: 	State:
[component_container-3] [INFO] [1778272518.410888804] [ros_gz_container]: 		 position
[component_container-3] [INFO] [1778272518.410892096] [ros_gz_container]: 			 found initial value: -1.693300
[component_container-3] [INFO] [1778272518.410896929] [ros_gz_container]: 		 velocity
[component_container-3] [INFO] [1778272518.410904304] [ros_gz_container]: 			 found initial value: 0.000000
[component_container-3] [INFO] [1778272518.410911013] [ros_gz_container]: 		 effort
[component_container-3] [INFO] [1778272518.410917763] [ros_gz_container]: 			 found initial value: 0.000000
[component_container-3] [INFO] [1778272518.410922846] [ros_gz_container]: 	Command:
[component_container-3] [INFO] [1778272518.410927054] [ros_gz_container]: 		 position
[component_container-3] [INFO] [1778272518.410934846] [ros_gz_container]: 		 velocity
[component_container-3] [INFO] [1778272518.410943554] [ros_gz_container]: 		 effort
[component_container-3] [INFO] [1778272518.410957471] [ros_gz_container]: Loading joint: wrist_2_joint
[component_container-3] [INFO] [1778272518.410964721] [ros_gz_container]: 	State:
[component_container-3] [INFO] [1778272518.410971638] [ros_gz_container]: 		 position
[component_container-3] [INFO] [1778272518.410979471] [ros_gz_container]: 			 found initial value: 1.571000
[component_container-3] [INFO] [1778272518.410989179] [ros_gz_container]: 		 velocity
[component_container-3] [INFO] [1778272518.410996096] [ros_gz_container]: 			 found initial value: 0.000000
[component_container-3] [INFO] [1778272518.411002138] [ros_gz_container]: 		 effort
[component_container-3] [INFO] [1778272518.411009763] [ros_gz_container]: 			 found initial value: 0.000000
[component_container-3] [INFO] [1778272518.411016679] [ros_gz_container]: 	Command:
[component_container-3] [INFO] [1778272518.411022929] [ros_gz_container]: 		 position
[component_container-3] [INFO] [1778272518.411030721] [ros_gz_container]: 		 velocity
[component_container-3] [INFO] [1778272518.411037971] [ros_gz_container]: 		 effort
[component_container-3] [INFO] [1778272518.411049096] [ros_gz_container]: Loading joint: wrist_3_joint
[component_container-3] [INFO] [1778272518.411054846] [ros_gz_container]: 	State:
[component_container-3] [INFO] [1778272518.411059679] [ros_gz_container]: 		 position
[component_container-3] [INFO] [1778272518.411065554] [ros_gz_container]: 			 found initial value: 1.411000
[component_container-3] [INFO] [1778272518.411072513] [ros_gz_container]: 		 velocity
[component_container-3] [INFO] [1778272518.411081388] [ros_gz_container]: 			 found initial value: 0.000000
[component_container-3] [INFO] [1778272518.411088221] [ros_gz_container]: 		 effort
[component_container-3] [INFO] [1778272518.411092971] [ros_gz_container]: 			 found initial value: 0.000000
[component_container-3] [INFO] [1778272518.411099513] [ros_gz_container]: 	Command:
[component_container-3] [INFO] [1778272518.411103263] [ros_gz_container]: 		 position
[component_container-3] [INFO] [1778272518.411108054] [ros_gz_container]: 		 velocity
[component_container-3] [INFO] [1778272518.411112929] [ros_gz_container]: 		 effort
[component_container-3] [INFO] [1778272518.411385804] [ros_gz_container]: Loading sensor: AtiForceTorqueSensor
[component_container-3] [INFO] [1778272518.411394429] [ros_gz_container]: 	State:
[component_container-3] [INFO] [1778272518.411722221] [ros_gz_container]: 		 force.x
[component_container-3] [INFO] [1778272518.411730929] [ros_gz_container]: 		 force.y
[component_container-3] [INFO] [1778272518.411735304] [ros_gz_container]: 		 force.z
[component_container-3] [INFO] [1778272518.411738013] [ros_gz_container]: 		 torque.x
[component_container-3] [INFO] [1778272518.411742971] [ros_gz_container]: 		 torque.y
[component_container-3] [INFO] [1778272518.411757638] [ros_gz_container]: 		 torque.z
[component_container-3] [INFO] [1778272518.411852346] [ros_gz_container]: Initialize hardware 'ControlSystem' 
[component_container-3] [WARN] [1778272518.412007471] [rcl.logging_rosout]: Publisher already registered for node name: 'ros_gz_container'. If this is due to multiple nodes with the same name then all logs for the logger named 'ros_gz_container' will go out over the existing publisher. As soon as any node with that name is destructed it will unregister the publisher, preventing any further logs for that name from being published on the rosout topic.
[component_container-3] [INFO] [1778272518.413112138] [ros_gz_container.hardware_component.system.ControlSystem]: `status_publish_rate` is set to 0.0, hardware status publisher will not be created.
[component_container-3] [INFO] [1778272518.413220096] [ros_gz_container]: Successful initialization of hardware 'ControlSystem'
[component_container-3] [INFO] [1778272518.414725263] [resource_manager]: 'configure' hardware 'ControlSystem' 
[component_container-3] [INFO] [1778272518.414807013] [ros_gz_container]: System Successfully configured!
[component_container-3] [INFO] [1778272518.414822888] [resource_manager]: Successful 'configure' of hardware 'ControlSystem'
[component_container-3] [INFO] [1778272518.415061346] [resource_manager]: 'activate' hardware 'ControlSystem' 
[component_container-3] [INFO] [1778272518.415297179] [resource_manager]: Successful 'activate' of hardware 'ControlSystem'
[component_container-3] [INFO] [1778272518.415961304] [resource_manager]: 'configure' hardware 'gripper' 
[component_container-3] [INFO] [1778272518.415968804] [ros_gz_container]: System Successfully configured!
[component_container-3] [INFO] [1778272518.415974721] [resource_manager]: Successful 'configure' of hardware 'gripper'
[component_container-3] [INFO] [1778272518.415977721] [resource_manager]: 'activate' hardware 'gripper' 
[component_container-3] [INFO] [1778272518.415980888] [resource_manager]: Successful 'activate' of hardware 'gripper'
[component_container-3] [WARN] [1778272518.416074388] [controller_manager]: Component 'ControlSystem' does not have read or write statistics initialized, skipping registration.
[component_container-3] [WARN] [1778272518.416088471] [controller_manager]: Component 'gripper' does not have read or write statistics initialized, skipping registration.
[component_container-3] [INFO] [1778272518.416121971] [controller_manager]: Resource Manager has been successfully initialized. Starting Controller Manager services...
[2m2026-05-08T20:35:18.621870Z[0m [32m INFO[0m acc-0 ThreadId(04) [2mzenoh::net::routing::interceptor::access_control[0m[2m:[0m 216e43369184f9de33d37b114cd48b53 did not match any configured ACL subject. Default permission `Allow` will be applied on all messages
[2m2026-05-08T20:35:18.673566Z[0m [32m INFO[0m acc-0 ThreadId(04) [2mzenoh::net::routing::interceptor::access_control[0m[2m:[0m a7ab59088df3282d0987e499e52b07c5 did not match any configured ACL subject. Default permission `Allow` will be applied on all messages
[component_container-3] [INFO] [1778272518.748561929] [controller_manager]: Loading controller : 'joint_state_broadcaster' of type 'joint_state_broadcaster/JointStateBroadcaster'
[component_container-3] [INFO] [1778272518.748808971] [controller_manager]: Loading controller 'joint_state_broadcaster'
[component_container-3] [INFO] [1778272518.754394971] [controller_manager]: Controller 'joint_state_broadcaster' node arguments: --ros-args --params-file /ws_aic/install/share/aic_bringup/config/aic_ros2_controllers.yaml -p use_sim_time:=true --param use_sim_time:=true 
[spawner-6] [INFO] [1778272518.773031429] [spawner_joint_state_broadcaster]: Loaded joint_state_broadcaster
[component_container-3] [INFO] [1778272518.776585513] [controller_manager]: Configuring controller: 'joint_state_broadcaster'
[component_container-3] [INFO] [1778272518.777825763] [joint_state_broadcaster]: 'joints' or 'interfaces' parameter is empty. All available state interfaces will be published
[component_container-3] [INFO] [1778272518.792082513] [controller_manager]: Activating controllers: [ joint_state_broadcaster ]
[component_container-3] [INFO] [1778272518.793697846] [controller_manager]: Requested controller switch from non-realtime loop
[component_container-3] [INFO] [1778272518.796852388] [controller_manager]: Successfully switched controllers!
[component_container-3] (2026-05-08 20:35:20.375) [debug] [SystemManager.cc:80] Loaded system [gz_ros2_control::GazeboSimROS2ControlPlugin] for entity [31]
[component_container-3] (2026-05-08 20:35:20.381) [debug] [SystemManager.cc:80] Loaded system [gz::sim::systems::ForceTorque] for entity [31]
[component_container-3] (2026-05-08 20:35:20.385) [debug] [OffLimitContactsPlugin.cc:41] aic_gazebo::OffLimitContactsPlugin::Configure on entity: 31
[component_container-3] (2026-05-08 20:35:20.388) [debug] [OffLimitContactsPlugin.cc:165] Enabled collision [34]
[component_container-3] (2026-05-08 20:35:20.388) [debug] [OffLimitContactsPlugin.cc:165] Enabled collision [37]
[component_container-3] (2026-05-08 20:35:20.388) [debug] [OffLimitContactsPlugin.cc:165] Enabled collision [40]
[component_container-3] (2026-05-08 20:35:20.388) [debug] [OffLimitContactsPlugin.cc:165] Enabled collision [43]
[component_container-3] (2026-05-08 20:35:20.388) [debug] [OffLimitContactsPlugin.cc:165] Enabled collision [46]
[component_container-3] (2026-05-08 20:35:20.388) [debug] [OffLimitContactsPlugin.cc:165] Enabled collision [49]
[component_container-3] (2026-05-08 20:35:20.388) [debug] [OffLimitContactsPlugin.cc:165] Enabled collision [57]
[component_container-3] (2026-05-08 20:35:20.388) [debug] [OffLimitContactsPlugin.cc:165] Enabled collision [58]
[component_container-3] (2026-05-08 20:35:20.388) [debug] [OffLimitContactsPlugin.cc:165] Enabled collision [59]
[component_container-3] (2026-05-08 20:35:20.388) [debug] [OffLimitContactsPlugin.cc:165] Enabled collision [60]
[component_container-3] (2026-05-08 20:35:20.388) [debug] [OffLimitContactsPlugin.cc:165] Enabled collision [61]
[component_container-3] (2026-05-08 20:35:20.388) [debug] [OffLimitContactsPlugin.cc:165] Enabled collision [62]
[component_container-3] (2026-05-08 20:35:20.388) [debug] [OffLimitContactsPlugin.cc:165] Enabled collision [63]
[component_container-3] (2026-05-08 20:35:20.388) [debug] [OffLimitContactsPlugin.cc:165] Enabled collision [64]
[component_container-3] (2026-05-08 20:35:20.388) [debug] [OffLimitContactsPlugin.cc:165] Enabled collision [65]
[component_container-3] (2026-05-08 20:35:20.388) [debug] [OffLimitContactsPlugin.cc:165] Enabled collision [66]
[component_container-3] (2026-05-08 20:35:20.388) [debug] [OffLimitContactsPlugin.cc:165] Enabled collision [67]
[component_container-3] (2026-05-08 20:35:20.388) [debug] [OffLimitContactsPlugin.cc:165] Enabled collision [68]
[component_container-3] (2026-05-08 20:35:20.388) [debug] [OffLimitContactsPlugin.cc:165] Enabled collision [69]
[component_container-3] (2026-05-08 20:35:20.388) [debug] [OffLimitContactsPlugin.cc:165] Enabled collision [70]
[component_container-3] (2026-05-08 20:35:20.388) [debug] [OffLimitContactsPlugin.cc:165] Enabled collision [71]
[component_container-3] (2026-05-08 20:35:20.388) [debug] [OffLimitContactsPlugin.cc:165] Enabled collision [72]
[component_container-3] (2026-05-08 20:35:20.388) [debug] [OffLimitContactsPlugin.cc:165] Enabled collision [73]
[component_container-3] (2026-05-08 20:35:20.388) [debug] [OffLimitContactsPlugin.cc:165] Enabled collision [74]
[component_container-3] (2026-05-08 20:35:20.388) [debug] [OffLimitContactsPlugin.cc:165] Enabled collision [75]
[component_container-3] (2026-05-08 20:35:20.388) [debug] [OffLimitContactsPlugin.cc:165] Enabled collision [81]
[component_container-3] (2026-05-08 20:35:20.388) [debug] [OffLimitContactsPlugin.cc:165] Enabled collision [82]
[component_container-3] (2026-05-08 20:35:20.388) [debug] [OffLimitContactsPlugin.cc:165] Enabled collision [85]
[component_container-3] (2026-05-08 20:35:20.388) [debug] [OffLimitContactsPlugin.cc:165] Enabled collision [86]
[component_container-3] (2026-05-08 20:35:20.388) [debug] [OffLimitContactsPlugin.cc:165] Enabled collision [87]
[component_container-3] (2026-05-08 20:35:20.388) [debug] [OffLimitContactsPlugin.cc:165] Enabled collision [88]
[component_container-3] (2026-05-08 20:35:20.388) [debug] [OffLimitContactsPlugin.cc:165] Enabled collision [91]
[component_container-3] (2026-05-08 20:35:20.388) [debug] [OffLimitContactsPlugin.cc:165] Enabled collision [92]
[component_container-3] (2026-05-08 20:35:20.388) [debug] [OffLimitContactsPlugin.cc:165] Enabled collision [93]
[component_container-3] (2026-05-08 20:35:20.388) [debug] [OffLimitContactsPlugin.cc:165] Enabled collision [94]
[component_container-3] (2026-05-08 20:35:20.388) [debug] [SystemManager.cc:80] Loaded system [aic_gazebo::OffLimitContactsPlugin] for entity [31]
[component_container-3] (2026-05-08 20:35:20.392) [debug] [ResetJointsPlugin.cc:40] aic_gazebo::ResetJointsPlugin::Configure on entity: 31
[component_container-3] [WARN] [1778272520.392552972] [rcl.logging_rosout]: Publisher already registered for node name: 'ros_gz_container'. If this is due to multiple nodes with the same name then all logs for the logger named 'ros_gz_container' will go out over the existing publisher. As soon as any node with that name is destructed it will unregister the publisher, preventing any further logs for that name from being published on the rosout topic.
[component_container-3] (2026-05-08 20:35:20.395) [info] [ResetJointsPlugin.cc:117] Initialized ResetJointsPlugin!
[component_container-3] (2026-05-08 20:35:20.395) [debug] [SystemManager.cc:80] Loaded system [aic_gazebo::ResetJointsPlugin] for entity [31]
[component_container-3] (2026-05-08 20:35:20.395) [debug] [UserCommands.cc:1108] Created entity [31] named [ur5e]
[component_container-3] (2026-05-08 20:35:20.409) [debug] [Physics.cc:1171] Attempting to set physics options, but the physics engine doesn't support feature [CollisionPairMaxContacts]. Options will be ignored.
[component_container-3] (2026-05-08 20:35:20.454) [debug] [Sensors.cc:953] Initialization needed
[component_container-3] (2026-05-08 20:35:20.455) [debug] [Sensors.cc:349] Initializing render context
[component_container-3] (2026-05-08 20:35:20.458) [info] [RenderEngineManager.cc:514] Loading plugin [gz-rendering-ogre2]
[component_container-3] (2026-05-08 20:35:20.463) [info] [SceneBroadcaster.cc:634] Serving scene information on [/world/aic_world/scene/info]
[component_container-3] (2026-05-08 20:35:20.463) [info] [SceneBroadcaster.cc:643] Serving graph information on [/world/aic_world/scene/graph]
[component_container-3] (2026-05-08 20:35:20.464) [info] [SceneBroadcaster.cc:654] Serving full state on [/world/aic_world/state]
[component_container-3] (2026-05-08 20:35:20.464) [info] [SceneBroadcaster.cc:663] Serving full state (async) on [/world/aic_world/state_async]
[component_container-3] (2026-05-08 20:35:20.464) [info] [SceneBroadcaster.cc:671] Publishing scene information on [/world/aic_world/scene/info]
[component_container-3] (2026-05-08 20:35:20.464) [info] [SceneBroadcaster.cc:680] Publishing entity deletions on [/world/aic_world/scene/deletion]
[component_container-3] (2026-05-08 20:35:20.464) [info] [SceneBroadcaster.cc:689] Publishing state changes on [/world/aic_world/state]
[component_container-3] (2026-05-08 20:35:20.464) [info] [SceneBroadcaster.cc:700] Publishing pose messages on [/world/aic_world/pose/info]
[component_container-3] (2026-05-08 20:35:20.464) [info] [SceneBroadcaster.cc:711] Publishing dynamic pose messages on [/world/aic_world/dynamic_pose/info]
[component_container-3] (2026-05-08 20:35:20.474) [debug] [EntityComponentManager.cc:1676] Updated state thread iterators: 10 threads processing around 12 entities each.
[component_container-3] (2026-05-08 20:35:20.537) [debug] [SimulationRunner.cc:600] Exiting postupdate worker thread (3)
[component_container-3] (2026-05-08 20:35:20.537) [debug] [SimulationRunner.cc:600] Exiting postupdate worker thread (0)
[component_container-3] (2026-05-08 20:35:20.537) [debug] [SimulationRunner.cc:600] Exiting postupdate worker thread (2)
[component_container-3] (2026-05-08 20:35:20.537) [debug] [SimulationRunner.cc:600] Exiting postupdate worker thread (1)
[component_container-3] (2026-05-08 20:35:20.538) [debug] [SimulationRunner.cc:573] Creating PostUpdate worker threads: 6
[component_container-3] (2026-05-08 20:35:20.539) [debug] [SimulationRunner.cc:584] Creating postupdate worker thread (0)
[component_container-3] (2026-05-08 20:35:20.540) [debug] [SimulationRunner.cc:584] Creating postupdate worker thread (1)
[component_container-3] (2026-05-08 20:35:20.540) [debug] [SimulationRunner.cc:584] Creating postupdate worker thread (2)
[component_container-3] (2026-05-08 20:35:20.540) [debug] [SimulationRunner.cc:584] Creating postupdate worker thread (3)
[component_container-3] (2026-05-08 20:35:20.540) [debug] [SimulationRunner.cc:584] Creating postupdate worker thread (4)
[component_container-3] (2026-05-08 20:35:20.579) [debug] [EntityComponentManager.cc:1676] Updated state thread iterators: 10 threads processing around 12 entities each.
[component_container-3] [1;33mWarning [Utils.cc:119][0m [/sdf/model[@name="ur"]/link[@name="center_camera/sensor_link"]/sensor[@name="center_camera"]/camera[@name="center_camera"]/optical_frame_id]: SDF Element[optical_frame_id] is deprecated
[component_container-3] [1;33mWarning [Utils.cc:119][0m [/sdf/model[@name="ur"]/link[@name="left_camera/sensor_link"]/sensor[@name="left_camera"]/camera[@name="left_camera"]/optical_frame_id]: SDF Element[optical_frame_id] is deprecated
[spawner-6] [INFO] [1778272520.651765180] [spawner_joint_state_broadcaster]: Configured and activated joint_state_broadcaster
[component_container-3] [1;33mWarning [Utils.cc:119][0m [/sdf/model[@name="ur"]/link[@name="right_camera/sensor_link"]/sensor[@name="right_camera"]/camera[@name="right_camera"]/optical_frame_id]: SDF Element[optical_frame_id] is deprecated
[component_container-3] [INFO] [1778272520.717612847] [gz_server]: InitializeCanonicalLinks
[component_container-3] [INFO] [1778272520.720982555] [gz_server]: Creating services on gz_server
[INFO] [spawner-6]: process has finished cleanly [pid 402]
[component_container-3] [INFO] [1778272520.728367430] [gz_server]: Created service /gz_server/delete_entity
[INFO] [spawner-8]: process started with pid [541]
[component_container-3] [INFO] [1778272520.734534264] [gz_server]: Created service /gz_server/get_entities
[component_container-3] [INFO] [1778272520.737661889] [gz_server]: Created service /gz_server/get_entity_info
[component_container-3] [INFO] [1778272520.744114764] [gz_server]: Created service /gz_server/get_entity_state
[component_container-3] [INFO] [1778272520.745889264] [gz_server]: Created service /gz_server/get_entities_states
[component_container-3] [INFO] [1778272520.747377514] [gz_server]: Created service /gz_server/get_simulation_state
[component_container-3] [INFO] [1778272520.754726305] [gz_server]: Created service /gz_server/get_simulator_features
[component_container-3] [INFO] [1778272520.756188555] [gz_server]: Created service /gz_server/reset_simulation
[gz-4] [1;33mWarning [Utils.cc:119][0m [/sdf/model[@name="ur"]/link[@name="center_camera/sensor_link"]/sensor[@name="center_camera"]/camera[@name="center_camera"]/optical_frame_id]: SDF Element[optical_frame_id] is deprecated
[component_container-3] [INFO] [1778272520.757508764] [gz_server]: Created service /gz_server/set_entity_state
[component_container-3] [INFO] [1778272520.759731430] [controller_manager]: Loading controller : 'fts_broadcaster' of type 'force_torque_sensor_broadcaster/ForceTorqueSensorBroadcaster'
[component_container-3] [INFO] [1778272520.759836222] [controller_manager]: Loading controller 'fts_broadcaster'
[component_container-3] [INFO] [1778272520.761708722] [gz_server]: Created service /gz_server/set_simulation_state
[gz-4] [1;33mWarning [Utils.cc:119][0m [/sdf/model[@name="ur"]/link[@name="left_camera/sensor_link"]/sensor[@name="left_camera"]/camera[@name="left_camera"]/optical_frame_id]: SDF Element[optical_frame_id] is deprecated
[gz-4] [1;33mWarning [Utils.cc:119][0m [/sdf/model[@name="ur"]/link[@name="right_camera/sensor_link"]/sensor[@name="right_camera"]/camera[@name="right_camera"]/optical_frame_id]: SDF Element[optical_frame_id] is deprecated
[component_container-3] [INFO] [1778272520.771817639] [gz_server]: Created service /gz_server/spawn_entity
[component_container-3] [INFO] [1778272520.775729264] [controller_manager]: Controller 'fts_broadcaster' node arguments: --ros-args --params-file /ws_aic/install/share/aic_bringup/config/aic_ros2_controllers.yaml -p use_sim_time:=true --param use_sim_time:=true 
[component_container-3] [INFO] [1778272520.776315472] [gz_server]: Created service /gz_server/step_simulation
[component_container-3] [INFO] [1778272520.795744014] [gz_server]: Created action /gz_server/simulate_steps
[component_container-3] (2026-05-08 20:35:20.989) [debug] [RenderUtil.cc:2646] Create scene [scene]
[2m2026-05-08T20:35:21.138898Z[0m [32m INFO[0m acc-0 ThreadId(04) [2mzenoh::net::routing::interceptor::access_control[0m[2m:[0m c94cf8c5812357ec86d4ccfc017cd6c8 did not match any configured ACL subject. Default permission `Allow` will be applied on all messages
[component_container-3] (2026-05-08 20:35:23.655) [debug] [Sensors.cc:391] Rendering Thread initialized
[component_container-3] (2026-05-08 20:35:23.655) [debug] [Sensors.cc:953] Initialization needed
[component_container-3] (2026-05-08 20:35:23.681) [info] [ApplyLinkWrench.cc:209] Listening to instantaneous wrench commands in [/world/aic_world/wrench]
[component_container-3] (2026-05-08 20:35:23.682) [info] [ApplyLinkWrench.cc:220] Listening to persistent wrench commands in [/world/aic_world/wrench/persistent]
[component_container-3] (2026-05-08 20:35:23.682) [info] [ApplyLinkWrench.cc:231] Listening to wrench clear commands in [/world/aic_world/wrench/clear]
[component_container-3] (2026-05-08 20:35:23.682) [debug] [SystemManager.cc:80] Loaded system [gz::sim::systems::ApplyLinkWrench] for entity [1]
[component_container-3] (2026-05-08 20:35:23.682) [debug] [ForceTorque.cc:162] Adding JointTransmittedWrench to: 110
[component_container-3] [INFO] [1778272523.684692459] [ros_gz_container]: ForceTorque AtiForceTorqueSensor has a topic name: /axia80_m20/wrench
[component_container-3] [INFO] [1778272523.686100751] [ros_gz_container]: ForceTorque AtiForceTorqueSensor has a topic name: /axia80_m20/wrench
[spawner-7] [INFO] [1778272523.697381084] [spawner_fts_broadcaster]: Loaded fts_broadcaster
[component_container-3] [INFO] [1778272523.701379626] [controller_manager]: Configuring controller: 'fts_broadcaster'
[component_container-3] [INFO] [1778272523.710010167] [fts_broadcaster]: configure successful
[component_container-3] (2026-05-08 20:35:25.264) [debug] [CameraSensor.cc:342] Camera images for [ur5e::center_camera/sensor_link::center_camera] advertised on [/center_camera/image]
[component_container-3] (2026-05-08 20:35:25.265) [debug] [CameraSensor.cc:632] Camera info for [ur5e::center_camera/sensor_link::center_camera] advertised on [/center_camera/camera_info]
[component_container-3] (2026-05-08 20:35:25.267) [warning] [Ogre2Camera.cc:423] Ogre2Camera::SetVisibilityMask: Mask bits c0000000 are set but will be ignored as they conflict with the reserved bits used internally by the ogre2 backend.
[component_container-3] (2026-05-08 20:35:25.271) [debug] [CameraSensor.cc:342] Camera images for [ur5e::left_camera/sensor_link::left_camera] advertised on [/left_camera/image]
[component_container-3] (2026-05-08 20:35:25.271) [debug] [CameraSensor.cc:632] Camera info for [ur5e::left_camera/sensor_link::left_camera] advertised on [/left_camera/camera_info]
[component_container-3] (2026-05-08 20:35:25.271) [warning] [Ogre2Camera.cc:423] Ogre2Camera::SetVisibilityMask: Mask bits c0000000 are set but will be ignored as they conflict with the reserved bits used internally by the ogre2 backend.
[component_container-3] (2026-05-08 20:35:25.271) [debug] [CameraSensor.cc:342] Camera images for [ur5e::right_camera/sensor_link::right_camera] advertised on [/right_camera/image]
[component_container-3] (2026-05-08 20:35:25.271) [debug] [CameraSensor.cc:632] Camera info for [ur5e::right_camera/sensor_link::right_camera] advertised on [/right_camera/camera_info]
[component_container-3] (2026-05-08 20:35:25.271) [warning] [Ogre2Camera.cc:423] Ogre2Camera::SetVisibilityMask: Mask bits c0000000 are set but will be ignored as they conflict with the reserved bits used internally by the ogre2 backend.
[spawner-8] [WARN] [1778272541.238634967] [ros2_control_controller_spawner_aic_controller]: Attempt 1 failed. Retrying in 3 seconds...
[component_container-3] (2026-05-08 20:35:51.530) [warning] [Ogre2RenderTarget.cc:668] Anti-aliasing level of '' is not supported; valid FSAA levels are: [ 0 ]. Setting to 1
[spawner-7] [WARN] [1778272553.730910584] [spawner_fts_broadcaster]: Failed getting a result from calling /controller_manager/configure_controller in 30.0. (Attempt 1 of 3.)
[component_container-3] (2026-05-08 20:36:00.310) [debug] [CameraSensor.cc:441] Enabling camera sensor: 'ur5e::center_camera/sensor_link::center_camera' data generation.
[component_container-3] (2026-05-08 20:36:04.071) [debug] [CameraSensor.cc:441] Enabling camera sensor: 'ur5e::left_camera/sensor_link::left_camera' data generation.
[spawner-8] [WARN] [1778272564.268846547] [ros2_control_controller_spawner_aic_controller]: Attempt 2 failed. Retrying in 3 seconds...
[component_container-3] (2026-05-08 20:36:05.524) [debug] [CameraSensor.cc:441] Enabling camera sensor: 'ur5e::right_camera/sensor_link::right_camera' data generation.
[component_container-3] (2026-05-08 20:36:06.488) [debug] [SimulationRunner.cc:600] Exiting postupdate worker thread (4)
[component_container-3] (2026-05-08 20:36:06.488) [debug] [SimulationRunner.cc:600] Exiting postupdate worker thread (3)
[component_container-3] (2026-05-08 20:36:06.489) [debug] [SimulationRunner.cc:600] Exiting postupdate worker thread (1)
[component_container-3] (2026-05-08 20:36:06.490) [debug] [SimulationRunner.cc:600] Exiting postupdate worker thread (0)
[component_container-3] (2026-05-08 20:36:06.492) [debug] [SimulationRunner.cc:600] Exiting postupdate worker thread (2)
[component_container-3] (2026-05-08 20:36:06.494) [debug] [SimulationRunner.cc:573] Creating PostUpdate worker threads: 6
[component_container-3] (2026-05-08 20:36:06.494) [debug] [SimulationRunner.cc:584] Creating postupdate worker thread (0)
[component_container-3] (2026-05-08 20:36:06.495) [debug] [SimulationRunner.cc:584] Creating postupdate worker thread (1)
[component_container-3] (2026-05-08 20:36:06.495) [debug] [SimulationRunner.cc:584] Creating postupdate worker thread (2)
[component_container-3] (2026-05-08 20:36:06.495) [debug] [SimulationRunner.cc:584] Creating postupdate worker thread (3)
[component_container-3] (2026-05-08 20:36:06.495) [debug] [SimulationRunner.cc:584] Creating postupdate worker thread (4)
[component_container-3] [INFO] [1778272566.512837674] [controller_manager]: Configuring controller: 'fts_broadcaster'
[component_container-3] [INFO] [1778272566.538926840] [fts_broadcaster]: configure successful
[component_container-3] [INFO] [1778272566.558690715] [controller_manager]: Activating controllers: [ fts_broadcaster ]
[component_container-3] [INFO] [1778272566.558871632] [controller_manager]: Requested controller switch from non-realtime loop
[component_container-3] [INFO] [1778272566.559548632] [controller_manager]: Successfully switched controllers!
[spawner-7] [INFO] [1778272566.569535049] [spawner_fts_broadcaster]: Configured and activated fts_broadcaster
[INFO] [spawner-7]: process has finished cleanly [pid 404]
[component_container-3] (2026-05-08 20:36:07.342) [debug] [WorldSdfGeneratorPlugin.cc:79] Saving world: aic_world to: /tmp/aic.sdf
[component_container-3] (2026-05-08 20:36:07.343) [info] [WorldSdfGeneratorPlugin.cc:84] World saved to /tmp/aic.sdf
[component_container-3] [INFO] [1778272567.544983882] [controller_manager]: Loading controller : 'aic_controller' of type 'aic/Controller'
[component_container-3] [INFO] [1778272567.545066091] [controller_manager]: Loading controller 'aic_controller'
[component_container-3] [INFO] [1778272567.633223466] [controller_manager]: Controller 'aic_controller' node arguments: --ros-args --params-file /ws_aic/install/share/aic_bringup/config/aic_ros2_controllers.yaml -p use_sim_time:=true --param use_sim_time:=true 
[spawner-8] [INFO] [1778272571.508081968] [spawner_aic_controller]: Loaded aic_controller
[component_container-3] [INFO] [1778272571.516491676] [controller_manager]: Configuring controller: 'aic_controller'
[component_container-3] [INFO] [1778272571.517317259] [aic_controller]: Control mode set to impedance
[component_container-3] [INFO] [1778272571.517364509] [aic_controller]: Target mode set to Cartesian. Accepting MotionUpdate targets.
[component_container-3] [INFO] [1778272576.531152678] [controller_manager]: Activating controllers: [ aic_controller ]
[component_container-3] [INFO] [1778272576.533097970] [controller_manager]: Requested controller switch from non-realtime loop
[component_container-3] [INFO] [1778272576.546089262] [controller_manager]: Successfully switched controllers!
[component_container-3] (2026-05-08 20:36:16.551) [warning] [Component.hh:144] Trying to serialize component with data type [St6vectorIdSaIdEE], which doesn't have `operator<<`. Component will not be serialized.
[component_container-3] (2026-05-08 20:36:16.551) [warning] [Component.hh:189] Trying to deserialize component with data type [St6vectorIdSaIdEE], which doesn't have `operator>>`. Component will not be deserialized.
[spawner-8] [INFO] [1778272576.560607262] [spawner_aic_controller]: Configured and activated all the parsed controllers list : ['aic_controller']!
[INFO] [spawner-8]: process has finished cleanly [pid 541]
[INFO] [rviz2-9]: process started with pid [720]
[rviz2-9] QStandardPaths: XDG_RUNTIME_DIR not set, defaulting to '/tmp/runtime-root'
[2m2026-05-08T20:36:17.437045Z[0m [32m INFO[0m acc-0 ThreadId(04) [2mzenoh::net::routing::interceptor::access_control[0m[2m:[0m 72619dafe4480212edc5688a4bba43f2 did not match any configured ACL subject. Default permission `Allow` will be applied on all messages
[rviz2-9] [INFO] [1778272579.515388846] [rviz2]: Stereo is NOT SUPPORTED
[rviz2-9] [INFO] [1778272579.518019138] [rviz2]: OpenGl version: 4.5 (GLSL 4.5)
[rviz2-9] [INFO] [1778272579.859618263] [rviz2]: Stereo is NOT SUPPORTED
[rviz2-9] [INFO] [1778272583.571407917] [rviz2]: Stereo is NOT SUPPORTED
[2m2026-05-08T20:38:33.924214Z[0m [32m INFO[0m acc-0 ThreadId(04) [2mzenoh::net::routing::interceptor::access_control[0m[2m:[0m e86208674f121c0e422f80ac327efb34 did not match any configured ACL subject. Default permission `Allow` will be applied on all messages
[2m2026-05-08T20:39:29.867226Z[0m [32m INFO[0m acc-0 ThreadId(04) [2mzenoh::net::routing::interceptor::access_control[0m[2m:[0m 20562b55b0b3edd5306ed924bff9257b did not match any configured ACL subject. Default permission `Allow` will be applied on all messages
[2m2026-05-08T20:39:30.377753Z[0m [32m INFO[0m acc-0 ThreadId(04) [2mzenoh::net::routing::interceptor::access_control[0m[2m:[0m 29965fca885ee3b918078a06ee6aa78e did not match any configured ACL subject. Default permission `Allow` will be applied on all messages
[component_container-3] (2026-05-08 20:40:12.596) [debug] [UserCommands.cc:1108] Created entity [118] named [sphere]
[component_container-3] [INFO] [1778272812.628404010] [gz_server]: InitializeCanonicalLinks
[2m2026-05-08T20:41:15.077649Z[0m [32m INFO[0m acc-0 ThreadId(04) [2mzenoh::net::routing::interceptor::access_control[0m[2m:[0m 251527ef34ca5fc8acde20450ea39285 did not match any configured ACL subject. Default permission `Allow` will be applied on all messages
[component_container-3] (2026-05-08 20:41:50.347) [debug] [UserCommands.cc:1108] Created entity [122] named [pointlight]
[component_container-3] [INFO] [1778272910.364448013] [gz_server]: InitializeCanonicalLinks
[2m2026-05-08T20:42:37.964474Z[0m [32m INFO[0m acc-0 ThreadId(04) [2mzenoh::net::routing::interceptor::access_control[0m[2m:[0m 60c25a8a71639666f989a865cce35142 did not match any configured ACL subject. Default permission `Allow` will be applied on all messages
