$ ['python3', '/opt/aic_web/warehouse_visual.py']

Starting visual warehouse Gazebo simulation
World contains a room, storage racks, dispatch areas, and a mobile warehouse robot
Gazebo camera starts above the robot/work area. Open noVNC to watch it.
(2026-05-09 15:42:59.245) [info] [Gui.cc:332] Gazebo Sim GUI    v9.5.0
(2026-05-09 15:42:59.384) [info] [gz.cc:170] Received world [/opt/aic_web/warehouse_visual.sdf] from the GUI.
(2026-05-09 15:42:59.386) [info] [gz.cc:337] Gazebo Sim Server v9.5.0
QStandardPaths: XDG_RUNTIME_DIR not set, defaulting to '/tmp/runtime-root'
(2026-05-09 15:42:59.471) [info] [ServerPrivate.cc:664] Loading SDF world file[/opt/aic_web/warehouse_visual.sdf].
(2026-05-09 15:42:59.790) [error] [SignalHandler.cc:178] [GUI] 4 Interrupted system call
(2026-05-09 15:43:01.279) [info] [SystemManager.cc:54] Serving entity system service on [/entity/system/add]
(2026-05-09 15:43:01.391) [info] [UserCommands.cc:752] Create service on [/world/warehouse_mobile/create_multiple] (async)
(2026-05-09 15:43:01.391) [info] [UserCommands.cc:754] Create service on [/world/warehouse_mobile/create_multiple/blocking] (blocking)
(2026-05-09 15:43:01.391) [info] [UserCommands.cc:752] Remove service on [/world/warehouse_mobile/remove] (async)
(2026-05-09 15:43:01.391) [info] [UserCommands.cc:754] Remove service on [/world/warehouse_mobile/remove/blocking] (blocking)
(2026-05-09 15:43:01.391) [info] [UserCommands.cc:752] Pose service on [/world/warehouse_mobile/set_pose] (async)
(2026-05-09 15:43:01.391) [info] [UserCommands.cc:754] Pose service on [/world/warehouse_mobile/set_pose/blocking] (blocking)
(2026-05-09 15:43:01.392) [info] [UserCommands.cc:752] Pose service on [/world/warehouse_mobile/set_pose_vector] (async)
(2026-05-09 15:43:01.392) [info] [UserCommands.cc:754] Pose service on [/world/warehouse_mobile/set_pose_vector/blocking] (blocking)
(2026-05-09 15:43:01.392) [info] [UserCommands.cc:752] Light configuration service on [/world/warehouse_mobile/light_config] (async)
(2026-05-09 15:43:01.392) [info] [UserCommands.cc:754] Light configuration service on [/world/warehouse_mobile/light_config/blocking] (blocking)
(2026-05-09 15:43:01.394) [info] [UserCommands.cc:752] Physics service on [/world/warehouse_mobile/set_physics] (async)
(2026-05-09 15:43:01.394) [info] [UserCommands.cc:754] Physics service on [/world/warehouse_mobile/set_physics/blocking] (blocking)
(2026-05-09 15:43:01.394) [info] [UserCommands.cc:752] SphericalCoordinates service on [/world/warehouse_mobile/set_spherical_coordinates] (async)
(2026-05-09 15:43:01.394) [info] [UserCommands.cc:754] SphericalCoordinates service on [/world/warehouse_mobile/set_spherical_coordinates/blocking] (blocking)
(2026-05-09 15:43:01.394) [info] [UserCommands.cc:752] Enable collision service on [/world/warehouse_mobile/enable_collision] (async)
(2026-05-09 15:43:01.394) [info] [UserCommands.cc:754] Enable collision service on [/world/warehouse_mobile/enable_collision/blocking] (blocking)
(2026-05-09 15:43:01.394) [info] [UserCommands.cc:752] Disable collision service on [/world/warehouse_mobile/disable_collision] (async)
(2026-05-09 15:43:01.394) [info] [UserCommands.cc:754] Disable collision service on [/world/warehouse_mobile/disable_collision/blocking] (blocking)
(2026-05-09 15:43:01.395) [info] [UserCommands.cc:752] Material service on [/world/warehouse_mobile/visual_config] (async)
(2026-05-09 15:43:01.395) [info] [UserCommands.cc:754] Material service on [/world/warehouse_mobile/visual_config/blocking] (blocking)
(2026-05-09 15:43:01.395) [info] [UserCommands.cc:752] Material service on [/world/warehouse_mobile/wheel_slip] (async)
(2026-05-09 15:43:01.395) [info] [UserCommands.cc:754] Material service on [/world/warehouse_mobile/wheel_slip/blocking] (blocking)
(2026-05-09 15:43:01.402) [info] [LevelManager.cc:646] Loaded level [default]
(2026-05-09 15:43:01.407) [info] [SimulationRunner.cc:275] Serving world controls on [/world/warehouse_mobile/control], [/world/warehouse_mobile/control/state] and [/world/warehouse_mobile/playback/control]
(2026-05-09 15:43:01.407) [warning] [Conversions.cc:735] <gui><camera> can't be converted yet
(2026-05-09 15:43:01.407) [info] [SimulationRunner.cc:301] Serving GUI information on [/world/warehouse_mobile/gui/info]
(2026-05-09 15:43:01.407) [info] [SimulationRunner.cc:304] World [warehouse_mobile] initialized with [1ms] physics profile.
(2026-05-09 15:43:01.408) [info] [SimulationRunner.cc:311] Serving world SDF generation service on [/world/warehouse_mobile/generate_world_sdf]
(2026-05-09 15:43:01.408) [info] [ServerPrivate.cc:344] Serving world names on [/gazebo/worlds]
(2026-05-09 15:43:01.409) [info] [ServerPrivate.cc:357] Resource path add service on [/gazebo/resource_paths/add].
(2026-05-09 15:43:01.409) [info] [ServerPrivate.cc:370] Resource path get service on [/gazebo/resource_paths/get].
(2026-05-09 15:43:01.409) [info] [ServerPrivate.cc:385] Resource path resolve service on [/gazebo/resource_paths/resolve].
(2026-05-09 15:43:01.409) [info] [ServerPrivate.cc:399] Resource paths published on [/gazebo/resource_paths].
(2026-05-09 15:43:01.410) [info] [ServerPrivate.cc:412] Server control service on [/server_control].
(2026-05-09 15:43:01.411) [info] [SimulationRunner.cc:769] Found no publishers on /stats, adding root stats topic
(2026-05-09 15:43:01.515) [info] [SimulationRunner.cc:803] Found no publishers on /clock, adding root clock topic
(2026-05-09 15:43:01.568) [info] [SceneBroadcaster.cc:634] Serving scene information on [/world/warehouse_mobile/scene/info]
(2026-05-09 15:43:01.568) [info] [SceneBroadcaster.cc:643] Serving graph information on [/world/warehouse_mobile/scene/graph]
(2026-05-09 15:43:01.569) [info] [SceneBroadcaster.cc:654] Serving full state on [/world/warehouse_mobile/state]
(2026-05-09 15:43:01.569) [info] [SceneBroadcaster.cc:663] Serving full state (async) on [/world/warehouse_mobile/state_async]
(2026-05-09 15:43:01.569) [info] [SceneBroadcaster.cc:671] Publishing scene information on [/world/warehouse_mobile/scene/info]
(2026-05-09 15:43:01.569) [info] [SceneBroadcaster.cc:680] Publishing entity deletions on [/world/warehouse_mobile/scene/deletion]
(2026-05-09 15:43:01.569) [info] [SceneBroadcaster.cc:689] Publishing state changes on [/world/warehouse_mobile/state]
(2026-05-09 15:43:01.569) [info] [SceneBroadcaster.cc:700] Publishing pose messages on [/world/warehouse_mobile/pose/info]
(2026-05-09 15:43:01.569) [info] [SceneBroadcaster.cc:711] Publishing dynamic pose messages on [/world/warehouse_mobile/dynamic_pose/info]
(2026-05-09 15:43:01.697) [info] [Application.cc:766] [GUI] Added plugin [3D View] to main window
(2026-05-09 15:43:01.697) [info] [Application.cc:652] [GUI] Loaded plugin [MinimalScene] from path [/ws_aic/install/lib/gz-gui-9/plugins/libMinimalScene.so]
(2026-05-09 15:43:01.703) [info] [EntityContextMenu.cc:134] [GUI] Currently tracking topic on [/gui/currently_tracked]
(2026-05-09 15:43:01.726) [info] [Application.cc:766] [GUI] Added plugin [Entity Context Menu] to main window
(2026-05-09 15:43:01.726) [info] [Application.cc:652] [GUI] Loaded plugin [EntityContextMenuPlugin] from path [/ws_aic/install/lib/gz-sim-9/plugins/gui/libEntityContextMenuPlugin.so]
(2026-05-09 15:43:01.779) [info] [Application.cc:766] [GUI] Added plugin [Scene Manager] to main window
(2026-05-09 15:43:01.779) [info] [Application.cc:652] [GUI] Loaded plugin [GzSceneManager] from path [/ws_aic/install/lib/gz-sim-9/plugins/gui/libGzSceneManager.so]
(2026-05-09 15:43:01.783) [info] [InteractiveViewControl.cc:409] [GUI] Camera view controller topic advertised on [/gui/camera/view_control]
(2026-05-09 15:43:01.783) [info] [InteractiveViewControl.cc:417] [GUI] Camera reference visual topic advertised on [/gui/camera/view_control/reference_visual]
(2026-05-09 15:43:01.783) [info] [InteractiveViewControl.cc:427] [GUI] Camera view control sensitivity advertised on [/gui/camera/view_control/sensitivity]
(2026-05-09 15:43:01.799) [info] [Application.cc:766] [GUI] Added plugin [Interactive view control] to main window
(2026-05-09 15:43:01.799) [info] [Application.cc:652] [GUI] Loaded plugin [InteractiveViewControl] from path [/ws_aic/install/lib/gz-gui-9/plugins/libInteractiveViewControl.so]
(2026-05-09 15:43:01.814) [info] [Application.cc:766] [GUI] Added plugin [Camera tracking] to main window
(2026-05-09 15:43:01.814) [info] [Application.cc:652] [GUI] Loaded plugin [CameraTracking] from path [/ws_aic/install/lib/gz-gui-9/plugins/libCameraTracking.so]
(2026-05-09 15:43:01.817) [info] [MarkerManager.cc:752] [GUI] Listening to stats on [/world/warehouse_mobile/stats]
(2026-05-09 15:43:01.826) [info] [Application.cc:766] [GUI] Added plugin [Marker Manager] to main window
(2026-05-09 15:43:01.826) [info] [Application.cc:652] [GUI] Loaded plugin [MarkerManager] from path [/ws_aic/install/lib/gz-gui-9/plugins/libMarkerManager.so]
(2026-05-09 15:43:01.838) [info] [Application.cc:766] [GUI] Added plugin [Select entities] to main window
(2026-05-09 15:43:01.838) [info] [Application.cc:652] [GUI] Loaded plugin [SelectEntities] from path [/ws_aic/install/lib/gz-sim-9/plugins/gui/libSelectEntities.so]
(2026-05-09 15:43:01.854) [info] [Application.cc:766] [GUI] Added plugin [Spawn] to main window
(2026-05-09 15:43:01.854) [info] [Application.cc:652] [GUI] Loaded plugin [Spawn] from path [/ws_aic/install/lib/gz-sim-9/plugins/gui/libSpawn.so]
(2026-05-09 15:43:01.861) [info] [VisualizationCapabilities.cc:2850] [GUI] View as transparent service on [/gui/view/transparent]
(2026-05-09 15:43:01.861) [info] [VisualizationCapabilities.cc:2857] [GUI] View as wireframes service on [/gui/view/wireframes]
(2026-05-09 15:43:01.861) [info] [VisualizationCapabilities.cc:2864] [GUI] View center of mass service on [/gui/view/com]
(2026-05-09 15:43:01.861) [info] [VisualizationCapabilities.cc:2871] [GUI] View inertia service on [/gui/view/inertia]
(2026-05-09 15:43:01.861) [info] [VisualizationCapabilities.cc:2879] [GUI] View collisions service on [/gui/view/collisions]
(2026-05-09 15:43:01.861) [info] [VisualizationCapabilities.cc:2887] [GUI] View joints service on [/gui/view/joints]
(2026-05-09 15:43:01.861) [info] [VisualizationCapabilities.cc:2894] [GUI] View frames service on [/gui/view/frames]
(2026-05-09 15:43:01.870) [info] [Application.cc:766] [GUI] Added plugin [Visualization capabilities] to main window
(2026-05-09 15:43:01.871) [info] [Application.cc:652] [GUI] Loaded plugin [VisualizationCapabilities] from path [/ws_aic/install/lib/gz-sim-9/plugins/gui/libVisualizationCapabilities.so]
(2026-05-09 15:43:01.878) [info] [WorldControl.cc:152] [GUI] Using world control service [/world/warehouse_mobile/control]
(2026-05-09 15:43:01.879) [info] [WorldControl.cc:225] [GUI] Listening to stats on [/world/warehouse_mobile/stats]
(2026-05-09 15:43:01.890) [info] [Application.cc:766] [GUI] Added plugin [World control] to main window
(2026-05-09 15:43:01.890) [info] [Application.cc:652] [GUI] Loaded plugin [WorldControl] from path [/ws_aic/install/lib/gz-gui-9/plugins/libWorldControl.so]
(2026-05-09 15:43:01.895) [info] [WorldStats.cc:156] [GUI] Listening to stats on [/world/warehouse_mobile/stats]
(2026-05-09 15:43:01.907) [info] [Application.cc:766] [GUI] Added plugin [World stats] to main window
(2026-05-09 15:43:01.907) [info] [Application.cc:652] [GUI] Loaded plugin [WorldStats] from path [/ws_aic/install/lib/gz-gui-9/plugins/libWorldStats.so]
(2026-05-09 15:43:01.926) [info] [Application.cc:766] [GUI] Added plugin [Shapes] to main window
(2026-05-09 15:43:01.926) [info] [Application.cc:652] [GUI] Loaded plugin [Shapes] from path [/ws_aic/install/lib/gz-sim-9/plugins/gui/libShapes.so]
(2026-05-09 15:43:01.938) [info] [Application.cc:766] [GUI] Added plugin [Lights] to main window
(2026-05-09 15:43:01.938) [info] [Application.cc:652] [GUI] Loaded plugin [Lights] from path [/ws_aic/install/lib/gz-sim-9/plugins/gui/libLights.so]
(2026-05-09 15:43:01.966) [info] [Application.cc:766] [GUI] Added plugin [Transform control] to main window
(2026-05-09 15:43:01.966) [info] [Application.cc:652] [GUI] Loaded plugin [TransformControl] from path [/ws_aic/install/lib/gz-sim-9/plugins/gui/libTransformControl.so]
(2026-05-09 15:43:01.972) [info] [Screenshot.cc:97] [GUI] Screenshot service on [/gui/screenshot]
(2026-05-09 15:43:01.983) [info] [Application.cc:766] [GUI] Added plugin [Screenshot] to main window
(2026-05-09 15:43:01.983) [info] [Application.cc:652] [GUI] Loaded plugin [Screenshot] from path [/ws_aic/install/lib/gz-gui-9/plugins/libScreenshot.so]
(2026-05-09 15:43:01.997) [info] [Application.cc:766] [GUI] Added plugin [Copy/Paste] to main window
(2026-05-09 15:43:01.997) [info] [Application.cc:652] [GUI] Loaded plugin [CopyPaste] from path [/ws_aic/install/lib/gz-sim-9/plugins/gui/libCopyPaste.so]
(2026-05-09 15:43:02.066) [info] [Application.cc:766] [GUI] Added plugin [Component inspector] to main window
(2026-05-09 15:43:02.066) [info] [Application.cc:652] [GUI] Loaded plugin [ComponentInspector] from path [/ws_aic/install/lib/gz-sim-9/plugins/gui/libComponentInspector.so]
(2026-05-09 15:43:02.077) [info] [EntityContextMenu.cc:134] [GUI] Currently tracking topic on [/gui/currently_tracked]
(2026-05-09 15:43:02.102) [info] [Application.cc:766] [GUI] Added plugin [Entity tree] to main window
(2026-05-09 15:43:02.102) [info] [Application.cc:652] [GUI] Loaded plugin [EntityTree] from path [/ws_aic/install/lib/gz-sim-9/plugins/gui/libEntityTree.so]
(2026-05-09 15:43:02.706) [info] [RenderEngineManager.cc:514] [GUI] Loading plugin [gz-rendering-ogre2]
(2026-05-09 15:43:03.180) [warning] [Ogre2RenderTarget.cc:668] [GUI] Anti-aliasing level of '' is not supported; valid FSAA levels are: [ 0 ]. Setting to 1
(2026-05-09 15:43:03.344) [info] [CameraTracking.cc:224] [GUI] Move to service on [/gui/move_to]
(2026-05-09 15:43:03.344) [info] [CameraTracking.cc:231] [GUI] Follow service on [/gui/follow] (deprecated)
(2026-05-09 15:43:03.344) [info] [CameraTracking.cc:238] [GUI] Tracking topic on [/gui/track]
(2026-05-09 15:43:03.345) [info] [CameraTracking.cc:245] [GUI] Tracking status topic on [/gui/currently_tracked]
(2026-05-09 15:43:03.345) [info] [CameraTracking.cc:253] [GUI] Move to pose service on [/gui/move_to/pose]
(2026-05-09 15:43:03.345) [info] [CameraTracking.cc:260] [GUI] Camera pose topic advertised on [/gui/camera/pose]
(2026-05-09 15:43:03.345) [info] [CameraTracking.cc:267] [GUI] Follow offset service on [/gui/follow/offset] (deprecated)
Route lap 1: executing warehouse pickup and dispatch path
  leaving dispatch area
  driving through lower aisle
  approaching StorageR
  pickup ProductR
(2026-05-09 15:43:39.531) [warning] [Application.cc:933] [GUI] [QT] The X11 connection broke: I/O error (code 1)
XIO:  fatal IO error 2 (No such file or directory) on X server ":1"
      after 5495 requests (5495 known processed) with 0 events remaining.
double free or corruption (!prev)
Stack trace (most recent call last) in thread 766:
#31   Object "/lib/x86_64-linux-gnu/libc.so.6", at 0x7fffff141a63, in __clone
#30   Object "/lib/x86_64-linux-gnu/libc.so.6", at 0x7fffff0b4aa3, in 
#29   Object "/lib/x86_64-linux-gnu/libQt5Core.so.5", at 0x7ffff87e9673, in 
#28   Object "/lib/x86_64-linux-gnu/libQt5Quick.so.5", at 0x7ffff82f9fd6, in 
#27   Object "/lib/x86_64-linux-gnu/libQt5Quick.so.5", at 0x7ffff82f90ec, in 
#26   Object "/lib/x86_64-linux-gnu/libQt5Quick.so.5", at 0x7ffff835db70, in QQuickWindowPrivate::renderSceneGraph(QSize const&, QSize const&)
#25   Object "/lib/x86_64-linux-gnu/libQt5Quick.so.5", at 0x7ffff82eac8b, in QSGDefaultRenderContext::renderNextFrame(QSGRenderer*, unsigned int)
#24   Object "/lib/x86_64-linux-gnu/libQt5Quick.so.5", at 0x7ffff8284c53, in QSGRenderer::renderScene(unsigned int)
#23   Object "/lib/x86_64-linux-gnu/libQt5Quick.so.5", at 0x7ffff828477e, in QSGRenderer::renderScene(QSGBindable const&)
#22   Object "/lib/x86_64-linux-gnu/libQt5Quick.so.5", at 0x7ffff829d4d1, in QSGBatchRenderer::Renderer::render()
#21   Object "/lib/x86_64-linux-gnu/libQt5Quick.so.5", at 0x7ffff829c888, in QSGBatchRenderer::Renderer::renderBatches()
#20   Object "/lib/x86_64-linux-gnu/libgallium-25.2.8-0ubuntu0.24.04.1.so", at 0x7fffe485680f, in 
#19   Object "/lib/x86_64-linux-gnu/libgallium-25.2.8-0ubuntu0.24.04.1.so", at 0x7fffe48515bf, in 
#18   Object "/lib/x86_64-linux-gnu/libgallium-25.2.8-0ubuntu0.24.04.1.so", at 0x7fffe45ec634, in 
#17   Object "/lib/x86_64-linux-gnu/libgallium-25.2.8-0ubuntu0.24.04.1.so", at 0x7fffe45eb6e9, in 
#16   Object "/lib/x86_64-linux-gnu/libgallium-25.2.8-0ubuntu0.24.04.1.so", at 0x7fffe4542a44, in 
#15   Object "/lib/x86_64-linux-gnu/libgallium-25.2.8-0ubuntu0.24.04.1.so", at 0x7fffe4549c62, in 
#14   Object "/lib/x86_64-linux-gnu/libGLX_mesa.so.0", at 0x7fffe6fa2eb7, in 
#13   Object "/lib/x86_64-linux-gnu/libX11.so.6", at 0x7ffff13abe17, in XGetGeometry
#12   Object "/lib/x86_64-linux-gnu/libX11.so.6", at 0x7ffff13d4931, in _XReply
#11   Object "/lib/x86_64-linux-gnu/libX11.so.6", at 0x7ffff13ce90b, in _XIOError
#10   Object "/lib/x86_64-linux-gnu/libX11.so.6", at 0x7ffff13cbbd6, in _XDefaultIOError
#9    Object "/lib/x86_64-linux-gnu/libc.so.6", at 0x7fffff05fbbd, in exit
#8    Object "/lib/x86_64-linux-gnu/libc.so.6", at 0x7fffff05fa75, in 
#7    Object "/lib/x86_64-linux-gnu/libc.so.6", at 0x7fffff0c5dcd, in __libc_free
#6    Object "/lib/x86_64-linux-gnu/libc.so.6", at 0x7fffff0c3439, in 
#5    Object "/lib/x86_64-linux-gnu/libc.so.6", at 0x7fffff0c312b, in 
#4    Object "/lib/x86_64-linux-gnu/libc.so.6", at 0x7fffff0c0ff4, in 
#3    Object "/lib/x86_64-linux-gnu/libc.so.6", at 0x7fffff0417b5, in 
#2    Object "/lib/x86_64-linux-gnu/libc.so.6", at 0x7fffff0408fe, in abort
#1    Object "/lib/x86_64-linux-gnu/libc.so.6", at 0x7fffff05d27d, in gsignal
#0    Object "/lib/x86_64-linux-gnu/libc.so.6", at 0x7fffff0b6b2c, in pthread_kill
Aborted (Signal sent by tkill() 700 0)
pick_up product=ProductR storage=StorageR slot=(6.55, -4.2, 1.02)
  crossing central aisle
