$ ['python3', '/opt/aic_web/warehouse_sim.py', '--sleep', '0.04']

[000] warehouse initialized
....##.###.###.#..
......#...#.......
......#...#...R...
..D...............
......#...#.......
......#...#...G...
......#...#.......
..................
..D...#...#...B...
......#...#.......
..>...............
....##.###.###.#..

[000] ORD-001 assigned to amr_1: {'ProductR': 2, 'ProductG': 1} -> DispatchA
....##.###.###.#..
......#...#.......
......#...#...R...
..D...............
......#...#.......
......#...#...G...
......#...#.......
..................
..D...#...#...B...
......#...#.......
..>...............
....##.###.###.#..

[001] amr_1 TO_PICKUP:StorageR -> (2,9) yaw=N
....##.###.###.#..
......#...#.......
......#...#...R...
..D...............
......#...#.......
......#...#...G...
......#...#.......
..................
..D...#...#...B...
..^...#...#.......
..................
....##.###.###.#..

[002] amr_1 TO_PICKUP:StorageR -> (2,8) yaw=N
....##.###.###.#..
......#...#.......
......#...#...R...
..D...............
......#...#.......
......#...#...G...
......#...#.......
..................
..^...#...#...B...
......#...#.......
..................
....##.###.###.#..

[003] amr_1 TO_PICKUP:StorageR -> (2,7) yaw=N
....##.###.###.#..
......#...#.......
......#...#...R...
..D...............
......#...#.......
......#...#...G...
......#...#.......
..^...............
..D...#...#...B...
......#...#.......
..................
....##.###.###.#..

[004] amr_1 TO_PICKUP:StorageR -> (2,6) yaw=N
....##.###.###.#..
......#...#.......
......#...#...R...
..D...............
......#...#.......
......#...#...G...
..^...#...#.......
..................
..D...#...#...B...
......#...#.......
..................
....##.###.###.#..

[005] amr_1 TO_PICKUP:StorageR -> (2,5) yaw=N
....##.###.###.#..
......#...#.......
......#...#...R...
..D...............
......#...#.......
..^...#...#...G...
......#...#.......
..................
..D...#...#...B...
......#...#.......
..................
....##.###.###.#..

[006] amr_1 TO_PICKUP:StorageR -> (2,4) yaw=N
....##.###.###.#..
......#...#.......
......#...#...R...
..D...............
..^...#...#.......
......#...#...G...
......#...#.......
..................
..D...#...#...B...
......#...#.......
..................
....##.###.###.#..

[007] amr_1 TO_PICKUP:StorageR -> (2,3) yaw=N
....##.###.###.#..
......#...#.......
......#...#...R...
..^...............
......#...#.......
......#...#...G...
......#...#.......
..................
..D...#...#...B...
......#...#.......
..................
....##.###.###.#..

[008] amr_1 TO_PICKUP:StorageR -> (3,3) yaw=E
....##.###.###.#..
......#...#.......
......#...#...R...
..D>..............
......#...#.......
......#...#...G...
......#...#.......
..................
..D...#...#...B...
......#...#.......
..................
....##.###.###.#..

[009] amr_1 TO_PICKUP:StorageR -> (4,3) yaw=E
....##.###.###.#..
......#...#.......
......#...#...R...
..D.>.............
......#...#.......
......#...#...G...
......#...#.......
..................
..D...#...#...B...
......#...#.......
..................
....##.###.###.#..

[010] amr_1 TO_PICKUP:StorageR -> (5,3) yaw=E
....##.###.###.#..
......#...#.......
......#...#...R...
..D..>............
......#...#.......
......#...#...G...
......#...#.......
..................
..D...#...#...B...
......#...#.......
..................
....##.###.###.#..

[011] amr_1 TO_PICKUP:StorageR -> (6,3) yaw=E
....##.###.###.#..
......#...#.......
......#...#...R...
..D...>...........
......#...#.......
......#...#...G...
......#...#.......
..................
..D...#...#...B...
......#...#.......
..................
....##.###.###.#..

[012] amr_1 TO_PICKUP:StorageR -> (7,3) yaw=E
....##.###.###.#..
......#...#.......
......#...#...R...
..D....>..........
......#...#.......
......#...#...G...
......#...#.......
..................
..D...#...#...B...
......#...#.......
..................
....##.###.###.#..

[013] amr_1 TO_PICKUP:StorageR -> (8,3) yaw=E
....##.###.###.#..
......#...#.......
......#...#...R...
..D.....>.........
......#...#.......
......#...#...G...
......#...#.......
..................
..D...#...#...B...
......#...#.......
..................
....##.###.###.#..

[014] amr_1 TO_PICKUP:StorageR -> (9,3) yaw=E
....##.###.###.#..
......#...#.......
......#...#...R...
..D......>........
......#...#.......
......#...#...G...
......#...#.......
..................
..D...#...#...B...
......#...#.......
..................
....##.###.###.#..

[015] amr_1 TO_PICKUP:StorageR -> (10,3) yaw=E
....##.###.###.#..
......#...#.......
......#...#...R...
..D.......>.......
......#...#.......
......#...#...G...
......#...#.......
..................
..D...#...#...B...
......#...#.......
..................
....##.###.###.#..

[016] amr_1 TO_PICKUP:StorageR -> (11,3) yaw=E
....##.###.###.#..
......#...#.......
......#...#...R...
..D........>......
......#...#.......
......#...#...G...
......#...#.......
..................
..D...#...#...B...
......#...#.......
..................
....##.###.###.#..

[017] amr_1 TO_PICKUP:StorageR -> (11,2) yaw=N
....##.###.###.#..
......#...#.......
......#...#^..R...
..D...............
......#...#.......
......#...#...G...
......#...#.......
..................
..D...#...#...B...
......#...#.......
..................
....##.###.###.#..

[018] amr_1 TO_PICKUP:StorageR -> (12,2) yaw=E
....##.###.###.#..
......#...#.......
......#...#.>.R...
..D...............
......#...#.......
......#...#...G...
......#...#.......
..................
..D...#...#...B...
......#...#.......
..................
....##.###.###.#..

[019] amr_1 TO_PICKUP:StorageR -> (13,2) yaw=E
....##.###.###.#..
......#...#.......
......#...#..>R...
..D...............
......#...#.......
......#...#...G...
......#...#.......
..................
..D...#...#...B...
......#...#.......
..................
....##.###.###.#..

[020] amr_1 TO_PICKUP:StorageR -> (14,2) yaw=E
....##.###.###.#..
......#...#.......
......#...#...>...
..D...............
......#...#.......
......#...#...G...
......#...#.......
..................
..D...#...#...B...
......#...#.......
..................
....##.###.###.#..

[021] loaded ProductR from StorageR
....##.###.###.#..
......#...#.......
......#...#...>...
..D...............
......#...#.......
......#...#...G...
......#...#.......
..................
..D...#...#...B...
......#...#.......
..................
....##.###.###.#..

[022] loaded ProductR from StorageR
....##.###.###.#..
......#...#.......
......#...#...>...
..D...............
......#...#.......
......#...#...G...
......#...#.......
..................
..D...#...#...B...
......#...#.......
..................
....##.###.###.#..

[023] amr_1 TO_PICKUP:StorageG -> (14,3) yaw=S
....##.###.###.#..
......#...#.......
......#...#...R...
..D...........v...
......#...#.......
......#...#...G...
......#...#.......
..................
..D...#...#...B...
......#...#.......
..................
....##.###.###.#..

[024] amr_1 TO_PICKUP:StorageG -> (14,4) yaw=S
....##.###.###.#..
......#...#.......
......#...#...R...
..D...............
......#...#...v...
......#...#...G...
......#...#.......
..................
..D...#...#...B...
......#...#.......
..................
....##.###.###.#..

[025] amr_1 TO_PICKUP:StorageG -> (14,5) yaw=S
....##.###.###.#..
......#...#.......
......#...#...R...
..D...............
......#...#.......
......#...#...v...
......#...#.......
..................
..D...#...#...B...
......#...#.......
..................
....##.###.###.#..

[026] loaded ProductG from StorageG
....##.###.###.#..
......#...#.......
......#...#...R...
..D...............
......#...#.......
......#...#...v...
......#...#.......
..................
..D...#...#...B...
......#...#.......
..................
....##.###.###.#..

[027] amr_1 TO_DROPOFF:DispatchA -> (13,5) yaw=W
....##.###.###.#..
......#...#.......
......#...#...R...
..D...............
......#...#.......
......#...#..<G...
......#...#.......
..................
..D...#...#...B...
......#...#.......
..................
....##.###.###.#..

[028] amr_1 TO_DROPOFF:DispatchA -> (12,5) yaw=W
....##.###.###.#..
......#...#.......
......#...#...R...
..D...............
......#...#.......
......#...#.<.G...
......#...#.......
..................
..D...#...#...B...
......#...#.......
..................
....##.###.###.#..

[029] amr_1 TO_DROPOFF:DispatchA -> (11,5) yaw=W
....##.###.###.#..
......#...#.......
......#...#...R...
..D...............
......#...#.......
......#...#<..G...
......#...#.......
..................
..D...#...#...B...
......#...#.......
..................
....##.###.###.#..

[030] amr_1 TO_DROPOFF:DispatchA -> (11,4) yaw=N
....##.###.###.#..
......#...#.......
......#...#...R...
..D...............
......#...#^......
......#...#...G...
......#...#.......
..................
..D...#...#...B...
......#...#.......
..................
....##.###.###.#..

[031] amr_1 TO_DROPOFF:DispatchA -> (11,3) yaw=N
....##.###.###.#..
......#...#.......
......#...#...R...
..D........^......
......#...#.......
......#...#...G...
......#...#.......
..................
..D...#...#...B...
......#...#.......
..................
....##.###.###.#..

[032] amr_1 TO_DROPOFF:DispatchA -> (10,3) yaw=W
....##.###.###.#..
......#...#.......
......#...#...R...
..D.......<.......
......#...#.......
......#...#...G...
......#...#.......
..................
..D...#...#...B...
......#...#.......
..................
....##.###.###.#..

[033] amr_1 TO_DROPOFF:DispatchA -> (9,3) yaw=W
....##.###.###.#..
......#...#.......
......#...#...R...
..D......<........
......#...#.......
......#...#...G...
......#...#.......
..................
..D...#...#...B...
......#...#.......
..................
....##.###.###.#..

[034] amr_1 TO_DROPOFF:DispatchA -> (8,3) yaw=W
....##.###.###.#..
......#...#.......
......#...#...R...
..D.....<.........
......#...#.......
......#...#...G...
......#...#.......
..................
..D...#...#...B...
......#...#.......
..................
....##.###.###.#..

[035] amr_1 TO_DROPOFF:DispatchA -> (7,3) yaw=W
....##.###.###.#..
......#...#.......
......#...#...R...
..D....<..........
......#...#.......
......#...#...G...
......#...#.......
..................
..D...#...#...B...
......#...#.......
..................
....##.###.###.#..

[036] amr_1 TO_DROPOFF:DispatchA -> (6,3) yaw=W
....##.###.###.#..
......#...#.......
......#...#...R...
..D...<...........
......#...#.......
......#...#...G...
......#...#.......
..................
..D...#...#...B...
......#...#.......
..................
....##.###.###.#..

[037] amr_1 TO_DROPOFF:DispatchA -> (5,3) yaw=W
....##.###.###.#..
......#...#.......
......#...#...R...
..D..<............
......#...#.......
......#...#...G...
......#...#.......
..................
..D...#...#...B...
......#...#.......
..................
....##.###.###.#..

[038] amr_1 TO_DROPOFF:DispatchA -> (4,3) yaw=W
....##.###.###.#..
......#...#.......
......#...#...R...
..D.<.............
......#...#.......
......#...#...G...
......#...#.......
..................
..D...#...#...B...
......#...#.......
..................
....##.###.###.#..

[039] amr_1 TO_DROPOFF:DispatchA -> (3,3) yaw=W
....##.###.###.#..
......#...#.......
......#...#...R...
..D<..............
......#...#.......
......#...#...G...
......#...#.......
..................
..D...#...#...B...
......#...#.......
..................
....##.###.###.#..

[040] amr_1 TO_DROPOFF:DispatchA -> (2,3) yaw=W
....##.###.###.#..
......#...#.......
......#...#...R...
..<...............
......#...#.......
......#...#...G...
......#...#.......
..................
..D...#...#...B...
......#...#.......
..................
....##.###.###.#..

[041] unloaded ProductR to DispatchA
....##.###.###.#..
......#...#.......
......#...#...R...
..<...............
......#...#.......
......#...#...G...
......#...#.......
..................
..D...#...#...B...
......#...#.......
..................
....##.###.###.#..

[042] unloaded ProductR to DispatchA
....##.###.###.#..
......#...#.......
......#...#...R...
..<...............
......#...#.......
......#...#...G...
......#...#.......
..................
..D...#...#...B...
......#...#.......
..................
....##.###.###.#..

[043] unloaded ProductG to DispatchA
....##.###.###.#..
......#...#.......
......#...#...R...
..<...............
......#...#.......
......#...#...G...
......#...#.......
..................
..D...#...#...B...
......#...#.......
..................
....##.###.###.#..

[044] ORD-001 completed
....##.###.###.#..
......#...#.......
......#...#...R...
..<...............
......#...#.......
......#...#...G...
......#...#.......
..................
..D...#...#...B...
......#...#.......
..................
....##.###.###.#..

[044] ORD-002 assigned to amr_1: {'ProductB': 2, 'ProductR': 1} -> DispatchB
....##.###.###.#..
......#...#.......
......#...#...R...
..<...............
......#...#.......
......#...#...G...
......#...#.......
..................
..D...#...#...B...
......#...#.......
..................
....##.###.###.#..

[045] amr_1 TO_PICKUP:StorageB -> (2,4) yaw=S
....##.###.###.#..
......#...#.......
......#...#...R...
..D...............
..v...#...#.......
......#...#...G...
......#...#.......
..................
..D...#...#...B...
......#...#.......
..................
....##.###.###.#..

[046] amr_1 TO_PICKUP:StorageB -> (2,5) yaw=S
....##.###.###.#..
......#...#.......
......#...#...R...
..D...............
......#...#.......
..v...#...#...G...
......#...#.......
..................
..D...#...#...B...
......#...#.......
..................
....##.###.###.#..

[047] amr_1 TO_PICKUP:StorageB -> (2,6) yaw=S
....##.###.###.#..
......#...#.......
......#...#...R...
..D...............
......#...#.......
......#...#...G...
..v...#...#.......
..................
..D...#...#...B...
......#...#.......
..................
....##.###.###.#..

[048] amr_1 TO_PICKUP:StorageB -> (2,7) yaw=S
....##.###.###.#..
......#...#.......
......#...#...R...
..D...............
......#...#.......
......#...#...G...
......#...#.......
..v...............
..D...#...#...B...
......#...#.......
..................
....##.###.###.#..

[049] amr_1 TO_PICKUP:StorageB -> (3,7) yaw=E
....##.###.###.#..
......#...#.......
......#...#...R...
..D...............
......#...#.......
......#...#...G...
......#...#.......
...>..............
..D...#...#...B...
......#...#.......
..................
....##.###.###.#..

[050] amr_1 TO_PICKUP:StorageB -> (4,7) yaw=E
....##.###.###.#..
......#...#.......
......#...#...R...
..D...............
......#...#.......
......#...#...G...
......#...#.......
....>.............
..D...#...#...B...
......#...#.......
..................
....##.###.###.#..

[051] amr_1 TO_PICKUP:StorageB -> (5,7) yaw=E
....##.###.###.#..
......#...#.......
......#...#...R...
..D...............
......#...#.......
......#...#...G...
......#...#.......
.....>............
..D...#...#...B...
......#...#.......
..................
....##.###.###.#..

[052] amr_1 TO_PICKUP:StorageB -> (6,7) yaw=E
....##.###.###.#..
......#...#.......
......#...#...R...
..D...............
......#...#.......
......#...#...G...
......#...#.......
......>...........
..D...#...#...B...
......#...#.......
..................
....##.###.###.#..

[053] amr_1 TO_PICKUP:StorageB -> (7,7) yaw=E
....##.###.###.#..
......#...#.......
......#...#...R...
..D...............
......#...#.......
......#...#...G...
......#...#.......
.......>..........
..D...#...#...B...
......#...#.......
..................
....##.###.###.#..

[054] amr_1 TO_PICKUP:StorageB -> (8,7) yaw=E
....##.###.###.#..
......#...#.......
......#...#...R...
..D...............
......#...#.......
......#...#...G...
......#...#.......
........>.........
..D...#...#...B...
......#...#.......
..................
....##.###.###.#..

[055] amr_1 TO_PICKUP:StorageB -> (9,7) yaw=E
....##.###.###.#..
......#...#.......
......#...#...R...
..D...............
......#...#.......
......#...#...G...
......#...#.......
.........>........
..D...#...#...B...
......#...#.......
..................
....##.###.###.#..

[056] amr_1 TO_PICKUP:StorageB -> (10,7) yaw=E
....##.###.###.#..
......#...#.......
......#...#...R...
..D...............
......#...#.......
......#...#...G...
......#...#.......
..........>.......
..D...#...#...B...
......#...#.......
..................
....##.###.###.#..

[057] amr_1 TO_PICKUP:StorageB -> (11,7) yaw=E
....##.###.###.#..
......#...#.......
......#...#...R...
..D...............
......#...#.......
......#...#...G...
......#...#.......
...........>......
..D...#...#...B...
......#...#.......
..................
....##.###.###.#..

[058] amr_1 TO_PICKUP:StorageB -> (11,8) yaw=S
....##.###.###.#..
......#...#.......
......#...#...R...
..D...............
......#...#.......
......#...#...G...
......#...#.......
..................
..D...#...#v..B...
......#...#.......
..................
....##.###.###.#..

[059] amr_1 TO_PICKUP:StorageB -> (12,8) yaw=E
....##.###.###.#..
......#...#.......
......#...#...R...
..D...............
......#...#.......
......#...#...G...
......#...#.......
..................
..D...#...#.>.B...
......#...#.......
..................
....##.###.###.#..

[060] amr_1 TO_PICKUP:StorageB -> (13,8) yaw=E
....##.###.###.#..
......#...#.......
......#...#...R...
..D...............
......#...#.......
......#...#...G...
......#...#.......
..................
..D...#...#..>B...
......#...#.......
..................
....##.###.###.#..

[061] amr_1 TO_PICKUP:StorageB -> (14,8) yaw=E
....##.###.###.#..
......#...#.......
......#...#...R...
..D...............
......#...#.......
......#...#...G...
......#...#.......
..................
..D...#...#...>...
......#...#.......
..................
....##.###.###.#..

[062] loaded ProductB from StorageB
....##.###.###.#..
......#...#.......
......#...#...R...
..D...............
......#...#.......
......#...#...G...
......#...#.......
..................
..D...#...#...>...
......#...#.......
..................
....##.###.###.#..

[063] loaded ProductB from StorageB
....##.###.###.#..
......#...#.......
......#...#...R...
..D...............
......#...#.......
......#...#...G...
......#...#.......
..................
..D...#...#...>...
......#...#.......
..................
....##.###.###.#..

[064] amr_1 TO_PICKUP:StorageR -> (14,7) yaw=N
....##.###.###.#..
......#...#.......
......#...#...R...
..D...............
......#...#.......
......#...#...G...
......#...#.......
..............^...
..D...#...#...B...
......#...#.......
..................
....##.###.###.#..

[065] amr_1 TO_PICKUP:StorageR -> (14,6) yaw=N
....##.###.###.#..
......#...#.......
......#...#...R...
..D...............
......#...#.......
......#...#...G...
......#...#...^...
..................
..D...#...#...B...
......#...#.......
..................
....##.###.###.#..

[066] amr_1 TO_PICKUP:StorageR -> (14,5) yaw=N
....##.###.###.#..
......#...#.......
......#...#...R...
..D...............
......#...#.......
......#...#...^...
......#...#.......
..................
..D...#...#...B...
......#...#.......
..................
....##.###.###.#..

[067] amr_1 TO_PICKUP:StorageR -> (14,4) yaw=N
....##.###.###.#..
......#...#.......
......#...#...R...
..D...............
......#...#...^...
......#...#...G...
......#...#.......
..................
..D...#...#...B...
......#...#.......
..................
....##.###.###.#..

[068] amr_1 TO_PICKUP:StorageR -> (14,3) yaw=N
....##.###.###.#..
......#...#.......
......#...#...R...
..D...........^...
......#...#.......
......#...#...G...
......#...#.......
..................
..D...#...#...B...
......#...#.......
..................
....##.###.###.#..

[069] amr_1 TO_PICKUP:StorageR -> (14,2) yaw=N
....##.###.###.#..
......#...#.......
......#...#...^...
..D...............
......#...#.......
......#...#...G...
......#...#.......
..................
..D...#...#...B...
......#...#.......
..................
....##.###.###.#..

[070] loaded ProductR from StorageR
....##.###.###.#..
......#...#.......
......#...#...^...
..D...............
......#...#.......
......#...#...G...
......#...#.......
..................
..D...#...#...B...
......#...#.......
..................
....##.###.###.#..

[071] amr_1 TO_DROPOFF:DispatchB -> (13,2) yaw=W
....##.###.###.#..
......#...#.......
......#...#..<R...
..D...............
......#...#.......
......#...#...G...
......#...#.......
..................
..D...#...#...B...
......#...#.......
..................
....##.###.###.#..

[072] amr_1 TO_DROPOFF:DispatchB -> (12,2) yaw=W
....##.###.###.#..
......#...#.......
......#...#.<.R...
..D...............
......#...#.......
......#...#...G...
......#...#.......
..................
..D...#...#...B...
......#...#.......
..................
....##.###.###.#..

[073] amr_1 TO_DROPOFF:DispatchB -> (11,2) yaw=W
....##.###.###.#..
......#...#.......
......#...#<..R...
..D...............
......#...#.......
......#...#...G...
......#...#.......
..................
..D...#...#...B...
......#...#.......
..................
....##.###.###.#..

[074] amr_1 TO_DROPOFF:DispatchB -> (11,3) yaw=S
....##.###.###.#..
......#...#.......
......#...#...R...
..D........v......
......#...#.......
......#...#...G...
......#...#.......
..................
..D...#...#...B...
......#...#.......
..................
....##.###.###.#..

[075] amr_1 TO_DROPOFF:DispatchB -> (10,3) yaw=W
....##.###.###.#..
......#...#.......
......#...#...R...
..D.......<.......
......#...#.......
......#...#...G...
......#...#.......
..................
..D...#...#...B...
......#...#.......
..................
....##.###.###.#..

[076] amr_1 TO_DROPOFF:DispatchB -> (9,3) yaw=W
....##.###.###.#..
......#...#.......
......#...#...R...
..D......<........
......#...#.......
......#...#...G...
......#...#.......
..................
..D...#...#...B...
......#...#.......
..................
....##.###.###.#..

[077] amr_1 TO_DROPOFF:DispatchB -> (8,3) yaw=W
....##.###.###.#..
......#...#.......
......#...#...R...
..D.....<.........
......#...#.......
......#...#...G...
......#...#.......
..................
..D...#...#...B...
......#...#.......
..................
....##.###.###.#..

[078] amr_1 TO_DROPOFF:DispatchB -> (7,3) yaw=W
....##.###.###.#..
......#...#.......
......#...#...R...
..D....<..........
......#...#.......
......#...#...G...
......#...#.......
..................
..D...#...#...B...
......#...#.......
..................
....##.###.###.#..

[079] amr_1 TO_DROPOFF:DispatchB -> (6,3) yaw=W
....##.###.###.#..
......#...#.......
......#...#...R...
..D...<...........
......#...#.......
......#...#...G...
......#...#.......
..................
..D...#...#...B...
......#...#.......
..................
....##.###.###.#..

[080] amr_1 TO_DROPOFF:DispatchB -> (5,3) yaw=W
....##.###.###.#..
......#...#.......
......#...#...R...
..D..<............
......#...#.......
......#...#...G...
......#...#.......
..................
..D...#...#...B...
......#...#.......
..................
....##.###.###.#..

[081] amr_1 TO_DROPOFF:DispatchB -> (4,3) yaw=W
....##.###.###.#..
......#...#.......
......#...#...R...
..D.<.............
......#...#.......
......#...#...G...
......#...#.......
..................
..D...#...#...B...
......#...#.......
..................
....##.###.###.#..

[082] amr_1 TO_DROPOFF:DispatchB -> (3,3) yaw=W
....##.###.###.#..
......#...#.......
......#...#...R...
..D<..............
......#...#.......
......#...#...G...
......#...#.......
..................
..D...#...#...B...
......#...#.......
..................
....##.###.###.#..

[083] amr_1 TO_DROPOFF:DispatchB -> (2,3) yaw=W
....##.###.###.#..
......#...#.......
......#...#...R...
..<...............
......#...#.......
......#...#...G...
......#...#.......
..................
..D...#...#...B...
......#...#.......
..................
....##.###.###.#..

[084] amr_1 TO_DROPOFF:DispatchB -> (2,4) yaw=S
....##.###.###.#..
......#...#.......
......#...#...R...
..D...............
..v...#...#.......
......#...#...G...
......#...#.......
..................
..D...#...#...B...
......#...#.......
..................
....##.###.###.#..

[085] amr_1 TO_DROPOFF:DispatchB -> (2,5) yaw=S
....##.###.###.#..
......#...#.......
......#...#...R...
..D...............
......#...#.......
..v...#...#...G...
......#...#.......
..................
..D...#...#...B...
......#...#.......
..................
....##.###.###.#..

[086] amr_1 TO_DROPOFF:DispatchB -> (2,6) yaw=S
....##.###.###.#..
......#...#.......
......#...#...R...
..D...............
......#...#.......
......#...#...G...
..v...#...#.......
..................
..D...#...#...B...
......#...#.......
..................
....##.###.###.#..

[087] amr_1 TO_DROPOFF:DispatchB -> (2,7) yaw=S
....##.###.###.#..
......#...#.......
......#...#...R...
..D...............
......#...#.......
......#...#...G...
......#...#.......
..v...............
..D...#...#...B...
......#...#.......
..................
....##.###.###.#..

[088] amr_1 TO_DROPOFF:DispatchB -> (2,8) yaw=S
....##.###.###.#..
......#...#.......
......#...#...R...
..D...............
......#...#.......
......#...#...G...
......#...#.......
..................
..v...#...#...B...
......#...#.......
..................
....##.###.###.#..

[089] unloaded ProductB to DispatchB
....##.###.###.#..
......#...#.......
......#...#...R...
..D...............
......#...#.......
......#...#...G...
......#...#.......
..................
..v...#...#...B...
......#...#.......
..................
....##.###.###.#..

[090] unloaded ProductB to DispatchB
....##.###.###.#..
......#...#.......
......#...#...R...
..D...............
......#...#.......
......#...#...G...
......#...#.......
..................
..v...#...#...B...
......#...#.......
..................
....##.###.###.#..

[091] unloaded ProductR to DispatchB
....##.###.###.#..
......#...#.......
......#...#...R...
..D...............
......#...#.......
......#...#...G...
......#...#.......
..................
..v...#...#...B...
......#...#.......
..................
....##.###.###.#..

[092] ORD-002 completed
....##.###.###.#..
......#...#.......
......#...#...R...
..D...............
......#...#.......
......#...#...G...
......#...#.......
..................
..v...#...#...B...
......#...#.......
..................
....##.###.###.#..

[092] ORD-003 assigned to amr_1: {'ProductG': 2, 'ProductB': 1} -> DispatchA
....##.###.###.#..
......#...#.......
......#...#...R...
..D...............
......#...#.......
......#...#...G...
......#...#.......
..................
..v...#...#...B...
......#...#.......
..................
....##.###.###.#..

[093] amr_1 TO_PICKUP:StorageG -> (2,7) yaw=N
....##.###.###.#..
......#...#.......
......#...#...R...
..D...............
......#...#.......
......#...#...G...
......#...#.......
..^...............
..D...#...#...B...
......#...#.......
..................
....##.###.###.#..

[094] amr_1 TO_PICKUP:StorageG -> (3,7) yaw=E
....##.###.###.#..
......#...#.......
......#...#...R...
..D...............
......#...#.......
......#...#...G...
......#...#.......
...>..............
..D...#...#...B...
......#...#.......
..................
....##.###.###.#..

[095] amr_1 TO_PICKUP:StorageG -> (4,7) yaw=E
....##.###.###.#..
......#...#.......
......#...#...R...
..D...............
......#...#.......
......#...#...G...
......#...#.......
....>.............
..D...#...#...B...
......#...#.......
..................
....##.###.###.#..

[096] amr_1 TO_PICKUP:StorageG -> (5,7) yaw=E
....##.###.###.#..
......#...#.......
......#...#...R...
..D...............
......#...#.......
......#...#...G...
......#...#.......
.....>............
..D...#...#...B...
......#...#.......
..................
....##.###.###.#..

[097] amr_1 TO_PICKUP:StorageG -> (6,7) yaw=E
....##.###.###.#..
......#...#.......
......#...#...R...
..D...............
......#...#.......
......#...#...G...
......#...#.......
......>...........
..D...#...#...B...
......#...#.......
..................
....##.###.###.#..

[098] amr_1 TO_PICKUP:StorageG -> (7,7) yaw=E
....##.###.###.#..
......#...#.......
......#...#...R...
..D...............
......#...#.......
......#...#...G...
......#...#.......
.......>..........
..D...#...#...B...
......#...#.......
..................
....##.###.###.#..

[099] amr_1 TO_PICKUP:StorageG -> (8,7) yaw=E
....##.###.###.#..
......#...#.......
......#...#...R...
..D...............
......#...#.......
......#...#...G...
......#...#.......
........>.........
..D...#...#...B...
......#...#.......
..................
....##.###.###.#..

[100] amr_1 TO_PICKUP:StorageG -> (9,7) yaw=E
....##.###.###.#..
......#...#.......
......#...#...R...
..D...............
......#...#.......
......#...#...G...
......#...#.......
.........>........
..D...#...#...B...
......#...#.......
..................
....##.###.###.#..

[101] amr_1 TO_PICKUP:StorageG -> (10,7) yaw=E
....##.###.###.#..
......#...#.......
......#...#...R...
..D...............
......#...#.......
......#...#...G...
......#...#.......
..........>.......
..D...#...#...B...
......#...#.......
..................
....##.###.###.#..

[102] amr_1 TO_PICKUP:StorageG -> (11,7) yaw=E
....##.###.###.#..
......#...#.......
......#...#...R...
..D...............
......#...#.......
......#...#...G...
......#...#.......
...........>......
..D...#...#...B...
......#...#.......
..................
....##.###.###.#..

[103] amr_1 TO_PICKUP:StorageG -> (11,6) yaw=N
....##.###.###.#..
......#...#.......
......#...#...R...
..D...............
......#...#.......
......#...#...G...
......#...#^......
..................
..D...#...#...B...
......#...#.......
..................
....##.###.###.#..

[104] amr_1 TO_PICKUP:StorageG -> (11,5) yaw=N
....##.###.###.#..
......#...#.......
......#...#...R...
..D...............
......#...#.......
......#...#^..G...
......#...#.......
..................
..D...#...#...B...
......#...#.......
..................
....##.###.###.#..

[105] amr_1 TO_PICKUP:StorageG -> (12,5) yaw=E
....##.###.###.#..
......#...#.......
......#...#...R...
..D...............
......#...#.......
......#...#.>.G...
......#...#.......
..................
..D...#...#...B...
......#...#.......
..................
....##.###.###.#..

[106] amr_1 TO_PICKUP:StorageG -> (13,5) yaw=E
....##.###.###.#..
......#...#.......
......#...#...R...
..D...............
......#...#.......
......#...#..>G...
......#...#.......
..................
..D...#...#...B...
......#...#.......
..................
....##.###.###.#..

[107] amr_1 TO_PICKUP:StorageG -> (14,5) yaw=E
....##.###.###.#..
......#...#.......
......#...#...R...
..D...............
......#...#.......
......#...#...>...
......#...#.......
..................
..D...#...#...B...
......#...#.......
..................
....##.###.###.#..

[108] loaded ProductG from StorageG
....##.###.###.#..
......#...#.......
......#...#...R...
..D...............
......#...#.......
......#...#...>...
......#...#.......
..................
..D...#...#...B...
......#...#.......
..................
....##.###.###.#..

[109] loaded ProductG from StorageG
....##.###.###.#..
......#...#.......
......#...#...R...
..D...............
......#...#.......
......#...#...>...
......#...#.......
..................
..D...#...#...B...
......#...#.......
..................
....##.###.###.#..

[110] amr_1 TO_PICKUP:StorageB -> (14,6) yaw=S
....##.###.###.#..
......#...#.......
......#...#...R...
..D...............
......#...#.......
......#...#...G...
......#...#...v...
..................
..D...#...#...B...
......#...#.......
..................
....##.###.###.#..

[111] amr_1 TO_PICKUP:StorageB -> (14,7) yaw=S
....##.###.###.#..
......#...#.......
......#...#...R...
..D...............
......#...#.......
......#...#...G...
......#...#.......
..............v...
..D...#...#...B...
......#...#.......
..................
....##.###.###.#..

[112] amr_1 TO_PICKUP:StorageB -> (14,8) yaw=S
....##.###.###.#..
......#...#.......
......#...#...R...
..D...............
......#...#.......
......#...#...G...
......#...#.......
..................
..D...#...#...v...
......#...#.......
..................
....##.###.###.#..

[113] loaded ProductB from StorageB
....##.###.###.#..
......#...#.......
......#...#...R...
..D...............
......#...#.......
......#...#...G...
......#...#.......
..................
..D...#...#...v...
......#...#.......
..................
....##.###.###.#..

[114] amr_1 TO_DROPOFF:DispatchA -> (13,8) yaw=W
....##.###.###.#..
......#...#.......
......#...#...R...
..D...............
......#...#.......
......#...#...G...
......#...#.......
..................
..D...#...#..<B...
......#...#.......
..................
....##.###.###.#..

[115] amr_1 TO_DROPOFF:DispatchA -> (12,8) yaw=W
....##.###.###.#..
......#...#.......
......#...#...R...
..D...............
......#...#.......
......#...#...G...
......#...#.......
..................
..D...#...#.<.B...
......#...#.......
..................
....##.###.###.#..

[116] amr_1 TO_DROPOFF:DispatchA -> (11,8) yaw=W
....##.###.###.#..
......#...#.......
......#...#...R...
..D...............
......#...#.......
......#...#...G...
......#...#.......
..................
..D...#...#<..B...
......#...#.......
..................
....##.###.###.#..

[117] amr_1 TO_DROPOFF:DispatchA -> (11,7) yaw=N
....##.###.###.#..
......#...#.......
......#...#...R...
..D...............
......#...#.......
......#...#...G...
......#...#.......
...........^......
..D...#...#...B...
......#...#.......
..................
....##.###.###.#..

[118] amr_1 TO_DROPOFF:DispatchA -> (10,7) yaw=W
....##.###.###.#..
......#...#.......
......#...#...R...
..D...............
......#...#.......
......#...#...G...
......#...#.......
..........<.......
..D...#...#...B...
......#...#.......
..................
....##.###.###.#..

[119] amr_1 TO_DROPOFF:DispatchA -> (9,7) yaw=W
....##.###.###.#..
......#...#.......
......#...#...R...
..D...............
......#...#.......
......#...#...G...
......#...#.......
.........<........
..D...#...#...B...
......#...#.......
..................
....##.###.###.#..

[120] amr_1 TO_DROPOFF:DispatchA -> (8,7) yaw=W
....##.###.###.#..
......#...#.......
......#...#...R...
..D...............
......#...#.......
......#...#...G...
......#...#.......
........<.........
..D...#...#...B...
......#...#.......
..................
....##.###.###.#..

[121] amr_1 TO_DROPOFF:DispatchA -> (7,7) yaw=W
....##.###.###.#..
......#...#.......
......#...#...R...
..D...............
......#...#.......
......#...#...G...
......#...#.......
.......<..........
..D...#...#...B...
......#...#.......
..................
....##.###.###.#..

[122] amr_1 TO_DROPOFF:DispatchA -> (6,7) yaw=W
....##.###.###.#..
......#...#.......
......#...#...R...
..D...............
......#...#.......
......#...#...G...
......#...#.......
......<...........
..D...#...#...B...
......#...#.......
..................
....##.###.###.#..

[123] amr_1 TO_DROPOFF:DispatchA -> (5,7) yaw=W
....##.###.###.#..
......#...#.......
......#...#...R...
..D...............
......#...#.......
......#...#...G...
......#...#.......
.....<............
..D...#...#...B...
......#...#.......
..................
....##.###.###.#..

[124] amr_1 TO_DROPOFF:DispatchA -> (4,7) yaw=W
....##.###.###.#..
......#...#.......
......#...#...R...
..D...............
......#...#.......
......#...#...G...
......#...#.......
....<.............
..D...#...#...B...
......#...#.......
..................
....##.###.###.#..

[125] amr_1 TO_DROPOFF:DispatchA -> (3,7) yaw=W
....##.###.###.#..
......#...#.......
......#...#...R...
..D...............
......#...#.......
......#...#...G...
......#...#.......
...<..............
..D...#...#...B...
......#...#.......
..................
....##.###.###.#..

[126] amr_1 TO_DROPOFF:DispatchA -> (2,7) yaw=W
....##.###.###.#..
......#...#.......
......#...#...R...
..D...............
......#...#.......
......#...#...G...
......#...#.......
..<...............
..D...#...#...B...
......#...#.......
..................
....##.###.###.#..

[127] amr_1 TO_DROPOFF:DispatchA -> (2,6) yaw=N
....##.###.###.#..
......#...#.......
......#...#...R...
..D...............
......#...#.......
......#...#...G...
..^...#...#.......
..................
..D...#...#...B...
......#...#.......
..................
....##.###.###.#..

[128] amr_1 TO_DROPOFF:DispatchA -> (2,5) yaw=N
....##.###.###.#..
......#...#.......
......#...#...R...
..D...............
......#...#.......
..^...#...#...G...
......#...#.......
..................
..D...#...#...B...
......#...#.......
..................
....##.###.###.#..

[129] amr_1 TO_DROPOFF:DispatchA -> (2,4) yaw=N
....##.###.###.#..
......#...#.......
......#...#...R...
..D...............
..^...#...#.......
......#...#...G...
......#...#.......
..................
..D...#...#...B...
......#...#.......
..................
....##.###.###.#..

[130] amr_1 TO_DROPOFF:DispatchA -> (2,3) yaw=N
....##.###.###.#..
......#...#.......
......#...#...R...
..^...............
......#...#.......
......#...#...G...
......#...#.......
..................
..D...#...#...B...
......#...#.......
..................
....##.###.###.#..

[131] unloaded ProductG to DispatchA
....##.###.###.#..
......#...#.......
......#...#...R...
..^...............
......#...#.......
......#...#...G...
......#...#.......
..................
..D...#...#...B...
......#...#.......
..................
....##.###.###.#..

[132] unloaded ProductG to DispatchA
....##.###.###.#..
......#...#.......
......#...#...R...
..^...............
......#...#.......
......#...#...G...
......#...#.......
..................
..D...#...#...B...
......#...#.......
..................
....##.###.###.#..

[133] unloaded ProductB to DispatchA
....##.###.###.#..
......#...#.......
......#...#...R...
..^...............
......#...#.......
......#...#...G...
......#...#.......
..................
..D...#...#...B...
......#...#.......
..................
....##.###.###.#..

[134] ORD-003 completed
....##.###.###.#..
......#...#.......
......#...#...R...
..^...............
......#...#.......
......#...#...G...
......#...#.......
..................
..D...#...#...B...
......#...#.......
..................
....##.###.###.#..

[134] all orders completed
....##.###.###.#..
......#...#.......
......#...#...R...
..^...............
......#...#.......
......#...#...G...
......#...#.......
..................
..D...#...#...B...
......#...#.......
..................
....##.###.###.#..

Warehouse simulation completed
Results: /workspace/aic_results/warehouse_20260508_202134
{
  "robot": {
    "name": "amr_1",
    "pose": {
      "x": 2,
      "y": 3,
      "yaw": "N"
    },
    "cargo_capacity": 8,
    "cargo": [],
    "state": "IDLE",
    "battery": 79.65999999999923,
    "active_order": null
  },
  "completed_orders": [
    {
      "id": "ORD-001",
      "dispatch": "DispatchA",
      "items": {
        "ProductR": 2,
        "ProductG": 1
      },
      "status": "completed"
    },
    {
      "id": "ORD-002",
      "dispatch": "DispatchB",
      "items": {
        "ProductB": 2,
        "ProductR": 1
      },
      "status": "completed"
    },
    {
      "id": "ORD-003",
      "dispatch": "DispatchA",
      "items": {
        "ProductG": 2,
        "ProductB": 1
      },
      "status": "completed"
    }
  ],
  "dispatches": {
    "DispatchA": {
      "name": "DispatchA",
      "pose": {
        "x": 2,
        "y": 3,
        "yaw": "E"
      },
      "received": [
        {
          "product": "ProductR",
          "source": "StorageR"
        },
        {
          "product": "ProductR",
          "source": "StorageR"
        },
        {
          "product": "ProductG",
          "source": "StorageG"
        },
        {
          "product": "ProductG",
          "source": "StorageG"
        },
        {
          "product": "ProductG",
          "source": "StorageG"
        },
        {
          "product": "ProductB",
          "source": "StorageB"
        }
      ]
    },
    "DispatchB": {
      "name": "DispatchB",
      "pose": {
        "x": 2,
        "y": 8,
        "yaw": "E"
      },
      "received": [
        {
          "product": "ProductB",
          "source": "StorageB"
        },
        {
          "product": "ProductB",
          "source": "StorageB"
        },
        {
          "product": "ProductR",
          "source": "StorageR"
        }
      ]
    }
  },
  "storages": {
    "StorageR": {
      "name": "StorageR",
      "product": "ProductR",
      "pose": {
        "x": 14,
        "y": 2,
        "yaw": "E"
      },
      "inventory": 1,
      "capacity": 10
    },
    "StorageG": {
      "name": "StorageG",
      "product": "ProductG",
      "pose": {
        "x": 14,
        "y": 5,
        "yaw": "E"
      },
      "inventory": 1,
      "capacity": 10
    },
    "StorageB": {
      "name": "StorageB",
      "product": "ProductB",
      "pose": {
        "x": 14,
        "y": 8,
        "yaw": "E"
      },
      "inventory": 1,
      "capacity": 10
    }
  },
  "steps": 134,
  "trace_file": "warehouse_trace.json"
}
