$ ['/entrypoint.sh', 'gazebo_gui:=true', 'launch_rviz:=true', 'ground_truth:=false', 'start_aic_engine:=false', 'shutdown_on_aic_engine_exit:=false', 'model_discovery_timeout_seconds:=600']

ZENOH_CONFIG_OVERRIDE_ROUTER=mode="router";listen/endpoints=["tcp/[::]:7447"];connect/endpoints=[];routing/router/peers_failover_brokering=true;transport/shared_memory/enabled=false
ZENOH_CONFIG_OVERRIDE_PEER=;transport/shared_memory/enabled=false
[2m2026-05-09T11:29:31.445315Z[0m [32m INFO[0m ThreadId(02) [2mzenoh::net::runtime[0m[2m:[0m Using ZID: 4aca2c9e07c66ab1559552db060144c6
[2m2026-05-09T11:29:31.449213Z[0m [33m WARN[0m ThreadId(02) [2mzenoh::net::routing::interceptor::authorization[0m[2m:[0m Rule 'deny_rule' flows list is not set. Setting it to both Ingress and Egress
[INFO] [launch]: All log files can be found below /root/.ros/log/2026-05-09-11-29-31-456829-5b03f2ed642d-35
[INFO] [launch]: Default logging verbosity is set to INFO
[2m2026-05-09T11:29:31.478137Z[0m [32m INFO[0m ThreadId(02) [2mzenoh::net::runtime::orchestrator[0m[2m:[0m Zenoh can be reached at: tcp/172.18.0.2:7447
Started Zenoh router with id 4aca2c9e07c66ab1559552db060144c6
[2m2026-05-09T11:29:32.010072Z[0m [32m INFO[0m acc-0 ThreadId(04) [2mzenoh::net::routing::interceptor::access_control[0m[2m:[0m ca96c8f23556ca2596933398dff5bfb8 did not match any configured ACL subject. Default permission `Allow` will be applied on all messages
[INFO] [robot_state_publisher-1]: process started with pid [108]
[INFO] [aic_adapter-2]: process started with pid [110]
[INFO] [component_container-3]: process started with pid [112]
[INFO] [gz-4]: process started with pid [114]
[INFO] [create-5]: process started with pid [116]
[2m2026-05-09T11:29:32.464639Z[0m [32m INFO[0m acc-0 ThreadId(04) [2mzenoh::net::routing::interceptor::access_control[0m[2m:[0m f82fd5aa384449fd7114301ecb3f9326 did not match any configured ACL subject. Default permission `Allow` will be applied on all messages
[2m2026-05-09T11:29:32.469866Z[0m [32m INFO[0m acc-0 ThreadId(04) [2mzenoh::net::routing::interceptor::access_control[0m[2m:[0m 53d9e84515d985b3547bf4fc004d3853 did not match any configured ACL subject. Default permission `Allow` will be applied on all messages
[2m2026-05-09T11:29:32.478344Z[0m [32m INFO[0m acc-0 ThreadId(04) [2mzenoh::net::routing::interceptor::access_control[0m[2m:[0m 581511b93a20e10f404ee9bc48896f0d did not match any configured ACL subject. Default permission `Allow` will be applied on all messages
[2m2026-05-09T11:29:32.520373Z[0m [32m INFO[0m acc-0 ThreadId(04) [2mzenoh::net::routing::interceptor::access_control[0m[2m:[0m 4c1db69258043c63209a7fe182ccf4d1 did not match any configured ACL subject. Default permission `Allow` will be applied on all messages
[aic_adapter-2] [INFO] [1778326172.619453127] [aic_adapter_node]: Adapter node initialization complete.
[robot_state_publisher-1] [INFO] [1778326172.630262460] [robot_state_publisher]: Robot initialized
[create-5] [INFO] [1778326172.630006585] [ros_gz_sim]: Requesting list of world names.
[component_container-3] [INFO] [1778326172.650358085] [ros_gz_container]: Load Library: /ws_aic/install/lib/libgzserver_component.so
[component_container-3] [INFO] [1778326172.752405085] [ros_gz_container]: Found class: rclcpp_components::NodeFactoryTemplate<ros_gz_sim::GzServer>
[component_container-3] [INFO] [1778326172.752569919] [ros_gz_container]: Instantiate class: rclcpp_components::NodeFactoryTemplate<ros_gz_sim::GzServer>
[INFO] [launch_ros.actions.load_composable_nodes]: Loaded node '/gz_server' in container '/ros_gz_container'
[component_container-3] [INFO] [1778326172.768425169] [ros_gz_container]: Load Library: /ws_aic/install/lib/libros_gz_bridge.so
[component_container-3] [INFO] [1778326172.833008377] [ros_gz_container]: Found class: rclcpp_components::NodeFactoryTemplate<ros_gz_bridge::RosGzBridge>
[component_container-3] [INFO] [1778326172.833082752] [ros_gz_container]: Instantiate class: rclcpp_components::NodeFactoryTemplate<ros_gz_bridge::RosGzBridge>
[INFO] [launch_ros.actions.load_composable_nodes]: Loaded node '/ros_gz_bridge' in container 'ros_gz_container'
[gz-4] QStandardPaths: XDG_RUNTIME_DIR not set, defaulting to '/tmp/runtime-root'
[component_container-3] (2026-05-09 11:29:32.937) [info] [ServerPrivate.cc:664] Loading SDF world file[/ws_aic/install/share/aic_description/world/aic.sdf].
[gz-4] (2026-05-09 11:29:33.563) [error] [SignalHandler.cc:178] [GUI] 4 Interrupted system call
[component_container-3] [INFO] [1778326173.861798002] [ros_gz_bridge]: Creating GZ->ROS Bridge: [/clock (gz.msgs.Clock) -> /clock (rosgraph_msgs/msg/Clock)] (Lazy 0)
[component_container-3] [INFO] [1778326173.867861961] [ros_gz_bridge]: Creating GZ->ROS Bridge: [/left_camera/image (gz.msgs.Image) -> /left_camera/image (sensor_msgs/msg/Image)] (Lazy 1)
[component_container-3] [INFO] [1778326173.871424919] [ros_gz_bridge]: Creating GZ->ROS Bridge: [/center_camera/image (gz.msgs.Image) -> /center_camera/image (sensor_msgs/msg/Image)] (Lazy 1)
[component_container-3] [INFO] [1778326173.871630461] [ros_gz_bridge]: Creating GZ->ROS Bridge: [/right_camera/image (gz.msgs.Image) -> /right_camera/image (sensor_msgs/msg/Image)] (Lazy 1)
[component_container-3] [INFO] [1778326173.871873461] [ros_gz_bridge]: Creating GZ->ROS Bridge: [/left_camera/camera_info (gz.msgs.CameraInfo) -> /left_camera/camera_info (sensor_msgs/msg/CameraInfo)] (Lazy 1)
[component_container-3] [INFO] [1778326173.872738711] [ros_gz_bridge]: Creating GZ->ROS Bridge: [/center_camera/camera_info (gz.msgs.CameraInfo) -> /center_camera/camera_info (sensor_msgs/msg/CameraInfo)] (Lazy 1)
[component_container-3] [INFO] [1778326173.873021044] [ros_gz_bridge]: Creating GZ->ROS Bridge: [/right_camera/camera_info (gz.msgs.CameraInfo) -> /right_camera/camera_info (sensor_msgs/msg/CameraInfo)] (Lazy 1)
[component_container-3] [INFO] [1778326173.873128836] [ros_gz_bridge]: Creating GZ->ROS Bridge: [/aic/gazebo/contacts/off_limit (gz.msgs.Contacts) -> /aic/gazebo/contacts/off_limit (ros_gz_interfaces/msg/Contacts)] (Lazy 1)
[component_container-3] [INFO] [1778326173.876167877] [ros_gz_bridge]: Creating GZ->ROS Bridge: [/cable_0/pose (gz.msgs.Pose_V) -> /scoring/tf (tf2_msgs/msg/TFMessage)] (Lazy 1)
[component_container-3] [INFO] [1778326173.878004794] [ros_gz_bridge]: Creating GZ->ROS Bridge: [/cable_1/pose (gz.msgs.Pose_V) -> /scoring/tf (tf2_msgs/msg/TFMessage)] (Lazy 1)
[component_container-3] [INFO] [1778326173.879866086] [ros_gz_bridge]: Creating GZ->ROS Bridge: [/cable_2/pose (gz.msgs.Pose_V) -> /scoring/tf (tf2_msgs/msg/TFMessage)] (Lazy 1)
[component_container-3] [INFO] [1778326173.880020919] [ros_gz_bridge]: Creating GZ->ROS Bridge: [/cable_3/pose (gz.msgs.Pose_V) -> /scoring/tf (tf2_msgs/msg/TFMessage)] (Lazy 1)
[component_container-3] [INFO] [1778326173.880095586] [ros_gz_bridge]: Creating GZ->ROS Bridge: [/cable_4/pose (gz.msgs.Pose_V) -> /scoring/tf (tf2_msgs/msg/TFMessage)] (Lazy 1)
[component_container-3] [INFO] [1778326173.880164294] [ros_gz_bridge]: Creating GZ->ROS Bridge: [/task_board/pose_static (gz.msgs.Pose_V) -> /scoring/tf (tf2_msgs/msg/TFMessage)] (Lazy 1)
[component_container-3] [INFO] [1778326173.880228794] [ros_gz_bridge]: Creating GZ->ROS Bridge: [/cable_0/insertion_event (gz.msgs.StringMsg) -> /scoring/insertion_event (std_msgs/msg/String)] (Lazy 1)
[component_container-3] [INFO] [1778326173.882102419] [ros_gz_bridge]: Creating GZ->ROS Bridge: [/cable_1/insertion_event (gz.msgs.StringMsg) -> /scoring/insertion_event (std_msgs/msg/String)] (Lazy 1)
[component_container-3] (2026-05-09 11:29:34.862) [info] [SystemManager.cc:54] Serving entity system service on [/entity/system/add]
[component_container-3] (2026-05-09 11:29:34.911) [info] [UserCommands.cc:752] Create service on [/world/aic_world/create_multiple] (async)
[component_container-3] (2026-05-09 11:29:34.911) [info] [UserCommands.cc:754] Create service on [/world/aic_world/create_multiple/blocking] (blocking)
[component_container-3] (2026-05-09 11:29:34.912) [info] [UserCommands.cc:752] Remove service on [/world/aic_world/remove] (async)
[component_container-3] (2026-05-09 11:29:34.912) [info] [UserCommands.cc:754] Remove service on [/world/aic_world/remove/blocking] (blocking)
[component_container-3] (2026-05-09 11:29:34.912) [info] [UserCommands.cc:752] Pose service on [/world/aic_world/set_pose] (async)
[component_container-3] (2026-05-09 11:29:34.912) [info] [UserCommands.cc:754] Pose service on [/world/aic_world/set_pose/blocking] (blocking)
[component_container-3] (2026-05-09 11:29:34.912) [info] [UserCommands.cc:752] Pose service on [/world/aic_world/set_pose_vector] (async)
[component_container-3] (2026-05-09 11:29:34.912) [info] [UserCommands.cc:754] Pose service on [/world/aic_world/set_pose_vector/blocking] (blocking)
[component_container-3] (2026-05-09 11:29:34.913) [info] [UserCommands.cc:752] Light configuration service on [/world/aic_world/light_config] (async)
[component_container-3] (2026-05-09 11:29:34.913) [info] [UserCommands.cc:754] Light configuration service on [/world/aic_world/light_config/blocking] (blocking)
[component_container-3] (2026-05-09 11:29:34.914) [info] [UserCommands.cc:752] Physics service on [/world/aic_world/set_physics] (async)
[component_container-3] (2026-05-09 11:29:34.914) [info] [UserCommands.cc:754] Physics service on [/world/aic_world/set_physics/blocking] (blocking)
[component_container-3] (2026-05-09 11:29:34.914) [info] [UserCommands.cc:752] SphericalCoordinates service on [/world/aic_world/set_spherical_coordinates] (async)
[component_container-3] (2026-05-09 11:29:34.914) [info] [UserCommands.cc:754] SphericalCoordinates service on [/world/aic_world/set_spherical_coordinates/blocking] (blocking)
[component_container-3] (2026-05-09 11:29:34.914) [info] [UserCommands.cc:752] Enable collision service on [/world/aic_world/enable_collision] (async)
[component_container-3] (2026-05-09 11:29:34.914) [info] [UserCommands.cc:754] Enable collision service on [/world/aic_world/enable_collision/blocking] (blocking)
[component_container-3] (2026-05-09 11:29:34.914) [info] [UserCommands.cc:752] Disable collision service on [/world/aic_world/disable_collision] (async)
[component_container-3] (2026-05-09 11:29:34.914) [info] [UserCommands.cc:754] Disable collision service on [/world/aic_world/disable_collision/blocking] (blocking)
[component_container-3] (2026-05-09 11:29:34.915) [info] [UserCommands.cc:752] Material service on [/world/aic_world/visual_config] (async)
[component_container-3] (2026-05-09 11:29:34.915) [info] [UserCommands.cc:754] Material service on [/world/aic_world/visual_config/blocking] (blocking)
[component_container-3] (2026-05-09 11:29:34.915) [info] [UserCommands.cc:752] Material service on [/world/aic_world/wheel_slip] (async)
[component_container-3] (2026-05-09 11:29:34.915) [info] [UserCommands.cc:754] Material service on [/world/aic_world/wheel_slip/blocking] (blocking)
[component_container-3] (2026-05-09 11:29:34.916) [debug] [SystemManager.cc:80] Loaded system [gz::sim::systems::UserCommands] for entity [1]
[component_container-3] (2026-05-09 11:29:35.003) [debug] [Physics.cc:967] Loaded [gz::physics::bullet_featherstone::Plugin] from library [/ws_aic/install/lib/gz-physics-8/engine-plugins/libgz-physics-bullet-featherstone-plugin.so]
[component_container-3] (2026-05-09 11:29:35.003) [debug] [SystemManager.cc:80] Loaded system [gz::sim::systems::Physics] for entity [1]
[component_container-3] (2026-05-09 11:29:35.026) [debug] [Sensors.cc:697] Configuring Sensors system
[component_container-3] (2026-05-09 11:29:35.028) [debug] [Sensors.cc:557] SensorsPrivate::Run
[component_container-3] (2026-05-09 11:29:35.028) [debug] [SystemManager.cc:80] Loaded system [gz::sim::systems::Sensors] for entity [1]
[component_container-3] (2026-05-09 11:29:35.028) [debug] [Sensors.cc:532] SensorsPrivate::RenderThread started
[component_container-3] (2026-05-09 11:29:35.028) [debug] [Sensors.cc:337] Waiting for init
[component_container-3] (2026-05-09 11:29:35.032) [debug] [ScoringPlugin.cc:45] aic_gazebo::ScoringPlugin::Configure on entity: 1
[component_container-3] (2026-05-09 11:29:35.034) [debug] [SystemManager.cc:80] Loaded system [aic_gazebo::ScoringPlugin] for entity [1]
[component_container-3] (2026-05-09 11:29:35.037) [debug] [WorldSdfGeneratorPlugin.cc:47] aic_gazebo::WorldSdfGeneratorPlugin::Configure
[component_container-3] (2026-05-09 11:29:35.037) [debug] [SystemManager.cc:80] Loaded system [aic_gazebo::WorldSdfGeneratorPlugin] for entity [1]
[component_container-3] (2026-05-09 11:29:35.040) [debug] [SystemManager.cc:80] Loaded system [gz::sim::systems::Contact] for entity [1]
[component_container-3] (2026-05-09 11:29:35.041) [info] [LevelManager.cc:646] Loaded level [default]
[component_container-3] (2026-05-09 11:29:35.042) [info] [ServerConfig.cc:1010] Copied installed config [/ws_aic/install/share/gz/gz-sim9/server.config] to default config [/root/.gz/sim/9/server.config].
[component_container-3] (2026-05-09 11:29:35.043) [debug] [ServerConfig.cc:1025] Loading (3) plugins from file [/root/.gz/sim/9/server.config]
[component_container-3] (2026-05-09 11:29:35.043) [debug] [SimulationRunner.cc:1696] Additional plugins to load:
[component_container-3] (2026-05-09 11:29:35.043) [debug] [SimulationRunner.cc:1699] gz::sim::systems::SceneBroadcaster gz-sim-scene-broadcaster-system
[component_container-3] (2026-05-09 11:29:35.050) [debug] [SystemManager.cc:80] Loaded system [gz::sim::systems::SceneBroadcaster] for entity [1]
[component_container-3] (2026-05-09 11:29:35.052) [info] [SimulationRunner.cc:275] Serving world controls on [/world/aic_world/control], [/world/aic_world/control/state] and [/world/aic_world/playback/control]
[component_container-3] (2026-05-09 11:29:35.053) [info] [SimulationRunner.cc:301] Serving GUI information on [/world/aic_world/gui/info]
[component_container-3] (2026-05-09 11:29:35.053) [info] [SimulationRunner.cc:304] World [aic_world] initialized with [2ms] physics profile.
[component_container-3] (2026-05-09 11:29:35.053) [info] [SimulationRunner.cc:311] Serving world SDF generation service on [/world/aic_world/generate_world_sdf]
[component_container-3] (2026-05-09 11:29:35.054) [info] [ServerPrivate.cc:344] Serving world names on [/gazebo/worlds]
[component_container-3] (2026-05-09 11:29:35.054) [info] [ServerPrivate.cc:357] Resource path add service on [/gazebo/resource_paths/add].
[component_container-3] (2026-05-09 11:29:35.054) [info] [ServerPrivate.cc:370] Resource path get service on [/gazebo/resource_paths/get].
[component_container-3] (2026-05-09 11:29:35.054) [info] [ServerPrivate.cc:385] Resource path resolve service on [/gazebo/resource_paths/resolve].
[component_container-3] (2026-05-09 11:29:35.055) [info] [ServerPrivate.cc:399] Resource paths published on [/gazebo/resource_paths].
[component_container-3] (2026-05-09 11:29:35.055) [info] [ServerPrivate.cc:412] Server control service on [/server_control].
[component_container-3] (2026-05-09 11:29:35.056) [info] [SimulationRunner.cc:769] Found no publishers on /stats, adding root stats topic
[component_container-3] (2026-05-09 11:29:35.057) [info] [SimulationRunner.cc:803] Found no publishers on /clock, adding root clock topic
[create-5] [INFO] [1778326175.270668461] [ros_gz_sim]: Entity creation successful.
[component_container-3] (2026-05-09 11:29:35.276) [debug] [SimulationRunner.cc:573] Creating PostUpdate worker threads: 5
[component_container-3] (2026-05-09 11:29:35.277) [debug] [SimulationRunner.cc:584] Creating postupdate worker thread (0)
[component_container-3] (2026-05-09 11:29:35.278) [debug] [SimulationRunner.cc:584] Creating postupdate worker thread (1)
[component_container-3] (2026-05-09 11:29:35.278) [debug] [SimulationRunner.cc:584] Creating postupdate worker thread (2)
[component_container-3] (2026-05-09 11:29:35.279) [debug] [SimulationRunner.cc:584] Creating postupdate worker thread (3)
[INFO] [create-5]: process has finished cleanly [pid 116]
[INFO] [spawner-6]: process started with pid [245]
[INFO] [spawner-7]: process started with pid [247]
[component_container-3] [1;33mWarning [Utils.cc:119][0m [/sdf/model[@name="ur"]/link[@name="center_camera/sensor_link"]/sensor[@name="center_camera"]/camera[@name="center_camera"]/optical_frame_id]: SDF Element[optical_frame_id] is deprecated
[component_container-3] [1;33mWarning [Utils.cc:119][0m [/sdf/model[@name="ur"]/link[@name="left_camera/sensor_link"]/sensor[@name="left_camera"]/camera[@name="left_camera"]/optical_frame_id]: SDF Element[optical_frame_id] is deprecated
[component_container-3] [1;33mWarning [Utils.cc:119][0m [/sdf/model[@name="ur"]/link[@name="right_camera/sensor_link"]/sensor[@name="right_camera"]/camera[@name="right_camera"]/optical_frame_id]: SDF Element[optical_frame_id] is deprecated
[component_container-3] [WARN] [1778326175.426964253] [rcl.logging_rosout]: Publisher already registered for node name: 'ros_gz_container'. If this is due to multiple nodes with the same name then all logs for the logger named 'ros_gz_container' will go out over the existing publisher. As soon as any node with that name is destructed it will unregister the publisher, preventing any further logs for that name from being published on the rosout topic.
[component_container-3] [INFO] [1778326175.431237003] [ros_gz_container]: [gz_ros2_control] Fixed joint [tabletop_joint] (Entity=101)] is skipped
[component_container-3] [INFO] [1778326175.431473337] [ros_gz_container]: [gz_ros2_control] Fixed joint [center_camera/attach_sensor_link] (Entity=108)] is skipped
[component_container-3] [INFO] [1778326175.431504712] [ros_gz_container]: [gz_ros2_control] Fixed joint [center_camera/attach_optical] (Entity=109)] is skipped
[component_container-3] [INFO] [1778326175.431531003] [ros_gz_container]: [gz_ros2_control] Fixed joint [ati/attach_joint] (Entity=110)] is skipped
[component_container-3] [INFO] [1778326175.431549628] [ros_gz_container]: [gz_ros2_control] Fixed joint [left_camera/attach_sensor_link] (Entity=114)] is skipped
[component_container-3] [INFO] [1778326175.431558795] [ros_gz_container]: [gz_ros2_control] Fixed joint [left_camera/attach_optical] (Entity=115)] is skipped
[component_container-3] [INFO] [1778326175.431564962] [ros_gz_container]: [gz_ros2_control] Fixed joint [right_camera/attach_sensor_link] (Entity=116)] is skipped
[component_container-3] [INFO] [1778326175.431567920] [ros_gz_container]: [gz_ros2_control] Fixed joint [right_camera/attach_optical] (Entity=117)] is skipped
[component_container-3] [INFO] [1778326175.441149212] [ros_gz_container]: Loading controller_manager
[component_container-3] [INFO] [1778326175.479171962] [controller_manager]: Using ROS clock for triggering controller manager cycles.
[component_container-3] [INFO] [1778326175.496126170] [controller_manager]: Subscribing to '/robot_description' topic for robot description.
[component_container-3] [INFO] [1778326175.508049670] [controller_manager]: Enforcing command limits is enabled...
[component_container-3] [WARN] [1778326175.508225378] [ros_gz_container]: Waiting RM to load and initialize hardware...
[component_container-3] [INFO] [1778326175.511942087] [controller_manager]: Received robot description from topic.
[component_container-3] [INFO] [1778326175.523168212] [ros_gz_container]: Using JointLimiter for joint 'gripper/left_finger_joint' in hardware 'gripper' : '  has position limits: true [0, 0.025]
[component_container-3]   has velocity limits: true [0.05]
[component_container-3]   has acceleration limits: false [nan]
[component_container-3]   has deceleration limits: false [nan]
[component_container-3]   has jerk limits: false [nan]
[component_container-3]   has effort limits: true [20]
[component_container-3]   angle wraparound: false'
[component_container-3] [INFO] [1778326175.523249337] [ros_gz_container]: Creating JointSaturationLimiter for joint 'gripper/left_finger_joint' in hardware 'gripper'
[component_container-3] [INFO] [1778326175.524539003] [ros_gz_container]: Using JointLimiter for joint 'wrist_3_joint' in hardware 'ControlSystem' : '  has position limits: true [-6.28319, 6.28319]
[component_container-3]   has velocity limits: true [3.14159]
[component_container-3]   has acceleration limits: false [nan]
[component_container-3]   has deceleration limits: false [nan]
[component_container-3]   has jerk limits: false [nan]
[component_container-3]   has effort limits: true [28]
[component_container-3]   angle wraparound: false'
[component_container-3] [INFO] [1778326175.524555545] [ros_gz_container]: Creating JointSaturationLimiter for joint 'wrist_3_joint' in hardware 'ControlSystem'
[component_container-3] [INFO] [1778326175.524570962] [ros_gz_container]: Using JointLimiter for joint 'wrist_2_joint' in hardware 'ControlSystem' : '  has position limits: true [-6.28319, 6.28319]
[component_container-3]   has velocity limits: true [3.14159]
[component_container-3]   has acceleration limits: false [nan]
[component_container-3]   has deceleration limits: false [nan]
[component_container-3]   has jerk limits: false [nan]
[component_container-3]   has effort limits: true [28]
[component_container-3]   angle wraparound: false'
[component_container-3] [INFO] [1778326175.524576337] [ros_gz_container]: Creating JointSaturationLimiter for joint 'wrist_2_joint' in hardware 'ControlSystem'
[component_container-3] [INFO] [1778326175.524597253] [ros_gz_container]: Using JointLimiter for joint 'wrist_1_joint' in hardware 'ControlSystem' : '  has position limits: true [-6.28319, 6.28319]
[component_container-3]   has velocity limits: true [3.14159]
[component_container-3]   has acceleration limits: false [nan]
[component_container-3]   has deceleration limits: false [nan]
[component_container-3]   has jerk limits: false [nan]
[component_container-3]   has effort limits: true [28]
[component_container-3]   angle wraparound: false'
[component_container-3] [INFO] [1778326175.524601837] [ros_gz_container]: Creating JointSaturationLimiter for joint 'wrist_1_joint' in hardware 'ControlSystem'
[component_container-3] [INFO] [1778326175.524607920] [ros_gz_container]: Using JointLimiter for joint 'elbow_joint' in hardware 'ControlSystem' : '  has position limits: true [-3.14159, 3.14159]
[component_container-3]   has velocity limits: true [3.14159]
[component_container-3]   has acceleration limits: false [nan]
[component_container-3]   has deceleration limits: false [nan]
[component_container-3]   has jerk limits: false [nan]
[component_container-3]   has effort limits: true [150]
[component_container-3]   angle wraparound: false'
[component_container-3] [INFO] [1778326175.524611462] [ros_gz_container]: Creating JointSaturationLimiter for joint 'elbow_joint' in hardware 'ControlSystem'
[component_container-3] [INFO] [1778326175.524618212] [ros_gz_container]: Using JointLimiter for joint 'shoulder_lift_joint' in hardware 'ControlSystem' : '  has position limits: true [-6.28319, 6.28319]
[component_container-3]   has velocity limits: true [3.14159]
[component_container-3]   has acceleration limits: false [nan]
[component_container-3]   has deceleration limits: false [nan]
[component_container-3]   has jerk limits: false [nan]
[component_container-3]   has effort limits: true [150]
[component_container-3]   angle wraparound: false'
[component_container-3] [INFO] [1778326175.524634378] [ros_gz_container]: Creating JointSaturationLimiter for joint 'shoulder_lift_joint' in hardware 'ControlSystem'
[component_container-3] [INFO] [1778326175.524641253] [ros_gz_container]: Using JointLimiter for joint 'shoulder_pan_joint' in hardware 'ControlSystem' : '  has position limits: true [-6.28319, 6.28319]
[component_container-3]   has velocity limits: true [3.14159]
[component_container-3]   has acceleration limits: false [nan]
[component_container-3]   has deceleration limits: false [nan]
[component_container-3]   has jerk limits: false [nan]
[component_container-3]   has effort limits: true [150]
[component_container-3]   angle wraparound: false'
[component_container-3] [INFO] [1778326175.524646503] [ros_gz_container]: Creating JointSaturationLimiter for joint 'shoulder_pan_joint' in hardware 'ControlSystem'
[component_container-3] [INFO] [1778326175.536028837] [ros_gz_container]: The position_proportional_gain has been set to: 0.1
[component_container-3] [INFO] [1778326175.537643962] [ros_gz_container]: Loading joint: gripper/left_finger_joint
[component_container-3] [INFO] [1778326175.537723712] [ros_gz_container]: 	State:
[component_container-3] [INFO] [1778326175.537793003] [ros_gz_container]: 		 position
[component_container-3] [INFO] [1778326175.538014378] [ros_gz_container]: 			 found initial value: 0.007300
[component_container-3] [INFO] [1778326175.538034712] [ros_gz_container]: 		 velocity
[component_container-3] [INFO] [1778326175.538163962] [ros_gz_container]: 			 found initial value: 0.000000
[component_container-3] [INFO] [1778326175.538172545] [ros_gz_container]: 		 effort
[component_container-3] [INFO] [1778326175.538345087] [ros_gz_container]: 			 found initial value: 0.000000
[component_container-3] [INFO] [1778326175.538458712] [ros_gz_container]: 	Command:
[component_container-3] [INFO] [1778326175.538465462] [ros_gz_container]: 		 position
[component_container-3] [INFO] [1778326175.538801170] [ros_gz_container]: 		 effort
[component_container-3] [INFO] [1778326175.540375087] [ros_gz_container]: Loading sensor: AtiForceTorqueSensor
[component_container-3] [INFO] [1778326175.540496878] [ros_gz_container]: 	State:
[component_container-3] [INFO] [1778326175.543608587] [ros_gz_container]: Initialize hardware 'gripper' 
[component_container-3] [WARN] [1778326175.544397878] [rcl.logging_rosout]: Publisher already registered for node name: 'ros_gz_container'. If this is due to multiple nodes with the same name then all logs for the logger named 'ros_gz_container' will go out over the existing publisher. As soon as any node with that name is destructed it will unregister the publisher, preventing any further logs for that name from being published on the rosout topic.
[component_container-3] [INFO] [1778326175.545766503] [ros_gz_container.hardware_component.system.gripper]: `status_publish_rate` is set to 0.0, hardware status publisher will not be created.
[component_container-3] [INFO] [1778326175.546642420] [ros_gz_container]: Successful initialization of hardware 'gripper'
[component_container-3] [INFO] [1778326175.549659545] [ros_gz_container]: The position_proportional_gain has been set to: 0.1
[component_container-3] [INFO] [1778326175.549837378] [ros_gz_container]: Loading joint: shoulder_pan_joint
[component_container-3] [INFO] [1778326175.549854253] [ros_gz_container]: 	State:
[component_container-3] [INFO] [1778326175.549860045] [ros_gz_container]: 		 position
[component_container-3] [INFO] [1778326175.549877795] [ros_gz_container]: 			 found initial value: -0.159700
[component_container-3] [INFO] [1778326175.549885920] [ros_gz_container]: 		 velocity
[component_container-3] [INFO] [1778326175.549893378] [ros_gz_container]: 			 found initial value: 0.000000
[component_container-3] [INFO] [1778326175.549899920] [ros_gz_container]: 		 effort
[component_container-3] [INFO] [1778326175.549907878] [ros_gz_container]: 			 found initial value: 0.000000
[component_container-3] [INFO] [1778326175.549912712] [ros_gz_container]: 	Command:
[component_container-3] [INFO] [1778326175.549917170] [ros_gz_container]: 		 position
[component_container-3] [INFO] [1778326175.549928712] [ros_gz_container]: 		 velocity
[component_container-3] [INFO] [1778326175.550012753] [ros_gz_container]: 		 effort
[component_container-3] [INFO] [1778326175.550034128] [ros_gz_container]: Loading joint: shoulder_lift_joint
[component_container-3] [INFO] [1778326175.550037920] [ros_gz_container]: 	State:
[component_container-3] [INFO] [1778326175.550043962] [ros_gz_container]: 		 position
[component_container-3] [INFO] [1778326175.550052212] [ros_gz_container]: 			 found initial value: -1.354200
[component_container-3] [INFO] [1778326175.550058545] [ros_gz_container]: 		 velocity
[component_container-3] [INFO] [1778326175.550073920] [ros_gz_container]: 			 found initial value: 0.000000
[component_container-3] [INFO] [1778326175.550077628] [ros_gz_container]: 		 effort
[component_container-3] [INFO] [1778326175.550098087] [ros_gz_container]: 			 found initial value: 0.000000
[component_container-3] [INFO] [1778326175.550103337] [ros_gz_container]: 	Command:
[component_container-3] [INFO] [1778326175.550106295] [ros_gz_container]: 		 position
[component_container-3] [INFO] [1778326175.550112337] [ros_gz_container]: 		 velocity
[component_container-3] [INFO] [1778326175.550125670] [ros_gz_container]: 		 effort
[component_container-3] [INFO] [1778326175.550132753] [ros_gz_container]: Loading joint: elbow_joint
[component_container-3] [INFO] [1778326175.550135795] [ros_gz_container]: 	State:
[component_container-3] [INFO] [1778326175.550138253] [ros_gz_container]: 		 position
[component_container-3] [INFO] [1778326175.550141795] [ros_gz_container]: 			 found initial value: -1.664800
[component_container-3] [INFO] [1778326175.550146378] [ros_gz_container]: 		 velocity
[component_container-3] [INFO] [1778326175.550151170] [ros_gz_container]: 			 found initial value: 0.000000
[component_container-3] [INFO] [1778326175.550153962] [ros_gz_container]: 		 effort
[component_container-3] [INFO] [1778326175.550157878] [ros_gz_container]: 			 found initial value: 0.000000
[component_container-3] [INFO] [1778326175.550160837] [ros_gz_container]: 	Command:
[component_container-3] [INFO] [1778326175.550163420] [ros_gz_container]: 		 position
[component_container-3] [INFO] [1778326175.550168378] [ros_gz_container]: 		 velocity
[component_container-3] [INFO] [1778326175.550171587] [ros_gz_container]: 		 effort
[component_container-3] [INFO] [1778326175.550178420] [ros_gz_container]: Loading joint: wrist_1_joint
[component_container-3] [INFO] [1778326175.550181503] [ros_gz_container]: 	State:
[component_container-3] [INFO] [1778326175.550185170] [ros_gz_container]: 		 position
[component_container-3] [INFO] [1778326175.550190253] [ros_gz_container]: 			 found initial value: -1.693300
[component_container-3] [INFO] [1778326175.550193212] [ros_gz_container]: 		 velocity
[component_container-3] [INFO] [1778326175.550195962] [ros_gz_container]: 			 found initial value: 0.000000
[component_container-3] [INFO] [1778326175.550198712] [ros_gz_container]: 		 effort
[component_container-3] [INFO] [1778326175.550201420] [ros_gz_container]: 			 found initial value: 0.000000
[component_container-3] [INFO] [1778326175.550204170] [ros_gz_container]: 	Command:
[component_container-3] [INFO] [1778326175.550206587] [ros_gz_container]: 		 position
[component_container-3] [INFO] [1778326175.550211212] [ros_gz_container]: 		 velocity
[component_container-3] [INFO] [1778326175.550214253] [ros_gz_container]: 		 effort
[component_container-3] [INFO] [1778326175.550219920] [ros_gz_container]: Loading joint: wrist_2_joint
[component_container-3] [INFO] [1778326175.550222837] [ros_gz_container]: 	State:
[component_container-3] [INFO] [1778326175.550225295] [ros_gz_container]: 		 position
[component_container-3] [INFO] [1778326175.550228587] [ros_gz_container]: 			 found initial value: 1.571000
[component_container-3] [INFO] [1778326175.550232878] [ros_gz_container]: 		 velocity
[component_container-3] [INFO] [1778326175.550235545] [ros_gz_container]: 			 found initial value: 0.000000
[component_container-3] [INFO] [1778326175.550238170] [ros_gz_container]: 		 effort
[component_container-3] [INFO] [1778326175.550240753] [ros_gz_container]: 			 found initial value: 0.000000
[component_container-3] [INFO] [1778326175.550243378] [ros_gz_container]: 	Command:
[component_container-3] [INFO] [1778326175.550245628] [ros_gz_container]: 		 position
[component_container-3] [INFO] [1778326175.550249337] [ros_gz_container]: 		 velocity
[component_container-3] [INFO] [1778326175.550269920] [ros_gz_container]: 		 effort
[component_container-3] [INFO] [1778326175.550275587] [ros_gz_container]: Loading joint: wrist_3_joint
[component_container-3] [INFO] [1778326175.550278378] [ros_gz_container]: 	State:
[component_container-3] [INFO] [1778326175.550282212] [ros_gz_container]: 		 position
[component_container-3] [INFO] [1778326175.550287087] [ros_gz_container]: 			 found initial value: 1.411000
[component_container-3] [INFO] [1778326175.550292753] [ros_gz_container]: 		 velocity
[component_container-3] [INFO] [1778326175.550298545] [ros_gz_container]: 			 found initial value: 0.000000
[component_container-3] [INFO] [1778326175.550304045] [ros_gz_container]: 		 effort
[component_container-3] [INFO] [1778326175.550307878] [ros_gz_container]: 			 found initial value: 0.000000
[component_container-3] [INFO] [1778326175.550311420] [ros_gz_container]: 	Command:
[component_container-3] [INFO] [1778326175.550313753] [ros_gz_container]: 		 position
[component_container-3] [INFO] [1778326175.550318378] [ros_gz_container]: 		 velocity
[component_container-3] [INFO] [1778326175.550328295] [ros_gz_container]: 		 effort
[component_container-3] [INFO] [1778326175.550546753] [ros_gz_container]: Loading sensor: AtiForceTorqueSensor
[component_container-3] [INFO] [1778326175.550552962] [ros_gz_container]: 	State:
[component_container-3] [INFO] [1778326175.550826962] [ros_gz_container]: 		 force.x
[component_container-3] [INFO] [1778326175.550833545] [ros_gz_container]: 		 force.y
[component_container-3] [INFO] [1778326175.550836545] [ros_gz_container]: 		 force.z
[component_container-3] [INFO] [1778326175.550839128] [ros_gz_container]: 		 torque.x
[component_container-3] [INFO] [1778326175.550841503] [ros_gz_container]: 		 torque.y
[component_container-3] [INFO] [1778326175.550848753] [ros_gz_container]: 		 torque.z
[component_container-3] [INFO] [1778326175.550924253] [ros_gz_container]: Initialize hardware 'ControlSystem' 
[component_container-3] [WARN] [1778326175.551076878] [rcl.logging_rosout]: Publisher already registered for node name: 'ros_gz_container'. If this is due to multiple nodes with the same name then all logs for the logger named 'ros_gz_container' will go out over the existing publisher. As soon as any node with that name is destructed it will unregister the publisher, preventing any further logs for that name from being published on the rosout topic.
[component_container-3] [INFO] [1778326175.552214545] [ros_gz_container.hardware_component.system.ControlSystem]: `status_publish_rate` is set to 0.0, hardware status publisher will not be created.
[component_container-3] [INFO] [1778326175.552337462] [ros_gz_container]: Successful initialization of hardware 'ControlSystem'
[component_container-3] [INFO] [1778326175.553199045] [resource_manager]: 'configure' hardware 'ControlSystem' 
[component_container-3] [INFO] [1778326175.553285253] [ros_gz_container]: System Successfully configured!
[component_container-3] [INFO] [1778326175.553301795] [resource_manager]: Successful 'configure' of hardware 'ControlSystem'
[component_container-3] [INFO] [1778326175.553523378] [resource_manager]: 'activate' hardware 'ControlSystem' 
[component_container-3] [INFO] [1778326175.553741295] [resource_manager]: Successful 'activate' of hardware 'ControlSystem'
[component_container-3] [INFO] [1778326175.554431878] [resource_manager]: 'configure' hardware 'gripper' 
[component_container-3] [INFO] [1778326175.554437087] [ros_gz_container]: System Successfully configured!
[component_container-3] [INFO] [1778326175.554444378] [resource_manager]: Successful 'configure' of hardware 'gripper'
[component_container-3] [INFO] [1778326175.554447420] [resource_manager]: 'activate' hardware 'gripper' 
[component_container-3] [INFO] [1778326175.554450253] [resource_manager]: Successful 'activate' of hardware 'gripper'
[component_container-3] [WARN] [1778326175.554551545] [controller_manager]: Component 'ControlSystem' does not have read or write statistics initialized, skipping registration.
[component_container-3] [WARN] [1778326175.554570670] [controller_manager]: Component 'gripper' does not have read or write statistics initialized, skipping registration.
[component_container-3] [INFO] [1778326175.554602212] [controller_manager]: Resource Manager has been successfully initialized. Starting Controller Manager services...
[2m2026-05-09T11:29:35.737216Z[0m [32m INFO[0m acc-0 ThreadId(04) [2mzenoh::net::routing::interceptor::access_control[0m[2m:[0m 427f34d235418abd7613b47cfb06484d did not match any configured ACL subject. Default permission `Allow` will be applied on all messages
[2m2026-05-09T11:29:35.796761Z[0m [32m INFO[0m acc-0 ThreadId(04) [2mzenoh::net::routing::interceptor::access_control[0m[2m:[0m 3a1b3ac069e93a510fb0ac8bb38c78b7 did not match any configured ACL subject. Default permission `Allow` will be applied on all messages
[component_container-3] [INFO] [1778326175.868076128] [controller_manager]: Loading controller : 'joint_state_broadcaster' of type 'joint_state_broadcaster/JointStateBroadcaster'
[component_container-3] [INFO] [1778326175.868350003] [controller_manager]: Loading controller 'joint_state_broadcaster'
[component_container-3] [INFO] [1778326175.874074712] [controller_manager]: Controller 'joint_state_broadcaster' node arguments: --ros-args --params-file /ws_aic/install/share/aic_bringup/config/aic_ros2_controllers.yaml -p use_sim_time:=true --param use_sim_time:=true 
[spawner-6] [INFO] [1778326175.890696045] [spawner_joint_state_broadcaster]: Loaded joint_state_broadcaster
[component_container-3] [INFO] [1778326175.894184212] [controller_manager]: Configuring controller: 'joint_state_broadcaster'
[component_container-3] [INFO] [1778326175.895458337] [joint_state_broadcaster]: 'joints' or 'interfaces' parameter is empty. All available state interfaces will be published
[component_container-3] [INFO] [1778326175.910511253] [controller_manager]: Activating controllers: [ joint_state_broadcaster ]
[component_container-3] [INFO] [1778326175.912131253] [controller_manager]: Requested controller switch from non-realtime loop
[component_container-3] [INFO] [1778326175.915505087] [controller_manager]: Successfully switched controllers!
[component_container-3] (2026-05-09 11:29:37.508) [debug] [SystemManager.cc:80] Loaded system [gz_ros2_control::GazeboSimROS2ControlPlugin] for entity [31]
[component_container-3] (2026-05-09 11:29:37.513) [debug] [SystemManager.cc:80] Loaded system [gz::sim::systems::ForceTorque] for entity [31]
[component_container-3] (2026-05-09 11:29:37.517) [debug] [OffLimitContactsPlugin.cc:41] aic_gazebo::OffLimitContactsPlugin::Configure on entity: 31
[component_container-3] (2026-05-09 11:29:37.519) [debug] [OffLimitContactsPlugin.cc:165] Enabled collision [34]
[component_container-3] (2026-05-09 11:29:37.519) [debug] [OffLimitContactsPlugin.cc:165] Enabled collision [37]
[component_container-3] (2026-05-09 11:29:37.519) [debug] [OffLimitContactsPlugin.cc:165] Enabled collision [40]
[component_container-3] (2026-05-09 11:29:37.519) [debug] [OffLimitContactsPlugin.cc:165] Enabled collision [43]
[component_container-3] (2026-05-09 11:29:37.519) [debug] [OffLimitContactsPlugin.cc:165] Enabled collision [46]
[component_container-3] (2026-05-09 11:29:37.519) [debug] [OffLimitContactsPlugin.cc:165] Enabled collision [49]
[component_container-3] (2026-05-09 11:29:37.519) [debug] [OffLimitContactsPlugin.cc:165] Enabled collision [57]
[component_container-3] (2026-05-09 11:29:37.519) [debug] [OffLimitContactsPlugin.cc:165] Enabled collision [58]
[component_container-3] (2026-05-09 11:29:37.519) [debug] [OffLimitContactsPlugin.cc:165] Enabled collision [59]
[component_container-3] (2026-05-09 11:29:37.519) [debug] [OffLimitContactsPlugin.cc:165] Enabled collision [60]
[component_container-3] (2026-05-09 11:29:37.519) [debug] [OffLimitContactsPlugin.cc:165] Enabled collision [61]
[component_container-3] (2026-05-09 11:29:37.519) [debug] [OffLimitContactsPlugin.cc:165] Enabled collision [62]
[component_container-3] (2026-05-09 11:29:37.519) [debug] [OffLimitContactsPlugin.cc:165] Enabled collision [63]
[component_container-3] (2026-05-09 11:29:37.519) [debug] [OffLimitContactsPlugin.cc:165] Enabled collision [64]
[component_container-3] (2026-05-09 11:29:37.519) [debug] [OffLimitContactsPlugin.cc:165] Enabled collision [65]
[component_container-3] (2026-05-09 11:29:37.519) [debug] [OffLimitContactsPlugin.cc:165] Enabled collision [66]
[component_container-3] (2026-05-09 11:29:37.519) [debug] [OffLimitContactsPlugin.cc:165] Enabled collision [67]
[component_container-3] (2026-05-09 11:29:37.519) [debug] [OffLimitContactsPlugin.cc:165] Enabled collision [68]
[component_container-3] (2026-05-09 11:29:37.519) [debug] [OffLimitContactsPlugin.cc:165] Enabled collision [69]
[component_container-3] (2026-05-09 11:29:37.519) [debug] [OffLimitContactsPlugin.cc:165] Enabled collision [70]
[component_container-3] (2026-05-09 11:29:37.519) [debug] [OffLimitContactsPlugin.cc:165] Enabled collision [71]
[component_container-3] (2026-05-09 11:29:37.519) [debug] [OffLimitContactsPlugin.cc:165] Enabled collision [72]
[component_container-3] (2026-05-09 11:29:37.519) [debug] [OffLimitContactsPlugin.cc:165] Enabled collision [73]
[component_container-3] (2026-05-09 11:29:37.519) [debug] [OffLimitContactsPlugin.cc:165] Enabled collision [74]
[component_container-3] (2026-05-09 11:29:37.519) [debug] [OffLimitContactsPlugin.cc:165] Enabled collision [75]
[component_container-3] (2026-05-09 11:29:37.519) [debug] [OffLimitContactsPlugin.cc:165] Enabled collision [81]
[component_container-3] (2026-05-09 11:29:37.519) [debug] [OffLimitContactsPlugin.cc:165] Enabled collision [82]
[component_container-3] (2026-05-09 11:29:37.519) [debug] [OffLimitContactsPlugin.cc:165] Enabled collision [85]
[component_container-3] (2026-05-09 11:29:37.519) [debug] [OffLimitContactsPlugin.cc:165] Enabled collision [86]
[component_container-3] (2026-05-09 11:29:37.519) [debug] [OffLimitContactsPlugin.cc:165] Enabled collision [87]
[component_container-3] (2026-05-09 11:29:37.519) [debug] [OffLimitContactsPlugin.cc:165] Enabled collision [88]
[component_container-3] (2026-05-09 11:29:37.519) [debug] [OffLimitContactsPlugin.cc:165] Enabled collision [91]
[component_container-3] (2026-05-09 11:29:37.519) [debug] [OffLimitContactsPlugin.cc:165] Enabled collision [92]
[component_container-3] (2026-05-09 11:29:37.519) [debug] [OffLimitContactsPlugin.cc:165] Enabled collision [93]
[component_container-3] (2026-05-09 11:29:37.519) [debug] [OffLimitContactsPlugin.cc:165] Enabled collision [94]
[component_container-3] (2026-05-09 11:29:37.519) [debug] [SystemManager.cc:80] Loaded system [aic_gazebo::OffLimitContactsPlugin] for entity [31]
[component_container-3] (2026-05-09 11:29:37.523) [debug] [ResetJointsPlugin.cc:40] aic_gazebo::ResetJointsPlugin::Configure on entity: 31
[component_container-3] [WARN] [1778326177.523813463] [rcl.logging_rosout]: Publisher already registered for node name: 'ros_gz_container'. If this is due to multiple nodes with the same name then all logs for the logger named 'ros_gz_container' will go out over the existing publisher. As soon as any node with that name is destructed it will unregister the publisher, preventing any further logs for that name from being published on the rosout topic.
[component_container-3] (2026-05-09 11:29:37.526) [info] [ResetJointsPlugin.cc:117] Initialized ResetJointsPlugin!
[component_container-3] (2026-05-09 11:29:37.526) [debug] [SystemManager.cc:80] Loaded system [aic_gazebo::ResetJointsPlugin] for entity [31]
[component_container-3] (2026-05-09 11:29:37.527) [debug] [UserCommands.cc:1108] Created entity [31] named [ur5e]
[component_container-3] (2026-05-09 11:29:37.536) [debug] [Physics.cc:1171] Attempting to set physics options, but the physics engine doesn't support feature [CollisionPairMaxContacts]. Options will be ignored.
[component_container-3] (2026-05-09 11:29:37.578) [debug] [Sensors.cc:953] Initialization needed
[component_container-3] (2026-05-09 11:29:37.578) [debug] [Sensors.cc:349] Initializing render context
[component_container-3] (2026-05-09 11:29:37.583) [info] [RenderEngineManager.cc:514] Loading plugin [gz-rendering-ogre2]
[component_container-3] (2026-05-09 11:29:37.588) [info] [SceneBroadcaster.cc:634] Serving scene information on [/world/aic_world/scene/info]
[component_container-3] (2026-05-09 11:29:37.588) [info] [SceneBroadcaster.cc:643] Serving graph information on [/world/aic_world/scene/graph]
[component_container-3] (2026-05-09 11:29:37.588) [info] [SceneBroadcaster.cc:654] Serving full state on [/world/aic_world/state]
[component_container-3] (2026-05-09 11:29:37.589) [info] [SceneBroadcaster.cc:663] Serving full state (async) on [/world/aic_world/state_async]
[component_container-3] (2026-05-09 11:29:37.589) [info] [SceneBroadcaster.cc:671] Publishing scene information on [/world/aic_world/scene/info]
[component_container-3] (2026-05-09 11:29:37.589) [info] [SceneBroadcaster.cc:680] Publishing entity deletions on [/world/aic_world/scene/deletion]
[component_container-3] (2026-05-09 11:29:37.589) [info] [SceneBroadcaster.cc:689] Publishing state changes on [/world/aic_world/state]
[component_container-3] (2026-05-09 11:29:37.589) [info] [SceneBroadcaster.cc:700] Publishing pose messages on [/world/aic_world/pose/info]
[component_container-3] (2026-05-09 11:29:37.589) [info] [SceneBroadcaster.cc:711] Publishing dynamic pose messages on [/world/aic_world/dynamic_pose/info]
[component_container-3] (2026-05-09 11:29:37.599) [debug] [EntityComponentManager.cc:1676] Updated state thread iterators: 10 threads processing around 12 entities each.
[component_container-3] (2026-05-09 11:29:37.661) [debug] [SimulationRunner.cc:600] Exiting postupdate worker thread (2)
[component_container-3] (2026-05-09 11:29:37.661) [debug] [SimulationRunner.cc:600] Exiting postupdate worker thread (3)
[component_container-3] (2026-05-09 11:29:37.661) [debug] [SimulationRunner.cc:600] Exiting postupdate worker thread (1)
[component_container-3] (2026-05-09 11:29:37.661) [debug] [SimulationRunner.cc:600] Exiting postupdate worker thread (0)
[component_container-3] (2026-05-09 11:29:37.662) [debug] [SimulationRunner.cc:573] Creating PostUpdate worker threads: 6
[component_container-3] (2026-05-09 11:29:37.663) [debug] [SimulationRunner.cc:584] Creating postupdate worker thread (0)
[component_container-3] (2026-05-09 11:29:37.663) [debug] [SimulationRunner.cc:584] Creating postupdate worker thread (1)
[component_container-3] (2026-05-09 11:29:37.663) [debug] [SimulationRunner.cc:584] Creating postupdate worker thread (2)
[component_container-3] (2026-05-09 11:29:37.664) [debug] [SimulationRunner.cc:584] Creating postupdate worker thread (3)
[component_container-3] (2026-05-09 11:29:37.664) [debug] [SimulationRunner.cc:584] Creating postupdate worker thread (4)
[component_container-3] (2026-05-09 11:29:37.701) [debug] [EntityComponentManager.cc:1676] Updated state thread iterators: 10 threads processing around 12 entities each.
[spawner-6] [INFO] [1778326177.711740338] [spawner_joint_state_broadcaster]: Configured and activated joint_state_broadcaster
[INFO] [spawner-6]: process has finished cleanly [pid 245]
[INFO] [spawner-8]: process started with pid [361]
[component_container-3] [1;33mWarning [Utils.cc:119][0m [/sdf/model[@name="ur"]/link[@name="center_camera/sensor_link"]/sensor[@name="center_camera"]/camera[@name="center_camera"]/optical_frame_id]: SDF Element[optical_frame_id] is deprecated
[component_container-3] [INFO] [1778326177.818378171] [controller_manager]: Loading controller : 'fts_broadcaster' of type 'force_torque_sensor_broadcaster/ForceTorqueSensorBroadcaster'
[component_container-3] [INFO] [1778326177.818504213] [controller_manager]: Loading controller 'fts_broadcaster'
[component_container-3] [1;33mWarning [Utils.cc:119][0m [/sdf/model[@name="ur"]/link[@name="left_camera/sensor_link"]/sensor[@name="left_camera"]/camera[@name="left_camera"]/optical_frame_id]: SDF Element[optical_frame_id] is deprecated
[component_container-3] [1;33mWarning [Utils.cc:119][0m [/sdf/model[@name="ur"]/link[@name="right_camera/sensor_link"]/sensor[@name="right_camera"]/camera[@name="right_camera"]/optical_frame_id]: SDF Element[optical_frame_id] is deprecated
[component_container-3] [INFO] [1778326177.845850379] [controller_manager]: Controller 'fts_broadcaster' node arguments: --ros-args --params-file /ws_aic/install/share/aic_bringup/config/aic_ros2_controllers.yaml -p use_sim_time:=true --param use_sim_time:=true 
[gz-4] [1;33mWarning [Utils.cc:119][0m [/sdf/model[@name="ur"]/link[@name="center_camera/sensor_link"]/sensor[@name="center_camera"]/camera[@name="center_camera"]/optical_frame_id]: SDF Element[optical_frame_id] is deprecated
[gz-4] [1;33mWarning [Utils.cc:119][0m [/sdf/model[@name="ur"]/link[@name="left_camera/sensor_link"]/sensor[@name="left_camera"]/camera[@name="left_camera"]/optical_frame_id]: SDF Element[optical_frame_id] is deprecated
[gz-4] [1;33mWarning [Utils.cc:119][0m [/sdf/model[@name="ur"]/link[@name="right_camera/sensor_link"]/sensor[@name="right_camera"]/camera[@name="right_camera"]/optical_frame_id]: SDF Element[optical_frame_id] is deprecated
[component_container-3] [INFO] [1778326177.878816796] [gz_server]: InitializeCanonicalLinks
[component_container-3] [INFO] [1778326177.880198546] [gz_server]: Creating services on gz_server
[component_container-3] [INFO] [1778326177.895816963] [gz_server]: Created service /gz_server/delete_entity
[component_container-3] [INFO] [1778326177.902647671] [gz_server]: Created service /gz_server/get_entities
[component_container-3] [INFO] [1778326177.907435046] [gz_server]: Created service /gz_server/get_entity_info
[component_container-3] [INFO] [1778326177.914021754] [gz_server]: Created service /gz_server/get_entity_state
[component_container-3] [INFO] [1778326177.915809754] [gz_server]: Created service /gz_server/get_entities_states
[component_container-3] [INFO] [1778326177.917985421] [gz_server]: Created service /gz_server/get_simulation_state
[component_container-3] [INFO] [1778326177.920390671] [gz_server]: Created service /gz_server/get_simulator_features
[component_container-3] [INFO] [1778326177.921756754] [gz_server]: Created service /gz_server/reset_simulation
[component_container-3] [INFO] [1778326177.924024046] [gz_server]: Created service /gz_server/set_entity_state
[component_container-3] [INFO] [1778326177.927159171] [gz_server]: Created service /gz_server/set_simulation_state
[component_container-3] [INFO] [1778326177.930509796] [gz_server]: Created service /gz_server/spawn_entity
[component_container-3] [INFO] [1778326177.932674754] [gz_server]: Created service /gz_server/step_simulation
[component_container-3] [INFO] [1778326177.942103879] [gz_server]: Created action /gz_server/simulate_steps
[component_container-3] (2026-05-09 11:29:38.141) [debug] [RenderUtil.cc:2646] Create scene [scene]
[2m2026-05-09T11:29:38.261392Z[0m [32m INFO[0m acc-0 ThreadId(04) [2mzenoh::net::routing::interceptor::access_control[0m[2m:[0m 54dc465905a66e490c0ad7097350e452 did not match any configured ACL subject. Default permission `Allow` will be applied on all messages
[component_container-3] (2026-05-09 11:29:40.935) [debug] [Sensors.cc:391] Rendering Thread initialized
[component_container-3] (2026-05-09 11:29:40.935) [debug] [Sensors.cc:953] Initialization needed
[component_container-3] (2026-05-09 11:29:40.961) [info] [ApplyLinkWrench.cc:209] Listening to instantaneous wrench commands in [/world/aic_world/wrench]
[component_container-3] (2026-05-09 11:29:40.961) [info] [ApplyLinkWrench.cc:220] Listening to persistent wrench commands in [/world/aic_world/wrench/persistent]
[component_container-3] (2026-05-09 11:29:40.961) [info] [ApplyLinkWrench.cc:231] Listening to wrench clear commands in [/world/aic_world/wrench/clear]
[component_container-3] (2026-05-09 11:29:40.961) [debug] [SystemManager.cc:80] Loaded system [gz::sim::systems::ApplyLinkWrench] for entity [1]
[component_container-3] (2026-05-09 11:29:40.961) [debug] [ForceTorque.cc:162] Adding JointTransmittedWrench to: 110
[component_container-3] [INFO] [1778326180.965560006] [ros_gz_container]: ForceTorque AtiForceTorqueSensor has a topic name: /axia80_m20/wrench
[component_container-3] [INFO] [1778326180.971376839] [ros_gz_container]: ForceTorque AtiForceTorqueSensor has a topic name: /axia80_m20/wrench
[spawner-7] [INFO] [1778326180.985655589] [spawner_fts_broadcaster]: Loaded fts_broadcaster
[component_container-3] [INFO] [1778326180.993877548] [controller_manager]: Configuring controller: 'fts_broadcaster'
[component_container-3] [INFO] [1778326181.006534631] [fts_broadcaster]: configure successful
[component_container-3] (2026-05-09 11:29:42.546) [debug] [CameraSensor.cc:342] Camera images for [ur5e::center_camera/sensor_link::center_camera] advertised on [/center_camera/image]
[component_container-3] (2026-05-09 11:29:42.546) [debug] [CameraSensor.cc:632] Camera info for [ur5e::center_camera/sensor_link::center_camera] advertised on [/center_camera/camera_info]
[component_container-3] (2026-05-09 11:29:42.551) [warning] [Ogre2Camera.cc:423] Ogre2Camera::SetVisibilityMask: Mask bits c0000000 are set but will be ignored as they conflict with the reserved bits used internally by the ogre2 backend.
[component_container-3] (2026-05-09 11:29:42.557) [debug] [CameraSensor.cc:342] Camera images for [ur5e::left_camera/sensor_link::left_camera] advertised on [/left_camera/image]
[component_container-3] (2026-05-09 11:29:42.557) [debug] [CameraSensor.cc:632] Camera info for [ur5e::left_camera/sensor_link::left_camera] advertised on [/left_camera/camera_info]
[component_container-3] (2026-05-09 11:29:42.557) [warning] [Ogre2Camera.cc:423] Ogre2Camera::SetVisibilityMask: Mask bits c0000000 are set but will be ignored as they conflict with the reserved bits used internally by the ogre2 backend.
[component_container-3] (2026-05-09 11:29:42.557) [debug] [CameraSensor.cc:342] Camera images for [ur5e::right_camera/sensor_link::right_camera] advertised on [/right_camera/image]
[component_container-3] (2026-05-09 11:29:42.557) [debug] [CameraSensor.cc:632] Camera info for [ur5e::right_camera/sensor_link::right_camera] advertised on [/right_camera/camera_info]
[component_container-3] (2026-05-09 11:29:42.557) [warning] [Ogre2Camera.cc:423] Ogre2Camera::SetVisibilityMask: Mask bits c0000000 are set but will be ignored as they conflict with the reserved bits used internally by the ogre2 backend.
[spawner-8] [WARN] [1778326198.362987167] [ros2_control_controller_spawner_aic_controller]: Attempt 1 failed. Retrying in 3 seconds...
[component_container-3] (2026-05-09 11:30:09.351) [warning] [Ogre2RenderTarget.cc:668] Anti-aliasing level of '' is not supported; valid FSAA levels are: [ 0 ]. Setting to 1
[spawner-7] [WARN] [1778326211.010322298] [spawner_fts_broadcaster]: Failed getting a result from calling /controller_manager/configure_controller in 30.0. (Attempt 1 of 3.)
[component_container-3] (2026-05-09 11:30:17.662) [debug] [CameraSensor.cc:441] Enabling camera sensor: 'ur5e::center_camera/sensor_link::center_camera' data generation.
[spawner-8] [WARN] [1778326221.388070636] [ros2_control_controller_spawner_aic_controller]: Attempt 2 failed. Retrying in 3 seconds...
[component_container-3] (2026-05-09 11:30:21.619) [debug] [CameraSensor.cc:441] Enabling camera sensor: 'ur5e::left_camera/sensor_link::left_camera' data generation.
[component_container-3] (2026-05-09 11:30:23.170) [debug] [CameraSensor.cc:441] Enabling camera sensor: 'ur5e::right_camera/sensor_link::right_camera' data generation.
[component_container-3] (2026-05-09 11:30:24.709) [debug] [SimulationRunner.cc:600] Exiting postupdate worker thread (4)
[component_container-3] (2026-05-09 11:30:24.709) [debug] [SimulationRunner.cc:600] Exiting postupdate worker thread (1)
[component_container-3] (2026-05-09 11:30:24.709) [debug] [SimulationRunner.cc:600] Exiting postupdate worker thread (0)
[component_container-3] (2026-05-09 11:30:24.709) [debug] [SimulationRunner.cc:600] Exiting postupdate worker thread (2)
[component_container-3] (2026-05-09 11:30:24.709) [debug] [SimulationRunner.cc:600] Exiting postupdate worker thread (3)
[component_container-3] (2026-05-09 11:30:24.711) [debug] [SimulationRunner.cc:573] Creating PostUpdate worker threads: 6
[component_container-3] (2026-05-09 11:30:24.711) [debug] [SimulationRunner.cc:584] Creating postupdate worker thread (0)
[component_container-3] (2026-05-09 11:30:24.711) [debug] [SimulationRunner.cc:584] Creating postupdate worker thread (1)
[component_container-3] (2026-05-09 11:30:24.711) [debug] [SimulationRunner.cc:584] Creating postupdate worker thread (2)
[component_container-3] (2026-05-09 11:30:24.711) [debug] [SimulationRunner.cc:584] Creating postupdate worker thread (3)
[component_container-3] (2026-05-09 11:30:24.711) [debug] [SimulationRunner.cc:584] Creating postupdate worker thread (4)
[component_container-3] [INFO] [1778326224.735924096] [controller_manager]: Configuring controller: 'fts_broadcaster'
[component_container-3] [INFO] [1778326224.766832554] [fts_broadcaster]: configure successful
[component_container-3] [INFO] [1778326224.793104304] [controller_manager]: Activating controllers: [ fts_broadcaster ]
[component_container-3] [INFO] [1778326224.793338387] [controller_manager]: Requested controller switch from non-realtime loop
[component_container-3] [INFO] [1778326224.793771346] [controller_manager]: Successfully switched controllers!
[spawner-7] [INFO] [1778326224.801230012] [spawner_fts_broadcaster]: Configured and activated fts_broadcaster
[INFO] [spawner-7]: process has finished cleanly [pid 247]
[component_container-3] [INFO] [1778326225.098089138] [controller_manager]: Loading controller : 'aic_controller' of type 'aic/Controller'
[component_container-3] [INFO] [1778326225.098418013] [controller_manager]: Loading controller 'aic_controller'
[component_container-3] [INFO] [1778326225.160904554] [controller_manager]: Controller 'aic_controller' node arguments: --ros-args --params-file /ws_aic/install/share/aic_bringup/config/aic_ros2_controllers.yaml -p use_sim_time:=true --param use_sim_time:=true 
[component_container-3] (2026-05-09 11:30:25.421) [debug] [WorldSdfGeneratorPlugin.cc:79] Saving world: aic_world to: /tmp/aic.sdf
[component_container-3] (2026-05-09 11:30:25.422) [info] [WorldSdfGeneratorPlugin.cc:84] World saved to /tmp/aic.sdf
[spawner-8] [INFO] [1778326229.284409209] [spawner_aic_controller]: Loaded aic_controller
[component_container-3] [INFO] [1778326229.300283917] [controller_manager]: Configuring controller: 'aic_controller'
[component_container-3] [INFO] [1778326229.306035417] [aic_controller]: Control mode set to impedance
[component_container-3] [INFO] [1778326229.306178250] [aic_controller]: Target mode set to Cartesian. Accepting MotionUpdate targets.
[component_container-3] [INFO] [1778326233.705501877] [controller_manager]: Activating controllers: [ aic_controller ]
[component_container-3] [INFO] [1778326233.706290877] [controller_manager]: Requested controller switch from non-realtime loop
[component_container-3] [INFO] [1778326233.708874336] [controller_manager]: Successfully switched controllers!
[component_container-3] (2026-05-09 11:30:33.716) [warning] [Component.hh:144] Trying to serialize component with data type [St6vectorIdSaIdEE], which doesn't have `operator<<`. Component will not be serialized.
[component_container-3] (2026-05-09 11:30:33.716) [warning] [Component.hh:189] Trying to deserialize component with data type [St6vectorIdSaIdEE], which doesn't have `operator>>`. Component will not be deserialized.
[spawner-8] [INFO] [1778326233.727539044] [spawner_aic_controller]: Configured and activated all the parsed controllers list : ['aic_controller']!
[INFO] [spawner-8]: process has finished cleanly [pid 361]
[INFO] [rviz2-9]: process started with pid [552]
[rviz2-9] QStandardPaths: XDG_RUNTIME_DIR not set, defaulting to '/tmp/runtime-root'
[2m2026-05-09T11:30:34.653790Z[0m [32m INFO[0m acc-0 ThreadId(04) [2mzenoh::net::routing::interceptor::access_control[0m[2m:[0m bc28e25f306c484903faa25ede2a877c did not match any configured ACL subject. Default permission `Allow` will be applied on all messages
[rviz2-9] [INFO] [1778326235.964370087] [rviz2]: Stereo is NOT SUPPORTED
[rviz2-9] [INFO] [1778326235.970874337] [rviz2]: OpenGl version: 4.5 (GLSL 4.5)
[rviz2-9] [INFO] [1778326236.256369712] [rviz2]: Stereo is NOT SUPPORTED

[web] stop requested: new warehouse_policy run started
[WARNING] [launch]: user interrupted with ctrl-c (SIGINT)
[2m2026-05-09T11:30:36.456938Z[0m [32m INFO[0m ThreadId(02) [2mzenoh::api::session[0m[2m:[0m close session [3mzid[0m[2m=[0m4aca2c9e07c66ab1559552db060144c6
[ros2run]: Received signal:  Interrupt
[component_container-3] (2026-05-09 11:30:36.449) [debug] [SignalHandler.cc:278] Received signal[2].
[component_container-3] (2026-05-09 11:30:36.449) [debug] [ServerPrivate.cc:127] Server received signal[2]
[component_container-3] (2026-05-09 11:30:36.449) [debug] [Sensors.cc:565] SensorsPrivate::Stop
[INFO] [robot_state_publisher-1]: process has finished cleanly [pid 108]
[INFO] [aic_adapter-2]: process has finished cleanly [pid 110]
[ERROR] [rviz2-9]: process has died [pid 552, exit code -6, cmd '/opt/ros/kilted/lib/rviz2/rviz2 -d /ws_aic/install/share/aic_bringup/rviz/aic.rviz --ros-args -r __node:=rviz2 --params-file /tmp/launch_params_svvavi68'].
[robot_state_publisher-1] [INFO] [1778326236.449463170] [rclcpp]: signal_handler(SIGINT/SIGTERM)
[rviz2-9] [INFO] [1778326236.452934420] [rclcpp]: signal_handler(SIGINT/SIGTERM)
[INFO] [gz-4]: sending signal 'SIGINT' to process[gz-4]
[INFO] [component_container-3]: sending signal 'SIGINT' to process[component_container-3]
[aic_adapter-2] [INFO] [1778326236.454591462] [rclcpp]: signal_handler(SIGINT/SIGTERM)
[rviz2-9] terminate called after throwing an instance of 'rclcpp::exceptions::RCLError'
[rviz2-9]   what():  could not create service: rcl node's context is invalid, at ./src/rcl/node.c:401
[component_container-3] corrupted size vs. prev_size while consolidating
[ERROR] [component_container-3]: process has died [pid 112, exit code -6, cmd '/opt/ros/kilted/lib/rclcpp_components/component_container --ros-args -r __node:=ros_gz_container -r __ns:=/'].
