$ ['python3', '/opt/aic_web/warehouse_lidar_random_mode.py']

Starting Lidar Random Map mode
Generated random world seed=1778424571
Exploration must complete before TaskGoal is accepted.
(2026-05-10 14:49:32.371) [info] [Gui.cc:332] Gazebo Sim GUI    v9.5.0
(2026-05-10 14:49:32.376) [info] [Gui.cc:224] Copied installed config [/ws_aic/install/share/gz/gz-sim9/gui/gui.config] to default config [/root/.gz/sim/9/gui.config].
(2026-05-10 14:49:32.524) [info] [gz.cc:170] Received world [/workspace/aic_results/lidar_random_map/lidar_random_world.sdf] from the GUI.
(2026-05-10 14:49:32.527) [info] [gz.cc:337] Gazebo Sim Server v9.5.0
QStandardPaths: XDG_RUNTIME_DIR not set, defaulting to '/tmp/runtime-root'
(2026-05-10 14:49:32.660) [info] [ServerPrivate.cc:664] Loading SDF world file[/workspace/aic_results/lidar_random_map/lidar_random_world.sdf].
[1;33mWarning [Utils.cc:132][0m [/sdf/world[@name="lidar_random_warehouse"]/model[@name="warehouse_robot"]/link[@name="base_link"]/visual[@name="scan_disc"]/material/transparency:/workspace/aic_results/lidar_random_map/lidar_random_world.sdf:L4958]: XML Element[transparency], child of element[material], not defined in SDF. Copying[transparency] as children of [material].
(2026-05-10 14:49:34.407) [info] [SystemManager.cc:54] Serving entity system service on [/entity/system/add]
(2026-05-10 14:49:34.564) [info] [UserCommands.cc:752] Create service on [/world/lidar_random_warehouse/create_multiple] (async)
(2026-05-10 14:49:34.564) [info] [UserCommands.cc:754] Create service on [/world/lidar_random_warehouse/create_multiple/blocking] (blocking)
(2026-05-10 14:49:34.565) [info] [UserCommands.cc:752] Remove service on [/world/lidar_random_warehouse/remove] (async)
(2026-05-10 14:49:34.565) [info] [UserCommands.cc:754] Remove service on [/world/lidar_random_warehouse/remove/blocking] (blocking)
(2026-05-10 14:49:34.565) [info] [UserCommands.cc:752] Pose service on [/world/lidar_random_warehouse/set_pose] (async)
(2026-05-10 14:49:34.565) [info] [UserCommands.cc:754] Pose service on [/world/lidar_random_warehouse/set_pose/blocking] (blocking)
(2026-05-10 14:49:34.566) [info] [UserCommands.cc:752] Pose service on [/world/lidar_random_warehouse/set_pose_vector] (async)
(2026-05-10 14:49:34.566) [info] [UserCommands.cc:754] Pose service on [/world/lidar_random_warehouse/set_pose_vector/blocking] (blocking)
(2026-05-10 14:49:34.566) [info] [UserCommands.cc:752] Light configuration service on [/world/lidar_random_warehouse/light_config] (async)
(2026-05-10 14:49:34.566) [info] [UserCommands.cc:754] Light configuration service on [/world/lidar_random_warehouse/light_config/blocking] (blocking)
(2026-05-10 14:49:34.567) [info] [UserCommands.cc:752] Physics service on [/world/lidar_random_warehouse/set_physics] (async)
(2026-05-10 14:49:34.567) [info] [UserCommands.cc:754] Physics service on [/world/lidar_random_warehouse/set_physics/blocking] (blocking)
(2026-05-10 14:49:34.568) [info] [UserCommands.cc:752] SphericalCoordinates service on [/world/lidar_random_warehouse/set_spherical_coordinates] (async)
(2026-05-10 14:49:34.568) [info] [UserCommands.cc:754] SphericalCoordinates service on [/world/lidar_random_warehouse/set_spherical_coordinates/blocking] (blocking)
(2026-05-10 14:49:34.568) [info] [UserCommands.cc:752] Enable collision service on [/world/lidar_random_warehouse/enable_collision] (async)
(2026-05-10 14:49:34.568) [info] [UserCommands.cc:754] Enable collision service on [/world/lidar_random_warehouse/enable_collision/blocking] (blocking)
(2026-05-10 14:49:34.568) [info] [UserCommands.cc:752] Disable collision service on [/world/lidar_random_warehouse/disable_collision] (async)
(2026-05-10 14:49:34.568) [info] [UserCommands.cc:754] Disable collision service on [/world/lidar_random_warehouse/disable_collision/blocking] (blocking)
(2026-05-10 14:49:34.568) [info] [UserCommands.cc:752] Material service on [/world/lidar_random_warehouse/visual_config] (async)
(2026-05-10 14:49:34.568) [info] [UserCommands.cc:754] Material service on [/world/lidar_random_warehouse/visual_config/blocking] (blocking)
(2026-05-10 14:49:34.568) [info] [UserCommands.cc:752] Material service on [/world/lidar_random_warehouse/wheel_slip] (async)
(2026-05-10 14:49:34.569) [info] [UserCommands.cc:754] Material service on [/world/lidar_random_warehouse/wheel_slip/blocking] (blocking)
(2026-05-10 14:49:34.580) [info] [LevelManager.cc:646] Loaded level [default]
(2026-05-10 14:49:34.582) [info] [ServerConfig.cc:1010] Copied installed config [/ws_aic/install/share/gz/gz-sim9/server.config] to default config [/root/.gz/sim/9/server.config].
(2026-05-10 14:49:34.599) [info] [SimulationRunner.cc:275] Serving world controls on [/world/lidar_random_warehouse/control], [/world/lidar_random_warehouse/control/state] and [/world/lidar_random_warehouse/playback/control]
(2026-05-10 14:49:34.599) [warning] [Conversions.cc:735] <gui><camera> can't be converted yet
(2026-05-10 14:49:34.599) [info] [SimulationRunner.cc:301] Serving GUI information on [/world/lidar_random_warehouse/gui/info]
(2026-05-10 14:49:34.599) [info] [SimulationRunner.cc:304] World [lidar_random_warehouse] initialized with [1ms] physics profile.
(2026-05-10 14:49:34.600) [info] [SimulationRunner.cc:311] Serving world SDF generation service on [/world/lidar_random_warehouse/generate_world_sdf]
(2026-05-10 14:49:34.601) [info] [ServerPrivate.cc:344] Serving world names on [/gazebo/worlds]
(2026-05-10 14:49:34.601) [info] [ServerPrivate.cc:357] Resource path add service on [/gazebo/resource_paths/add].
(2026-05-10 14:49:34.601) [info] [ServerPrivate.cc:370] Resource path get service on [/gazebo/resource_paths/get].
(2026-05-10 14:49:34.601) [info] [ServerPrivate.cc:385] Resource path resolve service on [/gazebo/resource_paths/resolve].
(2026-05-10 14:49:34.602) [info] [ServerPrivate.cc:399] Resource paths published on [/gazebo/resource_paths].
(2026-05-10 14:49:34.602) [info] [ServerPrivate.cc:412] Server control service on [/server_control].
(2026-05-10 14:49:34.603) [info] [SimulationRunner.cc:769] Found no publishers on /stats, adding root stats topic
(2026-05-10 14:49:34.603) [info] [SimulationRunner.cc:803] Found no publishers on /clock, adding root clock topic
(2026-05-10 14:49:34.711) [info] [SceneBroadcaster.cc:634] Serving scene information on [/world/lidar_random_warehouse/scene/info]
(2026-05-10 14:49:34.711) [info] [SceneBroadcaster.cc:643] Serving graph information on [/world/lidar_random_warehouse/scene/graph]
(2026-05-10 14:49:34.711) [info] [SceneBroadcaster.cc:654] Serving full state on [/world/lidar_random_warehouse/state]
(2026-05-10 14:49:34.712) [info] [SceneBroadcaster.cc:663] Serving full state (async) on [/world/lidar_random_warehouse/state_async]
(2026-05-10 14:49:34.712) [info] [SceneBroadcaster.cc:671] Publishing scene information on [/world/lidar_random_warehouse/scene/info]
(2026-05-10 14:49:34.712) [info] [SceneBroadcaster.cc:680] Publishing entity deletions on [/world/lidar_random_warehouse/scene/deletion]
(2026-05-10 14:49:34.712) [info] [SceneBroadcaster.cc:689] Publishing state changes on [/world/lidar_random_warehouse/state]
(2026-05-10 14:49:34.712) [info] [SceneBroadcaster.cc:700] Publishing pose messages on [/world/lidar_random_warehouse/pose/info]
(2026-05-10 14:49:34.712) [info] [SceneBroadcaster.cc:711] Publishing dynamic pose messages on [/world/lidar_random_warehouse/dynamic_pose/info]
(2026-05-10 14:49:34.949) [info] [Application.cc:766] [GUI] Added plugin [3D View] to main window
(2026-05-10 14:49:34.949) [info] [Application.cc:652] [GUI] Loaded plugin [MinimalScene] from path [/ws_aic/install/lib/gz-gui-9/plugins/libMinimalScene.so]
(2026-05-10 14:49:34.961) [info] [EntityContextMenu.cc:134] [GUI] Currently tracking topic on [/gui/currently_tracked]
(2026-05-10 14:49:35.030) [info] [Application.cc:766] [GUI] Added plugin [Entity Context Menu] to main window
(2026-05-10 14:49:35.030) [info] [Application.cc:652] [GUI] Loaded plugin [EntityContextMenuPlugin] from path [/ws_aic/install/lib/gz-sim-9/plugins/gui/libEntityContextMenuPlugin.so]
(2026-05-10 14:49:35.112) [info] [Application.cc:766] [GUI] Added plugin [Scene Manager] to main window
(2026-05-10 14:49:35.113) [info] [Application.cc:652] [GUI] Loaded plugin [GzSceneManager] from path [/ws_aic/install/lib/gz-sim-9/plugins/gui/libGzSceneManager.so]
(2026-05-10 14:49:35.123) [info] [InteractiveViewControl.cc:409] [GUI] Camera view controller topic advertised on [/gui/camera/view_control]
(2026-05-10 14:49:35.124) [info] [InteractiveViewControl.cc:417] [GUI] Camera reference visual topic advertised on [/gui/camera/view_control/reference_visual]
(2026-05-10 14:49:35.124) [info] [InteractiveViewControl.cc:427] [GUI] Camera view control sensitivity advertised on [/gui/camera/view_control/sensitivity]
(2026-05-10 14:49:35.150) [info] [Application.cc:766] [GUI] Added plugin [Interactive view control] to main window
(2026-05-10 14:49:35.150) [info] [Application.cc:652] [GUI] Loaded plugin [InteractiveViewControl] from path [/ws_aic/install/lib/gz-gui-9/plugins/libInteractiveViewControl.so]
(2026-05-10 14:49:35.174) [info] [Application.cc:766] [GUI] Added plugin [Camera tracking] to main window
(2026-05-10 14:49:35.174) [info] [Application.cc:652] [GUI] Loaded plugin [CameraTracking] from path [/ws_aic/install/lib/gz-gui-9/plugins/libCameraTracking.so]
(2026-05-10 14:49:35.180) [info] [MarkerManager.cc:752] [GUI] Listening to stats on [/world/lidar_random_warehouse/stats]
(2026-05-10 14:49:35.198) [info] [Application.cc:766] [GUI] Added plugin [Marker Manager] to main window
(2026-05-10 14:49:35.198) [info] [Application.cc:652] [GUI] Loaded plugin [MarkerManager] from path [/ws_aic/install/lib/gz-gui-9/plugins/libMarkerManager.so]
(2026-05-10 14:49:35.221) [info] [Application.cc:766] [GUI] Added plugin [Select entities] to main window
(2026-05-10 14:49:35.221) [info] [Application.cc:652] [GUI] Loaded plugin [SelectEntities] from path [/ws_aic/install/lib/gz-sim-9/plugins/gui/libSelectEntities.so]
(2026-05-10 14:49:35.248) [info] [Application.cc:766] [GUI] Added plugin [Spawn] to main window
(2026-05-10 14:49:35.248) [info] [Application.cc:652] [GUI] Loaded plugin [Spawn] from path [/ws_aic/install/lib/gz-sim-9/plugins/gui/libSpawn.so]
(2026-05-10 14:49:35.259) [info] [VisualizationCapabilities.cc:2850] [GUI] View as transparent service on [/gui/view/transparent]
(2026-05-10 14:49:35.259) [info] [VisualizationCapabilities.cc:2857] [GUI] View as wireframes service on [/gui/view/wireframes]
(2026-05-10 14:49:35.259) [info] [VisualizationCapabilities.cc:2864] [GUI] View center of mass service on [/gui/view/com]
(2026-05-10 14:49:35.259) [info] [VisualizationCapabilities.cc:2871] [GUI] View inertia service on [/gui/view/inertia]
(2026-05-10 14:49:35.259) [info] [VisualizationCapabilities.cc:2879] [GUI] View collisions service on [/gui/view/collisions]
(2026-05-10 14:49:35.259) [info] [VisualizationCapabilities.cc:2887] [GUI] View joints service on [/gui/view/joints]
(2026-05-10 14:49:35.259) [info] [VisualizationCapabilities.cc:2894] [GUI] View frames service on [/gui/view/frames]
(2026-05-10 14:49:35.280) [info] [Application.cc:766] [GUI] Added plugin [Visualization capabilities] to main window
(2026-05-10 14:49:35.280) [info] [Application.cc:652] [GUI] Loaded plugin [VisualizationCapabilities] from path [/ws_aic/install/lib/gz-sim-9/plugins/gui/libVisualizationCapabilities.so]
(2026-05-10 14:49:35.294) [info] [WorldControl.cc:152] [GUI] Using world control service [/world/lidar_random_warehouse/control]
(2026-05-10 14:49:35.296) [info] [WorldControl.cc:225] [GUI] Listening to stats on [/world/lidar_random_warehouse/stats]
(2026-05-10 14:49:35.315) [info] [Application.cc:766] [GUI] Added plugin [World control] to main window
(2026-05-10 14:49:35.316) [info] [Application.cc:652] [GUI] Loaded plugin [WorldControl] from path [/ws_aic/install/lib/gz-gui-9/plugins/libWorldControl.so]
(2026-05-10 14:49:35.325) [info] [WorldStats.cc:156] [GUI] Listening to stats on [/world/lidar_random_warehouse/stats]
(2026-05-10 14:49:35.347) [info] [Application.cc:766] [GUI] Added plugin [World stats] to main window
(2026-05-10 14:49:35.347) [info] [Application.cc:652] [GUI] Loaded plugin [WorldStats] from path [/ws_aic/install/lib/gz-gui-9/plugins/libWorldStats.so]
(2026-05-10 14:49:35.379) [info] [Application.cc:766] [GUI] Added plugin [Shapes] to main window
(2026-05-10 14:49:35.379) [info] [Application.cc:652] [GUI] Loaded plugin [Shapes] from path [/ws_aic/install/lib/gz-sim-9/plugins/gui/libShapes.so]
(2026-05-10 14:49:35.401) [info] [Application.cc:766] [GUI] Added plugin [Lights] to main window
(2026-05-10 14:49:35.401) [info] [Application.cc:652] [GUI] Loaded plugin [Lights] from path [/ws_aic/install/lib/gz-sim-9/plugins/gui/libLights.so]
(2026-05-10 14:49:35.451) [info] [Application.cc:766] [GUI] Added plugin [Transform control] to main window
(2026-05-10 14:49:35.451) [info] [Application.cc:652] [GUI] Loaded plugin [TransformControl] from path [/ws_aic/install/lib/gz-sim-9/plugins/gui/libTransformControl.so]
(2026-05-10 14:49:35.462) [info] [Screenshot.cc:97] [GUI] Screenshot service on [/gui/screenshot]
(2026-05-10 14:49:35.480) [info] [Application.cc:766] [GUI] Added plugin [Screenshot] to main window
(2026-05-10 14:49:35.480) [info] [Application.cc:652] [GUI] Loaded plugin [Screenshot] from path [/ws_aic/install/lib/gz-gui-9/plugins/libScreenshot.so]
(2026-05-10 14:49:35.507) [info] [Application.cc:766] [GUI] Added plugin [Copy/Paste] to main window
(2026-05-10 14:49:35.507) [info] [Application.cc:652] [GUI] Loaded plugin [CopyPaste] from path [/ws_aic/install/lib/gz-sim-9/plugins/gui/libCopyPaste.so]
(2026-05-10 14:49:35.622) [info] [Application.cc:766] [GUI] Added plugin [Component inspector] to main window
(2026-05-10 14:49:35.622) [info] [Application.cc:652] [GUI] Loaded plugin [ComponentInspector] from path [/ws_aic/install/lib/gz-sim-9/plugins/gui/libComponentInspector.so]
(2026-05-10 14:49:35.639) [info] [EntityContextMenu.cc:134] [GUI] Currently tracking topic on [/gui/currently_tracked]
(2026-05-10 14:49:35.677) [info] [Application.cc:766] [GUI] Added plugin [Entity tree] to main window
(2026-05-10 14:49:35.677) [info] [Application.cc:652] [GUI] Loaded plugin [EntityTree] from path [/ws_aic/install/lib/gz-sim-9/plugins/gui/libEntityTree.so]
[1;33mWarning [Utils.cc:132][0m [/sdf/model[@name="warehouse_robot"]/link[@name="base_link"]/visual[@name="scan_disc"]/material/transparency:<data-string>:L92]: XML Element[transparency], child of element[material], not defined in SDF. Copying[transparency] as children of [material].
(2026-05-10 14:49:38.149) [info] [RenderEngineManager.cc:514] [GUI] Loading plugin [gz-rendering-ogre2]
(2026-05-10 14:49:39.134) [warning] [Ogre2RenderTarget.cc:668] [GUI] Anti-aliasing level of '' is not supported; valid FSAA levels are: [ 0 ]. Setting to 1
(2026-05-10 14:49:39.492) [info] [CameraTracking.cc:224] [GUI] Move to service on [/gui/move_to]
(2026-05-10 14:49:39.492) [info] [CameraTracking.cc:231] [GUI] Follow service on [/gui/follow] (deprecated)
(2026-05-10 14:49:39.493) [info] [CameraTracking.cc:238] [GUI] Tracking topic on [/gui/track]
(2026-05-10 14:49:39.493) [info] [CameraTracking.cc:245] [GUI] Tracking status topic on [/gui/currently_tracked]
(2026-05-10 14:49:39.494) [info] [CameraTracking.cc:253] [GUI] Move to pose service on [/gui/move_to/pose]
(2026-05-10 14:49:39.494) [info] [CameraTracking.cc:260] [GUI] Camera pose topic advertised on [/gui/camera/pose]
(2026-05-10 14:49:39.494) [info] [CameraTracking.cc:267] [GUI] Follow offset service on [/gui/follow/offset] (deprecated)
ROS drive telemetry enabled: publishing /cmd_vel, /odom, /tf, /joint_states
[drive:lidar_random] cmd_vel=(linear.x=3.333, angular.z=57.243) odom=(-10.540,-6.900,1.030) map_cell=(20,17) motors: left(v=-22.999m/s phi_dot=-135.285rad/s angle=-2.435) right(v=29.665m/s phi_dot=174.501rad/s angle=3.141) wheel_xy: FL=(-10.749228273873857, -6.3546344992468216) FR=(-9.960334782218318, -6.82797059424015) RL=(-11.11966521778168, -6.972029405759851) RR=(-10.330771726126141, -7.445365500753179)
[drive:lidar_random] cmd_vel=(linear.x=6.667, angular.z=0.000) odom=(-10.540,-5.700,1.571) map_cell=(20,27) motors: left(v=6.667m/s phi_dot=39.216rad/s angle=3.061) right(v=6.667m/s phi_dot=39.216rad/s angle=-1.005) wheel_xy: FL=(-11.0, -5.34) FR=(-10.079999999999998, -5.34) RL=(-11.0, -6.0600000000000005) RR=(-10.079999999999998, -6.0600000000000005)
[drive:lidar_random] cmd_vel=(linear.x=6.667, angular.z=0.000) odom=(-10.540,-4.500,1.571) map_cell=(20,37) motors: left(v=6.667m/s phi_dot=39.216rad/s angle=-2.447) right(v=6.667m/s phi_dot=39.216rad/s angle=-0.229) wheel_xy: FL=(-11.0, -4.14) FR=(-10.079999999999998, -4.14) RL=(-11.0, -4.86) RR=(-10.079999999999998, -4.86)
