$ ['/bin/bash', '-lc', 'source /ws_aic/install/setup.bash && ros2 run aic_model aic_model --ros-args -p use_sim_time:=true -p policy:=aic_example_policies.ros.WaveArm']

[INFO] [1778273174.840923219] [aic_model]: Loading policy module: aic_example_policies.ros.WaveArm
[INFO] [1778273174.850784386] [aic_model]: Loaded policy module aic_example_policies.ros.WaveArm
[INFO] [1778273174.852773511] [aic_model]: Using policy: WaveArm

[web] stop requested: new wave_policy run started
[ros2run]: Received signal:  Interrupt
Exception in thread Thread-1 (run_func):
Traceback (most recent call last):
  File "/usr/lib/python3.12/threading.py", line 1073, in _bootstrap_inner
    self.run()
  File "/usr/lib/python3.12/threading.py", line 1010, in run
    self._target(*self._args, **self._kwargs)
  File "/opt/ros/kilted/lib/python3.12/site-packages/tf2_ros/transform_listener.py", line 115, in run_func
    self.executor.spin()
  File "/opt/ros/kilted/lib/python3.12/site-packages/rclpy/executors.py", line 399, in spin
    self._spin_once_impl()
  File "/opt/ros/kilted/lib/python3.12/site-packages/rclpy/executors.py", line 993, in _spin_once_impl
    handler, entity, node = self.wait_for_ready_callbacks(
                            ^^^^^^^^^^^^^^^^^^^^^^^^^^^^^^
  File "/opt/ros/kilted/lib/python3.12/site-packages/rclpy/executors.py", line 963, in wait_for_ready_callbacks
    return next(self._cb_iter)
           ^^^^^^^^^^^^^^^^^^^
  File "/opt/ros/kilted/lib/python3.12/site-packages/rclpy/executors.py", line 869, in _wait_for_ready_callbacks
    raise ExternalShutdownException()
rclpy.executors.ExternalShutdownException
