$ ['/entrypoint.sh', 'gazebo_gui:=true', 'launch_rviz:=true', 'ground_truth:=false', 'start_aic_engine:=false', 'shutdown_on_aic_engine_exit:=false', 'model_discovery_timeout_seconds:=600']

ZENOH_CONFIG_OVERRIDE_ROUTER=mode="router";listen/endpoints=["tcp/[::]:7447"];connect/endpoints=[];routing/router/peers_failover_brokering=true;transport/shared_memory/enabled=false
ZENOH_CONFIG_OVERRIDE_PEER=;transport/shared_memory/enabled=false
[INFO] [launch]: All log files can be found below /root/.ros/log/2026-05-09-16-24-51-082955-4bd4d84306d8-40
[INFO] [launch]: Default logging verbosity is set to INFO
[2m2026-05-09T16:24:51.087274Z[0m [32m INFO[0m ThreadId(02) [2mzenoh::net::runtime[0m[2m:[0m Using ZID: fb77673b81d563bc58b3d271c239be0b
[2m2026-05-09T16:24:51.090731Z[0m [33m WARN[0m ThreadId(02) [2mzenoh::net::routing::interceptor::authorization[0m[2m:[0m Rule 'deny_rule' flows list is not set. Setting it to both Ingress and Egress
[2m2026-05-09T16:24:51.113059Z[0m [32m INFO[0m ThreadId(02) [2mzenoh::net::runtime::orchestrator[0m[2m:[0m Zenoh can be reached at: tcp/172.18.0.2:7447
[2m2026-05-09T16:24:51.594113Z[0m [32m INFO[0m acc-0 ThreadId(04) [2mzenoh::net::routing::interceptor::access_control[0m[2m:[0m d43ddffcb54f873bb8dfb254b6510db7 did not match any configured ACL subject. Default permission `Allow` will be applied on all messages
Started Zenoh router with id fb77673b81d563bc58b3d271c239be0b
[INFO] [robot_state_publisher-1]: process started with pid [112]
[INFO] [aic_adapter-2]: process started with pid [114]
[INFO] [component_container-3]: process started with pid [116]
[INFO] [gz-4]: process started with pid [118]
[INFO] [create-5]: process started with pid [120]
[2m2026-05-09T16:24:52.033086Z[0m [32m INFO[0m acc-0 ThreadId(04) [2mzenoh::net::routing::interceptor::access_control[0m[2m:[0m 220e1005f8a0a69a06820497ea458739 did not match any configured ACL subject. Default permission `Allow` will be applied on all messages
[2m2026-05-09T16:24:52.037607Z[0m [32m INFO[0m acc-0 ThreadId(04) [2mzenoh::net::routing::interceptor::access_control[0m[2m:[0m 4b59ce206edcd58f39e24a7d2393b6ca did not match any configured ACL subject. Default permission `Allow` will be applied on all messages
[2m2026-05-09T16:24:52.048605Z[0m [32m INFO[0m acc-0 ThreadId(04) [2mzenoh::net::routing::interceptor::access_control[0m[2m:[0m 8bc36e63e34a2154efafb3853ecb59ab did not match any configured ACL subject. Default permission `Allow` will be applied on all messages
[2m2026-05-09T16:24:52.078810Z[0m [32m INFO[0m acc-0 ThreadId(04) [2mzenoh::net::routing::interceptor::access_control[0m[2m:[0m ac6d9e6c868d7cf7b272ec6550a1c6a4 did not match any configured ACL subject. Default permission `Allow` will be applied on all messages
[create-5] [INFO] [1778343892.204667504] [ros_gz_sim]: Requesting list of world names.
[aic_adapter-2] [INFO] [1778343892.213302712] [aic_adapter_node]: Adapter node initialization complete.
[robot_state_publisher-1] [INFO] [1778343892.220358879] [robot_state_publisher]: Robot initialized
[component_container-3] [INFO] [1778343892.224812629] [ros_gz_container]: Load Library: /ws_aic/install/lib/libgzserver_component.so
[gz-4] QStandardPaths: XDG_RUNTIME_DIR not set, defaulting to '/tmp/runtime-root'
[component_container-3] [INFO] [1778343892.299847504] [ros_gz_container]: Found class: rclcpp_components::NodeFactoryTemplate<ros_gz_sim::GzServer>
[component_container-3] [INFO] [1778343892.300002171] [ros_gz_container]: Instantiate class: rclcpp_components::NodeFactoryTemplate<ros_gz_sim::GzServer>
[INFO] [launch_ros.actions.load_composable_nodes]: Loaded node '/gz_server' in container '/ros_gz_container'
[component_container-3] [INFO] [1778343892.315174462] [ros_gz_container]: Load Library: /ws_aic/install/lib/libros_gz_bridge.so
[component_container-3] [INFO] [1778343892.348014671] [ros_gz_container]: Found class: rclcpp_components::NodeFactoryTemplate<ros_gz_bridge::RosGzBridge>
[component_container-3] [INFO] [1778343892.348093712] [ros_gz_container]: Instantiate class: rclcpp_components::NodeFactoryTemplate<ros_gz_bridge::RosGzBridge>
[INFO] [launch_ros.actions.load_composable_nodes]: Loaded node '/ros_gz_bridge' in container 'ros_gz_container'
[component_container-3] (2026-05-09 16:24:52.442) [info] [ServerPrivate.cc:664] Loading SDF world file[/ws_aic/install/share/aic_description/world/aic.sdf].
[gz-4] (2026-05-09 16:24:52.910) [error] [SignalHandler.cc:178] [GUI] 4 Interrupted system call
[component_container-3] [INFO] [1778343893.383633921] [ros_gz_bridge]: Creating GZ->ROS Bridge: [/clock (gz.msgs.Clock) -> /clock (rosgraph_msgs/msg/Clock)] (Lazy 0)
[component_container-3] [INFO] [1778343893.390529921] [ros_gz_bridge]: Creating GZ->ROS Bridge: [/left_camera/image (gz.msgs.Image) -> /left_camera/image (sensor_msgs/msg/Image)] (Lazy 1)
[component_container-3] [INFO] [1778343893.393334921] [ros_gz_bridge]: Creating GZ->ROS Bridge: [/center_camera/image (gz.msgs.Image) -> /center_camera/image (sensor_msgs/msg/Image)] (Lazy 1)
[component_container-3] [INFO] [1778343893.393613046] [ros_gz_bridge]: Creating GZ->ROS Bridge: [/right_camera/image (gz.msgs.Image) -> /right_camera/image (sensor_msgs/msg/Image)] (Lazy 1)
[component_container-3] [INFO] [1778343893.393837296] [ros_gz_bridge]: Creating GZ->ROS Bridge: [/left_camera/camera_info (gz.msgs.CameraInfo) -> /left_camera/camera_info (sensor_msgs/msg/CameraInfo)] (Lazy 1)
[component_container-3] [INFO] [1778343893.394744338] [ros_gz_bridge]: Creating GZ->ROS Bridge: [/center_camera/camera_info (gz.msgs.CameraInfo) -> /center_camera/camera_info (sensor_msgs/msg/CameraInfo)] (Lazy 1)
[component_container-3] [INFO] [1778343893.395098421] [ros_gz_bridge]: Creating GZ->ROS Bridge: [/right_camera/camera_info (gz.msgs.CameraInfo) -> /right_camera/camera_info (sensor_msgs/msg/CameraInfo)] (Lazy 1)
[component_container-3] [INFO] [1778343893.395326254] [ros_gz_bridge]: Creating GZ->ROS Bridge: [/aic/gazebo/contacts/off_limit (gz.msgs.Contacts) -> /aic/gazebo/contacts/off_limit (ros_gz_interfaces/msg/Contacts)] (Lazy 1)
[component_container-3] [INFO] [1778343893.397531796] [ros_gz_bridge]: Creating GZ->ROS Bridge: [/cable_0/pose (gz.msgs.Pose_V) -> /scoring/tf (tf2_msgs/msg/TFMessage)] (Lazy 1)
[component_container-3] [INFO] [1778343893.399487088] [ros_gz_bridge]: Creating GZ->ROS Bridge: [/cable_1/pose (gz.msgs.Pose_V) -> /scoring/tf (tf2_msgs/msg/TFMessage)] (Lazy 1)
[component_container-3] [INFO] [1778343893.400119296] [ros_gz_bridge]: Creating GZ->ROS Bridge: [/cable_2/pose (gz.msgs.Pose_V) -> /scoring/tf (tf2_msgs/msg/TFMessage)] (Lazy 1)
[component_container-3] [INFO] [1778343893.400293879] [ros_gz_bridge]: Creating GZ->ROS Bridge: [/cable_3/pose (gz.msgs.Pose_V) -> /scoring/tf (tf2_msgs/msg/TFMessage)] (Lazy 1)
[component_container-3] [INFO] [1778343893.400384879] [ros_gz_bridge]: Creating GZ->ROS Bridge: [/cable_4/pose (gz.msgs.Pose_V) -> /scoring/tf (tf2_msgs/msg/TFMessage)] (Lazy 1)
[component_container-3] [INFO] [1778343893.400469129] [ros_gz_bridge]: Creating GZ->ROS Bridge: [/task_board/pose_static (gz.msgs.Pose_V) -> /scoring/tf (tf2_msgs/msg/TFMessage)] (Lazy 1)
[component_container-3] [INFO] [1778343893.400550463] [ros_gz_bridge]: Creating GZ->ROS Bridge: [/cable_0/insertion_event (gz.msgs.StringMsg) -> /scoring/insertion_event (std_msgs/msg/String)] (Lazy 1)
[component_container-3] [INFO] [1778343893.401762421] [ros_gz_bridge]: Creating GZ->ROS Bridge: [/cable_1/insertion_event (gz.msgs.StringMsg) -> /scoring/insertion_event (std_msgs/msg/String)] (Lazy 1)
[component_container-3] (2026-05-09 16:24:54.376) [info] [SystemManager.cc:54] Serving entity system service on [/entity/system/add]
[component_container-3] (2026-05-09 16:24:54.418) [info] [UserCommands.cc:752] Create service on [/world/aic_world/create_multiple] (async)
[component_container-3] (2026-05-09 16:24:54.418) [info] [UserCommands.cc:754] Create service on [/world/aic_world/create_multiple/blocking] (blocking)
[component_container-3] (2026-05-09 16:24:54.418) [info] [UserCommands.cc:752] Remove service on [/world/aic_world/remove] (async)
[component_container-3] (2026-05-09 16:24:54.418) [info] [UserCommands.cc:754] Remove service on [/world/aic_world/remove/blocking] (blocking)
[component_container-3] (2026-05-09 16:24:54.418) [info] [UserCommands.cc:752] Pose service on [/world/aic_world/set_pose] (async)
[component_container-3] (2026-05-09 16:24:54.418) [info] [UserCommands.cc:754] Pose service on [/world/aic_world/set_pose/blocking] (blocking)
[component_container-3] (2026-05-09 16:24:54.418) [info] [UserCommands.cc:752] Pose service on [/world/aic_world/set_pose_vector] (async)
[component_container-3] (2026-05-09 16:24:54.419) [info] [UserCommands.cc:754] Pose service on [/world/aic_world/set_pose_vector/blocking] (blocking)
[component_container-3] (2026-05-09 16:24:54.419) [info] [UserCommands.cc:752] Light configuration service on [/world/aic_world/light_config] (async)
[component_container-3] (2026-05-09 16:24:54.419) [info] [UserCommands.cc:754] Light configuration service on [/world/aic_world/light_config/blocking] (blocking)
[component_container-3] (2026-05-09 16:24:54.420) [info] [UserCommands.cc:752] Physics service on [/world/aic_world/set_physics] (async)
[component_container-3] (2026-05-09 16:24:54.420) [info] [UserCommands.cc:754] Physics service on [/world/aic_world/set_physics/blocking] (blocking)
[component_container-3] (2026-05-09 16:24:54.421) [info] [UserCommands.cc:752] SphericalCoordinates service on [/world/aic_world/set_spherical_coordinates] (async)
[component_container-3] (2026-05-09 16:24:54.421) [info] [UserCommands.cc:754] SphericalCoordinates service on [/world/aic_world/set_spherical_coordinates/blocking] (blocking)
[component_container-3] (2026-05-09 16:24:54.421) [info] [UserCommands.cc:752] Enable collision service on [/world/aic_world/enable_collision] (async)
[component_container-3] (2026-05-09 16:24:54.421) [info] [UserCommands.cc:754] Enable collision service on [/world/aic_world/enable_collision/blocking] (blocking)
[component_container-3] (2026-05-09 16:24:54.421) [info] [UserCommands.cc:752] Disable collision service on [/world/aic_world/disable_collision] (async)
[component_container-3] (2026-05-09 16:24:54.421) [info] [UserCommands.cc:754] Disable collision service on [/world/aic_world/disable_collision/blocking] (blocking)
[component_container-3] (2026-05-09 16:24:54.421) [info] [UserCommands.cc:752] Material service on [/world/aic_world/visual_config] (async)
[component_container-3] (2026-05-09 16:24:54.421) [info] [UserCommands.cc:754] Material service on [/world/aic_world/visual_config/blocking] (blocking)
[component_container-3] (2026-05-09 16:24:54.421) [info] [UserCommands.cc:752] Material service on [/world/aic_world/wheel_slip] (async)
[component_container-3] (2026-05-09 16:24:54.421) [info] [UserCommands.cc:754] Material service on [/world/aic_world/wheel_slip/blocking] (blocking)
[component_container-3] (2026-05-09 16:24:54.422) [debug] [SystemManager.cc:80] Loaded system [gz::sim::systems::UserCommands] for entity [1]
[component_container-3] (2026-05-09 16:24:54.465) [debug] [Physics.cc:967] Loaded [gz::physics::bullet_featherstone::Plugin] from library [/ws_aic/install/lib/gz-physics-8/engine-plugins/libgz-physics-bullet-featherstone-plugin.so]
[component_container-3] (2026-05-09 16:24:54.466) [debug] [SystemManager.cc:80] Loaded system [gz::sim::systems::Physics] for entity [1]
[component_container-3] (2026-05-09 16:24:54.482) [debug] [Sensors.cc:697] Configuring Sensors system
[component_container-3] (2026-05-09 16:24:54.484) [debug] [Sensors.cc:557] SensorsPrivate::Run
[component_container-3] (2026-05-09 16:24:54.484) [debug] [SystemManager.cc:80] Loaded system [gz::sim::systems::Sensors] for entity [1]
[component_container-3] (2026-05-09 16:24:54.484) [debug] [Sensors.cc:532] SensorsPrivate::RenderThread started
[component_container-3] (2026-05-09 16:24:54.484) [debug] [Sensors.cc:337] Waiting for init
[component_container-3] (2026-05-09 16:24:54.487) [debug] [ScoringPlugin.cc:45] aic_gazebo::ScoringPlugin::Configure on entity: 1
[component_container-3] (2026-05-09 16:24:54.489) [debug] [SystemManager.cc:80] Loaded system [aic_gazebo::ScoringPlugin] for entity [1]
[component_container-3] (2026-05-09 16:24:54.491) [debug] [WorldSdfGeneratorPlugin.cc:47] aic_gazebo::WorldSdfGeneratorPlugin::Configure
[component_container-3] (2026-05-09 16:24:54.492) [debug] [SystemManager.cc:80] Loaded system [aic_gazebo::WorldSdfGeneratorPlugin] for entity [1]
[component_container-3] (2026-05-09 16:24:54.494) [debug] [SystemManager.cc:80] Loaded system [gz::sim::systems::Contact] for entity [1]
[component_container-3] (2026-05-09 16:24:54.495) [info] [LevelManager.cc:646] Loaded level [default]
[component_container-3] (2026-05-09 16:24:54.496) [info] [ServerConfig.cc:1010] Copied installed config [/ws_aic/install/share/gz/gz-sim9/server.config] to default config [/root/.gz/sim/9/server.config].
[component_container-3] (2026-05-09 16:24:54.497) [debug] [ServerConfig.cc:1025] Loading (3) plugins from file [/root/.gz/sim/9/server.config]
[component_container-3] (2026-05-09 16:24:54.497) [debug] [SimulationRunner.cc:1696] Additional plugins to load:
[component_container-3] (2026-05-09 16:24:54.497) [debug] [SimulationRunner.cc:1699] gz::sim::systems::SceneBroadcaster gz-sim-scene-broadcaster-system
[component_container-3] (2026-05-09 16:24:54.503) [debug] [SystemManager.cc:80] Loaded system [gz::sim::systems::SceneBroadcaster] for entity [1]
[component_container-3] (2026-05-09 16:24:54.506) [info] [SimulationRunner.cc:275] Serving world controls on [/world/aic_world/control], [/world/aic_world/control/state] and [/world/aic_world/playback/control]
[component_container-3] (2026-05-09 16:24:54.506) [info] [SimulationRunner.cc:301] Serving GUI information on [/world/aic_world/gui/info]
[component_container-3] (2026-05-09 16:24:54.506) [info] [SimulationRunner.cc:304] World [aic_world] initialized with [2ms] physics profile.
[component_container-3] (2026-05-09 16:24:54.507) [info] [SimulationRunner.cc:311] Serving world SDF generation service on [/world/aic_world/generate_world_sdf]
[component_container-3] (2026-05-09 16:24:54.507) [info] [ServerPrivate.cc:344] Serving world names on [/gazebo/worlds]
[component_container-3] (2026-05-09 16:24:54.508) [info] [ServerPrivate.cc:357] Resource path add service on [/gazebo/resource_paths/add].
[component_container-3] (2026-05-09 16:24:54.508) [info] [ServerPrivate.cc:370] Resource path get service on [/gazebo/resource_paths/get].
[component_container-3] (2026-05-09 16:24:54.508) [info] [ServerPrivate.cc:385] Resource path resolve service on [/gazebo/resource_paths/resolve].
[component_container-3] (2026-05-09 16:24:54.508) [info] [ServerPrivate.cc:399] Resource paths published on [/gazebo/resource_paths].
[component_container-3] (2026-05-09 16:24:54.508) [info] [ServerPrivate.cc:412] Server control service on [/server_control].
[component_container-3] (2026-05-09 16:24:54.509) [info] [SimulationRunner.cc:769] Found no publishers on /stats, adding root stats topic
[component_container-3] (2026-05-09 16:24:54.511) [info] [SimulationRunner.cc:803] Found no publishers on /clock, adding root clock topic
[create-5] [INFO] [1778343894.721118130] [ros_gz_sim]: Entity creation successful.
[component_container-3] (2026-05-09 16:24:54.727) [debug] [SimulationRunner.cc:573] Creating PostUpdate worker threads: 5
[component_container-3] (2026-05-09 16:24:54.730) [debug] [SimulationRunner.cc:584] Creating postupdate worker thread (0)
[component_container-3] (2026-05-09 16:24:54.732) [debug] [SimulationRunner.cc:584] Creating postupdate worker thread (1)
[component_container-3] (2026-05-09 16:24:54.732) [debug] [SimulationRunner.cc:584] Creating postupdate worker thread (2)
[component_container-3] (2026-05-09 16:24:54.732) [debug] [SimulationRunner.cc:584] Creating postupdate worker thread (3)
[INFO] [create-5]: process has finished cleanly [pid 120]
[INFO] [spawner-6]: process started with pid [251]
[INFO] [spawner-7]: process started with pid [253]
[component_container-3] [1;33mWarning [Utils.cc:119][0m [/sdf/model[@name="ur"]/link[@name="center_camera/sensor_link"]/sensor[@name="center_camera"]/camera[@name="center_camera"]/optical_frame_id]: SDF Element[optical_frame_id] is deprecated
[component_container-3] [1;33mWarning [Utils.cc:119][0m [/sdf/model[@name="ur"]/link[@name="left_camera/sensor_link"]/sensor[@name="left_camera"]/camera[@name="left_camera"]/optical_frame_id]: SDF Element[optical_frame_id] is deprecated
[component_container-3] [1;33mWarning [Utils.cc:119][0m [/sdf/model[@name="ur"]/link[@name="right_camera/sensor_link"]/sensor[@name="right_camera"]/camera[@name="right_camera"]/optical_frame_id]: SDF Element[optical_frame_id] is deprecated
[component_container-3] [WARN] [1778343894.868118297] [rcl.logging_rosout]: Publisher already registered for node name: 'ros_gz_container'. If this is due to multiple nodes with the same name then all logs for the logger named 'ros_gz_container' will go out over the existing publisher. As soon as any node with that name is destructed it will unregister the publisher, preventing any further logs for that name from being published on the rosout topic.
[component_container-3] [INFO] [1778343894.871707755] [ros_gz_container]: [gz_ros2_control] Fixed joint [tabletop_joint] (Entity=101)] is skipped
[component_container-3] [INFO] [1778343894.871875088] [ros_gz_container]: [gz_ros2_control] Fixed joint [center_camera/attach_sensor_link] (Entity=108)] is skipped
[component_container-3] [INFO] [1778343894.871895422] [ros_gz_container]: [gz_ros2_control] Fixed joint [center_camera/attach_optical] (Entity=109)] is skipped
[component_container-3] [INFO] [1778343894.871915963] [ros_gz_container]: [gz_ros2_control] Fixed joint [ati/attach_joint] (Entity=110)] is skipped
[component_container-3] [INFO] [1778343894.871926172] [ros_gz_container]: [gz_ros2_control] Fixed joint [left_camera/attach_sensor_link] (Entity=114)] is skipped
[component_container-3] [INFO] [1778343894.871930172] [ros_gz_container]: [gz_ros2_control] Fixed joint [left_camera/attach_optical] (Entity=115)] is skipped
[component_container-3] [INFO] [1778343894.871934422] [ros_gz_container]: [gz_ros2_control] Fixed joint [right_camera/attach_sensor_link] (Entity=116)] is skipped
[component_container-3] [INFO] [1778343894.871937630] [ros_gz_container]: [gz_ros2_control] Fixed joint [right_camera/attach_optical] (Entity=117)] is skipped
[component_container-3] [INFO] [1778343894.876843880] [ros_gz_container]: Loading controller_manager
[component_container-3] [INFO] [1778343894.905771255] [controller_manager]: Using ROS clock for triggering controller manager cycles.
[component_container-3] [INFO] [1778343894.919244963] [controller_manager]: Subscribing to '/robot_description' topic for robot description.
[component_container-3] [INFO] [1778343894.930518130] [controller_manager]: Enforcing command limits is enabled...
[component_container-3] [WARN] [1778343894.932788547] [ros_gz_container]: Waiting RM to load and initialize hardware...
[component_container-3] [INFO] [1778343894.936865797] [controller_manager]: Received robot description from topic.
[component_container-3] [INFO] [1778343894.946366255] [ros_gz_container]: Using JointLimiter for joint 'gripper/left_finger_joint' in hardware 'gripper' : '  has position limits: true [0, 0.025]
[component_container-3]   has velocity limits: true [0.05]
[component_container-3]   has acceleration limits: false [nan]
[component_container-3]   has deceleration limits: false [nan]
[component_container-3]   has jerk limits: false [nan]
[component_container-3]   has effort limits: true [20]
[component_container-3]   angle wraparound: false'
[component_container-3] [INFO] [1778343894.946423005] [ros_gz_container]: Creating JointSaturationLimiter for joint 'gripper/left_finger_joint' in hardware 'gripper'
[component_container-3] [INFO] [1778343894.947641422] [ros_gz_container]: Using JointLimiter for joint 'wrist_3_joint' in hardware 'ControlSystem' : '  has position limits: true [-6.28319, 6.28319]
[component_container-3]   has velocity limits: true [3.14159]
[component_container-3]   has acceleration limits: false [nan]
[component_container-3]   has deceleration limits: false [nan]
[component_container-3]   has jerk limits: false [nan]
[component_container-3]   has effort limits: true [28]
[component_container-3]   angle wraparound: false'
[component_container-3] [INFO] [1778343894.947658089] [ros_gz_container]: Creating JointSaturationLimiter for joint 'wrist_3_joint' in hardware 'ControlSystem'
[component_container-3] [INFO] [1778343894.947716297] [ros_gz_container]: Using JointLimiter for joint 'wrist_2_joint' in hardware 'ControlSystem' : '  has position limits: true [-6.28319, 6.28319]
[component_container-3]   has velocity limits: true [3.14159]
[component_container-3]   has acceleration limits: false [nan]
[component_container-3]   has deceleration limits: false [nan]
[component_container-3]   has jerk limits: false [nan]
[component_container-3]   has effort limits: true [28]
[component_container-3]   angle wraparound: false'
[component_container-3] [INFO] [1778343894.947721464] [ros_gz_container]: Creating JointSaturationLimiter for joint 'wrist_2_joint' in hardware 'ControlSystem'
[component_container-3] [INFO] [1778343894.947744130] [ros_gz_container]: Using JointLimiter for joint 'wrist_1_joint' in hardware 'ControlSystem' : '  has position limits: true [-6.28319, 6.28319]
[component_container-3]   has velocity limits: true [3.14159]
[component_container-3]   has acceleration limits: false [nan]
[component_container-3]   has deceleration limits: false [nan]
[component_container-3]   has jerk limits: false [nan]
[component_container-3]   has effort limits: true [28]
[component_container-3]   angle wraparound: false'
[component_container-3] [INFO] [1778343894.947748797] [ros_gz_container]: Creating JointSaturationLimiter for joint 'wrist_1_joint' in hardware 'ControlSystem'
[component_container-3] [INFO] [1778343894.947755172] [ros_gz_container]: Using JointLimiter for joint 'elbow_joint' in hardware 'ControlSystem' : '  has position limits: true [-3.14159, 3.14159]
[component_container-3]   has velocity limits: true [3.14159]
[component_container-3]   has acceleration limits: false [nan]
[component_container-3]   has deceleration limits: false [nan]
[component_container-3]   has jerk limits: false [nan]
[component_container-3]   has effort limits: true [150]
[component_container-3]   angle wraparound: false'
[component_container-3] [INFO] [1778343894.947758922] [ros_gz_container]: Creating JointSaturationLimiter for joint 'elbow_joint' in hardware 'ControlSystem'
[component_container-3] [INFO] [1778343894.947765589] [ros_gz_container]: Using JointLimiter for joint 'shoulder_lift_joint' in hardware 'ControlSystem' : '  has position limits: true [-6.28319, 6.28319]
[component_container-3]   has velocity limits: true [3.14159]
[component_container-3]   has acceleration limits: false [nan]
[component_container-3]   has deceleration limits: false [nan]
[component_container-3]   has jerk limits: false [nan]
[component_container-3]   has effort limits: true [150]
[component_container-3]   angle wraparound: false'
[component_container-3] [INFO] [1778343894.947776714] [ros_gz_container]: Creating JointSaturationLimiter for joint 'shoulder_lift_joint' in hardware 'ControlSystem'
[component_container-3] [INFO] [1778343894.947784005] [ros_gz_container]: Using JointLimiter for joint 'shoulder_pan_joint' in hardware 'ControlSystem' : '  has position limits: true [-6.28319, 6.28319]
[component_container-3]   has velocity limits: true [3.14159]
[component_container-3]   has acceleration limits: false [nan]
[component_container-3]   has deceleration limits: false [nan]
[component_container-3]   has jerk limits: false [nan]
[component_container-3]   has effort limits: true [150]
[component_container-3]   angle wraparound: false'
[component_container-3] [INFO] [1778343894.947787589] [ros_gz_container]: Creating JointSaturationLimiter for joint 'shoulder_pan_joint' in hardware 'ControlSystem'
[component_container-3] [INFO] [1778343894.955745089] [ros_gz_container]: The position_proportional_gain has been set to: 0.1
[component_container-3] [INFO] [1778343894.956214255] [ros_gz_container]: Loading joint: gripper/left_finger_joint
[component_container-3] [INFO] [1778343894.956237630] [ros_gz_container]: 	State:
[component_container-3] [INFO] [1778343894.956291339] [ros_gz_container]: 		 position
[component_container-3] [INFO] [1778343894.956459755] [ros_gz_container]: 			 found initial value: 0.007300
[component_container-3] [INFO] [1778343894.956473172] [ros_gz_container]: 		 velocity
[component_container-3] [INFO] [1778343894.956576214] [ros_gz_container]: 			 found initial value: 0.000000
[component_container-3] [INFO] [1778343894.956582380] [ros_gz_container]: 		 effort
[component_container-3] [INFO] [1778343894.956720339] [ros_gz_container]: 			 found initial value: 0.000000
[component_container-3] [INFO] [1778343894.956831130] [ros_gz_container]: 	Command:
[component_container-3] [INFO] [1778343894.956835839] [ros_gz_container]: 		 position
[component_container-3] [INFO] [1778343894.957128922] [ros_gz_container]: 		 effort
[component_container-3] [INFO] [1778343894.958590422] [ros_gz_container]: Loading sensor: AtiForceTorqueSensor
[component_container-3] [INFO] [1778343894.958607297] [ros_gz_container]: 	State:
[component_container-3] [INFO] [1778343894.960920214] [ros_gz_container]: Initialize hardware 'gripper' 
[component_container-3] [WARN] [1778343894.961605255] [rcl.logging_rosout]: Publisher already registered for node name: 'ros_gz_container'. If this is due to multiple nodes with the same name then all logs for the logger named 'ros_gz_container' will go out over the existing publisher. As soon as any node with that name is destructed it will unregister the publisher, preventing any further logs for that name from being published on the rosout topic.
[component_container-3] [INFO] [1778343894.962367089] [ros_gz_container.hardware_component.system.gripper]: `status_publish_rate` is set to 0.0, hardware status publisher will not be created.
[component_container-3] [INFO] [1778343894.963117380] [ros_gz_container]: Successful initialization of hardware 'gripper'
[component_container-3] [INFO] [1778343894.965249672] [ros_gz_container]: The position_proportional_gain has been set to: 0.1
[component_container-3] [INFO] [1778343894.965299005] [ros_gz_container]: Loading joint: shoulder_pan_joint
[component_container-3] [INFO] [1778343894.965304880] [ros_gz_container]: 	State:
[component_container-3] [INFO] [1778343894.965308630] [ros_gz_container]: 		 position
[component_container-3] [INFO] [1778343894.965323755] [ros_gz_container]: 			 found initial value: -0.159700
[component_container-3] [INFO] [1778343894.965328589] [ros_gz_container]: 		 velocity
[component_container-3] [INFO] [1778343894.965333672] [ros_gz_container]: 			 found initial value: 0.000000
[component_container-3] [INFO] [1778343894.965340005] [ros_gz_container]: 		 effort
[component_container-3] [INFO] [1778343894.965346214] [ros_gz_container]: 			 found initial value: 0.000000
[component_container-3] [INFO] [1778343894.965349839] [ros_gz_container]: 	Command:
[component_container-3] [INFO] [1778343894.965352797] [ros_gz_container]: 		 position
[component_container-3] [INFO] [1778343894.965363714] [ros_gz_container]: 		 velocity
[component_container-3] [INFO] [1778343894.965453797] [ros_gz_container]: 		 effort
[component_container-3] [INFO] [1778343894.965477589] [ros_gz_container]: Loading joint: shoulder_lift_joint
[component_container-3] [INFO] [1778343894.965481130] [ros_gz_container]: 	State:
[component_container-3] [INFO] [1778343894.965483922] [ros_gz_container]: 		 position
[component_container-3] [INFO] [1778343894.965489339] [ros_gz_container]: 			 found initial value: -1.354200
[component_container-3] [INFO] [1778343894.965495755] [ros_gz_container]: 		 velocity
[component_container-3] [INFO] [1778343894.965511505] [ros_gz_container]: 			 found initial value: 0.000000
[component_container-3] [INFO] [1778343894.965515255] [ros_gz_container]: 		 effort
[component_container-3] [INFO] [1778343894.965529672] [ros_gz_container]: 			 found initial value: 0.000000
[component_container-3] [INFO] [1778343894.965533464] [ros_gz_container]: 	Command:
[component_container-3] [INFO] [1778343894.965539839] [ros_gz_container]: 		 position
[component_container-3] [INFO] [1778343894.965545255] [ros_gz_container]: 		 velocity
[component_container-3] [INFO] [1778343894.965557964] [ros_gz_container]: 		 effort
[component_container-3] [INFO] [1778343894.965564589] [ros_gz_container]: Loading joint: elbow_joint
[component_container-3] [INFO] [1778343894.965567547] [ros_gz_container]: 	State:
[component_container-3] [INFO] [1778343894.965570130] [ros_gz_container]: 		 position
[component_container-3] [INFO] [1778343894.965573630] [ros_gz_container]: 			 found initial value: -1.664800
[component_container-3] [INFO] [1778343894.965576547] [ros_gz_container]: 		 velocity
[component_container-3] [INFO] [1778343894.965579714] [ros_gz_container]: 			 found initial value: 0.000000
[component_container-3] [INFO] [1778343894.965582547] [ros_gz_container]: 		 effort
[component_container-3] [INFO] [1778343894.965586755] [ros_gz_container]: 			 found initial value: 0.000000
[component_container-3] [INFO] [1778343894.965589672] [ros_gz_container]: 	Command:
[component_container-3] [INFO] [1778343894.965592130] [ros_gz_container]: 		 position
[component_container-3] [INFO] [1778343894.965596172] [ros_gz_container]: 		 velocity
[component_container-3] [INFO] [1778343894.965599339] [ros_gz_container]: 		 effort
[component_container-3] [INFO] [1778343894.965605714] [ros_gz_container]: Loading joint: wrist_1_joint
[component_container-3] [INFO] [1778343894.965608714] [ros_gz_container]: 	State:
[component_container-3] [INFO] [1778343894.965611047] [ros_gz_container]: 		 position
[component_container-3] [INFO] [1778343894.965614839] [ros_gz_container]: 			 found initial value: -1.693300
[component_container-3] [INFO] [1778343894.965617797] [ros_gz_container]: 		 velocity
[component_container-3] [INFO] [1778343894.965620380] [ros_gz_container]: 			 found initial value: 0.000000
[component_container-3] [INFO] [1778343894.965623089] [ros_gz_container]: 		 effort
[component_container-3] [INFO] [1778343894.965625755] [ros_gz_container]: 			 found initial value: 0.000000
[component_container-3] [INFO] [1778343894.965628380] [ros_gz_container]: 	Command:
[component_container-3] [INFO] [1778343894.965630714] [ros_gz_container]: 		 position
[component_container-3] [INFO] [1778343894.965634422] [ros_gz_container]: 		 velocity
[component_container-3] [INFO] [1778343894.965637422] [ros_gz_container]: 		 effort
[component_container-3] [INFO] [1778343894.965642589] [ros_gz_container]: Loading joint: wrist_2_joint
[component_container-3] [INFO] [1778343894.965645339] [ros_gz_container]: 	State:
[component_container-3] [INFO] [1778343894.965647714] [ros_gz_container]: 		 position
[component_container-3] [INFO] [1778343894.965651214] [ros_gz_container]: 			 found initial value: 1.571000
[component_container-3] [INFO] [1778343894.965655547] [ros_gz_container]: 		 velocity
[component_container-3] [INFO] [1778343894.965658339] [ros_gz_container]: 			 found initial value: 0.000000
[component_container-3] [INFO] [1778343894.965661089] [ros_gz_container]: 		 effort
[component_container-3] [INFO] [1778343894.965663672] [ros_gz_container]: 			 found initial value: 0.000000
[component_container-3] [INFO] [1778343894.965667839] [ros_gz_container]: 	Command:
[component_container-3] [INFO] [1778343894.965670214] [ros_gz_container]: 		 position
[component_container-3] [INFO] [1778343894.965673964] [ros_gz_container]: 		 velocity
[component_container-3] [INFO] [1778343894.965676922] [ros_gz_container]: 		 effort
[component_container-3] [INFO] [1778343894.965681880] [ros_gz_container]: Loading joint: wrist_3_joint
[component_container-3] [INFO] [1778343894.965684380] [ros_gz_container]: 	State:
[component_container-3] [INFO] [1778343894.965686755] [ros_gz_container]: 		 position
[component_container-3] [INFO] [1778343894.965689672] [ros_gz_container]: 			 found initial value: 1.411000
[component_container-3] [INFO] [1778343894.965692547] [ros_gz_container]: 		 velocity
[component_container-3] [INFO] [1778343894.965696839] [ros_gz_container]: 			 found initial value: 0.000000
[component_container-3] [INFO] [1778343894.965699672] [ros_gz_container]: 		 effort
[component_container-3] [INFO] [1778343894.965702255] [ros_gz_container]: 			 found initial value: 0.000000
[component_container-3] [INFO] [1778343894.965704880] [ros_gz_container]: 	Command:
[component_container-3] [INFO] [1778343894.965707214] [ros_gz_container]: 		 position
[component_container-3] [INFO] [1778343894.965710797] [ros_gz_container]: 		 velocity
[component_container-3] [INFO] [1778343894.965715297] [ros_gz_container]: 		 effort
[component_container-3] [INFO] [1778343894.965933714] [ros_gz_container]: Loading sensor: AtiForceTorqueSensor
[component_container-3] [INFO] [1778343894.965938922] [ros_gz_container]: 	State:
[component_container-3] [INFO] [1778343894.966607047] [ros_gz_container]: 		 force.x
[component_container-3] [INFO] [1778343894.966614339] [ros_gz_container]: 		 force.y
[component_container-3] [INFO] [1778343894.966617505] [ros_gz_container]: 		 force.z
[component_container-3] [INFO] [1778343894.966620214] [ros_gz_container]: 		 torque.x
[component_container-3] [INFO] [1778343894.966622672] [ros_gz_container]: 		 torque.y
[component_container-3] [INFO] [1778343894.966631255] [ros_gz_container]: 		 torque.z
[component_container-3] [INFO] [1778343894.966705714] [ros_gz_container]: Initialize hardware 'ControlSystem' 
[component_container-3] [WARN] [1778343894.966870964] [rcl.logging_rosout]: Publisher already registered for node name: 'ros_gz_container'. If this is due to multiple nodes with the same name then all logs for the logger named 'ros_gz_container' will go out over the existing publisher. As soon as any node with that name is destructed it will unregister the publisher, preventing any further logs for that name from being published on the rosout topic.
[component_container-3] [INFO] [1778343894.967579380] [ros_gz_container.hardware_component.system.ControlSystem]: `status_publish_rate` is set to 0.0, hardware status publisher will not be created.
[component_container-3] [INFO] [1778343894.967689255] [ros_gz_container]: Successful initialization of hardware 'ControlSystem'
[component_container-3] [INFO] [1778343894.968486755] [resource_manager]: 'configure' hardware 'ControlSystem' 
[component_container-3] [INFO] [1778343894.968558880] [ros_gz_container]: System Successfully configured!
[component_container-3] [INFO] [1778343894.968567672] [resource_manager]: Successful 'configure' of hardware 'ControlSystem'
[component_container-3] [INFO] [1778343894.968785297] [resource_manager]: 'activate' hardware 'ControlSystem' 
[component_container-3] [INFO] [1778343894.968982339] [resource_manager]: Successful 'activate' of hardware 'ControlSystem'
[component_container-3] [INFO] [1778343894.969547880] [resource_manager]: 'configure' hardware 'gripper' 
[component_container-3] [INFO] [1778343894.969556755] [ros_gz_container]: System Successfully configured!
[component_container-3] [INFO] [1778343894.969561089] [resource_manager]: Successful 'configure' of hardware 'gripper'
[component_container-3] [INFO] [1778343894.969563797] [resource_manager]: 'activate' hardware 'gripper' 
[component_container-3] [INFO] [1778343894.969567047] [resource_manager]: Successful 'activate' of hardware 'gripper'
[component_container-3] [WARN] [1778343894.969659755] [controller_manager]: Component 'ControlSystem' does not have read or write statistics initialized, skipping registration.
[component_container-3] [WARN] [1778343894.969679130] [controller_manager]: Component 'gripper' does not have read or write statistics initialized, skipping registration.
[component_container-3] [INFO] [1778343894.969720047] [controller_manager]: Resource Manager has been successfully initialized. Starting Controller Manager services...
[2m2026-05-09T16:24:55.204206Z[0m [32m INFO[0m acc-0 ThreadId(04) [2mzenoh::net::routing::interceptor::access_control[0m[2m:[0m a2250a0b1b7b224a8161ef3547a06a4f did not match any configured ACL subject. Default permission `Allow` will be applied on all messages
[2m2026-05-09T16:24:55.265021Z[0m [32m INFO[0m acc-0 ThreadId(04) [2mzenoh::net::routing::interceptor::access_control[0m[2m:[0m b50ecf687eb3721b9d82c59f1b38c4aa did not match any configured ACL subject. Default permission `Allow` will be applied on all messages
[component_container-3] [INFO] [1778343895.333329714] [controller_manager]: Loading controller : 'joint_state_broadcaster' of type 'joint_state_broadcaster/JointStateBroadcaster'
[component_container-3] [INFO] [1778343895.333614464] [controller_manager]: Loading controller 'joint_state_broadcaster'
[component_container-3] [INFO] [1778343895.338400464] [controller_manager]: Controller 'joint_state_broadcaster' node arguments: --ros-args --params-file /ws_aic/install/share/aic_bringup/config/aic_ros2_controllers.yaml -p use_sim_time:=true --param use_sim_time:=true 
[spawner-6] [INFO] [1778343895.354845755] [spawner_joint_state_broadcaster]: Loaded joint_state_broadcaster
[component_container-3] [INFO] [1778343895.358726339] [controller_manager]: Configuring controller: 'joint_state_broadcaster'
[component_container-3] [INFO] [1778343895.359910089] [joint_state_broadcaster]: 'joints' or 'interfaces' parameter is empty. All available state interfaces will be published
[component_container-3] [INFO] [1778343895.371558672] [controller_manager]: Activating controllers: [ joint_state_broadcaster ]
[component_container-3] [INFO] [1778343895.373151255] [controller_manager]: Requested controller switch from non-realtime loop
[component_container-3] [INFO] [1778343895.375774964] [controller_manager]: Successfully switched controllers!
[component_container-3] (2026-05-09 16:24:56.933) [debug] [SystemManager.cc:80] Loaded system [gz_ros2_control::GazeboSimROS2ControlPlugin] for entity [31]
[component_container-3] (2026-05-09 16:24:56.939) [debug] [SystemManager.cc:80] Loaded system [gz::sim::systems::ForceTorque] for entity [31]
[component_container-3] (2026-05-09 16:24:56.942) [debug] [OffLimitContactsPlugin.cc:41] aic_gazebo::OffLimitContactsPlugin::Configure on entity: 31
[component_container-3] (2026-05-09 16:24:56.944) [debug] [OffLimitContactsPlugin.cc:165] Enabled collision [34]
[component_container-3] (2026-05-09 16:24:56.944) [debug] [OffLimitContactsPlugin.cc:165] Enabled collision [37]
[component_container-3] (2026-05-09 16:24:56.944) [debug] [OffLimitContactsPlugin.cc:165] Enabled collision [40]
[component_container-3] (2026-05-09 16:24:56.944) [debug] [OffLimitContactsPlugin.cc:165] Enabled collision [43]
[component_container-3] (2026-05-09 16:24:56.944) [debug] [OffLimitContactsPlugin.cc:165] Enabled collision [46]
[component_container-3] (2026-05-09 16:24:56.944) [debug] [OffLimitContactsPlugin.cc:165] Enabled collision [49]
[component_container-3] (2026-05-09 16:24:56.944) [debug] [OffLimitContactsPlugin.cc:165] Enabled collision [57]
[component_container-3] (2026-05-09 16:24:56.944) [debug] [OffLimitContactsPlugin.cc:165] Enabled collision [58]
[component_container-3] (2026-05-09 16:24:56.944) [debug] [OffLimitContactsPlugin.cc:165] Enabled collision [59]
[component_container-3] (2026-05-09 16:24:56.944) [debug] [OffLimitContactsPlugin.cc:165] Enabled collision [60]
[component_container-3] (2026-05-09 16:24:56.944) [debug] [OffLimitContactsPlugin.cc:165] Enabled collision [61]
[component_container-3] (2026-05-09 16:24:56.944) [debug] [OffLimitContactsPlugin.cc:165] Enabled collision [62]
[component_container-3] (2026-05-09 16:24:56.944) [debug] [OffLimitContactsPlugin.cc:165] Enabled collision [63]
[component_container-3] (2026-05-09 16:24:56.944) [debug] [OffLimitContactsPlugin.cc:165] Enabled collision [64]
[component_container-3] (2026-05-09 16:24:56.944) [debug] [OffLimitContactsPlugin.cc:165] Enabled collision [65]
[component_container-3] (2026-05-09 16:24:56.944) [debug] [OffLimitContactsPlugin.cc:165] Enabled collision [66]
[component_container-3] (2026-05-09 16:24:56.944) [debug] [OffLimitContactsPlugin.cc:165] Enabled collision [67]
[component_container-3] (2026-05-09 16:24:56.944) [debug] [OffLimitContactsPlugin.cc:165] Enabled collision [68]
[component_container-3] (2026-05-09 16:24:56.944) [debug] [OffLimitContactsPlugin.cc:165] Enabled collision [69]
[component_container-3] (2026-05-09 16:24:56.944) [debug] [OffLimitContactsPlugin.cc:165] Enabled collision [70]
[component_container-3] (2026-05-09 16:24:56.944) [debug] [OffLimitContactsPlugin.cc:165] Enabled collision [71]
[component_container-3] (2026-05-09 16:24:56.944) [debug] [OffLimitContactsPlugin.cc:165] Enabled collision [72]
[component_container-3] (2026-05-09 16:24:56.944) [debug] [OffLimitContactsPlugin.cc:165] Enabled collision [73]
[component_container-3] (2026-05-09 16:24:56.944) [debug] [OffLimitContactsPlugin.cc:165] Enabled collision [74]
[component_container-3] (2026-05-09 16:24:56.944) [debug] [OffLimitContactsPlugin.cc:165] Enabled collision [75]
[component_container-3] (2026-05-09 16:24:56.944) [debug] [OffLimitContactsPlugin.cc:165] Enabled collision [81]
[component_container-3] (2026-05-09 16:24:56.944) [debug] [OffLimitContactsPlugin.cc:165] Enabled collision [82]
[component_container-3] (2026-05-09 16:24:56.944) [debug] [OffLimitContactsPlugin.cc:165] Enabled collision [85]
[component_container-3] (2026-05-09 16:24:56.944) [debug] [OffLimitContactsPlugin.cc:165] Enabled collision [86]
[component_container-3] (2026-05-09 16:24:56.944) [debug] [OffLimitContactsPlugin.cc:165] Enabled collision [87]
[component_container-3] (2026-05-09 16:24:56.944) [debug] [OffLimitContactsPlugin.cc:165] Enabled collision [88]
[component_container-3] (2026-05-09 16:24:56.944) [debug] [OffLimitContactsPlugin.cc:165] Enabled collision [91]
[component_container-3] (2026-05-09 16:24:56.944) [debug] [OffLimitContactsPlugin.cc:165] Enabled collision [92]
[component_container-3] (2026-05-09 16:24:56.944) [debug] [OffLimitContactsPlugin.cc:165] Enabled collision [93]
[component_container-3] (2026-05-09 16:24:56.944) [debug] [OffLimitContactsPlugin.cc:165] Enabled collision [94]
[component_container-3] (2026-05-09 16:24:56.944) [debug] [SystemManager.cc:80] Loaded system [aic_gazebo::OffLimitContactsPlugin] for entity [31]
[component_container-3] (2026-05-09 16:24:56.948) [debug] [ResetJointsPlugin.cc:40] aic_gazebo::ResetJointsPlugin::Configure on entity: 31
[component_container-3] [WARN] [1778343896.948646923] [rcl.logging_rosout]: Publisher already registered for node name: 'ros_gz_container'. If this is due to multiple nodes with the same name then all logs for the logger named 'ros_gz_container' will go out over the existing publisher. As soon as any node with that name is destructed it will unregister the publisher, preventing any further logs for that name from being published on the rosout topic.
[component_container-3] (2026-05-09 16:24:56.951) [info] [ResetJointsPlugin.cc:117] Initialized ResetJointsPlugin!
[component_container-3] (2026-05-09 16:24:56.951) [debug] [SystemManager.cc:80] Loaded system [aic_gazebo::ResetJointsPlugin] for entity [31]
[component_container-3] (2026-05-09 16:24:56.951) [debug] [UserCommands.cc:1108] Created entity [31] named [ur5e]
[component_container-3] (2026-05-09 16:24:56.960) [debug] [Physics.cc:1171] Attempting to set physics options, but the physics engine doesn't support feature [CollisionPairMaxContacts]. Options will be ignored.
[component_container-3] (2026-05-09 16:24:57.006) [debug] [Sensors.cc:953] Initialization needed
[component_container-3] (2026-05-09 16:24:57.006) [debug] [Sensors.cc:349] Initializing render context
[component_container-3] (2026-05-09 16:24:57.010) [info] [RenderEngineManager.cc:514] Loading plugin [gz-rendering-ogre2]
[component_container-3] (2026-05-09 16:24:57.017) [info] [SceneBroadcaster.cc:634] Serving scene information on [/world/aic_world/scene/info]
[component_container-3] (2026-05-09 16:24:57.017) [info] [SceneBroadcaster.cc:643] Serving graph information on [/world/aic_world/scene/graph]
[component_container-3] (2026-05-09 16:24:57.017) [info] [SceneBroadcaster.cc:654] Serving full state on [/world/aic_world/state]
[component_container-3] (2026-05-09 16:24:57.017) [info] [SceneBroadcaster.cc:663] Serving full state (async) on [/world/aic_world/state_async]
[component_container-3] (2026-05-09 16:24:57.017) [info] [SceneBroadcaster.cc:671] Publishing scene information on [/world/aic_world/scene/info]
[component_container-3] (2026-05-09 16:24:57.018) [info] [SceneBroadcaster.cc:680] Publishing entity deletions on [/world/aic_world/scene/deletion]
[component_container-3] (2026-05-09 16:24:57.018) [info] [SceneBroadcaster.cc:689] Publishing state changes on [/world/aic_world/state]
[component_container-3] (2026-05-09 16:24:57.018) [info] [SceneBroadcaster.cc:700] Publishing pose messages on [/world/aic_world/pose/info]
[component_container-3] (2026-05-09 16:24:57.018) [info] [SceneBroadcaster.cc:711] Publishing dynamic pose messages on [/world/aic_world/dynamic_pose/info]
[component_container-3] (2026-05-09 16:24:57.029) [debug] [EntityComponentManager.cc:1676] Updated state thread iterators: 10 threads processing around 12 entities each.
[component_container-3] (2026-05-09 16:24:57.103) [debug] [SimulationRunner.cc:600] Exiting postupdate worker thread (0)
[component_container-3] (2026-05-09 16:24:57.103) [debug] [SimulationRunner.cc:600] Exiting postupdate worker thread (2)
[component_container-3] (2026-05-09 16:24:57.103) [debug] [SimulationRunner.cc:600] Exiting postupdate worker thread (1)
[component_container-3] (2026-05-09 16:24:57.103) [debug] [SimulationRunner.cc:600] Exiting postupdate worker thread (3)
[component_container-3] (2026-05-09 16:24:57.104) [debug] [SimulationRunner.cc:573] Creating PostUpdate worker threads: 6
[component_container-3] (2026-05-09 16:24:57.105) [debug] [SimulationRunner.cc:584] Creating postupdate worker thread (0)
[component_container-3] (2026-05-09 16:24:57.105) [debug] [SimulationRunner.cc:584] Creating postupdate worker thread (1)
[component_container-3] (2026-05-09 16:24:57.105) [debug] [SimulationRunner.cc:584] Creating postupdate worker thread (2)
[component_container-3] (2026-05-09 16:24:57.105) [debug] [SimulationRunner.cc:584] Creating postupdate worker thread (3)
[component_container-3] (2026-05-09 16:24:57.105) [debug] [SimulationRunner.cc:584] Creating postupdate worker thread (4)
[component_container-3] (2026-05-09 16:24:57.142) [debug] [EntityComponentManager.cc:1676] Updated state thread iterators: 10 threads processing around 12 entities each.
[spawner-6] [INFO] [1778343897.216228965] [spawner_joint_state_broadcaster]: Configured and activated joint_state_broadcaster
[component_container-3] [1;33mWarning [Utils.cc:119][0m [/sdf/model[@name="ur"]/link[@name="center_camera/sensor_link"]/sensor[@name="center_camera"]/camera[@name="center_camera"]/optical_frame_id]: SDF Element[optical_frame_id] is deprecated
[component_container-3] [1;33mWarning [Utils.cc:119][0m [/sdf/model[@name="ur"]/link[@name="left_camera/sensor_link"]/sensor[@name="left_camera"]/camera[@name="left_camera"]/optical_frame_id]: SDF Element[optical_frame_id] is deprecated
[component_container-3] [1;33mWarning [Utils.cc:119][0m [/sdf/model[@name="ur"]/link[@name="right_camera/sensor_link"]/sensor[@name="right_camera"]/camera[@name="right_camera"]/optical_frame_id]: SDF Element[optical_frame_id] is deprecated
[component_container-3] [INFO] [1778343897.279741506] [gz_server]: InitializeCanonicalLinks
[component_container-3] [INFO] [1778343897.280797965] [gz_server]: Creating services on gz_server
[component_container-3] [INFO] [1778343897.285691006] [gz_server]: Created service /gz_server/delete_entity
[INFO] [spawner-6]: process has finished cleanly [pid 251]
[component_container-3] [INFO] [1778343897.294480756] [gz_server]: Created service /gz_server/get_entities
[component_container-3] [INFO] [1778343897.297393048] [gz_server]: Created service /gz_server/get_entity_info
[INFO] [spawner-8]: process started with pid [389]
[component_container-3] [INFO] [1778343897.303965131] [gz_server]: Created service /gz_server/get_entity_state
[component_container-3] [INFO] [1778343897.305770256] [gz_server]: Created service /gz_server/get_entities_states
[component_container-3] [INFO] [1778343897.307945506] [gz_server]: Created service /gz_server/get_simulation_state
[component_container-3] [INFO] [1778343897.309904256] [gz_server]: Created service /gz_server/get_simulator_features
[component_container-3] [INFO] [1778343897.311847090] [gz_server]: Created service /gz_server/reset_simulation
[component_container-3] [INFO] [1778343897.315480381] [gz_server]: Created service /gz_server/set_entity_state
[component_container-3] [INFO] [1778343897.317550881] [gz_server]: Created service /gz_server/set_simulation_state
[component_container-3] [INFO] [1778343897.321769090] [gz_server]: Created service /gz_server/spawn_entity
[component_container-3] [INFO] [1778343897.323803173] [gz_server]: Created service /gz_server/step_simulation
[component_container-3] [INFO] [1778343897.336935006] [gz_server]: Created action /gz_server/simulate_steps
[component_container-3] [INFO] [1778343897.361363006] [controller_manager]: Loading controller : 'fts_broadcaster' of type 'force_torque_sensor_broadcaster/ForceTorqueSensorBroadcaster'
[component_container-3] [INFO] [1778343897.361461756] [controller_manager]: Loading controller 'fts_broadcaster'
[component_container-3] [INFO] [1778343897.386706215] [controller_manager]: Controller 'fts_broadcaster' node arguments: --ros-args --params-file /ws_aic/install/share/aic_bringup/config/aic_ros2_controllers.yaml -p use_sim_time:=true --param use_sim_time:=true 
[gz-4] [1;33mWarning [Utils.cc:119][0m [/sdf/model[@name="ur"]/link[@name="center_camera/sensor_link"]/sensor[@name="center_camera"]/camera[@name="center_camera"]/optical_frame_id]: SDF Element[optical_frame_id] is deprecated
[gz-4] [1;33mWarning [Utils.cc:119][0m [/sdf/model[@name="ur"]/link[@name="left_camera/sensor_link"]/sensor[@name="left_camera"]/camera[@name="left_camera"]/optical_frame_id]: SDF Element[optical_frame_id] is deprecated
[gz-4] [1;33mWarning [Utils.cc:119][0m [/sdf/model[@name="ur"]/link[@name="right_camera/sensor_link"]/sensor[@name="right_camera"]/camera[@name="right_camera"]/optical_frame_id]: SDF Element[optical_frame_id] is deprecated
[component_container-3] (2026-05-09 16:24:57.590) [debug] [RenderUtil.cc:2646] Create scene [scene]
[2m2026-05-09T16:24:57.732092Z[0m [32m INFO[0m acc-0 ThreadId(04) [2mzenoh::net::routing::interceptor::access_control[0m[2m:[0m 2d57c24d228d4e6e03b4d27103749e1e did not match any configured ACL subject. Default permission `Allow` will be applied on all messages
[component_container-3] (2026-05-09 16:25:00.429) [debug] [Sensors.cc:391] Rendering Thread initialized
[component_container-3] (2026-05-09 16:25:00.429) [debug] [Sensors.cc:953] Initialization needed
[component_container-3] (2026-05-09 16:25:00.478) [info] [ApplyLinkWrench.cc:209] Listening to instantaneous wrench commands in [/world/aic_world/wrench]
[component_container-3] (2026-05-09 16:25:00.478) [info] [ApplyLinkWrench.cc:220] Listening to persistent wrench commands in [/world/aic_world/wrench/persistent]
[component_container-3] (2026-05-09 16:25:00.479) [info] [ApplyLinkWrench.cc:231] Listening to wrench clear commands in [/world/aic_world/wrench/clear]
[component_container-3] (2026-05-09 16:25:00.480) [debug] [SystemManager.cc:80] Loaded system [gz::sim::systems::ApplyLinkWrench] for entity [1]
[component_container-3] (2026-05-09 16:25:00.481) [debug] [ForceTorque.cc:162] Adding JointTransmittedWrench to: 110
[component_container-3] [INFO] [1778343900.487543299] [ros_gz_container]: ForceTorque AtiForceTorqueSensor has a topic name: /axia80_m20/wrench
[component_container-3] [INFO] [1778343900.489220716] [ros_gz_container]: ForceTorque AtiForceTorqueSensor has a topic name: /axia80_m20/wrench
[spawner-7] [INFO] [1778343900.521462966] [spawner_fts_broadcaster]: Loaded fts_broadcaster
[component_container-3] [INFO] [1778343900.530429841] [controller_manager]: Configuring controller: 'fts_broadcaster'
[component_container-3] [INFO] [1778343900.541960383] [fts_broadcaster]: configure successful
[gz-4] (2026-05-09 16:25:00.911) [error] [SignalHandler.cc:178] [GUI] 4 Interrupted system call
[gz-4] (2026-05-09 16:25:01.311) [error] [SignalHandler.cc:178] [GUI] 4 Interrupted system call
[gz-4] (2026-05-09 16:25:01.410) [error] [SignalHandler.cc:178] [GUI] 4 Interrupted system call
[gz-4] (2026-05-09 16:25:01.510) [error] [SignalHandler.cc:178] [GUI] 4 Interrupted system call
[gz-4] (2026-05-09 16:25:01.610) [error] [SignalHandler.cc:178] [GUI] 4 Interrupted system call
[gz-4] (2026-05-09 16:25:01.710) [error] [SignalHandler.cc:178] [GUI] 4 Interrupted system call
[gz-4] (2026-05-09 16:25:01.812) [error] [SignalHandler.cc:178] [GUI] 4 Interrupted system call
[gz-4] (2026-05-09 16:25:01.910) [error] [SignalHandler.cc:178] [GUI] 4 Interrupted system call
[gz-4] (2026-05-09 16:25:02.011) [error] [SignalHandler.cc:178] [GUI] 4 Interrupted system call
[gz-4] (2026-05-09 16:25:02.110) [error] [SignalHandler.cc:178] [GUI] 4 Interrupted system call
[component_container-3] (2026-05-09 16:25:02.120) [debug] [CameraSensor.cc:342] Camera images for [ur5e::center_camera/sensor_link::center_camera] advertised on [/center_camera/image]
[component_container-3] (2026-05-09 16:25:02.121) [debug] [CameraSensor.cc:632] Camera info for [ur5e::center_camera/sensor_link::center_camera] advertised on [/center_camera/camera_info]
[component_container-3] (2026-05-09 16:25:02.126) [warning] [Ogre2Camera.cc:423] Ogre2Camera::SetVisibilityMask: Mask bits c0000000 are set but will be ignored as they conflict with the reserved bits used internally by the ogre2 backend.
[component_container-3] (2026-05-09 16:25:02.133) [debug] [CameraSensor.cc:342] Camera images for [ur5e::left_camera/sensor_link::left_camera] advertised on [/left_camera/image]
[component_container-3] (2026-05-09 16:25:02.133) [debug] [CameraSensor.cc:632] Camera info for [ur5e::left_camera/sensor_link::left_camera] advertised on [/left_camera/camera_info]
[component_container-3] (2026-05-09 16:25:02.133) [warning] [Ogre2Camera.cc:423] Ogre2Camera::SetVisibilityMask: Mask bits c0000000 are set but will be ignored as they conflict with the reserved bits used internally by the ogre2 backend.
[component_container-3] (2026-05-09 16:25:02.133) [debug] [CameraSensor.cc:342] Camera images for [ur5e::right_camera/sensor_link::right_camera] advertised on [/right_camera/image]
[component_container-3] (2026-05-09 16:25:02.133) [debug] [CameraSensor.cc:632] Camera info for [ur5e::right_camera/sensor_link::right_camera] advertised on [/right_camera/camera_info]
[component_container-3] (2026-05-09 16:25:02.133) [warning] [Ogre2Camera.cc:423] Ogre2Camera::SetVisibilityMask: Mask bits c0000000 are set but will be ignored as they conflict with the reserved bits used internally by the ogre2 backend.
[gz-4] (2026-05-09 16:25:02.210) [error] [SignalHandler.cc:178] [GUI] 4 Interrupted system call
[gz-4] (2026-05-09 16:25:02.310) [error] [SignalHandler.cc:178] [GUI] 4 Interrupted system call
[gz-4] (2026-05-09 16:25:02.410) [error] [SignalHandler.cc:178] [GUI] 4 Interrupted system call
[gz-4] (2026-05-09 16:25:02.512) [error] [SignalHandler.cc:178] [GUI] 4 Interrupted system call
[gz-4] (2026-05-09 16:25:02.610) [error] [SignalHandler.cc:178] [GUI] 4 Interrupted system call
[gz-4] (2026-05-09 16:25:02.711) [error] [SignalHandler.cc:178] [GUI] 4 Interrupted system call
[gz-4] (2026-05-09 16:25:02.810) [error] [SignalHandler.cc:178] [GUI] 4 Interrupted system call
[gz-4] (2026-05-09 16:25:02.910) [error] [SignalHandler.cc:178] [GUI] 4 Interrupted system call
[gz-4] (2026-05-09 16:25:03.010) [error] [SignalHandler.cc:178] [GUI] 4 Interrupted system call
[gz-4] (2026-05-09 16:25:03.111) [error] [SignalHandler.cc:178] [GUI] 4 Interrupted system call
[gz-4] (2026-05-09 16:25:03.210) [error] [SignalHandler.cc:178] [GUI] 4 Interrupted system call
[gz-4] (2026-05-09 16:25:03.310) [error] [SignalHandler.cc:178] [GUI] 4 Interrupted system call
[gz-4] (2026-05-09 16:25:03.410) [error] [SignalHandler.cc:178] [GUI] 4 Interrupted system call
[gz-4] (2026-05-09 16:25:03.510) [error] [SignalHandler.cc:178] [GUI] 4 Interrupted system call
[gz-4] (2026-05-09 16:25:03.610) [error] [SignalHandler.cc:178] [GUI] 4 Interrupted system call
[gz-4] (2026-05-09 16:25:03.710) [error] [SignalHandler.cc:178] [GUI] 4 Interrupted system call
[gz-4] (2026-05-09 16:25:03.810) [error] [SignalHandler.cc:178] [GUI] 4 Interrupted system call
[gz-4] (2026-05-09 16:25:03.910) [error] [SignalHandler.cc:178] [GUI] 4 Interrupted system call
[gz-4] (2026-05-09 16:25:04.010) [error] [SignalHandler.cc:178] [GUI] 4 Interrupted system call
[gz-4] (2026-05-09 16:25:04.110) [error] [SignalHandler.cc:178] [GUI] 4 Interrupted system call
[gz-4] (2026-05-09 16:25:04.210) [error] [SignalHandler.cc:178] [GUI] 4 Interrupted system call
[gz-4] (2026-05-09 16:25:04.310) [error] [SignalHandler.cc:178] [GUI] 4 Interrupted system call
[gz-4] (2026-05-09 16:25:04.411) [error] [SignalHandler.cc:178] [GUI] 4 Interrupted system call
[gz-4] (2026-05-09 16:25:04.510) [error] [SignalHandler.cc:178] [GUI] 4 Interrupted system call
[gz-4] (2026-05-09 16:25:04.612) [error] [SignalHandler.cc:178] [GUI] 4 Interrupted system call
[gz-4] (2026-05-09 16:25:04.711) [error] [SignalHandler.cc:178] [GUI] 4 Interrupted system call
[gz-4] (2026-05-09 16:25:04.810) [error] [SignalHandler.cc:178] [GUI] 4 Interrupted system call
[gz-4] (2026-05-09 16:25:04.910) [error] [SignalHandler.cc:178] [GUI] 4 Interrupted system call
[gz-4] (2026-05-09 16:25:05.011) [error] [SignalHandler.cc:178] [GUI] 4 Interrupted system call
[gz-4] (2026-05-09 16:25:05.110) [error] [SignalHandler.cc:178] [GUI] 4 Interrupted system call
[gz-4] (2026-05-09 16:25:05.210) [error] [SignalHandler.cc:178] [GUI] 4 Interrupted system call
[gz-4] (2026-05-09 16:25:05.310) [error] [SignalHandler.cc:178] [GUI] 4 Interrupted system call
[gz-4] (2026-05-09 16:25:05.410) [error] [SignalHandler.cc:178] [GUI] 4 Interrupted system call
[gz-4] (2026-05-09 16:25:05.510) [error] [SignalHandler.cc:178] [GUI] 4 Interrupted system call
[gz-4] (2026-05-09 16:25:05.610) [error] [SignalHandler.cc:178] [GUI] 4 Interrupted system call
[gz-4] (2026-05-09 16:25:05.714) [error] [SignalHandler.cc:178] [GUI] 4 Interrupted system call
[gz-4] (2026-05-09 16:25:05.810) [error] [SignalHandler.cc:178] [GUI] 4 Interrupted system call
[gz-4] (2026-05-09 16:25:05.910) [error] [SignalHandler.cc:178] [GUI] 4 Interrupted system call
[gz-4] (2026-05-09 16:25:06.010) [error] [SignalHandler.cc:178] [GUI] 4 Interrupted system call
[gz-4] (2026-05-09 16:25:06.110) [error] [SignalHandler.cc:178] [GUI] 4 Interrupted system call
[gz-4] (2026-05-09 16:25:06.210) [error] [SignalHandler.cc:178] [GUI] 4 Interrupted system call
[gz-4] (2026-05-09 16:25:06.310) [error] [SignalHandler.cc:178] [GUI] 4 Interrupted system call
[gz-4] (2026-05-09 16:25:06.410) [error] [SignalHandler.cc:178] [GUI] 4 Interrupted system call
[gz-4] (2026-05-09 16:25:06.510) [error] [SignalHandler.cc:178] [GUI] 4 Interrupted system call
[gz-4] (2026-05-09 16:25:06.611) [error] [SignalHandler.cc:178] [GUI] 4 Interrupted system call
[gz-4] (2026-05-09 16:25:06.711) [error] [SignalHandler.cc:178] [GUI] 4 Interrupted system call
[gz-4] (2026-05-09 16:25:06.810) [error] [SignalHandler.cc:178] [GUI] 4 Interrupted system call
[gz-4] (2026-05-09 16:25:06.910) [error] [SignalHandler.cc:178] [GUI] 4 Interrupted system call
[gz-4] (2026-05-09 16:25:07.010) [error] [SignalHandler.cc:178] [GUI] 4 Interrupted system call
[gz-4] (2026-05-09 16:25:07.110) [error] [SignalHandler.cc:178] [GUI] 4 Interrupted system call
[gz-4] (2026-05-09 16:25:07.210) [error] [SignalHandler.cc:178] [GUI] 4 Interrupted system call
[gz-4] (2026-05-09 16:25:07.310) [error] [SignalHandler.cc:178] [GUI] 4 Interrupted system call
[gz-4] (2026-05-09 16:25:07.410) [error] [SignalHandler.cc:178] [GUI] 4 Interrupted system call
[gz-4] (2026-05-09 16:25:07.510) [error] [SignalHandler.cc:178] [GUI] 4 Interrupted system call
[gz-4] (2026-05-09 16:25:07.610) [error] [SignalHandler.cc:178] [GUI] 4 Interrupted system call
[gz-4] (2026-05-09 16:25:07.710) [error] [SignalHandler.cc:178] [GUI] 4 Interrupted system call
[gz-4] (2026-05-09 16:25:07.810) [error] [SignalHandler.cc:178] [GUI] 4 Interrupted system call
[gz-4] (2026-05-09 16:25:07.910) [error] [SignalHandler.cc:178] [GUI] 4 Interrupted system call
[gz-4] (2026-05-09 16:25:08.010) [error] [SignalHandler.cc:178] [GUI] 4 Interrupted system call
[gz-4] (2026-05-09 16:25:08.110) [error] [SignalHandler.cc:178] [GUI] 4 Interrupted system call
[gz-4] (2026-05-09 16:25:08.210) [error] [SignalHandler.cc:178] [GUI] 4 Interrupted system call
[gz-4] (2026-05-09 16:25:08.310) [error] [SignalHandler.cc:178] [GUI] 4 Interrupted system call
[gz-4] (2026-05-09 16:25:08.410) [error] [SignalHandler.cc:178] [GUI] 4 Interrupted system call
[gz-4] (2026-05-09 16:25:08.510) [error] [SignalHandler.cc:178] [GUI] 4 Interrupted system call
[gz-4] (2026-05-09 16:25:08.611) [error] [SignalHandler.cc:178] [GUI] 4 Interrupted system call
[gz-4] (2026-05-09 16:25:08.710) [error] [SignalHandler.cc:178] [GUI] 4 Interrupted system call
[gz-4] (2026-05-09 16:25:08.810) [error] [SignalHandler.cc:178] [GUI] 4 Interrupted system call
[gz-4] (2026-05-09 16:25:08.910) [error] [SignalHandler.cc:178] [GUI] 4 Interrupted system call
[gz-4] (2026-05-09 16:25:09.011) [error] [SignalHandler.cc:178] [GUI] 4 Interrupted system call
[gz-4] (2026-05-09 16:25:09.110) [error] [SignalHandler.cc:178] [GUI] 4 Interrupted system call
[gz-4] (2026-05-09 16:25:09.210) [error] [SignalHandler.cc:178] [GUI] 4 Interrupted system call
[gz-4] (2026-05-09 16:25:09.310) [error] [SignalHandler.cc:178] [GUI] 4 Interrupted system call
[gz-4] (2026-05-09 16:25:09.410) [error] [SignalHandler.cc:178] [GUI] 4 Interrupted system call
[gz-4] (2026-05-09 16:25:09.510) [error] [SignalHandler.cc:178] [GUI] 4 Interrupted system call
[gz-4] (2026-05-09 16:25:09.610) [error] [SignalHandler.cc:178] [GUI] 4 Interrupted system call
[gz-4] (2026-05-09 16:25:09.710) [error] [SignalHandler.cc:178] [GUI] 4 Interrupted system call
[gz-4] (2026-05-09 16:25:09.811) [error] [SignalHandler.cc:178] [GUI] 4 Interrupted system call
[gz-4] (2026-05-09 16:25:09.910) [error] [SignalHandler.cc:178] [GUI] 4 Interrupted system call
[gz-4] (2026-05-09 16:25:10.010) [error] [SignalHandler.cc:178] [GUI] 4 Interrupted system call
[gz-4] (2026-05-09 16:25:10.111) [error] [SignalHandler.cc:178] [GUI] 4 Interrupted system call
[gz-4] (2026-05-09 16:25:10.212) [error] [SignalHandler.cc:178] [GUI] 4 Interrupted system call
[gz-4] (2026-05-09 16:25:10.310) [error] [SignalHandler.cc:178] [GUI] 4 Interrupted system call
[gz-4] (2026-05-09 16:25:10.411) [error] [SignalHandler.cc:178] [GUI] 4 Interrupted system call
[gz-4] (2026-05-09 16:25:10.510) [error] [SignalHandler.cc:178] [GUI] 4 Interrupted system call
[gz-4] (2026-05-09 16:25:10.610) [error] [SignalHandler.cc:178] [GUI] 4 Interrupted system call
[gz-4] (2026-05-09 16:25:10.711) [error] [SignalHandler.cc:178] [GUI] 4 Interrupted system call
[gz-4] (2026-05-09 16:25:10.810) [error] [SignalHandler.cc:178] [GUI] 4 Interrupted system call
[gz-4] (2026-05-09 16:25:10.911) [error] [SignalHandler.cc:178] [GUI] 4 Interrupted system call
[gz-4] (2026-05-09 16:25:11.010) [error] [SignalHandler.cc:178] [GUI] 4 Interrupted system call
[gz-4] (2026-05-09 16:25:11.110) [error] [SignalHandler.cc:178] [GUI] 4 Interrupted system call
[gz-4] (2026-05-09 16:25:11.210) [error] [SignalHandler.cc:178] [GUI] 4 Interrupted system call
[gz-4] (2026-05-09 16:25:11.310) [error] [SignalHandler.cc:178] [GUI] 4 Interrupted system call
[gz-4] (2026-05-09 16:25:11.410) [error] [SignalHandler.cc:178] [GUI] 4 Interrupted system call
[gz-4] (2026-05-09 16:25:11.510) [error] [SignalHandler.cc:178] [GUI] 4 Interrupted system call
[gz-4] (2026-05-09 16:25:11.611) [error] [SignalHandler.cc:178] [GUI] 4 Interrupted system call
[gz-4] (2026-05-09 16:25:11.713) [error] [SignalHandler.cc:178] [GUI] 4 Interrupted system call
[gz-4] (2026-05-09 16:25:11.811) [error] [SignalHandler.cc:178] [GUI] 4 Interrupted system call
[gz-4] (2026-05-09 16:25:11.910) [error] [SignalHandler.cc:178] [GUI] 4 Interrupted system call
[gz-4] (2026-05-09 16:25:12.011) [error] [SignalHandler.cc:178] [GUI] 4 Interrupted system call
[gz-4] (2026-05-09 16:25:12.110) [error] [SignalHandler.cc:178] [GUI] 4 Interrupted system call
[gz-4] (2026-05-09 16:25:12.210) [error] [SignalHandler.cc:178] [GUI] 4 Interrupted system call
[gz-4] (2026-05-09 16:25:12.310) [error] [SignalHandler.cc:178] [GUI] 4 Interrupted system call
[gz-4] (2026-05-09 16:25:12.410) [error] [SignalHandler.cc:178] [GUI] 4 Interrupted system call
[gz-4] (2026-05-09 16:25:12.510) [error] [SignalHandler.cc:178] [GUI] 4 Interrupted system call
[gz-4] (2026-05-09 16:25:12.612) [error] [SignalHandler.cc:178] [GUI] 4 Interrupted system call
[gz-4] (2026-05-09 16:25:12.710) [error] [SignalHandler.cc:178] [GUI] 4 Interrupted system call
[gz-4] (2026-05-09 16:25:12.811) [error] [SignalHandler.cc:178] [GUI] 4 Interrupted system call
[gz-4] (2026-05-09 16:25:12.910) [error] [SignalHandler.cc:178] [GUI] 4 Interrupted system call
[gz-4] (2026-05-09 16:25:13.011) [error] [SignalHandler.cc:178] [GUI] 4 Interrupted system call
[gz-4] (2026-05-09 16:25:13.111) [error] [SignalHandler.cc:178] [GUI] 4 Interrupted system call
[gz-4] (2026-05-09 16:25:13.211) [error] [SignalHandler.cc:178] [GUI] 4 Interrupted system call
[gz-4] (2026-05-09 16:25:13.311) [error] [SignalHandler.cc:178] [GUI] 4 Interrupted system call
[gz-4] (2026-05-09 16:25:13.411) [error] [SignalHandler.cc:178] [GUI] 4 Interrupted system call
[gz-4] (2026-05-09 16:25:13.511) [error] [SignalHandler.cc:178] [GUI] 4 Interrupted system call
[gz-4] (2026-05-09 16:25:13.610) [error] [SignalHandler.cc:178] [GUI] 4 Interrupted system call
[gz-4] (2026-05-09 16:25:13.711) [error] [SignalHandler.cc:178] [GUI] 4 Interrupted system call
[gz-4] (2026-05-09 16:25:13.811) [error] [SignalHandler.cc:178] [GUI] 4 Interrupted system call
[gz-4] (2026-05-09 16:25:13.911) [error] [SignalHandler.cc:178] [GUI] 4 Interrupted system call
[gz-4] (2026-05-09 16:25:14.010) [error] [SignalHandler.cc:178] [GUI] 4 Interrupted system call
[gz-4] (2026-05-09 16:25:14.110) [error] [SignalHandler.cc:178] [GUI] 4 Interrupted system call
[gz-4] (2026-05-09 16:25:14.211) [error] [SignalHandler.cc:178] [GUI] 4 Interrupted system call
[gz-4] (2026-05-09 16:25:14.311) [error] [SignalHandler.cc:178] [GUI] 4 Interrupted system call
[gz-4] (2026-05-09 16:25:14.411) [error] [SignalHandler.cc:178] [GUI] 4 Interrupted system call
[gz-4] (2026-05-09 16:25:14.511) [error] [SignalHandler.cc:178] [GUI] 4 Interrupted system call
[gz-4] (2026-05-09 16:25:14.611) [error] [SignalHandler.cc:178] [GUI] 4 Interrupted system call
[gz-4] (2026-05-09 16:25:14.711) [error] [SignalHandler.cc:178] [GUI] 4 Interrupted system call
[gz-4] (2026-05-09 16:25:14.811) [error] [SignalHandler.cc:178] [GUI] 4 Interrupted system call
[gz-4] (2026-05-09 16:25:14.913) [error] [SignalHandler.cc:178] [GUI] 4 Interrupted system call
[gz-4] (2026-05-09 16:25:15.011) [error] [SignalHandler.cc:178] [GUI] 4 Interrupted system call
[gz-4] (2026-05-09 16:25:15.111) [error] [SignalHandler.cc:178] [GUI] 4 Interrupted system call
[gz-4] (2026-05-09 16:25:17.014) [error] [SignalHandler.cc:178] [GUI] 4 Interrupted system call
[gz-4] (2026-05-09 16:25:17.711) [error] [SignalHandler.cc:178] [GUI] 4 Interrupted system call
[gz-4] (2026-05-09 16:25:17.811) [error] [SignalHandler.cc:178] [GUI] 4 Interrupted system call
[spawner-8] [WARN] [1778343917.856860418] [ros2_control_controller_spawner_aic_controller]: Attempt 1 failed. Retrying in 3 seconds...
[gz-4] (2026-05-09 16:25:18.412) [error] [SignalHandler.cc:178] [GUI] 4 Interrupted system call
[gz-4] (2026-05-09 16:25:18.811) [error] [SignalHandler.cc:178] [GUI] 4 Interrupted system call
[gz-4] (2026-05-09 16:25:19.611) [error] [SignalHandler.cc:178] [GUI] 4 Interrupted system call
[gz-4] (2026-05-09 16:25:19.711) [error] [SignalHandler.cc:178] [GUI] 4 Interrupted system call
[gz-4] (2026-05-09 16:25:21.811) [error] [SignalHandler.cc:178] [GUI] 4 Interrupted system call
[gz-4] (2026-05-09 16:25:21.911) [error] [SignalHandler.cc:178] [GUI] 4 Interrupted system call
[gz-4] (2026-05-09 16:25:22.011) [error] [SignalHandler.cc:178] [GUI] 4 Interrupted system call
[gz-4] (2026-05-09 16:25:22.111) [error] [SignalHandler.cc:178] [GUI] 4 Interrupted system call
[gz-4] (2026-05-09 16:25:22.211) [error] [SignalHandler.cc:178] [GUI] 4 Interrupted system call
[gz-4] (2026-05-09 16:25:22.311) [error] [SignalHandler.cc:178] [GUI] 4 Interrupted system call
[gz-4] (2026-05-09 16:25:22.411) [error] [SignalHandler.cc:178] [GUI] 4 Interrupted system call
[gz-4] (2026-05-09 16:25:23.115) [error] [SignalHandler.cc:178] [GUI] 4 Interrupted system call
[gz-4] (2026-05-09 16:25:23.211) [error] [SignalHandler.cc:178] [GUI] 4 Interrupted system call
[gz-4] (2026-05-09 16:25:24.411) [error] [SignalHandler.cc:178] [GUI] 4 Interrupted system call
[gz-4] (2026-05-09 16:25:24.511) [error] [SignalHandler.cc:178] [GUI] 4 Interrupted system call
[gz-4] (2026-05-09 16:25:24.611) [error] [SignalHandler.cc:178] [GUI] 4 Interrupted system call
[gz-4] (2026-05-09 16:25:24.711) [error] [SignalHandler.cc:178] [GUI] 4 Interrupted system call
[gz-4] (2026-05-09 16:25:24.811) [error] [SignalHandler.cc:178] [GUI] 4 Interrupted system call
[gz-4] (2026-05-09 16:25:26.115) [error] [SignalHandler.cc:178] [GUI] 4 Interrupted system call
[gz-4] (2026-05-09 16:25:26.213) [error] [SignalHandler.cc:178] [GUI] 4 Interrupted system call
[gz-4] (2026-05-09 16:25:26.311) [error] [SignalHandler.cc:178] [GUI] 4 Interrupted system call
[gz-4] (2026-05-09 16:25:26.411) [error] [SignalHandler.cc:178] [GUI] 4 Interrupted system call
[gz-4] (2026-05-09 16:25:26.511) [error] [SignalHandler.cc:178] [GUI] 4 Interrupted system call
[gz-4] (2026-05-09 16:25:26.610) [error] [SignalHandler.cc:178] [GUI] 4 Interrupted system call
[gz-4] (2026-05-09 16:25:26.711) [error] [SignalHandler.cc:178] [GUI] 4 Interrupted system call
[component_container-3] (2026-05-09 16:25:28.831) [warning] [Ogre2RenderTarget.cc:668] Anti-aliasing level of '' is not supported; valid FSAA levels are: [ 0 ]. Setting to 1
[spawner-7] [WARN] [1778343930.541034633] [spawner_fts_broadcaster]: Failed getting a result from calling /controller_manager/configure_controller in 30.0. (Attempt 1 of 3.)
[gz-4] (2026-05-09 16:25:30.911) [error] [SignalHandler.cc:178] [GUI] 4 Interrupted system call
[gz-4] (2026-05-09 16:25:31.111) [error] [SignalHandler.cc:178] [GUI] 4 Interrupted system call
[gz-4] (2026-05-09 16:25:31.711) [error] [SignalHandler.cc:178] [GUI] 4 Interrupted system call
[gz-4] (2026-05-09 16:25:31.814) [error] [SignalHandler.cc:178] [GUI] 4 Interrupted system call
[gz-4] (2026-05-09 16:25:31.911) [error] [SignalHandler.cc:178] [GUI] 4 Interrupted system call
[gz-4] (2026-05-09 16:25:32.211) [error] [SignalHandler.cc:178] [GUI] 4 Interrupted system call
[gz-4] (2026-05-09 16:25:32.414) [error] [SignalHandler.cc:178] [GUI] 4 Interrupted system call
[gz-4] (2026-05-09 16:25:32.511) [error] [SignalHandler.cc:178] [GUI] 4 Interrupted system call
[gz-4] (2026-05-09 16:25:32.911) [error] [SignalHandler.cc:178] [GUI] 4 Interrupted system call
[gz-4] (2026-05-09 16:25:33.011) [error] [SignalHandler.cc:178] [GUI] 4 Interrupted system call
[gz-4] (2026-05-09 16:25:34.315) [error] [SignalHandler.cc:178] [GUI] 4 Interrupted system call
[gz-4] (2026-05-09 16:25:34.411) [error] [SignalHandler.cc:178] [GUI] 4 Interrupted system call
[gz-4] (2026-05-09 16:25:34.611) [error] [SignalHandler.cc:178] [GUI] 4 Interrupted system call
[gz-4] (2026-05-09 16:25:34.811) [error] [SignalHandler.cc:178] [GUI] 4 Interrupted system call
[gz-4] (2026-05-09 16:25:34.911) [error] [SignalHandler.cc:178] [GUI] 4 Interrupted system call
[gz-4] (2026-05-09 16:25:35.011) [error] [SignalHandler.cc:178] [GUI] 4 Interrupted system call
[gz-4] (2026-05-09 16:25:35.113) [error] [SignalHandler.cc:178] [GUI] 4 Interrupted system call
[gz-4] (2026-05-09 16:25:35.211) [error] [SignalHandler.cc:178] [GUI] 4 Interrupted system call
[gz-4] (2026-05-09 16:25:36.211) [error] [SignalHandler.cc:178] [GUI] 4 Interrupted system call
[component_container-3] (2026-05-09 16:25:37.844) [debug] [CameraSensor.cc:441] Enabling camera sensor: 'ur5e::center_camera/sensor_link::center_camera' data generation.
[gz-4] (2026-05-09 16:25:38.211) [error] [SignalHandler.cc:178] [GUI] 4 Interrupted system call
[gz-4] (2026-05-09 16:25:38.311) [error] [SignalHandler.cc:178] [GUI] 4 Interrupted system call
[gz-4] (2026-05-09 16:25:38.411) [error] [SignalHandler.cc:178] [GUI] 4 Interrupted system call
[gz-4] (2026-05-09 16:25:38.511) [error] [SignalHandler.cc:178] [GUI] 4 Interrupted system call
[gz-4] (2026-05-09 16:25:38.611) [error] [SignalHandler.cc:178] [GUI] 4 Interrupted system call
[gz-4] (2026-05-09 16:25:38.711) [error] [SignalHandler.cc:178] [GUI] 4 Interrupted system call
[gz-4] (2026-05-09 16:25:38.811) [error] [SignalHandler.cc:178] [GUI] 4 Interrupted system call
[gz-4] (2026-05-09 16:25:38.911) [error] [SignalHandler.cc:178] [GUI] 4 Interrupted system call
[gz-4] (2026-05-09 16:25:39.011) [error] [SignalHandler.cc:178] [GUI] 4 Interrupted system call
[gz-4] (2026-05-09 16:25:40.111) [error] [SignalHandler.cc:178] [GUI] 4 Interrupted system call
[gz-4] (2026-05-09 16:25:40.311) [error] [SignalHandler.cc:178] [GUI] 4 Interrupted system call
[gz-4] (2026-05-09 16:25:40.411) [error] [SignalHandler.cc:178] [GUI] 4 Interrupted system call
[gz-4] (2026-05-09 16:25:40.511) [error] [SignalHandler.cc:178] [GUI] 4 Interrupted system call
[gz-4] (2026-05-09 16:25:40.611) [error] [SignalHandler.cc:178] [GUI] 4 Interrupted system call
[gz-4] (2026-05-09 16:25:40.710) [error] [SignalHandler.cc:178] [GUI] 4 Interrupted system call
[gz-4] (2026-05-09 16:25:40.811) [error] [SignalHandler.cc:178] [GUI] 4 Interrupted system call
[spawner-8] [WARN] [1778343940.907571804] [ros2_control_controller_spawner_aic_controller]: Attempt 2 failed. Retrying in 3 seconds...
[gz-4] (2026-05-09 16:25:40.911) [error] [SignalHandler.cc:178] [GUI] 4 Interrupted system call
[component_container-3] (2026-05-09 16:25:41.116) [debug] [CameraSensor.cc:441] Enabling camera sensor: 'ur5e::left_camera/sensor_link::left_camera' data generation.
[gz-4] (2026-05-09 16:25:42.112) [error] [SignalHandler.cc:178] [GUI] 4 Interrupted system call
[component_container-3] (2026-05-09 16:25:42.116) [debug] [CameraSensor.cc:441] Enabling camera sensor: 'ur5e::right_camera/sensor_link::right_camera' data generation.
[gz-4] (2026-05-09 16:25:42.316) [error] [SignalHandler.cc:178] [GUI] 4 Interrupted system call
[gz-4] (2026-05-09 16:25:42.411) [error] [SignalHandler.cc:178] [GUI] 4 Interrupted system call
[gz-4] (2026-05-09 16:25:42.614) [error] [SignalHandler.cc:178] [GUI] 4 Interrupted system call
[gz-4] (2026-05-09 16:25:42.811) [error] [SignalHandler.cc:178] [GUI] 4 Interrupted system call
[component_container-3] (2026-05-09 16:25:43.436) [debug] [SimulationRunner.cc:600] Exiting postupdate worker thread (0)
[component_container-3] (2026-05-09 16:25:43.436) [debug] [SimulationRunner.cc:600] Exiting postupdate worker thread (2)
[component_container-3] (2026-05-09 16:25:43.436) [debug] [SimulationRunner.cc:600] Exiting postupdate worker thread (4)
[component_container-3] (2026-05-09 16:25:43.436) [debug] [SimulationRunner.cc:600] Exiting postupdate worker thread (3)
[component_container-3] (2026-05-09 16:25:43.436) [debug] [SimulationRunner.cc:600] Exiting postupdate worker thread (1)
[component_container-3] (2026-05-09 16:25:43.439) [debug] [SimulationRunner.cc:573] Creating PostUpdate worker threads: 6
[component_container-3] (2026-05-09 16:25:43.439) [debug] [SimulationRunner.cc:584] Creating postupdate worker thread (0)
[component_container-3] (2026-05-09 16:25:43.440) [debug] [SimulationRunner.cc:584] Creating postupdate worker thread (1)
[component_container-3] (2026-05-09 16:25:43.440) [debug] [SimulationRunner.cc:584] Creating postupdate worker thread (2)
[component_container-3] (2026-05-09 16:25:43.440) [debug] [SimulationRunner.cc:584] Creating postupdate worker thread (3)
[component_container-3] (2026-05-09 16:25:43.440) [debug] [SimulationRunner.cc:584] Creating postupdate worker thread (4)
[component_container-3] [INFO] [1778343943.455097916] [controller_manager]: Configuring controller: 'fts_broadcaster'
[component_container-3] [INFO] [1778343943.468676916] [fts_broadcaster]: configure successful
[component_container-3] [INFO] [1778343943.481680500] [controller_manager]: Activating controllers: [ fts_broadcaster ]
[component_container-3] [INFO] [1778343943.481806833] [controller_manager]: Requested controller switch from non-realtime loop
[component_container-3] [INFO] [1778343943.482290708] [controller_manager]: Successfully switched controllers!
[spawner-7] [INFO] [1778343943.486323958] [spawner_fts_broadcaster]: Configured and activated fts_broadcaster
[INFO] [spawner-7]: process has finished cleanly [pid 253]
[component_container-3] [INFO] [1778343944.177097125] [controller_manager]: Loading controller : 'aic_controller' of type 'aic/Controller'
[component_container-3] [INFO] [1778343944.177154583] [controller_manager]: Loading controller 'aic_controller'
[component_container-3] [INFO] [1778343944.206033292] [controller_manager]: Controller 'aic_controller' node arguments: --ros-args --params-file /ws_aic/install/share/aic_bringup/config/aic_ros2_controllers.yaml -p use_sim_time:=true --param use_sim_time:=true 
[component_container-3] (2026-05-09 16:25:44.267) [debug] [WorldSdfGeneratorPlugin.cc:79] Saving world: aic_world to: /tmp/aic.sdf
[component_container-3] (2026-05-09 16:25:44.267) [info] [WorldSdfGeneratorPlugin.cc:84] World saved to /tmp/aic.sdf
[gz-4] (2026-05-09 16:25:44.511) [error] [SignalHandler.cc:178] [GUI] 4 Interrupted system call
[gz-4] (2026-05-09 16:25:44.611) [error] [SignalHandler.cc:178] [GUI] 4 Interrupted system call
[gz-4] (2026-05-09 16:25:44.911) [error] [SignalHandler.cc:178] [GUI] 4 Interrupted system call
[gz-4] (2026-05-09 16:25:45.112) [error] [SignalHandler.cc:178] [GUI] 4 Interrupted system call
[gz-4] (2026-05-09 16:25:45.311) [error] [SignalHandler.cc:178] [GUI] 4 Interrupted system call
[gz-4] (2026-05-09 16:25:45.411) [error] [SignalHandler.cc:178] [GUI] 4 Interrupted system call
[gz-4] (2026-05-09 16:25:46.111) [error] [SignalHandler.cc:178] [GUI] 4 Interrupted system call
[gz-4] (2026-05-09 16:25:46.211) [error] [SignalHandler.cc:178] [GUI] 4 Interrupted system call
[gz-4] (2026-05-09 16:25:46.311) [error] [SignalHandler.cc:178] [GUI] 4 Interrupted system call
[gz-4] (2026-05-09 16:25:46.411) [error] [SignalHandler.cc:178] [GUI] 4 Interrupted system call
[gz-4] (2026-05-09 16:25:46.511) [error] [SignalHandler.cc:178] [GUI] 4 Interrupted system call
[gz-4] (2026-05-09 16:25:46.611) [error] [SignalHandler.cc:178] [GUI] 4 Interrupted system call
[gz-4] (2026-05-09 16:25:46.711) [error] [SignalHandler.cc:178] [GUI] 4 Interrupted system call
[gz-4] (2026-05-09 16:25:46.814) [error] [SignalHandler.cc:178] [GUI] 4 Interrupted system call
[gz-4] (2026-05-09 16:25:47.311) [error] [SignalHandler.cc:178] [GUI] 4 Interrupted system call
[gz-4] (2026-05-09 16:25:47.815) [error] [SignalHandler.cc:178] [GUI] 4 Interrupted system call
[spawner-8] [INFO] [1778343947.828956585] [spawner_aic_controller]: Loaded aic_controller
[component_container-3] [INFO] [1778343947.837457585] [controller_manager]: Configuring controller: 'aic_controller'
[component_container-3] [INFO] [1778343947.837944210] [aic_controller]: Control mode set to impedance
[component_container-3] [INFO] [1778343947.837973252] [aic_controller]: Target mode set to Cartesian. Accepting MotionUpdate targets.
[gz-4] (2026-05-09 16:25:48.111) [error] [SignalHandler.cc:178] [GUI] 4 Interrupted system call
[gz-4] (2026-05-09 16:25:48.511) [error] [SignalHandler.cc:178] [GUI] 4 Interrupted system call
[gz-4] (2026-05-09 16:25:48.611) [error] [SignalHandler.cc:178] [GUI] 4 Interrupted system call
[gz-4] (2026-05-09 16:25:48.711) [error] [SignalHandler.cc:178] [GUI] 4 Interrupted system call
[gz-4] (2026-05-09 16:25:48.811) [error] [SignalHandler.cc:178] [GUI] 4 Interrupted system call
[gz-4] (2026-05-09 16:25:49.011) [error] [SignalHandler.cc:178] [GUI] 4 Interrupted system call
[gz-4] (2026-05-09 16:25:49.111) [error] [SignalHandler.cc:178] [GUI] 4 Interrupted system call
[gz-4] (2026-05-09 16:25:49.211) [error] [SignalHandler.cc:178] [GUI] 4 Interrupted system call
[gz-4] (2026-05-09 16:25:49.311) [error] [SignalHandler.cc:178] [GUI] 4 Interrupted system call
[gz-4] (2026-05-09 16:25:50.111) [error] [SignalHandler.cc:178] [GUI] 4 Interrupted system call
[gz-4] (2026-05-09 16:25:50.211) [error] [SignalHandler.cc:178] [GUI] 4 Interrupted system call
[gz-4] (2026-05-09 16:25:50.311) [error] [SignalHandler.cc:178] [GUI] 4 Interrupted system call
[gz-4] (2026-05-09 16:25:50.611) [error] [SignalHandler.cc:178] [GUI] 4 Interrupted system call
[gz-4] (2026-05-09 16:25:50.711) [error] [SignalHandler.cc:178] [GUI] 4 Interrupted system call
[gz-4] (2026-05-09 16:25:50.911) [error] [SignalHandler.cc:178] [GUI] 4 Interrupted system call
[gz-4] (2026-05-09 16:25:51.011) [error] [SignalHandler.cc:178] [GUI] 4 Interrupted system call
[gz-4] (2026-05-09 16:25:51.811) [error] [SignalHandler.cc:178] [GUI] 4 Interrupted system call
[gz-4] (2026-05-09 16:25:51.911) [error] [SignalHandler.cc:178] [GUI] 4 Interrupted system call

[web] stop requested: new warehouse_visual run started
[WARNING] [launch]: user interrupted with ctrl-c (SIGINT)
[2m2026-05-09T16:25:52.037155Z[0m [32m INFO[0m ThreadId(02) [2mzenoh::api::session[0m[2m:[0m close session [3mzid[0m[2m=[0mfb77673b81d563bc58b3d271c239be0b
[ros2run]: Received signal:  Interrupt
[INFO] [spawner-8]: sending signal 'SIGINT' to process[spawner-8]
[INFO] [aic_adapter-2]: process has finished cleanly [pid 114]
[INFO] [robot_state_publisher-1]: process has finished cleanly [pid 112]
[ERROR] [component_container-3]: process has died [pid 116, exit code -6, cmd '/opt/ros/kilted/lib/rclcpp_components/component_container --ros-args -r __node:=ros_gz_container -r __ns:=/'].
[INFO] [gz-4]: sending signal 'SIGINT' to process[gz-4]
[aic_adapter-2] [INFO] [1778343952.022663920] [rclcpp]: signal_handler(SIGINT/SIGTERM)
[robot_state_publisher-1] [INFO] [1778343952.025122795] [rclcpp]: signal_handler(SIGINT/SIGTERM)
[component_container-3] (2026-05-09 16:25:52.033) [debug] [SignalHandler.cc:278] Received signal[2].
[component_container-3] (2026-05-09 16:25:52.033) [debug] [ServerPrivate.cc:127] Server received signal[2]
[component_container-3] (2026-05-09 16:25:52.077) [debug] [Sensors.cc:565] SensorsPrivate::Stop
[gz-4] (2026-05-09 16:25:52.111) [error] [SignalHandler.cc:178] [GUI] 4 Interrupted system call
[gz-4] (2026-05-09 16:25:52.211) [error] [SignalHandler.cc:178] [GUI] 4 Interrupted system call
[gz-4] (2026-05-09 16:25:52.311) [error] [SignalHandler.cc:178] [GUI] 4 Interrupted system call
[gz-4] (2026-05-09 16:25:52.411) [error] [SignalHandler.cc:178] [GUI] 4 Interrupted system call
[component_container-3] corrupted size vs. prev_size while consolidating
[gz-4] (2026-05-09 16:25:52.611) [error] [SignalHandler.cc:178] [GUI] 4 Interrupted system call
[gz-4] (2026-05-09 16:25:52.715) [error] [SignalHandler.cc:178] [GUI] 4 Interrupted system call
[gz-4] (2026-05-09 16:25:52.811) [error] [SignalHandler.cc:178] [GUI] 4 Interrupted system call
[gz-4] (2026-05-09 16:25:52.911) [error] [SignalHandler.cc:178] [GUI] 4 Interrupted system call
[gz-4] (2026-05-09 16:25:53.011) [error] [SignalHandler.cc:178] [GUI] 4 Interrupted system call
[gz-4] (2026-05-09 16:25:53.111) [error] [SignalHandler.cc:178] [GUI] 4 Interrupted system call
[gz-4] (2026-05-09 16:25:53.211) [error] [SignalHandler.cc:178] [GUI] 4 Interrupted system call
[gz-4] (2026-05-09 16:25:53.311) [error] [SignalHandler.cc:178] [GUI] 4 Interrupted system call
[gz-4] (2026-05-09 16:25:53.411) [error] [SignalHandler.cc:178] [GUI] 4 Interrupted system call
[gz-4] (2026-05-09 16:25:53.512) [error] [SignalHandler.cc:178] [GUI] 4 Interrupted system call
[gz-4] (2026-05-09 16:25:53.611) [error] [SignalHandler.cc:178] [GUI] 4 Interrupted system call
[gz-4] (2026-05-09 16:25:53.711) [error] [SignalHandler.cc:178] [GUI] 4 Interrupted system call
[gz-4] (2026-05-09 16:25:53.811) [error] [SignalHandler.cc:178] [GUI] 4 Interrupted system call
[gz-4] (2026-05-09 16:25:53.911) [error] [SignalHandler.cc:178] [GUI] 4 Interrupted system call
