$ ['python3', '/opt/aic_web/warehouse_visual.py']

(2026-05-09 14:40:32.909) [info] [Gui.cc:332] Gazebo Sim GUI    v9.5.0
(2026-05-09 14:40:33.052) [info] [gz.cc:170] Received world [/opt/aic_web/warehouse_visual.sdf] from the GUI.
(2026-05-09 14:40:33.054) [info] [gz.cc:337] Gazebo Sim Server v9.5.0
QStandardPaths: XDG_RUNTIME_DIR not set, defaulting to '/tmp/runtime-root'
(2026-05-09 14:40:33.139) [info] [ServerPrivate.cc:664] Loading SDF world file[/opt/aic_web/warehouse_visual.sdf].
(2026-05-09 14:40:33.568) [error] [SignalHandler.cc:178] [GUI] 4 Interrupted system call
(2026-05-09 14:40:34.941) [info] [SystemManager.cc:54] Serving entity system service on [/entity/system/add]
(2026-05-09 14:40:35.061) [info] [UserCommands.cc:752] Create service on [/world/warehouse_mobile/create_multiple] (async)
(2026-05-09 14:40:35.061) [info] [UserCommands.cc:754] Create service on [/world/warehouse_mobile/create_multiple/blocking] (blocking)
(2026-05-09 14:40:35.061) [info] [UserCommands.cc:752] Remove service on [/world/warehouse_mobile/remove] (async)
(2026-05-09 14:40:35.061) [info] [UserCommands.cc:754] Remove service on [/world/warehouse_mobile/remove/blocking] (blocking)
(2026-05-09 14:40:35.062) [info] [UserCommands.cc:752] Pose service on [/world/warehouse_mobile/set_pose] (async)
(2026-05-09 14:40:35.062) [info] [UserCommands.cc:754] Pose service on [/world/warehouse_mobile/set_pose/blocking] (blocking)
(2026-05-09 14:40:35.062) [info] [UserCommands.cc:752] Pose service on [/world/warehouse_mobile/set_pose_vector] (async)
(2026-05-09 14:40:35.062) [info] [UserCommands.cc:754] Pose service on [/world/warehouse_mobile/set_pose_vector/blocking] (blocking)
(2026-05-09 14:40:35.062) [info] [UserCommands.cc:752] Light configuration service on [/world/warehouse_mobile/light_config] (async)
(2026-05-09 14:40:35.062) [info] [UserCommands.cc:754] Light configuration service on [/world/warehouse_mobile/light_config/blocking] (blocking)
(2026-05-09 14:40:35.064) [info] [UserCommands.cc:752] Physics service on [/world/warehouse_mobile/set_physics] (async)
(2026-05-09 14:40:35.064) [info] [UserCommands.cc:754] Physics service on [/world/warehouse_mobile/set_physics/blocking] (blocking)
(2026-05-09 14:40:35.064) [info] [UserCommands.cc:752] SphericalCoordinates service on [/world/warehouse_mobile/set_spherical_coordinates] (async)
(2026-05-09 14:40:35.064) [info] [UserCommands.cc:754] SphericalCoordinates service on [/world/warehouse_mobile/set_spherical_coordinates/blocking] (blocking)
(2026-05-09 14:40:35.064) [info] [UserCommands.cc:752] Enable collision service on [/world/warehouse_mobile/enable_collision] (async)
(2026-05-09 14:40:35.064) [info] [UserCommands.cc:754] Enable collision service on [/world/warehouse_mobile/enable_collision/blocking] (blocking)
(2026-05-09 14:40:35.064) [info] [UserCommands.cc:752] Disable collision service on [/world/warehouse_mobile/disable_collision] (async)
(2026-05-09 14:40:35.064) [info] [UserCommands.cc:754] Disable collision service on [/world/warehouse_mobile/disable_collision/blocking] (blocking)
(2026-05-09 14:40:35.065) [info] [UserCommands.cc:752] Material service on [/world/warehouse_mobile/visual_config] (async)
(2026-05-09 14:40:35.065) [info] [UserCommands.cc:754] Material service on [/world/warehouse_mobile/visual_config/blocking] (blocking)
(2026-05-09 14:40:35.065) [info] [UserCommands.cc:752] Material service on [/world/warehouse_mobile/wheel_slip] (async)
(2026-05-09 14:40:35.065) [info] [UserCommands.cc:754] Material service on [/world/warehouse_mobile/wheel_slip/blocking] (blocking)
(2026-05-09 14:40:35.074) [info] [LevelManager.cc:646] Loaded level [default]
(2026-05-09 14:40:35.079) [info] [SimulationRunner.cc:275] Serving world controls on [/world/warehouse_mobile/control], [/world/warehouse_mobile/control/state] and [/world/warehouse_mobile/playback/control]
(2026-05-09 14:40:35.079) [warning] [Conversions.cc:735] <gui><camera> can't be converted yet
(2026-05-09 14:40:35.079) [info] [SimulationRunner.cc:301] Serving GUI information on [/world/warehouse_mobile/gui/info]
(2026-05-09 14:40:35.079) [info] [SimulationRunner.cc:304] World [warehouse_mobile] initialized with [1ms] physics profile.
(2026-05-09 14:40:35.079) [info] [SimulationRunner.cc:311] Serving world SDF generation service on [/world/warehouse_mobile/generate_world_sdf]
(2026-05-09 14:40:35.080) [info] [ServerPrivate.cc:344] Serving world names on [/gazebo/worlds]
(2026-05-09 14:40:35.081) [info] [ServerPrivate.cc:357] Resource path add service on [/gazebo/resource_paths/add].
(2026-05-09 14:40:35.081) [info] [ServerPrivate.cc:370] Resource path get service on [/gazebo/resource_paths/get].
(2026-05-09 14:40:35.081) [info] [ServerPrivate.cc:385] Resource path resolve service on [/gazebo/resource_paths/resolve].
(2026-05-09 14:40:35.082) [info] [ServerPrivate.cc:399] Resource paths published on [/gazebo/resource_paths].
(2026-05-09 14:40:35.082) [info] [ServerPrivate.cc:412] Server control service on [/server_control].
(2026-05-09 14:40:35.084) [info] [SimulationRunner.cc:769] Found no publishers on /stats, adding root stats topic
(2026-05-09 14:40:35.188) [info] [SimulationRunner.cc:803] Found no publishers on /clock, adding root clock topic
(2026-05-09 14:40:35.262) [info] [SceneBroadcaster.cc:634] Serving scene information on [/world/warehouse_mobile/scene/info]
(2026-05-09 14:40:35.262) [info] [SceneBroadcaster.cc:643] Serving graph information on [/world/warehouse_mobile/scene/graph]
(2026-05-09 14:40:35.262) [info] [SceneBroadcaster.cc:654] Serving full state on [/world/warehouse_mobile/state]
(2026-05-09 14:40:35.262) [info] [SceneBroadcaster.cc:663] Serving full state (async) on [/world/warehouse_mobile/state_async]
(2026-05-09 14:40:35.262) [info] [SceneBroadcaster.cc:671] Publishing scene information on [/world/warehouse_mobile/scene/info]
(2026-05-09 14:40:35.262) [info] [SceneBroadcaster.cc:680] Publishing entity deletions on [/world/warehouse_mobile/scene/deletion]
(2026-05-09 14:40:35.263) [info] [SceneBroadcaster.cc:689] Publishing state changes on [/world/warehouse_mobile/state]
(2026-05-09 14:40:35.263) [info] [SceneBroadcaster.cc:700] Publishing pose messages on [/world/warehouse_mobile/pose/info]
(2026-05-09 14:40:35.263) [info] [SceneBroadcaster.cc:711] Publishing dynamic pose messages on [/world/warehouse_mobile/dynamic_pose/info]
(2026-05-09 14:40:35.385) [info] [Application.cc:766] [GUI] Added plugin [3D View] to main window
(2026-05-09 14:40:35.385) [info] [Application.cc:652] [GUI] Loaded plugin [MinimalScene] from path [/ws_aic/install/lib/gz-gui-9/plugins/libMinimalScene.so]
(2026-05-09 14:40:35.391) [info] [EntityContextMenu.cc:134] [GUI] Currently tracking topic on [/gui/currently_tracked]
(2026-05-09 14:40:35.424) [info] [Application.cc:766] [GUI] Added plugin [Entity Context Menu] to main window
(2026-05-09 14:40:35.424) [info] [Application.cc:652] [GUI] Loaded plugin [EntityContextMenuPlugin] from path [/ws_aic/install/lib/gz-sim-9/plugins/gui/libEntityContextMenuPlugin.so]
(2026-05-09 14:40:35.508) [info] [Application.cc:766] [GUI] Added plugin [Scene Manager] to main window
(2026-05-09 14:40:35.508) [info] [Application.cc:652] [GUI] Loaded plugin [GzSceneManager] from path [/ws_aic/install/lib/gz-sim-9/plugins/gui/libGzSceneManager.so]
(2026-05-09 14:40:35.513) [info] [InteractiveViewControl.cc:409] [GUI] Camera view controller topic advertised on [/gui/camera/view_control]
(2026-05-09 14:40:35.513) [info] [InteractiveViewControl.cc:417] [GUI] Camera reference visual topic advertised on [/gui/camera/view_control/reference_visual]
(2026-05-09 14:40:35.514) [info] [InteractiveViewControl.cc:427] [GUI] Camera view control sensitivity advertised on [/gui/camera/view_control/sensitivity]
(2026-05-09 14:40:35.531) [info] [Application.cc:766] [GUI] Added plugin [Interactive view control] to main window
(2026-05-09 14:40:35.531) [info] [Application.cc:652] [GUI] Loaded plugin [InteractiveViewControl] from path [/ws_aic/install/lib/gz-gui-9/plugins/libInteractiveViewControl.so]
(2026-05-09 14:40:35.549) [info] [Application.cc:766] [GUI] Added plugin [Camera tracking] to main window
(2026-05-09 14:40:35.549) [info] [Application.cc:652] [GUI] Loaded plugin [CameraTracking] from path [/ws_aic/install/lib/gz-gui-9/plugins/libCameraTracking.so]
(2026-05-09 14:40:35.553) [info] [MarkerManager.cc:752] [GUI] Listening to stats on [/world/warehouse_mobile/stats]
(2026-05-09 14:40:35.566) [info] [Application.cc:766] [GUI] Added plugin [Marker Manager] to main window
(2026-05-09 14:40:35.566) [info] [Application.cc:652] [GUI] Loaded plugin [MarkerManager] from path [/ws_aic/install/lib/gz-gui-9/plugins/libMarkerManager.so]
(2026-05-09 14:40:35.581) [info] [Application.cc:766] [GUI] Added plugin [Select entities] to main window
(2026-05-09 14:40:35.581) [info] [Application.cc:652] [GUI] Loaded plugin [SelectEntities] from path [/ws_aic/install/lib/gz-sim-9/plugins/gui/libSelectEntities.so]
(2026-05-09 14:40:35.602) [info] [Application.cc:766] [GUI] Added plugin [Spawn] to main window
(2026-05-09 14:40:35.602) [info] [Application.cc:652] [GUI] Loaded plugin [Spawn] from path [/ws_aic/install/lib/gz-sim-9/plugins/gui/libSpawn.so]
(2026-05-09 14:40:35.610) [info] [VisualizationCapabilities.cc:2850] [GUI] View as transparent service on [/gui/view/transparent]
(2026-05-09 14:40:35.610) [info] [VisualizationCapabilities.cc:2857] [GUI] View as wireframes service on [/gui/view/wireframes]
(2026-05-09 14:40:35.610) [info] [VisualizationCapabilities.cc:2864] [GUI] View center of mass service on [/gui/view/com]
(2026-05-09 14:40:35.610) [info] [VisualizationCapabilities.cc:2871] [GUI] View inertia service on [/gui/view/inertia]
(2026-05-09 14:40:35.610) [info] [VisualizationCapabilities.cc:2879] [GUI] View collisions service on [/gui/view/collisions]
(2026-05-09 14:40:35.610) [info] [VisualizationCapabilities.cc:2887] [GUI] View joints service on [/gui/view/joints]
(2026-05-09 14:40:35.610) [info] [VisualizationCapabilities.cc:2894] [GUI] View frames service on [/gui/view/frames]
(2026-05-09 14:40:35.626) [info] [Application.cc:766] [GUI] Added plugin [Visualization capabilities] to main window
(2026-05-09 14:40:35.626) [info] [Application.cc:652] [GUI] Loaded plugin [VisualizationCapabilities] from path [/ws_aic/install/lib/gz-sim-9/plugins/gui/libVisualizationCapabilities.so]
(2026-05-09 14:40:35.636) [info] [WorldControl.cc:152] [GUI] Using world control service [/world/warehouse_mobile/control]
(2026-05-09 14:40:35.639) [info] [WorldControl.cc:225] [GUI] Listening to stats on [/world/warehouse_mobile/stats]
(2026-05-09 14:40:35.673) [info] [Application.cc:766] [GUI] Added plugin [World control] to main window
(2026-05-09 14:40:35.673) [info] [Application.cc:652] [GUI] Loaded plugin [WorldControl] from path [/ws_aic/install/lib/gz-gui-9/plugins/libWorldControl.so]
(2026-05-09 14:40:35.679) [info] [WorldStats.cc:156] [GUI] Listening to stats on [/world/warehouse_mobile/stats]
(2026-05-09 14:40:35.694) [info] [Application.cc:766] [GUI] Added plugin [World stats] to main window
(2026-05-09 14:40:35.694) [info] [Application.cc:652] [GUI] Loaded plugin [WorldStats] from path [/ws_aic/install/lib/gz-gui-9/plugins/libWorldStats.so]
(2026-05-09 14:40:35.719) [info] [Application.cc:766] [GUI] Added plugin [Shapes] to main window
(2026-05-09 14:40:35.719) [info] [Application.cc:652] [GUI] Loaded plugin [Shapes] from path [/ws_aic/install/lib/gz-sim-9/plugins/gui/libShapes.so]
(2026-05-09 14:40:35.735) [info] [Application.cc:766] [GUI] Added plugin [Lights] to main window
(2026-05-09 14:40:35.735) [info] [Application.cc:652] [GUI] Loaded plugin [Lights] from path [/ws_aic/install/lib/gz-sim-9/plugins/gui/libLights.so]
(2026-05-09 14:40:35.770) [info] [Application.cc:766] [GUI] Added plugin [Transform control] to main window
(2026-05-09 14:40:35.770) [info] [Application.cc:652] [GUI] Loaded plugin [TransformControl] from path [/ws_aic/install/lib/gz-sim-9/plugins/gui/libTransformControl.so]
(2026-05-09 14:40:35.778) [info] [Screenshot.cc:97] [GUI] Screenshot service on [/gui/screenshot]
(2026-05-09 14:40:35.792) [info] [Application.cc:766] [GUI] Added plugin [Screenshot] to main window
(2026-05-09 14:40:35.792) [info] [Application.cc:652] [GUI] Loaded plugin [Screenshot] from path [/ws_aic/install/lib/gz-gui-9/plugins/libScreenshot.so]
(2026-05-09 14:40:35.811) [info] [Application.cc:766] [GUI] Added plugin [Copy/Paste] to main window
(2026-05-09 14:40:35.811) [info] [Application.cc:652] [GUI] Loaded plugin [CopyPaste] from path [/ws_aic/install/lib/gz-sim-9/plugins/gui/libCopyPaste.so]
(2026-05-09 14:40:35.904) [info] [Application.cc:766] [GUI] Added plugin [Component inspector] to main window
(2026-05-09 14:40:35.904) [info] [Application.cc:652] [GUI] Loaded plugin [ComponentInspector] from path [/ws_aic/install/lib/gz-sim-9/plugins/gui/libComponentInspector.so]
(2026-05-09 14:40:35.916) [info] [EntityContextMenu.cc:134] [GUI] Currently tracking topic on [/gui/currently_tracked]
(2026-05-09 14:40:35.949) [info] [Application.cc:766] [GUI] Added plugin [Entity tree] to main window
(2026-05-09 14:40:35.950) [info] [Application.cc:652] [GUI] Loaded plugin [EntityTree] from path [/ws_aic/install/lib/gz-sim-9/plugins/gui/libEntityTree.so]
(2026-05-09 14:40:37.115) [info] [RenderEngineManager.cc:514] [GUI] Loading plugin [gz-rendering-ogre2]
(2026-05-09 14:40:37.502) [warning] [Ogre2RenderTarget.cc:668] [GUI] Anti-aliasing level of '' is not supported; valid FSAA levels are: [ 0 ]. Setting to 1
(2026-05-09 14:40:37.735) [info] [CameraTracking.cc:224] [GUI] Move to service on [/gui/move_to]
(2026-05-09 14:40:37.735) [info] [CameraTracking.cc:231] [GUI] Follow service on [/gui/follow] (deprecated)
(2026-05-09 14:40:37.736) [info] [CameraTracking.cc:238] [GUI] Tracking topic on [/gui/track]
(2026-05-09 14:40:37.736) [info] [CameraTracking.cc:245] [GUI] Tracking status topic on [/gui/currently_tracked]
(2026-05-09 14:40:37.736) [info] [CameraTracking.cc:253] [GUI] Move to pose service on [/gui/move_to/pose]
(2026-05-09 14:40:37.736) [info] [CameraTracking.cc:260] [GUI] Camera pose topic advertised on [/gui/camera/pose]
(2026-05-09 14:40:37.737) [info] [CameraTracking.cc:267] [GUI] Follow offset service on [/gui/follow/offset] (deprecated)
Starting visual warehouse Gazebo simulation
World contains a room, storage racks, dispatch areas, and a mobile warehouse robot
Gazebo camera starts above the robot/work area. Open noVNC to watch it.
Route lap 1: executing warehouse pickup and dispatch path
  leaving dispatch area
  driving through lower aisle
  approaching StorageR
  pickup ProductR
pick_up product=ProductR storage=StorageR slot=(6.55, -4.2, 1.02)
  crossing central aisle
NodeShared::RecvSrvRequest() error sending response: Host unreachable
  approaching StorageG
NodeShared::RecvSrvRequest() error sending response: Host unreachable
NodeShared::RecvSrvRequest() error sending response: Host unreachable
NodeShared::RecvSrvRequest() error sending response: Host unreachable
  pickup ProductG
NodeShared::RecvSrvRequest() error sending response: Host unreachable
NodeShared::RecvSrvRequest() error sending response: Host unreachable
