$ ['/entrypoint.sh', 'gazebo_gui:=true', 'launch_rviz:=true', 'ground_truth:=false', 'start_aic_engine:=false', 'shutdown_on_aic_engine_exit:=false', 'model_discovery_timeout_seconds:=600']

ZENOH_CONFIG_OVERRIDE_ROUTER=mode="router";listen/endpoints=["tcp/[::]:7447"];connect/endpoints=[];routing/router/peers_failover_brokering=true;transport/shared_memory/enabled=false
ZENOH_CONFIG_OVERRIDE_PEER=;transport/shared_memory/enabled=false
[2m2026-05-09T12:38:52.590901Z[0m [32m INFO[0m ThreadId(02) [2mzenoh::net::runtime[0m[2m:[0m Using ZID: df6ce23d25cbd5120c5d6192c78d59d9
[2m2026-05-09T12:38:52.596257Z[0m [33m WARN[0m ThreadId(02) [2mzenoh::net::routing::interceptor::authorization[0m[2m:[0m Rule 'deny_rule' flows list is not set. Setting it to both Ingress and Egress
[INFO] [launch]: All log files can be found below /root/.ros/log/2026-05-09-12-38-52-614162-fb74dc1b1d78-43
[INFO] [launch]: Default logging verbosity is set to INFO
[2m2026-05-09T12:38:52.629706Z[0m [32m INFO[0m ThreadId(02) [2mzenoh::net::runtime::orchestrator[0m[2m:[0m Zenoh can be reached at: tcp/172.18.0.2:7447
Started Zenoh router with id df6ce23d25cbd5120c5d6192c78d59d9
[2m2026-05-09T12:38:53.399412Z[0m [32m INFO[0m acc-0 ThreadId(04) [2mzenoh::net::routing::interceptor::access_control[0m[2m:[0m 48e1e01f0fff22cb1102a5d7cab5ffa6 did not match any configured ACL subject. Default permission `Allow` will be applied on all messages
[INFO] [robot_state_publisher-1]: process started with pid [116]
[INFO] [aic_adapter-2]: process started with pid [118]
[INFO] [component_container-3]: process started with pid [120]
[INFO] [gz-4]: process started with pid [122]
[INFO] [create-5]: process started with pid [124]
[2m2026-05-09T12:38:54.037014Z[0m [32m INFO[0m acc-0 ThreadId(04) [2mzenoh::net::routing::interceptor::access_control[0m[2m:[0m ab27263f03265140ad3a5604a88214ef did not match any configured ACL subject. Default permission `Allow` will be applied on all messages
[2m2026-05-09T12:38:54.044704Z[0m [32m INFO[0m acc-0 ThreadId(04) [2mzenoh::net::routing::interceptor::access_control[0m[2m:[0m 215f95df5f08697b73efa50f9de53c12 did not match any configured ACL subject. Default permission `Allow` will be applied on all messages
[2m2026-05-09T12:38:54.059772Z[0m [32m INFO[0m acc-0 ThreadId(04) [2mzenoh::net::routing::interceptor::access_control[0m[2m:[0m f27dd3b47ab08dbb2ec4310ee93ae113 did not match any configured ACL subject. Default permission `Allow` will be applied on all messages
[2m2026-05-09T12:38:54.115099Z[0m [32m INFO[0m acc-0 ThreadId(04) [2mzenoh::net::routing::interceptor::access_control[0m[2m:[0m f61214c5c671cfdfae0c40175dfd75bb did not match any configured ACL subject. Default permission `Allow` will be applied on all messages
[aic_adapter-2] [INFO] [1778330334.259060340] [aic_adapter_node]: Adapter node initialization complete.
[robot_state_publisher-1] [INFO] [1778330334.285623298] [robot_state_publisher]: Robot initialized
[create-5] [INFO] [1778330334.295954173] [ros_gz_sim]: Requesting list of world names.
[component_container-3] [INFO] [1778330334.320410548] [ros_gz_container]: Load Library: /ws_aic/install/lib/libgzserver_component.so
[component_container-3] [INFO] [1778330334.421162882] [ros_gz_container]: Found class: rclcpp_components::NodeFactoryTemplate<ros_gz_sim::GzServer>
[component_container-3] [INFO] [1778330334.421385840] [ros_gz_container]: Instantiate class: rclcpp_components::NodeFactoryTemplate<ros_gz_sim::GzServer>
[INFO] [launch_ros.actions.load_composable_nodes]: Loaded node '/gz_server' in container '/ros_gz_container'
[component_container-3] [INFO] [1778330334.441300215] [ros_gz_container]: Load Library: /ws_aic/install/lib/libros_gz_bridge.so
[component_container-3] [INFO] [1778330334.533029757] [ros_gz_container]: Found class: rclcpp_components::NodeFactoryTemplate<ros_gz_bridge::RosGzBridge>
[component_container-3] [INFO] [1778330334.533119173] [ros_gz_container]: Instantiate class: rclcpp_components::NodeFactoryTemplate<ros_gz_bridge::RosGzBridge>
[INFO] [launch_ros.actions.load_composable_nodes]: Loaded node '/ros_gz_bridge' in container 'ros_gz_container'
[gz-4] QStandardPaths: XDG_RUNTIME_DIR not set, defaulting to '/tmp/runtime-root'
[component_container-3] (2026-05-09 12:38:54.658) [info] [ServerPrivate.cc:664] Loading SDF world file[/ws_aic/install/share/aic_description/world/aic.sdf].
[gz-4] (2026-05-09 12:38:55.469) [error] [SignalHandler.cc:178] [GUI] 4 Interrupted system call
[component_container-3] [INFO] [1778330335.583436299] [ros_gz_bridge]: Creating GZ->ROS Bridge: [/clock (gz.msgs.Clock) -> /clock (rosgraph_msgs/msg/Clock)] (Lazy 0)
[component_container-3] [INFO] [1778330335.594125174] [ros_gz_bridge]: Creating GZ->ROS Bridge: [/left_camera/image (gz.msgs.Image) -> /left_camera/image (sensor_msgs/msg/Image)] (Lazy 1)
[component_container-3] [INFO] [1778330335.599495674] [ros_gz_bridge]: Creating GZ->ROS Bridge: [/center_camera/image (gz.msgs.Image) -> /center_camera/image (sensor_msgs/msg/Image)] (Lazy 1)
[component_container-3] [INFO] [1778330335.600146257] [ros_gz_bridge]: Creating GZ->ROS Bridge: [/right_camera/image (gz.msgs.Image) -> /right_camera/image (sensor_msgs/msg/Image)] (Lazy 1)
[component_container-3] [INFO] [1778330335.600311215] [ros_gz_bridge]: Creating GZ->ROS Bridge: [/left_camera/camera_info (gz.msgs.CameraInfo) -> /left_camera/camera_info (sensor_msgs/msg/CameraInfo)] (Lazy 1)
[component_container-3] [INFO] [1778330335.601608174] [ros_gz_bridge]: Creating GZ->ROS Bridge: [/center_camera/camera_info (gz.msgs.CameraInfo) -> /center_camera/camera_info (sensor_msgs/msg/CameraInfo)] (Lazy 1)
[component_container-3] [INFO] [1778330335.601838715] [ros_gz_bridge]: Creating GZ->ROS Bridge: [/right_camera/camera_info (gz.msgs.CameraInfo) -> /right_camera/camera_info (sensor_msgs/msg/CameraInfo)] (Lazy 1)
[component_container-3] [INFO] [1778330335.601959882] [ros_gz_bridge]: Creating GZ->ROS Bridge: [/aic/gazebo/contacts/off_limit (gz.msgs.Contacts) -> /aic/gazebo/contacts/off_limit (ros_gz_interfaces/msg/Contacts)] (Lazy 1)
[component_container-3] [INFO] [1778330335.605837965] [ros_gz_bridge]: Creating GZ->ROS Bridge: [/cable_0/pose (gz.msgs.Pose_V) -> /scoring/tf (tf2_msgs/msg/TFMessage)] (Lazy 1)
[component_container-3] [INFO] [1778330335.608787507] [ros_gz_bridge]: Creating GZ->ROS Bridge: [/cable_1/pose (gz.msgs.Pose_V) -> /scoring/tf (tf2_msgs/msg/TFMessage)] (Lazy 1)
[component_container-3] [INFO] [1778330335.611174757] [ros_gz_bridge]: Creating GZ->ROS Bridge: [/cable_2/pose (gz.msgs.Pose_V) -> /scoring/tf (tf2_msgs/msg/TFMessage)] (Lazy 1)
[component_container-3] [INFO] [1778330335.611736507] [ros_gz_bridge]: Creating GZ->ROS Bridge: [/cable_3/pose (gz.msgs.Pose_V) -> /scoring/tf (tf2_msgs/msg/TFMessage)] (Lazy 1)
[component_container-3] [INFO] [1778330335.612214924] [ros_gz_bridge]: Creating GZ->ROS Bridge: [/cable_4/pose (gz.msgs.Pose_V) -> /scoring/tf (tf2_msgs/msg/TFMessage)] (Lazy 1)
[component_container-3] [INFO] [1778330335.612352715] [ros_gz_bridge]: Creating GZ->ROS Bridge: [/task_board/pose_static (gz.msgs.Pose_V) -> /scoring/tf (tf2_msgs/msg/TFMessage)] (Lazy 1)
[component_container-3] [INFO] [1778330335.612428174] [ros_gz_bridge]: Creating GZ->ROS Bridge: [/cable_0/insertion_event (gz.msgs.StringMsg) -> /scoring/insertion_event (std_msgs/msg/String)] (Lazy 1)
[component_container-3] [INFO] [1778330335.615150799] [ros_gz_bridge]: Creating GZ->ROS Bridge: [/cable_1/insertion_event (gz.msgs.StringMsg) -> /scoring/insertion_event (std_msgs/msg/String)] (Lazy 1)
[component_container-3] (2026-05-09 12:38:56.565) [info] [SystemManager.cc:54] Serving entity system service on [/entity/system/add]
[component_container-3] (2026-05-09 12:38:56.645) [info] [UserCommands.cc:752] Create service on [/world/aic_world/create_multiple] (async)
[component_container-3] (2026-05-09 12:38:56.646) [info] [UserCommands.cc:754] Create service on [/world/aic_world/create_multiple/blocking] (blocking)
[component_container-3] (2026-05-09 12:38:56.646) [info] [UserCommands.cc:752] Remove service on [/world/aic_world/remove] (async)
[component_container-3] (2026-05-09 12:38:56.646) [info] [UserCommands.cc:754] Remove service on [/world/aic_world/remove/blocking] (blocking)
[component_container-3] (2026-05-09 12:38:56.647) [info] [UserCommands.cc:752] Pose service on [/world/aic_world/set_pose] (async)
[component_container-3] (2026-05-09 12:38:56.647) [info] [UserCommands.cc:754] Pose service on [/world/aic_world/set_pose/blocking] (blocking)
[component_container-3] (2026-05-09 12:38:56.647) [info] [UserCommands.cc:752] Pose service on [/world/aic_world/set_pose_vector] (async)
[component_container-3] (2026-05-09 12:38:56.647) [info] [UserCommands.cc:754] Pose service on [/world/aic_world/set_pose_vector/blocking] (blocking)
[component_container-3] (2026-05-09 12:38:56.648) [info] [UserCommands.cc:752] Light configuration service on [/world/aic_world/light_config] (async)
[component_container-3] (2026-05-09 12:38:56.648) [info] [UserCommands.cc:754] Light configuration service on [/world/aic_world/light_config/blocking] (blocking)
[component_container-3] (2026-05-09 12:38:56.649) [info] [UserCommands.cc:752] Physics service on [/world/aic_world/set_physics] (async)
[component_container-3] (2026-05-09 12:38:56.649) [info] [UserCommands.cc:754] Physics service on [/world/aic_world/set_physics/blocking] (blocking)
[component_container-3] (2026-05-09 12:38:56.650) [info] [UserCommands.cc:752] SphericalCoordinates service on [/world/aic_world/set_spherical_coordinates] (async)
[component_container-3] (2026-05-09 12:38:56.650) [info] [UserCommands.cc:754] SphericalCoordinates service on [/world/aic_world/set_spherical_coordinates/blocking] (blocking)
[component_container-3] (2026-05-09 12:38:56.650) [info] [UserCommands.cc:752] Enable collision service on [/world/aic_world/enable_collision] (async)
[component_container-3] (2026-05-09 12:38:56.650) [info] [UserCommands.cc:754] Enable collision service on [/world/aic_world/enable_collision/blocking] (blocking)
[component_container-3] (2026-05-09 12:38:56.650) [info] [UserCommands.cc:752] Disable collision service on [/world/aic_world/disable_collision] (async)
[component_container-3] (2026-05-09 12:38:56.650) [info] [UserCommands.cc:754] Disable collision service on [/world/aic_world/disable_collision/blocking] (blocking)
[component_container-3] (2026-05-09 12:38:56.651) [info] [UserCommands.cc:752] Material service on [/world/aic_world/visual_config] (async)
[component_container-3] (2026-05-09 12:38:56.651) [info] [UserCommands.cc:754] Material service on [/world/aic_world/visual_config/blocking] (blocking)
[component_container-3] (2026-05-09 12:38:56.652) [info] [UserCommands.cc:752] Material service on [/world/aic_world/wheel_slip] (async)
[component_container-3] (2026-05-09 12:38:56.652) [info] [UserCommands.cc:754] Material service on [/world/aic_world/wheel_slip/blocking] (blocking)
[component_container-3] (2026-05-09 12:38:56.652) [debug] [SystemManager.cc:80] Loaded system [gz::sim::systems::UserCommands] for entity [1]
[component_container-3] (2026-05-09 12:38:56.760) [debug] [Physics.cc:967] Loaded [gz::physics::bullet_featherstone::Plugin] from library [/ws_aic/install/lib/gz-physics-8/engine-plugins/libgz-physics-bullet-featherstone-plugin.so]
[component_container-3] (2026-05-09 12:38:56.760) [debug] [SystemManager.cc:80] Loaded system [gz::sim::systems::Physics] for entity [1]
[component_container-3] (2026-05-09 12:38:56.785) [debug] [Sensors.cc:697] Configuring Sensors system
[component_container-3] (2026-05-09 12:38:56.787) [debug] [Sensors.cc:557] SensorsPrivate::Run
[component_container-3] (2026-05-09 12:38:56.788) [debug] [SystemManager.cc:80] Loaded system [gz::sim::systems::Sensors] for entity [1]
[component_container-3] (2026-05-09 12:38:56.788) [debug] [Sensors.cc:532] SensorsPrivate::RenderThread started
[component_container-3] (2026-05-09 12:38:56.788) [debug] [Sensors.cc:337] Waiting for init
[component_container-3] (2026-05-09 12:38:56.792) [debug] [ScoringPlugin.cc:45] aic_gazebo::ScoringPlugin::Configure on entity: 1
[component_container-3] (2026-05-09 12:38:56.795) [debug] [SystemManager.cc:80] Loaded system [aic_gazebo::ScoringPlugin] for entity [1]
[component_container-3] (2026-05-09 12:38:56.799) [debug] [WorldSdfGeneratorPlugin.cc:47] aic_gazebo::WorldSdfGeneratorPlugin::Configure
[component_container-3] (2026-05-09 12:38:56.800) [debug] [SystemManager.cc:80] Loaded system [aic_gazebo::WorldSdfGeneratorPlugin] for entity [1]
[component_container-3] (2026-05-09 12:38:56.803) [debug] [SystemManager.cc:80] Loaded system [gz::sim::systems::Contact] for entity [1]
[component_container-3] (2026-05-09 12:38:56.805) [info] [LevelManager.cc:646] Loaded level [default]
[component_container-3] (2026-05-09 12:38:56.806) [info] [ServerConfig.cc:1010] Copied installed config [/ws_aic/install/share/gz/gz-sim9/server.config] to default config [/root/.gz/sim/9/server.config].
[component_container-3] (2026-05-09 12:38:56.807) [debug] [ServerConfig.cc:1025] Loading (3) plugins from file [/root/.gz/sim/9/server.config]
[component_container-3] (2026-05-09 12:38:56.807) [debug] [SimulationRunner.cc:1696] Additional plugins to load:
[component_container-3] (2026-05-09 12:38:56.807) [debug] [SimulationRunner.cc:1699] gz::sim::systems::SceneBroadcaster gz-sim-scene-broadcaster-system
[component_container-3] (2026-05-09 12:38:56.815) [debug] [SystemManager.cc:80] Loaded system [gz::sim::systems::SceneBroadcaster] for entity [1]
[component_container-3] (2026-05-09 12:38:56.818) [info] [SimulationRunner.cc:275] Serving world controls on [/world/aic_world/control], [/world/aic_world/control/state] and [/world/aic_world/playback/control]
[component_container-3] (2026-05-09 12:38:56.819) [info] [SimulationRunner.cc:301] Serving GUI information on [/world/aic_world/gui/info]
[component_container-3] (2026-05-09 12:38:56.819) [info] [SimulationRunner.cc:304] World [aic_world] initialized with [2ms] physics profile.
[component_container-3] (2026-05-09 12:38:56.819) [info] [SimulationRunner.cc:311] Serving world SDF generation service on [/world/aic_world/generate_world_sdf]
[component_container-3] (2026-05-09 12:38:56.820) [info] [ServerPrivate.cc:344] Serving world names on [/gazebo/worlds]
[component_container-3] (2026-05-09 12:38:56.820) [info] [ServerPrivate.cc:357] Resource path add service on [/gazebo/resource_paths/add].
[component_container-3] (2026-05-09 12:38:56.820) [info] [ServerPrivate.cc:370] Resource path get service on [/gazebo/resource_paths/get].
[component_container-3] (2026-05-09 12:38:56.821) [info] [ServerPrivate.cc:385] Resource path resolve service on [/gazebo/resource_paths/resolve].
[component_container-3] (2026-05-09 12:38:56.822) [info] [ServerPrivate.cc:399] Resource paths published on [/gazebo/resource_paths].
[component_container-3] (2026-05-09 12:38:56.822) [info] [ServerPrivate.cc:412] Server control service on [/server_control].
[component_container-3] (2026-05-09 12:38:56.825) [info] [SimulationRunner.cc:769] Found no publishers on /stats, adding root stats topic
[component_container-3] (2026-05-09 12:38:57.033) [info] [SimulationRunner.cc:803] Found no publishers on /clock, adding root clock topic
[create-5] [INFO] [1778330337.039757174] [ros_gz_sim]: Entity creation successful.
[component_container-3] (2026-05-09 12:38:57.046) [debug] [SimulationRunner.cc:573] Creating PostUpdate worker threads: 5
[component_container-3] (2026-05-09 12:38:57.047) [debug] [SimulationRunner.cc:584] Creating postupdate worker thread (0)
[component_container-3] (2026-05-09 12:38:57.049) [debug] [SimulationRunner.cc:584] Creating postupdate worker thread (1)
[component_container-3] (2026-05-09 12:38:57.049) [debug] [SimulationRunner.cc:584] Creating postupdate worker thread (2)
[component_container-3] (2026-05-09 12:38:57.049) [debug] [SimulationRunner.cc:584] Creating postupdate worker thread (3)
[INFO] [create-5]: process has finished cleanly [pid 124]
[INFO] [spawner-6]: process started with pid [254]
[INFO] [spawner-7]: process started with pid [256]
[component_container-3] [1;33mWarning [Utils.cc:119][0m [/sdf/model[@name="ur"]/link[@name="center_camera/sensor_link"]/sensor[@name="center_camera"]/camera[@name="center_camera"]/optical_frame_id]: SDF Element[optical_frame_id] is deprecated
[component_container-3] [1;33mWarning [Utils.cc:119][0m [/sdf/model[@name="ur"]/link[@name="left_camera/sensor_link"]/sensor[@name="left_camera"]/camera[@name="left_camera"]/optical_frame_id]: SDF Element[optical_frame_id] is deprecated
[component_container-3] [1;33mWarning [Utils.cc:119][0m [/sdf/model[@name="ur"]/link[@name="right_camera/sensor_link"]/sensor[@name="right_camera"]/camera[@name="right_camera"]/optical_frame_id]: SDF Element[optical_frame_id] is deprecated
[component_container-3] [WARN] [1778330337.248191675] [rcl.logging_rosout]: Publisher already registered for node name: 'ros_gz_container'. If this is due to multiple nodes with the same name then all logs for the logger named 'ros_gz_container' will go out over the existing publisher. As soon as any node with that name is destructed it will unregister the publisher, preventing any further logs for that name from being published on the rosout topic.
[component_container-3] [INFO] [1778330337.253053050] [ros_gz_container]: [gz_ros2_control] Fixed joint [tabletop_joint] (Entity=101)] is skipped
[component_container-3] [INFO] [1778330337.253230966] [ros_gz_container]: [gz_ros2_control] Fixed joint [center_camera/attach_sensor_link] (Entity=108)] is skipped
[component_container-3] [INFO] [1778330337.253284841] [ros_gz_container]: [gz_ros2_control] Fixed joint [center_camera/attach_optical] (Entity=109)] is skipped
[component_container-3] [INFO] [1778330337.253311175] [ros_gz_container]: [gz_ros2_control] Fixed joint [ati/attach_joint] (Entity=110)] is skipped
[component_container-3] [INFO] [1778330337.253325300] [ros_gz_container]: [gz_ros2_control] Fixed joint [left_camera/attach_sensor_link] (Entity=114)] is skipped
[component_container-3] [INFO] [1778330337.253329758] [ros_gz_container]: [gz_ros2_control] Fixed joint [left_camera/attach_optical] (Entity=115)] is skipped
[component_container-3] [INFO] [1778330337.253332966] [ros_gz_container]: [gz_ros2_control] Fixed joint [right_camera/attach_sensor_link] (Entity=116)] is skipped
[component_container-3] [INFO] [1778330337.253335675] [ros_gz_container]: [gz_ros2_control] Fixed joint [right_camera/attach_optical] (Entity=117)] is skipped
[component_container-3] [INFO] [1778330337.267751925] [ros_gz_container]: Loading controller_manager
[component_container-3] [INFO] [1778330337.343275133] [controller_manager]: Using ROS clock for triggering controller manager cycles.
[component_container-3] [INFO] [1778330337.360582883] [controller_manager]: Subscribing to '/robot_description' topic for robot description.
[component_container-3] [INFO] [1778330337.378971175] [controller_manager]: Enforcing command limits is enabled...
[component_container-3] [WARN] [1778330337.379358800] [ros_gz_container]: Waiting RM to load and initialize hardware...
[component_container-3] [INFO] [1778330337.383868800] [controller_manager]: Received robot description from topic.
[component_container-3] [INFO] [1778330337.397720758] [ros_gz_container]: Using JointLimiter for joint 'gripper/left_finger_joint' in hardware 'gripper' : '  has position limits: true [0, 0.025]
[component_container-3]   has velocity limits: true [0.05]
[component_container-3]   has acceleration limits: false [nan]
[component_container-3]   has deceleration limits: false [nan]
[component_container-3]   has jerk limits: false [nan]
[component_container-3]   has effort limits: true [20]
[component_container-3]   angle wraparound: false'
[component_container-3] [INFO] [1778330337.397805341] [ros_gz_container]: Creating JointSaturationLimiter for joint 'gripper/left_finger_joint' in hardware 'gripper'
[component_container-3] [INFO] [1778330337.399450925] [ros_gz_container]: Using JointLimiter for joint 'wrist_3_joint' in hardware 'ControlSystem' : '  has position limits: true [-6.28319, 6.28319]
[component_container-3]   has velocity limits: true [3.14159]
[component_container-3]   has acceleration limits: false [nan]
[component_container-3]   has deceleration limits: false [nan]
[component_container-3]   has jerk limits: false [nan]
[component_container-3]   has effort limits: true [28]
[component_container-3]   angle wraparound: false'
[component_container-3] [INFO] [1778330337.399521258] [ros_gz_container]: Creating JointSaturationLimiter for joint 'wrist_3_joint' in hardware 'ControlSystem'
[component_container-3] [INFO] [1778330337.399853258] [ros_gz_container]: Using JointLimiter for joint 'wrist_2_joint' in hardware 'ControlSystem' : '  has position limits: true [-6.28319, 6.28319]
[component_container-3]   has velocity limits: true [3.14159]
[component_container-3]   has acceleration limits: false [nan]
[component_container-3]   has deceleration limits: false [nan]
[component_container-3]   has jerk limits: false [nan]
[component_container-3]   has effort limits: true [28]
[component_container-3]   angle wraparound: false'
[component_container-3] [INFO] [1778330337.399908550] [ros_gz_container]: Creating JointSaturationLimiter for joint 'wrist_2_joint' in hardware 'ControlSystem'
[component_container-3] [INFO] [1778330337.399967591] [ros_gz_container]: Using JointLimiter for joint 'wrist_1_joint' in hardware 'ControlSystem' : '  has position limits: true [-6.28319, 6.28319]
[component_container-3]   has velocity limits: true [3.14159]
[component_container-3]   has acceleration limits: false [nan]
[component_container-3]   has deceleration limits: false [nan]
[component_container-3]   has jerk limits: false [nan]
[component_container-3]   has effort limits: true [28]
[component_container-3]   angle wraparound: false'
[component_container-3] [INFO] [1778330337.399980883] [ros_gz_container]: Creating JointSaturationLimiter for joint 'wrist_1_joint' in hardware 'ControlSystem'
[component_container-3] [INFO] [1778330337.399996550] [ros_gz_container]: Using JointLimiter for joint 'elbow_joint' in hardware 'ControlSystem' : '  has position limits: true [-3.14159, 3.14159]
[component_container-3]   has velocity limits: true [3.14159]
[component_container-3]   has acceleration limits: false [nan]
[component_container-3]   has deceleration limits: false [nan]
[component_container-3]   has jerk limits: false [nan]
[component_container-3]   has effort limits: true [150]
[component_container-3]   angle wraparound: false'
[component_container-3] [INFO] [1778330337.400005841] [ros_gz_container]: Creating JointSaturationLimiter for joint 'elbow_joint' in hardware 'ControlSystem'
[component_container-3] [INFO] [1778330337.400021591] [ros_gz_container]: Using JointLimiter for joint 'shoulder_lift_joint' in hardware 'ControlSystem' : '  has position limits: true [-6.28319, 6.28319]
[component_container-3]   has velocity limits: true [3.14159]
[component_container-3]   has acceleration limits: false [nan]
[component_container-3]   has deceleration limits: false [nan]
[component_container-3]   has jerk limits: false [nan]
[component_container-3]   has effort limits: true [150]
[component_container-3]   angle wraparound: false'
[component_container-3] [INFO] [1778330337.400113425] [ros_gz_container]: Creating JointSaturationLimiter for joint 'shoulder_lift_joint' in hardware 'ControlSystem'
[component_container-3] [INFO] [1778330337.400295841] [ros_gz_container]: Using JointLimiter for joint 'shoulder_pan_joint' in hardware 'ControlSystem' : '  has position limits: true [-6.28319, 6.28319]
[component_container-3]   has velocity limits: true [3.14159]
[component_container-3]   has acceleration limits: false [nan]
[component_container-3]   has deceleration limits: false [nan]
[component_container-3]   has jerk limits: false [nan]
[component_container-3]   has effort limits: true [150]
[component_container-3]   angle wraparound: false'
[component_container-3] [INFO] [1778330337.400302966] [ros_gz_container]: Creating JointSaturationLimiter for joint 'shoulder_pan_joint' in hardware 'ControlSystem'
[component_container-3] [INFO] [1778330337.413891508] [ros_gz_container]: The position_proportional_gain has been set to: 0.1
[component_container-3] [INFO] [1778330337.414850550] [ros_gz_container]: Loading joint: gripper/left_finger_joint
[component_container-3] [INFO] [1778330337.414891425] [ros_gz_container]: 	State:
[component_container-3] [INFO] [1778330337.414951758] [ros_gz_container]: 		 position
[component_container-3] [INFO] [1778330337.415144133] [ros_gz_container]: 			 found initial value: 0.007300
[component_container-3] [INFO] [1778330337.415162383] [ros_gz_container]: 		 velocity
[component_container-3] [INFO] [1778330337.415273175] [ros_gz_container]: 			 found initial value: 0.000000
[component_container-3] [INFO] [1778330337.415280258] [ros_gz_container]: 		 effort
[component_container-3] [INFO] [1778330337.415430050] [ros_gz_container]: 			 found initial value: 0.000000
[component_container-3] [INFO] [1778330337.415549841] [ros_gz_container]: 	Command:
[component_container-3] [INFO] [1778330337.415555425] [ros_gz_container]: 		 position
[component_container-3] [INFO] [1778330337.416664008] [ros_gz_container]: 		 effort
[component_container-3] [INFO] [1778330337.418870383] [ros_gz_container]: Loading sensor: AtiForceTorqueSensor
[component_container-3] [INFO] [1778330337.418939341] [ros_gz_container]: 	State:
[component_container-3] [INFO] [1778330337.422319675] [ros_gz_container]: Initialize hardware 'gripper' 
[component_container-3] [WARN] [1778330337.423386925] [rcl.logging_rosout]: Publisher already registered for node name: 'ros_gz_container'. If this is due to multiple nodes with the same name then all logs for the logger named 'ros_gz_container' will go out over the existing publisher. As soon as any node with that name is destructed it will unregister the publisher, preventing any further logs for that name from being published on the rosout topic.
[component_container-3] [INFO] [1778330337.424685300] [ros_gz_container.hardware_component.system.gripper]: `status_publish_rate` is set to 0.0, hardware status publisher will not be created.
[component_container-3] [INFO] [1778330337.425430466] [ros_gz_container]: Successful initialization of hardware 'gripper'
[component_container-3] [INFO] [1778330337.428394175] [ros_gz_container]: The position_proportional_gain has been set to: 0.1
[component_container-3] [INFO] [1778330337.428481841] [ros_gz_container]: Loading joint: shoulder_pan_joint
[component_container-3] [INFO] [1778330337.428489925] [ros_gz_container]: 	State:
[component_container-3] [INFO] [1778330337.428494341] [ros_gz_container]: 		 position
[component_container-3] [INFO] [1778330337.428512341] [ros_gz_container]: 			 found initial value: -0.159700
[component_container-3] [INFO] [1778330337.428520175] [ros_gz_container]: 		 velocity
[component_container-3] [INFO] [1778330337.428527216] [ros_gz_container]: 			 found initial value: 0.000000
[component_container-3] [INFO] [1778330337.428541258] [ros_gz_container]: 		 effort
[component_container-3] [INFO] [1778330337.428547425] [ros_gz_container]: 			 found initial value: 0.000000
[component_container-3] [INFO] [1778330337.428551216] [ros_gz_container]: 	Command:
[component_container-3] [INFO] [1778330337.428556633] [ros_gz_container]: 		 position
[component_container-3] [INFO] [1778330337.428568008] [ros_gz_container]: 		 velocity
[component_container-3] [INFO] [1778330337.428729300] [ros_gz_container]: 		 effort
[component_container-3] [INFO] [1778330337.428758258] [ros_gz_container]: Loading joint: shoulder_lift_joint
[component_container-3] [INFO] [1778330337.428762675] [ros_gz_container]: 	State:
[component_container-3] [INFO] [1778330337.428765883] [ros_gz_container]: 		 position
[component_container-3] [INFO] [1778330337.428771675] [ros_gz_container]: 			 found initial value: -1.354200
[component_container-3] [INFO] [1778330337.428778300] [ros_gz_container]: 		 velocity
[component_container-3] [INFO] [1778330337.428797425] [ros_gz_container]: 			 found initial value: 0.000000
[component_container-3] [INFO] [1778330337.428801966] [ros_gz_container]: 		 effort
[component_container-3] [INFO] [1778330337.428916425] [ros_gz_container]: 			 found initial value: 0.000000
[component_container-3] [INFO] [1778330337.429001216] [ros_gz_container]: 	Command:
[component_container-3] [INFO] [1778330337.429033383] [ros_gz_container]: 		 position
[component_container-3] [INFO] [1778330337.429067800] [ros_gz_container]: 		 velocity
[component_container-3] [INFO] [1778330337.429143841] [ros_gz_container]: 		 effort
[component_container-3] [INFO] [1778330337.429171425] [ros_gz_container]: Loading joint: elbow_joint
[component_container-3] [INFO] [1778330337.429213675] [ros_gz_container]: 	State:
[component_container-3] [INFO] [1778330337.429242508] [ros_gz_container]: 		 position
[component_container-3] [INFO] [1778330337.429266341] [ros_gz_container]: 			 found initial value: -1.664800
[component_container-3] [INFO] [1778330337.429274925] [ros_gz_container]: 		 velocity
[component_container-3] [INFO] [1778330337.429289133] [ros_gz_container]: 			 found initial value: 0.000000
[component_container-3] [INFO] [1778330337.429295425] [ros_gz_container]: 		 effort
[component_container-3] [INFO] [1778330337.429307091] [ros_gz_container]: 			 found initial value: 0.000000
[component_container-3] [INFO] [1778330337.429313300] [ros_gz_container]: 	Command:
[component_container-3] [INFO] [1778330337.429316466] [ros_gz_container]: 		 position
[component_container-3] [INFO] [1778330337.429326925] [ros_gz_container]: 		 velocity
[component_container-3] [INFO] [1778330337.429331425] [ros_gz_container]: 		 effort
[component_container-3] [INFO] [1778330337.429344008] [ros_gz_container]: Loading joint: wrist_1_joint
[component_container-3] [INFO] [1778330337.429352050] [ros_gz_container]: 	State:
[component_container-3] [INFO] [1778330337.429354925] [ros_gz_container]: 		 position
[component_container-3] [INFO] [1778330337.429358800] [ros_gz_container]: 			 found initial value: -1.693300
[component_container-3] [INFO] [1778330337.429362175] [ros_gz_container]: 		 velocity
[component_container-3] [INFO] [1778330337.429365175] [ros_gz_container]: 			 found initial value: 0.000000
[component_container-3] [INFO] [1778330337.429368008] [ros_gz_container]: 		 effort
[component_container-3] [INFO] [1778330337.429370883] [ros_gz_container]: 			 found initial value: 0.000000
[component_container-3] [INFO] [1778330337.429373633] [ros_gz_container]: 	Command:
[component_container-3] [INFO] [1778330337.429376133] [ros_gz_container]: 		 position
[component_container-3] [INFO] [1778330337.429380716] [ros_gz_container]: 		 velocity
[component_container-3] [INFO] [1778330337.429384383] [ros_gz_container]: 		 effort
[component_container-3] [INFO] [1778330337.429391175] [ros_gz_container]: Loading joint: wrist_2_joint
[component_container-3] [INFO] [1778330337.429396925] [ros_gz_container]: 	State:
[component_container-3] [INFO] [1778330337.429401800] [ros_gz_container]: 		 position
[component_container-3] [INFO] [1778330337.429405758] [ros_gz_container]: 			 found initial value: 1.571000
[component_container-3] [INFO] [1778330337.429410675] [ros_gz_container]: 		 velocity
[component_container-3] [INFO] [1778330337.429413675] [ros_gz_container]: 			 found initial value: 0.000000
[component_container-3] [INFO] [1778330337.429417716] [ros_gz_container]: 		 effort
[component_container-3] [INFO] [1778330337.429420841] [ros_gz_container]: 			 found initial value: 0.000000
[component_container-3] [INFO] [1778330337.429426883] [ros_gz_container]: 	Command:
[component_container-3] [INFO] [1778330337.429433091] [ros_gz_container]: 		 position
[component_container-3] [INFO] [1778330337.429439216] [ros_gz_container]: 		 velocity
[component_container-3] [INFO] [1778330337.429442550] [ros_gz_container]: 		 effort
[component_container-3] [INFO] [1778330337.429448591] [ros_gz_container]: Loading joint: wrist_3_joint
[component_container-3] [INFO] [1778330337.429451383] [ros_gz_container]: 	State:
[component_container-3] [INFO] [1778330337.429453841] [ros_gz_container]: 		 position
[component_container-3] [INFO] [1778330337.429459383] [ros_gz_container]: 			 found initial value: 1.411000
[component_container-3] [INFO] [1778330337.429465883] [ros_gz_container]: 		 velocity
[component_container-3] [INFO] [1778330337.429475508] [ros_gz_container]: 			 found initial value: 0.000000
[component_container-3] [INFO] [1778330337.429481550] [ros_gz_container]: 		 effort
[component_container-3] [INFO] [1778330337.429488716] [ros_gz_container]: 			 found initial value: 0.000000
[component_container-3] [INFO] [1778330337.429496175] [ros_gz_container]: 	Command:
[component_container-3] [INFO] [1778330337.429501675] [ros_gz_container]: 		 position
[component_container-3] [INFO] [1778330337.429510591] [ros_gz_container]: 		 velocity
[component_container-3] [INFO] [1778330337.429521341] [ros_gz_container]: 		 effort
[component_container-3] [INFO] [1778330337.429853550] [ros_gz_container]: Loading sensor: AtiForceTorqueSensor
[component_container-3] [INFO] [1778330337.429870883] [ros_gz_container]: 	State:
[component_container-3] [INFO] [1778330337.430526508] [ros_gz_container]: 		 force.x
[component_container-3] [INFO] [1778330337.430558216] [ros_gz_container]: 		 force.y
[component_container-3] [INFO] [1778330337.430565883] [ros_gz_container]: 		 force.z
[component_container-3] [INFO] [1778330337.430568925] [ros_gz_container]: 		 torque.x
[component_container-3] [INFO] [1778330337.430571466] [ros_gz_container]: 		 torque.y
[component_container-3] [INFO] [1778330337.430592841] [ros_gz_container]: 		 torque.z
[component_container-3] [INFO] [1778330337.430751091] [ros_gz_container]: Initialize hardware 'ControlSystem' 
[component_container-3] [WARN] [1778330337.430962300] [rcl.logging_rosout]: Publisher already registered for node name: 'ros_gz_container'. If this is due to multiple nodes with the same name then all logs for the logger named 'ros_gz_container' will go out over the existing publisher. As soon as any node with that name is destructed it will unregister the publisher, preventing any further logs for that name from being published on the rosout topic.
[component_container-3] [INFO] [1778330337.432628883] [ros_gz_container.hardware_component.system.ControlSystem]: `status_publish_rate` is set to 0.0, hardware status publisher will not be created.
[component_container-3] [INFO] [1778330337.432822425] [ros_gz_container]: Successful initialization of hardware 'ControlSystem'
[component_container-3] [INFO] [1778330337.434724466] [resource_manager]: 'configure' hardware 'ControlSystem' 
[component_container-3] [INFO] [1778330337.435009716] [ros_gz_container]: System Successfully configured!
[component_container-3] [INFO] [1778330337.435147341] [resource_manager]: Successful 'configure' of hardware 'ControlSystem'
[component_container-3] [INFO] [1778330337.435811091] [resource_manager]: 'activate' hardware 'ControlSystem' 
[component_container-3] [INFO] [1778330337.436184550] [resource_manager]: Successful 'activate' of hardware 'ControlSystem'
[component_container-3] [INFO] [1778330337.437682508] [resource_manager]: 'configure' hardware 'gripper' 
[component_container-3] [INFO] [1778330337.437704758] [ros_gz_container]: System Successfully configured!
[component_container-3] [INFO] [1778330337.437720133] [resource_manager]: Successful 'configure' of hardware 'gripper'
[component_container-3] [INFO] [1778330337.437725800] [resource_manager]: 'activate' hardware 'gripper' 
[component_container-3] [INFO] [1778330337.437734341] [resource_manager]: Successful 'activate' of hardware 'gripper'
[component_container-3] [WARN] [1778330337.437861883] [controller_manager]: Component 'ControlSystem' does not have read or write statistics initialized, skipping registration.
[component_container-3] [WARN] [1778330337.437888716] [controller_manager]: Component 'gripper' does not have read or write statistics initialized, skipping registration.
[component_container-3] [INFO] [1778330337.437928133] [controller_manager]: Resource Manager has been successfully initialized. Starting Controller Manager services...
[2m2026-05-09T12:38:57.779161Z[0m [32m INFO[0m acc-0 ThreadId(04) [2mzenoh::net::routing::interceptor::access_control[0m[2m:[0m e234bd8b0a0c831bae7cae90bd28776d did not match any configured ACL subject. Default permission `Allow` will be applied on all messages
[2m2026-05-09T12:38:57.869200Z[0m [32m INFO[0m acc-0 ThreadId(04) [2mzenoh::net::routing::interceptor::access_control[0m[2m:[0m b42142c643ed01528350c0b58f2840be did not match any configured ACL subject. Default permission `Allow` will be applied on all messages
[component_container-3] [INFO] [1778330337.974641967] [controller_manager]: Loading controller : 'joint_state_broadcaster' of type 'joint_state_broadcaster/JointStateBroadcaster'
[component_container-3] [INFO] [1778330337.974949050] [controller_manager]: Loading controller 'joint_state_broadcaster'
[component_container-3] [INFO] [1778330337.981959800] [controller_manager]: Controller 'joint_state_broadcaster' node arguments: --ros-args --params-file /ws_aic/install/share/aic_bringup/config/aic_ros2_controllers.yaml -p use_sim_time:=true --param use_sim_time:=true 
[spawner-6] [INFO] [1778330338.004917383] [spawner_joint_state_broadcaster]: Loaded joint_state_broadcaster
[component_container-3] [INFO] [1778330338.019201425] [controller_manager]: Configuring controller: 'joint_state_broadcaster'
[component_container-3] [INFO] [1778330338.023124550] [joint_state_broadcaster]: 'joints' or 'interfaces' parameter is empty. All available state interfaces will be published
[component_container-3] [INFO] [1778330338.051519425] [controller_manager]: Activating controllers: [ joint_state_broadcaster ]
[component_container-3] [INFO] [1778330338.053543258] [controller_manager]: Requested controller switch from non-realtime loop
[component_container-3] [INFO] [1778330338.057047675] [controller_manager]: Successfully switched controllers!
[component_container-3] (2026-05-09 12:38:59.380) [debug] [SystemManager.cc:80] Loaded system [gz_ros2_control::GazeboSimROS2ControlPlugin] for entity [31]
[component_container-3] (2026-05-09 12:38:59.389) [debug] [SystemManager.cc:80] Loaded system [gz::sim::systems::ForceTorque] for entity [31]
[component_container-3] (2026-05-09 12:38:59.403) [debug] [OffLimitContactsPlugin.cc:41] aic_gazebo::OffLimitContactsPlugin::Configure on entity: 31
[component_container-3] (2026-05-09 12:38:59.417) [debug] [OffLimitContactsPlugin.cc:165] Enabled collision [34]
[component_container-3] (2026-05-09 12:38:59.417) [debug] [OffLimitContactsPlugin.cc:165] Enabled collision [37]
[component_container-3] (2026-05-09 12:38:59.417) [debug] [OffLimitContactsPlugin.cc:165] Enabled collision [40]
[component_container-3] (2026-05-09 12:38:59.417) [debug] [OffLimitContactsPlugin.cc:165] Enabled collision [43]
[component_container-3] (2026-05-09 12:38:59.417) [debug] [OffLimitContactsPlugin.cc:165] Enabled collision [46]
[component_container-3] (2026-05-09 12:38:59.417) [debug] [OffLimitContactsPlugin.cc:165] Enabled collision [49]
[component_container-3] (2026-05-09 12:38:59.417) [debug] [OffLimitContactsPlugin.cc:165] Enabled collision [57]
[component_container-3] (2026-05-09 12:38:59.417) [debug] [OffLimitContactsPlugin.cc:165] Enabled collision [58]
[component_container-3] (2026-05-09 12:38:59.417) [debug] [OffLimitContactsPlugin.cc:165] Enabled collision [59]
[component_container-3] (2026-05-09 12:38:59.417) [debug] [OffLimitContactsPlugin.cc:165] Enabled collision [60]
[component_container-3] (2026-05-09 12:38:59.417) [debug] [OffLimitContactsPlugin.cc:165] Enabled collision [61]
[component_container-3] (2026-05-09 12:38:59.417) [debug] [OffLimitContactsPlugin.cc:165] Enabled collision [62]
[component_container-3] (2026-05-09 12:38:59.417) [debug] [OffLimitContactsPlugin.cc:165] Enabled collision [63]
[component_container-3] (2026-05-09 12:38:59.417) [debug] [OffLimitContactsPlugin.cc:165] Enabled collision [64]
[component_container-3] (2026-05-09 12:38:59.417) [debug] [OffLimitContactsPlugin.cc:165] Enabled collision [65]
[component_container-3] (2026-05-09 12:38:59.417) [debug] [OffLimitContactsPlugin.cc:165] Enabled collision [66]
[component_container-3] (2026-05-09 12:38:59.417) [debug] [OffLimitContactsPlugin.cc:165] Enabled collision [67]
[component_container-3] (2026-05-09 12:38:59.417) [debug] [OffLimitContactsPlugin.cc:165] Enabled collision [68]
[component_container-3] (2026-05-09 12:38:59.417) [debug] [OffLimitContactsPlugin.cc:165] Enabled collision [69]
[component_container-3] (2026-05-09 12:38:59.417) [debug] [OffLimitContactsPlugin.cc:165] Enabled collision [70]
[component_container-3] (2026-05-09 12:38:59.417) [debug] [OffLimitContactsPlugin.cc:165] Enabled collision [71]
[component_container-3] (2026-05-09 12:38:59.417) [debug] [OffLimitContactsPlugin.cc:165] Enabled collision [72]
[component_container-3] (2026-05-09 12:38:59.417) [debug] [OffLimitContactsPlugin.cc:165] Enabled collision [73]
[component_container-3] (2026-05-09 12:38:59.417) [debug] [OffLimitContactsPlugin.cc:165] Enabled collision [74]
[component_container-3] (2026-05-09 12:38:59.417) [debug] [OffLimitContactsPlugin.cc:165] Enabled collision [75]
[component_container-3] (2026-05-09 12:38:59.417) [debug] [OffLimitContactsPlugin.cc:165] Enabled collision [81]
[component_container-3] (2026-05-09 12:38:59.417) [debug] [OffLimitContactsPlugin.cc:165] Enabled collision [82]
[component_container-3] (2026-05-09 12:38:59.417) [debug] [OffLimitContactsPlugin.cc:165] Enabled collision [85]
[component_container-3] (2026-05-09 12:38:59.417) [debug] [OffLimitContactsPlugin.cc:165] Enabled collision [86]
[component_container-3] (2026-05-09 12:38:59.417) [debug] [OffLimitContactsPlugin.cc:165] Enabled collision [87]
[component_container-3] (2026-05-09 12:38:59.417) [debug] [OffLimitContactsPlugin.cc:165] Enabled collision [88]
[component_container-3] (2026-05-09 12:38:59.418) [debug] [OffLimitContactsPlugin.cc:165] Enabled collision [91]
[component_container-3] (2026-05-09 12:38:59.418) [debug] [OffLimitContactsPlugin.cc:165] Enabled collision [92]
[component_container-3] (2026-05-09 12:38:59.418) [debug] [OffLimitContactsPlugin.cc:165] Enabled collision [93]
[component_container-3] (2026-05-09 12:38:59.418) [debug] [OffLimitContactsPlugin.cc:165] Enabled collision [94]
[component_container-3] (2026-05-09 12:38:59.418) [debug] [SystemManager.cc:80] Loaded system [aic_gazebo::OffLimitContactsPlugin] for entity [31]
[component_container-3] (2026-05-09 12:38:59.429) [debug] [ResetJointsPlugin.cc:40] aic_gazebo::ResetJointsPlugin::Configure on entity: 31
[component_container-3] [WARN] [1778330339.429861509] [rcl.logging_rosout]: Publisher already registered for node name: 'ros_gz_container'. If this is due to multiple nodes with the same name then all logs for the logger named 'ros_gz_container' will go out over the existing publisher. As soon as any node with that name is destructed it will unregister the publisher, preventing any further logs for that name from being published on the rosout topic.
[component_container-3] (2026-05-09 12:38:59.434) [info] [ResetJointsPlugin.cc:117] Initialized ResetJointsPlugin!
[component_container-3] (2026-05-09 12:38:59.434) [debug] [SystemManager.cc:80] Loaded system [aic_gazebo::ResetJointsPlugin] for entity [31]
[component_container-3] (2026-05-09 12:38:59.434) [debug] [UserCommands.cc:1108] Created entity [31] named [ur5e]
[component_container-3] (2026-05-09 12:38:59.448) [debug] [Physics.cc:1171] Attempting to set physics options, but the physics engine doesn't support feature [CollisionPairMaxContacts]. Options will be ignored.
[component_container-3] (2026-05-09 12:38:59.507) [debug] [Sensors.cc:953] Initialization needed
[component_container-3] (2026-05-09 12:38:59.508) [debug] [Sensors.cc:349] Initializing render context
[component_container-3] (2026-05-09 12:38:59.514) [info] [RenderEngineManager.cc:514] Loading plugin [gz-rendering-ogre2]
[component_container-3] (2026-05-09 12:38:59.521) [info] [SceneBroadcaster.cc:634] Serving scene information on [/world/aic_world/scene/info]
[component_container-3] (2026-05-09 12:38:59.521) [info] [SceneBroadcaster.cc:643] Serving graph information on [/world/aic_world/scene/graph]
[component_container-3] (2026-05-09 12:38:59.521) [info] [SceneBroadcaster.cc:654] Serving full state on [/world/aic_world/state]
[component_container-3] (2026-05-09 12:38:59.521) [info] [SceneBroadcaster.cc:663] Serving full state (async) on [/world/aic_world/state_async]
[component_container-3] (2026-05-09 12:38:59.521) [info] [SceneBroadcaster.cc:671] Publishing scene information on [/world/aic_world/scene/info]
[component_container-3] (2026-05-09 12:38:59.522) [info] [SceneBroadcaster.cc:680] Publishing entity deletions on [/world/aic_world/scene/deletion]
[component_container-3] (2026-05-09 12:38:59.522) [info] [SceneBroadcaster.cc:689] Publishing state changes on [/world/aic_world/state]
[component_container-3] (2026-05-09 12:38:59.522) [info] [SceneBroadcaster.cc:700] Publishing pose messages on [/world/aic_world/pose/info]
[component_container-3] (2026-05-09 12:38:59.522) [info] [SceneBroadcaster.cc:711] Publishing dynamic pose messages on [/world/aic_world/dynamic_pose/info]
[component_container-3] (2026-05-09 12:38:59.538) [debug] [EntityComponentManager.cc:1676] Updated state thread iterators: 10 threads processing around 12 entities each.
[component_container-3] (2026-05-09 12:38:59.626) [debug] [SimulationRunner.cc:600] Exiting postupdate worker thread (0)
[component_container-3] (2026-05-09 12:38:59.627) [debug] [SimulationRunner.cc:600] Exiting postupdate worker thread (2)
[component_container-3] (2026-05-09 12:38:59.627) [debug] [SimulationRunner.cc:600] Exiting postupdate worker thread (1)
[component_container-3] (2026-05-09 12:38:59.626) [debug] [SimulationRunner.cc:600] Exiting postupdate worker thread (3)
[component_container-3] (2026-05-09 12:38:59.629) [debug] [SimulationRunner.cc:573] Creating PostUpdate worker threads: 6
[component_container-3] (2026-05-09 12:38:59.630) [debug] [SimulationRunner.cc:584] Creating postupdate worker thread (0)
[component_container-3] (2026-05-09 12:38:59.630) [debug] [SimulationRunner.cc:584] Creating postupdate worker thread (1)
[component_container-3] (2026-05-09 12:38:59.631) [debug] [SimulationRunner.cc:584] Creating postupdate worker thread (2)
[component_container-3] (2026-05-09 12:38:59.631) [debug] [SimulationRunner.cc:584] Creating postupdate worker thread (3)
[component_container-3] (2026-05-09 12:38:59.631) [debug] [SimulationRunner.cc:584] Creating postupdate worker thread (4)
[component_container-3] (2026-05-09 12:38:59.746) [debug] [EntityComponentManager.cc:1676] Updated state thread iterators: 10 threads processing around 12 entities each.
[spawner-6] [INFO] [1778330339.830364926] [spawner_joint_state_broadcaster]: Configured and activated joint_state_broadcaster
[component_container-3] [1;33mWarning [Utils.cc:119][0m [/sdf/model[@name="ur"]/link[@name="center_camera/sensor_link"]/sensor[@name="center_camera"]/camera[@name="center_camera"]/optical_frame_id]: SDF Element[optical_frame_id] is deprecated
[component_container-3] [1;33mWarning [Utils.cc:119][0m [/sdf/model[@name="ur"]/link[@name="left_camera/sensor_link"]/sensor[@name="left_camera"]/camera[@name="left_camera"]/optical_frame_id]: SDF Element[optical_frame_id] is deprecated
[component_container-3] [1;33mWarning [Utils.cc:119][0m [/sdf/model[@name="ur"]/link[@name="right_camera/sensor_link"]/sensor[@name="right_camera"]/camera[@name="right_camera"]/optical_frame_id]: SDF Element[optical_frame_id] is deprecated
[INFO] [spawner-6]: process has finished cleanly [pid 254]
[INFO] [spawner-8]: process started with pid [393]
[component_container-3] [INFO] [1778330340.013429551] [controller_manager]: Loading controller : 'fts_broadcaster' of type 'force_torque_sensor_broadcaster/ForceTorqueSensorBroadcaster'
[component_container-3] [INFO] [1778330340.013522343] [controller_manager]: Loading controller 'fts_broadcaster'
[component_container-3] [INFO] [1778330340.026703051] [gz_server]: InitializeCanonicalLinks
[component_container-3] [INFO] [1778330340.027793718] [gz_server]: Creating services on gz_server
[component_container-3] [INFO] [1778330340.054247926] [controller_manager]: Controller 'fts_broadcaster' node arguments: --ros-args --params-file /ws_aic/install/share/aic_bringup/config/aic_ros2_controllers.yaml -p use_sim_time:=true --param use_sim_time:=true 
[component_container-3] [INFO] [1778330340.068233884] [gz_server]: Created service /gz_server/delete_entity
[component_container-3] [INFO] [1778330340.082922759] [gz_server]: Created service /gz_server/get_entities
[component_container-3] [INFO] [1778330340.088757009] [gz_server]: Created service /gz_server/get_entity_info
[component_container-3] [INFO] [1778330340.099002051] [gz_server]: Created service /gz_server/get_entity_state
[component_container-3] [INFO] [1778330340.102060384] [gz_server]: Created service /gz_server/get_entities_states
[component_container-3] [INFO] [1778330340.105834593] [gz_server]: Created service /gz_server/get_simulation_state
[component_container-3] [INFO] [1778330340.109475051] [gz_server]: Created service /gz_server/get_simulator_features
[component_container-3] [INFO] [1778330340.115656551] [gz_server]: Created service /gz_server/reset_simulation
[component_container-3] [INFO] [1778330340.117824176] [gz_server]: Created service /gz_server/set_entity_state
[component_container-3] [INFO] [1778330340.123604384] [gz_server]: Created service /gz_server/set_simulation_state
[component_container-3] [INFO] [1778330340.127101218] [gz_server]: Created service /gz_server/spawn_entity
[component_container-3] [INFO] [1778330340.131682426] [gz_server]: Created service /gz_server/step_simulation
[component_container-3] [INFO] [1778330340.153429509] [gz_server]: Created action /gz_server/simulate_steps
[gz-4] [1;33mWarning [Utils.cc:119][0m [/sdf/model[@name="ur"]/link[@name="center_camera/sensor_link"]/sensor[@name="center_camera"]/camera[@name="center_camera"]/optical_frame_id]: SDF Element[optical_frame_id] is deprecated
[gz-4] [1;33mWarning [Utils.cc:119][0m [/sdf/model[@name="ur"]/link[@name="left_camera/sensor_link"]/sensor[@name="left_camera"]/camera[@name="left_camera"]/optical_frame_id]: SDF Element[optical_frame_id] is deprecated
[gz-4] [1;33mWarning [Utils.cc:119][0m [/sdf/model[@name="ur"]/link[@name="right_camera/sensor_link"]/sensor[@name="right_camera"]/camera[@name="right_camera"]/optical_frame_id]: SDF Element[optical_frame_id] is deprecated
[component_container-3] (2026-05-09 12:39:00.431) [debug] [RenderUtil.cc:2646] Create scene [scene]
[2m2026-05-09T12:39:00.626330Z[0m [32m INFO[0m acc-0 ThreadId(04) [2mzenoh::net::routing::interceptor::access_control[0m[2m:[0m 41233cc43bbdbe6adac667f4dd798e67 did not match any configured ACL subject. Default permission `Allow` will be applied on all messages
[component_container-3] (2026-05-09 12:39:04.703) [debug] [Sensors.cc:391] Rendering Thread initialized
[component_container-3] (2026-05-09 12:39:04.703) [debug] [Sensors.cc:953] Initialization needed
[component_container-3] (2026-05-09 12:39:04.750) [info] [ApplyLinkWrench.cc:209] Listening to instantaneous wrench commands in [/world/aic_world/wrench]
[component_container-3] (2026-05-09 12:39:04.750) [info] [ApplyLinkWrench.cc:220] Listening to persistent wrench commands in [/world/aic_world/wrench/persistent]
[component_container-3] (2026-05-09 12:39:04.752) [info] [ApplyLinkWrench.cc:231] Listening to wrench clear commands in [/world/aic_world/wrench/clear]
[component_container-3] (2026-05-09 12:39:04.752) [debug] [SystemManager.cc:80] Loaded system [gz::sim::systems::ApplyLinkWrench] for entity [1]
[component_container-3] (2026-05-09 12:39:04.753) [debug] [ForceTorque.cc:162] Adding JointTransmittedWrench to: 110
[component_container-3] [INFO] [1778330344.760233553] [ros_gz_container]: ForceTorque AtiForceTorqueSensor has a topic name: /axia80_m20/wrench
[component_container-3] [INFO] [1778330344.772473470] [ros_gz_container]: ForceTorque AtiForceTorqueSensor has a topic name: /axia80_m20/wrench
[spawner-7] [INFO] [1778330344.799351553] [spawner_fts_broadcaster]: Loaded fts_broadcaster
[component_container-3] [INFO] [1778330344.806089595] [controller_manager]: Configuring controller: 'fts_broadcaster'
[component_container-3] [INFO] [1778330344.827988011] [fts_broadcaster]: configure successful
[component_container-3] (2026-05-09 12:39:06.843) [debug] [CameraSensor.cc:342] Camera images for [ur5e::center_camera/sensor_link::center_camera] advertised on [/center_camera/image]
[component_container-3] (2026-05-09 12:39:06.843) [debug] [CameraSensor.cc:632] Camera info for [ur5e::center_camera/sensor_link::center_camera] advertised on [/center_camera/camera_info]
[component_container-3] (2026-05-09 12:39:06.847) [warning] [Ogre2Camera.cc:423] Ogre2Camera::SetVisibilityMask: Mask bits c0000000 are set but will be ignored as they conflict with the reserved bits used internally by the ogre2 backend.
[component_container-3] (2026-05-09 12:39:06.854) [debug] [CameraSensor.cc:342] Camera images for [ur5e::left_camera/sensor_link::left_camera] advertised on [/left_camera/image]
[component_container-3] (2026-05-09 12:39:06.854) [debug] [CameraSensor.cc:632] Camera info for [ur5e::left_camera/sensor_link::left_camera] advertised on [/left_camera/camera_info]
[component_container-3] (2026-05-09 12:39:06.855) [debug] [CameraSensor.cc:342] Camera images for [ur5e::right_camera/sensor_link::right_camera] advertised on [/right_camera/image]
[component_container-3] (2026-05-09 12:39:06.855) [debug] [CameraSensor.cc:632] Camera info for [ur5e::right_camera/sensor_link::right_camera] advertised on [/right_camera/camera_info]
[component_container-3] (2026-05-09 12:39:06.854) [warning] [Ogre2Camera.cc:423] Ogre2Camera::SetVisibilityMask: Mask bits c0000000 are set but will be ignored as they conflict with the reserved bits used internally by the ogre2 backend.
[component_container-3] (2026-05-09 12:39:06.855) [warning] [Ogre2Camera.cc:423] Ogre2Camera::SetVisibilityMask: Mask bits c0000000 are set but will be ignored as they conflict with the reserved bits used internally by the ogre2 backend.
[spawner-8] [WARN] [1778330360.812180463] [ros2_control_controller_spawner_aic_controller]: Attempt 1 failed. Retrying in 3 seconds...

[web] stop requested: new warehouse_visual run started
[2m2026-05-09T12:39:32.253872Z[0m [32m INFO[0m ThreadId(02) [2mzenoh::api::session[0m[2m:[0m close session [3mzid[0m[2m=[0mdf6ce23d25cbd5120c5d6192c78d59d9
[WARNING] [launch]: user interrupted with ctrl-c (SIGINT)
[ros2run]: Received signal:  Interrupt
[spawner-8] [INFO] [1778330372.247929969] [ros2_control_controller_spawner_aic_controller]: KeyboardInterrupt received! Exiting....
[INFO] [robot_state_publisher-1]: process has finished cleanly [pid 116]
[INFO] [aic_adapter-2]: process has finished cleanly [pid 118]
[INFO] [spawner-8]: process has finished cleanly [pid 393]
[INFO] [spawner-7]: sending signal 'SIGINT' to process[spawner-7]
[INFO] [gz-4]: sending signal 'SIGINT' to process[gz-4]
[INFO] [component_container-3]: sending signal 'SIGINT' to process[component_container-3]
[component_container-3] (2026-05-09 12:39:32.251) [debug] [SignalHandler.cc:278] Received signal[2].
[component_container-3] (2026-05-09 12:39:32.252) [debug] [ServerPrivate.cc:127] Server received signal[2]
[component_container-3] (2026-05-09 12:39:32.253) [debug] [Sensors.cc:565] SensorsPrivate::Stop
[robot_state_publisher-1] [INFO] [1778330372.252647802] [rclcpp]: signal_handler(SIGINT/SIGTERM)
[aic_adapter-2] [INFO] [1778330372.276614260] [rclcpp]: signal_handler(SIGINT/SIGTERM)
