$ ['/entrypoint.sh', 'gazebo_gui:=true', 'launch_rviz:=true', 'ground_truth:=false', 'start_aic_engine:=true', 'shutdown_on_aic_engine_exit:=true', 'model_discovery_timeout_seconds:=600']

ZENOH_CONFIG_OVERRIDE_ROUTER=mode="router";listen/endpoints=["tcp/[::]:7447"];connect/endpoints=[];routing/router/peers_failover_brokering=true;transport/shared_memory/enabled=false
ZENOH_CONFIG_OVERRIDE_PEER=;transport/shared_memory/enabled=false
[2m2026-04-25T16:43:48.096442Z[0m [32m INFO[0m ThreadId(02) [2mzenoh::net::runtime[0m[2m:[0m Using ZID: 34f82986f08acdc2a920e4cd425f7894
[2m2026-04-25T16:43:48.100078Z[0m [33m WARN[0m ThreadId(02) [2mzenoh::net::routing::interceptor::authorization[0m[2m:[0m Rule 'deny_rule' flows list is not set. Setting it to both Ingress and Egress
[INFO] [launch]: All log files can be found below /root/.ros/log/2026-04-25-16-43-48-118520-b5cdc256cb9b-37
[2m2026-04-25T16:43:48.123037Z[0m [32m INFO[0m ThreadId(02) [2mzenoh::net::runtime::orchestrator[0m[2m:[0m Zenoh can be reached at: tcp/172.19.0.2:7447
[INFO] [launch]: Default logging verbosity is set to INFO
Started Zenoh router with id 34f82986f08acdc2a920e4cd425f7894
[2m2026-04-25T16:43:48.658384Z[0m [32m INFO[0m acc-0 ThreadId(04) [2mzenoh::net::routing::interceptor::access_control[0m[2m:[0m 8f2d7963eb1c098bb998d7e4f4c00558 did not match any configured ACL subject. Default permission `Allow` will be applied on all messages
[INFO] [robot_state_publisher-1]: process started with pid [107]
[INFO] [aic_adapter-2]: process started with pid [109]
[INFO] [component_container-3]: process started with pid [111]
[INFO] [gz-4]: process started with pid [113]
[INFO] [create-5]: process started with pid [115]
[INFO] [aic_engine-6]: process started with pid [117]
[2m2026-04-25T16:43:49.141791Z[0m [32m INFO[0m acc-0 ThreadId(04) [2mzenoh::net::routing::interceptor::access_control[0m[2m:[0m 3cd29ba8465e3d6128d902cb5e7af42d did not match any configured ACL subject. Default permission `Allow` will be applied on all messages
[2m2026-04-25T16:43:49.145374Z[0m [32m INFO[0m acc-0 ThreadId(04) [2mzenoh::net::routing::interceptor::access_control[0m[2m:[0m 328b88d3ce18e288e254f9d57f418ef8 did not match any configured ACL subject. Default permission `Allow` will be applied on all messages
[2m2026-04-25T16:43:49.152490Z[0m [32m INFO[0m acc-0 ThreadId(04) [2mzenoh::net::routing::interceptor::access_control[0m[2m:[0m 215bea2c0cbf4db123a77a2f49e7cacb did not match any configured ACL subject. Default permission `Allow` will be applied on all messages
[2m2026-04-25T16:43:49.172075Z[0m [32m INFO[0m acc-0 ThreadId(04) [2mzenoh::net::routing::interceptor::access_control[0m[2m:[0m 86ed82cd4131ee03ee9bd1de048d1f5c did not match any configured ACL subject. Default permission `Allow` will be applied on all messages
[2m2026-04-25T16:43:49.176834Z[0m [32m INFO[0m acc-0 ThreadId(04) [2mzenoh::net::routing::interceptor::access_control[0m[2m:[0m a07ea6b2f52780bdd37aadf2550cbf0e did not match any configured ACL subject. Default permission `Allow` will be applied on all messages
[component_container-3] [INFO] [1777135429.298809222] [ros_gz_container]: Load Library: /ws_aic/install/lib/libgzserver_component.so
[aic_engine-6] [INFO] [1777135429.313696763] [aic_engine]: Creating AIC Engine...
[aic_engine-6] [INFO] [1777135429.316217930] [aic_engine]: Scoring output directory set to: /workspace/aic_results
[aic_engine-6] [INFO] [1777135429.316689722] [aic_engine]: [1;36m╔════════════════════════════════════════╗[0m
[aic_engine-6] [INFO] [1777135429.316740222] [aic_engine]: [1;36m║   Initializing AIC Engine...           ║[0m
[aic_engine-6] [INFO] [1777135429.316744722] [aic_engine]: [1;36m╚════════════════════════════════════════╝[0m
[create-5] [INFO] [1777135429.327291013] [ros_gz_sim]: Requesting list of world names.
[aic_engine-6] [INFO] [1777135429.331118513] [aic_engine]: Successfully parsed trial 'trial_1'
[aic_engine-6] [INFO] [1777135429.331968347] [aic_engine]: Successfully parsed trial 'trial_2'
[aic_engine-6] [INFO] [1777135429.332307638] [aic_engine]: Successfully parsed trial 'trial_3'
[aic_engine-6] [INFO] [1777135429.332324222] [aic_engine]: Successfully parsed 3 trial(s)
[aic_engine-6] [INFO] [1777135429.332653347] [aic_engine]: Waiting for clock
[aic_adapter-2] [INFO] [1777135429.355600638] [aic_adapter_node]: Adapter node initialization complete.
[robot_state_publisher-1] [INFO] [1777135429.361967430] [robot_state_publisher]: Robot initialized
[component_container-3] [INFO] [1777135429.388924263] [ros_gz_container]: Found class: rclcpp_components::NodeFactoryTemplate<ros_gz_sim::GzServer>
[component_container-3] [INFO] [1777135429.389115972] [ros_gz_container]: Instantiate class: rclcpp_components::NodeFactoryTemplate<ros_gz_sim::GzServer>
[INFO] [launch_ros.actions.load_composable_nodes]: Loaded node '/gz_server' in container '/ros_gz_container'
[component_container-3] [INFO] [1777135429.404834180] [ros_gz_container]: Load Library: /ws_aic/install/lib/libros_gz_bridge.so
[component_container-3] [INFO] [1777135429.438073805] [ros_gz_container]: Found class: rclcpp_components::NodeFactoryTemplate<ros_gz_bridge::RosGzBridge>
[component_container-3] [INFO] [1777135429.438136847] [ros_gz_container]: Instantiate class: rclcpp_components::NodeFactoryTemplate<ros_gz_bridge::RosGzBridge>
[gz-4] QStandardPaths: XDG_RUNTIME_DIR not set, defaulting to '/tmp/runtime-root'
[INFO] [launch_ros.actions.load_composable_nodes]: Loaded node '/ros_gz_bridge' in container 'ros_gz_container'
[component_container-3] (2026-04-25 16:43:49.550) [info] [ServerPrivate.cc:664] Loading SDF world file[/ws_aic/install/share/aic_description/world/aic.sdf].
[gz-4] (2026-04-25 16:43:50.131) [error] [SignalHandler.cc:178] [GUI] 4 Interrupted system call
[component_container-3] [INFO] [1777135430.470460764] [ros_gz_bridge]: Creating GZ->ROS Bridge: [/clock (gz.msgs.Clock) -> /clock (rosgraph_msgs/msg/Clock)] (Lazy 0)
[component_container-3] [INFO] [1777135430.476593139] [ros_gz_bridge]: Creating GZ->ROS Bridge: [/left_camera/image (gz.msgs.Image) -> /left_camera/image (sensor_msgs/msg/Image)] (Lazy 1)
[component_container-3] [INFO] [1777135430.480654847] [ros_gz_bridge]: Creating GZ->ROS Bridge: [/center_camera/image (gz.msgs.Image) -> /center_camera/image (sensor_msgs/msg/Image)] (Lazy 1)
[component_container-3] [INFO] [1777135430.481070389] [ros_gz_bridge]: Creating GZ->ROS Bridge: [/right_camera/image (gz.msgs.Image) -> /right_camera/image (sensor_msgs/msg/Image)] (Lazy 1)
[component_container-3] [INFO] [1777135430.481617639] [ros_gz_bridge]: Creating GZ->ROS Bridge: [/left_camera/camera_info (gz.msgs.CameraInfo) -> /left_camera/camera_info (sensor_msgs/msg/CameraInfo)] (Lazy 1)
[component_container-3] [INFO] [1777135430.483648972] [ros_gz_bridge]: Creating GZ->ROS Bridge: [/center_camera/camera_info (gz.msgs.CameraInfo) -> /center_camera/camera_info (sensor_msgs/msg/CameraInfo)] (Lazy 1)
[component_container-3] [INFO] [1777135430.484119139] [ros_gz_bridge]: Creating GZ->ROS Bridge: [/right_camera/camera_info (gz.msgs.CameraInfo) -> /right_camera/camera_info (sensor_msgs/msg/CameraInfo)] (Lazy 1)
[component_container-3] [INFO] [1777135430.484468305] [ros_gz_bridge]: Creating GZ->ROS Bridge: [/aic/gazebo/contacts/off_limit (gz.msgs.Contacts) -> /aic/gazebo/contacts/off_limit (ros_gz_interfaces/msg/Contacts)] (Lazy 1)
[component_container-3] [INFO] [1777135430.487743347] [ros_gz_bridge]: Creating GZ->ROS Bridge: [/cable_0/pose (gz.msgs.Pose_V) -> /scoring/tf (tf2_msgs/msg/TFMessage)] (Lazy 1)
[component_container-3] [INFO] [1777135430.490082930] [ros_gz_bridge]: Creating GZ->ROS Bridge: [/cable_1/pose (gz.msgs.Pose_V) -> /scoring/tf (tf2_msgs/msg/TFMessage)] (Lazy 1)
[component_container-3] [INFO] [1777135430.491661639] [ros_gz_bridge]: Creating GZ->ROS Bridge: [/cable_2/pose (gz.msgs.Pose_V) -> /scoring/tf (tf2_msgs/msg/TFMessage)] (Lazy 1)
[component_container-3] [INFO] [1777135430.491808347] [ros_gz_bridge]: Creating GZ->ROS Bridge: [/cable_3/pose (gz.msgs.Pose_V) -> /scoring/tf (tf2_msgs/msg/TFMessage)] (Lazy 1)
[component_container-3] [INFO] [1777135430.491909139] [ros_gz_bridge]: Creating GZ->ROS Bridge: [/cable_4/pose (gz.msgs.Pose_V) -> /scoring/tf (tf2_msgs/msg/TFMessage)] (Lazy 1)
[component_container-3] [INFO] [1777135430.491981847] [ros_gz_bridge]: Creating GZ->ROS Bridge: [/task_board/pose_static (gz.msgs.Pose_V) -> /scoring/tf (tf2_msgs/msg/TFMessage)] (Lazy 1)
[component_container-3] [INFO] [1777135430.492048514] [ros_gz_bridge]: Creating GZ->ROS Bridge: [/cable_0/insertion_event (gz.msgs.StringMsg) -> /scoring/insertion_event (std_msgs/msg/String)] (Lazy 1)
[component_container-3] [INFO] [1777135430.493764430] [ros_gz_bridge]: Creating GZ->ROS Bridge: [/cable_1/insertion_event (gz.msgs.StringMsg) -> /scoring/insertion_event (std_msgs/msg/String)] (Lazy 1)
[component_container-3] (2026-04-25 16:43:51.464) [info] [SystemManager.cc:54] Serving entity system service on [/entity/system/add]
[component_container-3] (2026-04-25 16:43:51.510) [info] [UserCommands.cc:752] Create service on [/world/aic_world/create_multiple] (async)
[component_container-3] (2026-04-25 16:43:51.510) [info] [UserCommands.cc:754] Create service on [/world/aic_world/create_multiple/blocking] (blocking)
[component_container-3] (2026-04-25 16:43:51.511) [info] [UserCommands.cc:752] Remove service on [/world/aic_world/remove] (async)
[component_container-3] (2026-04-25 16:43:51.511) [info] [UserCommands.cc:754] Remove service on [/world/aic_world/remove/blocking] (blocking)
[component_container-3] (2026-04-25 16:43:51.511) [info] [UserCommands.cc:752] Pose service on [/world/aic_world/set_pose] (async)
[component_container-3] (2026-04-25 16:43:51.511) [info] [UserCommands.cc:754] Pose service on [/world/aic_world/set_pose/blocking] (blocking)
[component_container-3] (2026-04-25 16:43:51.511) [info] [UserCommands.cc:752] Pose service on [/world/aic_world/set_pose_vector] (async)
[component_container-3] (2026-04-25 16:43:51.511) [info] [UserCommands.cc:754] Pose service on [/world/aic_world/set_pose_vector/blocking] (blocking)
[component_container-3] (2026-04-25 16:43:51.511) [info] [UserCommands.cc:752] Light configuration service on [/world/aic_world/light_config] (async)
[component_container-3] (2026-04-25 16:43:51.511) [info] [UserCommands.cc:754] Light configuration service on [/world/aic_world/light_config/blocking] (blocking)
[component_container-3] (2026-04-25 16:43:51.513) [info] [UserCommands.cc:752] Physics service on [/world/aic_world/set_physics] (async)
[component_container-3] (2026-04-25 16:43:51.513) [info] [UserCommands.cc:754] Physics service on [/world/aic_world/set_physics/blocking] (blocking)
[component_container-3] (2026-04-25 16:43:51.513) [info] [UserCommands.cc:752] SphericalCoordinates service on [/world/aic_world/set_spherical_coordinates] (async)
[component_container-3] (2026-04-25 16:43:51.513) [info] [UserCommands.cc:754] SphericalCoordinates service on [/world/aic_world/set_spherical_coordinates/blocking] (blocking)
[component_container-3] (2026-04-25 16:43:51.513) [info] [UserCommands.cc:752] Enable collision service on [/world/aic_world/enable_collision] (async)
[component_container-3] (2026-04-25 16:43:51.513) [info] [UserCommands.cc:754] Enable collision service on [/world/aic_world/enable_collision/blocking] (blocking)
[component_container-3] (2026-04-25 16:43:51.514) [info] [UserCommands.cc:752] Disable collision service on [/world/aic_world/disable_collision] (async)
[component_container-3] (2026-04-25 16:43:51.514) [info] [UserCommands.cc:754] Disable collision service on [/world/aic_world/disable_collision/blocking] (blocking)
[component_container-3] (2026-04-25 16:43:51.514) [info] [UserCommands.cc:752] Material service on [/world/aic_world/visual_config] (async)
[component_container-3] (2026-04-25 16:43:51.514) [info] [UserCommands.cc:754] Material service on [/world/aic_world/visual_config/blocking] (blocking)
[component_container-3] (2026-04-25 16:43:51.514) [info] [UserCommands.cc:752] Material service on [/world/aic_world/wheel_slip] (async)
[component_container-3] (2026-04-25 16:43:51.514) [info] [UserCommands.cc:754] Material service on [/world/aic_world/wheel_slip/blocking] (blocking)
[component_container-3] (2026-04-25 16:43:51.515) [debug] [SystemManager.cc:80] Loaded system [gz::sim::systems::UserCommands] for entity [1]
[component_container-3] (2026-04-25 16:43:51.571) [debug] [Physics.cc:967] Loaded [gz::physics::bullet_featherstone::Plugin] from library [/ws_aic/install/lib/gz-physics-8/engine-plugins/libgz-physics-bullet-featherstone-plugin.so]
[component_container-3] (2026-04-25 16:43:51.571) [debug] [SystemManager.cc:80] Loaded system [gz::sim::systems::Physics] for entity [1]
[component_container-3] (2026-04-25 16:43:51.588) [debug] [Sensors.cc:697] Configuring Sensors system
[component_container-3] (2026-04-25 16:43:51.590) [debug] [Sensors.cc:557] SensorsPrivate::Run
[component_container-3] (2026-04-25 16:43:51.590) [debug] [SystemManager.cc:80] Loaded system [gz::sim::systems::Sensors] for entity [1]
[component_container-3] (2026-04-25 16:43:51.590) [debug] [Sensors.cc:532] SensorsPrivate::RenderThread started
[component_container-3] (2026-04-25 16:43:51.590) [debug] [Sensors.cc:337] Waiting for init
[component_container-3] (2026-04-25 16:43:51.594) [debug] [ScoringPlugin.cc:45] aic_gazebo::ScoringPlugin::Configure on entity: 1
[component_container-3] (2026-04-25 16:43:51.596) [debug] [SystemManager.cc:80] Loaded system [aic_gazebo::ScoringPlugin] for entity [1]
[component_container-3] (2026-04-25 16:43:51.598) [debug] [WorldSdfGeneratorPlugin.cc:47] aic_gazebo::WorldSdfGeneratorPlugin::Configure
[component_container-3] (2026-04-25 16:43:51.598) [debug] [SystemManager.cc:80] Loaded system [aic_gazebo::WorldSdfGeneratorPlugin] for entity [1]
[component_container-3] (2026-04-25 16:43:51.601) [debug] [SystemManager.cc:80] Loaded system [gz::sim::systems::Contact] for entity [1]
[component_container-3] (2026-04-25 16:43:51.602) [info] [LevelManager.cc:646] Loaded level [default]
[component_container-3] (2026-04-25 16:43:51.603) [info] [ServerConfig.cc:1010] Copied installed config [/ws_aic/install/share/gz/gz-sim9/server.config] to default config [/root/.gz/sim/9/server.config].
[component_container-3] (2026-04-25 16:43:51.604) [debug] [ServerConfig.cc:1025] Loading (3) plugins from file [/root/.gz/sim/9/server.config]
[component_container-3] (2026-04-25 16:43:51.604) [debug] [SimulationRunner.cc:1696] Additional plugins to load:
[component_container-3] (2026-04-25 16:43:51.604) [debug] [SimulationRunner.cc:1699] gz::sim::systems::SceneBroadcaster gz-sim-scene-broadcaster-system
[component_container-3] (2026-04-25 16:43:51.610) [debug] [SystemManager.cc:80] Loaded system [gz::sim::systems::SceneBroadcaster] for entity [1]
[component_container-3] (2026-04-25 16:43:51.613) [info] [SimulationRunner.cc:275] Serving world controls on [/world/aic_world/control], [/world/aic_world/control/state] and [/world/aic_world/playback/control]
[component_container-3] (2026-04-25 16:43:51.613) [info] [SimulationRunner.cc:301] Serving GUI information on [/world/aic_world/gui/info]
[component_container-3] (2026-04-25 16:43:51.613) [info] [SimulationRunner.cc:304] World [aic_world] initialized with [2ms] physics profile.
[component_container-3] (2026-04-25 16:43:51.613) [info] [SimulationRunner.cc:311] Serving world SDF generation service on [/world/aic_world/generate_world_sdf]
[component_container-3] (2026-04-25 16:43:51.614) [info] [ServerPrivate.cc:344] Serving world names on [/gazebo/worlds]
[component_container-3] (2026-04-25 16:43:51.614) [info] [ServerPrivate.cc:357] Resource path add service on [/gazebo/resource_paths/add].
[component_container-3] (2026-04-25 16:43:51.614) [info] [ServerPrivate.cc:370] Resource path get service on [/gazebo/resource_paths/get].
[component_container-3] (2026-04-25 16:43:51.615) [info] [ServerPrivate.cc:385] Resource path resolve service on [/gazebo/resource_paths/resolve].
[component_container-3] (2026-04-25 16:43:51.615) [info] [ServerPrivate.cc:399] Resource paths published on [/gazebo/resource_paths].
[component_container-3] (2026-04-25 16:43:51.615) [info] [ServerPrivate.cc:412] Server control service on [/server_control].
[component_container-3] (2026-04-25 16:43:51.618) [info] [SimulationRunner.cc:769] Found no publishers on /stats, adding root stats topic
[component_container-3] (2026-04-25 16:43:51.826) [info] [SimulationRunner.cc:803] Found no publishers on /clock, adding root clock topic
[create-5] [INFO] [1777135431.834067250] [ros_gz_sim]: Entity creation successful.
[component_container-3] (2026-04-25 16:43:51.842) [debug] [SimulationRunner.cc:573] Creating PostUpdate worker threads: 5
[component_container-3] (2026-04-25 16:43:51.843) [debug] [SimulationRunner.cc:584] Creating postupdate worker thread (0)
[component_container-3] (2026-04-25 16:43:51.845) [debug] [SimulationRunner.cc:584] Creating postupdate worker thread (1)
[component_container-3] (2026-04-25 16:43:51.845) [debug] [SimulationRunner.cc:584] Creating postupdate worker thread (2)
[component_container-3] (2026-04-25 16:43:51.845) [debug] [SimulationRunner.cc:584] Creating postupdate worker thread (3)
[INFO] [create-5]: process has finished cleanly [pid 115]
[INFO] [spawner-7]: process started with pid [268]
[INFO] [spawner-8]: process started with pid [270]
[component_container-3] [1;33mWarning [Utils.cc:119][0m [/sdf/model[@name="ur"]/link[@name="center_camera/sensor_link"]/sensor[@name="center_camera"]/camera[@name="center_camera"]/optical_frame_id]: SDF Element[optical_frame_id] is deprecated
[component_container-3] [1;33mWarning [Utils.cc:119][0m [/sdf/model[@name="ur"]/link[@name="left_camera/sensor_link"]/sensor[@name="left_camera"]/camera[@name="left_camera"]/optical_frame_id]: SDF Element[optical_frame_id] is deprecated
[component_container-3] [1;33mWarning [Utils.cc:119][0m [/sdf/model[@name="ur"]/link[@name="right_camera/sensor_link"]/sensor[@name="right_camera"]/camera[@name="right_camera"]/optical_frame_id]: SDF Element[optical_frame_id] is deprecated
[component_container-3] [WARN] [1777135432.009264250] [rcl.logging_rosout]: Publisher already registered for node name: 'ros_gz_container'. If this is due to multiple nodes with the same name then all logs for the logger named 'ros_gz_container' will go out over the existing publisher. As soon as any node with that name is destructed it will unregister the publisher, preventing any further logs for that name from being published on the rosout topic.
[component_container-3] [INFO] [1777135432.013999667] [ros_gz_container]: [gz_ros2_control] Fixed joint [tabletop_joint] (Entity=101)] is skipped
[component_container-3] [INFO] [1777135432.014197834] [ros_gz_container]: [gz_ros2_control] Fixed joint [center_camera/attach_sensor_link] (Entity=108)] is skipped
[component_container-3] [INFO] [1777135432.014240334] [ros_gz_container]: [gz_ros2_control] Fixed joint [center_camera/attach_optical] (Entity=109)] is skipped
[component_container-3] [INFO] [1777135432.014266542] [ros_gz_container]: [gz_ros2_control] Fixed joint [ati/attach_joint] (Entity=110)] is skipped
[component_container-3] [INFO] [1777135432.014279042] [ros_gz_container]: [gz_ros2_control] Fixed joint [left_camera/attach_sensor_link] (Entity=114)] is skipped
[component_container-3] [INFO] [1777135432.014283375] [ros_gz_container]: [gz_ros2_control] Fixed joint [left_camera/attach_optical] (Entity=115)] is skipped
[component_container-3] [INFO] [1777135432.014286750] [ros_gz_container]: [gz_ros2_control] Fixed joint [right_camera/attach_sensor_link] (Entity=116)] is skipped
[component_container-3] [INFO] [1777135432.014290042] [ros_gz_container]: [gz_ros2_control] Fixed joint [right_camera/attach_optical] (Entity=117)] is skipped
[component_container-3] [INFO] [1777135432.021668875] [ros_gz_container]: Loading controller_manager
[component_container-3] [INFO] [1777135432.051733125] [controller_manager]: Using ROS clock for triggering controller manager cycles.
[component_container-3] [INFO] [1777135432.069058084] [controller_manager]: Subscribing to '/robot_description' topic for robot description.
[component_container-3] [INFO] [1777135432.078538542] [controller_manager]: Enforcing command limits is enabled...
[component_container-3] [WARN] [1777135432.079035625] [ros_gz_container]: Waiting RM to load and initialize hardware...
[component_container-3] [INFO] [1777135432.081081084] [controller_manager]: Received robot description from topic.
[component_container-3] [INFO] [1777135432.092410750] [ros_gz_container]: Using JointLimiter for joint 'gripper/left_finger_joint' in hardware 'gripper' : '  has position limits: true [0, 0.025]
[component_container-3]   has velocity limits: true [0.05]
[component_container-3]   has acceleration limits: false [nan]
[component_container-3]   has deceleration limits: false [nan]
[component_container-3]   has jerk limits: false [nan]
[component_container-3]   has effort limits: true [20]
[component_container-3]   angle wraparound: false'
[component_container-3] [INFO] [1777135432.092493084] [ros_gz_container]: Creating JointSaturationLimiter for joint 'gripper/left_finger_joint' in hardware 'gripper'
[component_container-3] [INFO] [1777135432.093807917] [ros_gz_container]: Using JointLimiter for joint 'wrist_3_joint' in hardware 'ControlSystem' : '  has position limits: true [-6.28319, 6.28319]
[component_container-3]   has velocity limits: true [3.14159]
[component_container-3]   has acceleration limits: false [nan]
[component_container-3]   has deceleration limits: false [nan]
[component_container-3]   has jerk limits: false [nan]
[component_container-3]   has effort limits: true [28]
[component_container-3]   angle wraparound: false'
[component_container-3] [INFO] [1777135432.093842042] [ros_gz_container]: Creating JointSaturationLimiter for joint 'wrist_3_joint' in hardware 'ControlSystem'
[component_container-3] [INFO] [1777135432.093860959] [ros_gz_container]: Using JointLimiter for joint 'wrist_2_joint' in hardware 'ControlSystem' : '  has position limits: true [-6.28319, 6.28319]
[component_container-3]   has velocity limits: true [3.14159]
[component_container-3]   has acceleration limits: false [nan]
[component_container-3]   has deceleration limits: false [nan]
[component_container-3]   has jerk limits: false [nan]
[component_container-3]   has effort limits: true [28]
[component_container-3]   angle wraparound: false'
[component_container-3] [INFO] [1777135432.093867375] [ros_gz_container]: Creating JointSaturationLimiter for joint 'wrist_2_joint' in hardware 'ControlSystem'
[component_container-3] [INFO] [1777135432.093890250] [ros_gz_container]: Using JointLimiter for joint 'wrist_1_joint' in hardware 'ControlSystem' : '  has position limits: true [-6.28319, 6.28319]
[component_container-3]   has velocity limits: true [3.14159]
[component_container-3]   has acceleration limits: false [nan]
[component_container-3]   has deceleration limits: false [nan]
[component_container-3]   has jerk limits: false [nan]
[component_container-3]   has effort limits: true [28]
[component_container-3]   angle wraparound: false'
[component_container-3] [INFO] [1777135432.093895584] [ros_gz_container]: Creating JointSaturationLimiter for joint 'wrist_1_joint' in hardware 'ControlSystem'
[component_container-3] [INFO] [1777135432.093902625] [ros_gz_container]: Using JointLimiter for joint 'elbow_joint' in hardware 'ControlSystem' : '  has position limits: true [-3.14159, 3.14159]
[component_container-3]   has velocity limits: true [3.14159]
[component_container-3]   has acceleration limits: false [nan]
[component_container-3]   has deceleration limits: false [nan]
[component_container-3]   has jerk limits: false [nan]
[component_container-3]   has effort limits: true [150]
[component_container-3]   angle wraparound: false'
[component_container-3] [INFO] [1777135432.093906625] [ros_gz_container]: Creating JointSaturationLimiter for joint 'elbow_joint' in hardware 'ControlSystem'
[component_container-3] [INFO] [1777135432.093913625] [ros_gz_container]: Using JointLimiter for joint 'shoulder_lift_joint' in hardware 'ControlSystem' : '  has position limits: true [-6.28319, 6.28319]
[component_container-3]   has velocity limits: true [3.14159]
[component_container-3]   has acceleration limits: false [nan]
[component_container-3]   has deceleration limits: false [nan]
[component_container-3]   has jerk limits: false [nan]
[component_container-3]   has effort limits: true [150]
[component_container-3]   angle wraparound: false'
[component_container-3] [INFO] [1777135432.094142709] [ros_gz_container]: Creating JointSaturationLimiter for joint 'shoulder_lift_joint' in hardware 'ControlSystem'
[component_container-3] [INFO] [1777135432.094160792] [ros_gz_container]: Using JointLimiter for joint 'shoulder_pan_joint' in hardware 'ControlSystem' : '  has position limits: true [-6.28319, 6.28319]
[component_container-3]   has velocity limits: true [3.14159]
[component_container-3]   has acceleration limits: false [nan]
[component_container-3]   has deceleration limits: false [nan]
[component_container-3]   has jerk limits: false [nan]
[component_container-3]   has effort limits: true [150]
[component_container-3]   angle wraparound: false'
[component_container-3] [INFO] [1777135432.094166375] [ros_gz_container]: Creating JointSaturationLimiter for joint 'shoulder_pan_joint' in hardware 'ControlSystem'
[component_container-3] [INFO] [1777135432.102322834] [ros_gz_container]: The position_proportional_gain has been set to: 0.1
[component_container-3] [INFO] [1777135432.102828417] [ros_gz_container]: Loading joint: gripper/left_finger_joint
[component_container-3] [INFO] [1777135432.102866209] [ros_gz_container]: 	State:
[component_container-3] [INFO] [1777135432.102915917] [ros_gz_container]: 		 position
[component_container-3] [INFO] [1777135432.103095875] [ros_gz_container]: 			 found initial value: 0.007300
[component_container-3] [INFO] [1777135432.103113500] [ros_gz_container]: 		 velocity
[component_container-3] [INFO] [1777135432.103219209] [ros_gz_container]: 			 found initial value: 0.000000
[component_container-3] [INFO] [1777135432.103225875] [ros_gz_container]: 		 effort
[component_container-3] [INFO] [1777135432.103372084] [ros_gz_container]: 			 found initial value: 0.000000
[component_container-3] [INFO] [1777135432.103486417] [ros_gz_container]: 	Command:
[component_container-3] [INFO] [1777135432.103492084] [ros_gz_container]: 		 position
[component_container-3] [INFO] [1777135432.103797042] [ros_gz_container]: 		 effort
[component_container-3] [INFO] [1777135432.105260834] [ros_gz_container]: Loading sensor: AtiForceTorqueSensor
[component_container-3] [INFO] [1777135432.105560875] [ros_gz_container]: 	State:
[component_container-3] [INFO] [1777135432.108197542] [ros_gz_container]: Initialize hardware 'gripper' 
[component_container-3] [WARN] [1777135432.109503625] [rcl.logging_rosout]: Publisher already registered for node name: 'ros_gz_container'. If this is due to multiple nodes with the same name then all logs for the logger named 'ros_gz_container' will go out over the existing publisher. As soon as any node with that name is destructed it will unregister the publisher, preventing any further logs for that name from being published on the rosout topic.
[component_container-3] [INFO] [1777135432.110691334] [ros_gz_container.hardware_component.system.gripper]: `status_publish_rate` is set to 0.0, hardware status publisher will not be created.
[component_container-3] [INFO] [1777135432.111456000] [ros_gz_container]: Successful initialization of hardware 'gripper'
[component_container-3] [INFO] [1777135432.114698125] [ros_gz_container]: The position_proportional_gain has been set to: 0.1
[component_container-3] [INFO] [1777135432.114897667] [ros_gz_container]: Loading joint: shoulder_pan_joint
[component_container-3] [INFO] [1777135432.114930042] [ros_gz_container]: 	State:
[component_container-3] [INFO] [1777135432.114942834] [ros_gz_container]: 		 position
[component_container-3] [INFO] [1777135432.114976084] [ros_gz_container]: 			 found initial value: -0.159700
[component_container-3] [INFO] [1777135432.114991209] [ros_gz_container]: 		 velocity
[component_container-3] [INFO] [1777135432.115004250] [ros_gz_container]: 			 found initial value: 0.000000
[component_container-3] [INFO] [1777135432.115014417] [ros_gz_container]: 		 effort
[component_container-3] [INFO] [1777135432.115025250] [ros_gz_container]: 			 found initial value: 0.000000
[component_container-3] [INFO] [1777135432.115034292] [ros_gz_container]: 	Command:
[component_container-3] [INFO] [1777135432.115041625] [ros_gz_container]: 		 position
[component_container-3] [INFO] [1777135432.115093000] [ros_gz_container]: 		 velocity
[component_container-3] [INFO] [1777135432.115363834] [ros_gz_container]: 		 effort
[component_container-3] [INFO] [1777135432.115604500] [ros_gz_container]: Loading joint: shoulder_lift_joint
[component_container-3] [INFO] [1777135432.115630167] [ros_gz_container]: 	State:
[component_container-3] [INFO] [1777135432.115639334] [ros_gz_container]: 		 position
[component_container-3] [INFO] [1777135432.115667542] [ros_gz_container]: 			 found initial value: -1.354200
[component_container-3] [INFO] [1777135432.115688084] [ros_gz_container]: 		 velocity
[component_container-3] [INFO] [1777135432.115749375] [ros_gz_container]: 			 found initial value: 0.000000
[component_container-3] [INFO] [1777135432.115794459] [ros_gz_container]: 		 effort
[component_container-3] [INFO] [1777135432.116111625] [ros_gz_container]: 			 found initial value: 0.000000
[component_container-3] [INFO] [1777135432.116147625] [ros_gz_container]: 	Command:
[component_container-3] [INFO] [1777135432.116153000] [ros_gz_container]: 		 position
[component_container-3] [INFO] [1777135432.116179167] [ros_gz_container]: 		 velocity
[component_container-3] [INFO] [1777135432.116209875] [ros_gz_container]: 		 effort
[component_container-3] [INFO] [1777135432.116227500] [ros_gz_container]: Loading joint: elbow_joint
[component_container-3] [INFO] [1777135432.116231875] [ros_gz_container]: 	State:
[component_container-3] [INFO] [1777135432.116235500] [ros_gz_container]: 		 position
[component_container-3] [INFO] [1777135432.116243209] [ros_gz_container]: 			 found initial value: -1.664800
[component_container-3] [INFO] [1777135432.116248125] [ros_gz_container]: 		 velocity
[component_container-3] [INFO] [1777135432.116252125] [ros_gz_container]: 			 found initial value: 0.000000
[component_container-3] [INFO] [1777135432.116255750] [ros_gz_container]: 		 effort
[component_container-3] [INFO] [1777135432.116261875] [ros_gz_container]: 			 found initial value: 0.000000
[component_container-3] [INFO] [1777135432.116265459] [ros_gz_container]: 	Command:
[component_container-3] [INFO] [1777135432.116268584] [ros_gz_container]: 		 position
[component_container-3] [INFO] [1777135432.116274042] [ros_gz_container]: 		 velocity
[component_container-3] [INFO] [1777135432.116277709] [ros_gz_container]: 		 effort
[component_container-3] [INFO] [1777135432.116288375] [ros_gz_container]: Loading joint: wrist_1_joint
[component_container-3] [INFO] [1777135432.116291834] [ros_gz_container]: 	State:
[component_container-3] [INFO] [1777135432.116294625] [ros_gz_container]: 		 position
[component_container-3] [INFO] [1777135432.116298750] [ros_gz_container]: 			 found initial value: -1.693300
[component_container-3] [INFO] [1777135432.116302250] [ros_gz_container]: 		 velocity
[component_container-3] [INFO] [1777135432.116305500] [ros_gz_container]: 			 found initial value: 0.000000
[component_container-3] [INFO] [1777135432.116308792] [ros_gz_container]: 		 effort
[component_container-3] [INFO] [1777135432.116312084] [ros_gz_container]: 			 found initial value: 0.000000
[component_container-3] [INFO] [1777135432.116315042] [ros_gz_container]: 	Command:
[component_container-3] [INFO] [1777135432.116317625] [ros_gz_container]: 		 position
[component_container-3] [INFO] [1777135432.116321875] [ros_gz_container]: 		 velocity
[component_container-3] [INFO] [1777135432.116325167] [ros_gz_container]: 		 effort
[component_container-3] [INFO] [1777135432.116331417] [ros_gz_container]: Loading joint: wrist_2_joint
[component_container-3] [INFO] [1777135432.116334750] [ros_gz_container]: 	State:
[component_container-3] [INFO] [1777135432.116337667] [ros_gz_container]: 		 position
[component_container-3] [INFO] [1777135432.116341750] [ros_gz_container]: 			 found initial value: 1.571000
[component_container-3] [INFO] [1777135432.116347667] [ros_gz_container]: 		 velocity
[component_container-3] [INFO] [1777135432.116350500] [ros_gz_container]: 			 found initial value: 0.000000
[component_container-3] [INFO] [1777135432.116353459] [ros_gz_container]: 		 effort
[component_container-3] [INFO] [1777135432.116356209] [ros_gz_container]: 			 found initial value: 0.000000
[component_container-3] [INFO] [1777135432.116359000] [ros_gz_container]: 	Command:
[component_container-3] [INFO] [1777135432.116361459] [ros_gz_container]: 		 position
[component_container-3] [INFO] [1777135432.116365334] [ros_gz_container]: 		 velocity
[component_container-3] [INFO] [1777135432.116368500] [ros_gz_container]: 		 effort
[component_container-3] [INFO] [1777135432.116373834] [ros_gz_container]: Loading joint: wrist_3_joint
[component_container-3] [INFO] [1777135432.116376500] [ros_gz_container]: 	State:
[component_container-3] [INFO] [1777135432.116378875] [ros_gz_container]: 		 position
[component_container-3] [INFO] [1777135432.116382000] [ros_gz_container]: 			 found initial value: 1.411000
[component_container-3] [INFO] [1777135432.116395334] [ros_gz_container]: 		 velocity
[component_container-3] [INFO] [1777135432.116401459] [ros_gz_container]: 			 found initial value: 0.000000
[component_container-3] [INFO] [1777135432.116404542] [ros_gz_container]: 		 effort
[component_container-3] [INFO] [1777135432.116407375] [ros_gz_container]: 			 found initial value: 0.000000
[component_container-3] [INFO] [1777135432.116410209] [ros_gz_container]: 	Command:
[component_container-3] [INFO] [1777135432.116412625] [ros_gz_container]: 		 position
[component_container-3] [INFO] [1777135432.116417500] [ros_gz_container]: 		 velocity
[component_container-3] [INFO] [1777135432.116422917] [ros_gz_container]: 		 effort
[component_container-3] [INFO] [1777135432.116677542] [ros_gz_container]: Loading sensor: AtiForceTorqueSensor
[component_container-3] [INFO] [1777135432.116685125] [ros_gz_container]: 	State:
[component_container-3] [INFO] [1777135432.116974417] [ros_gz_container]: 		 force.x
[component_container-3] [INFO] [1777135432.116980584] [ros_gz_container]: 		 force.y
[component_container-3] [INFO] [1777135432.116983834] [ros_gz_container]: 		 force.z
[component_container-3] [INFO] [1777135432.116987125] [ros_gz_container]: 		 torque.x
[component_container-3] [INFO] [1777135432.116990000] [ros_gz_container]: 		 torque.y
[component_container-3] [INFO] [1777135432.117005334] [ros_gz_container]: 		 torque.z
[component_container-3] [INFO] [1777135432.117120875] [ros_gz_container]: Initialize hardware 'ControlSystem' 
[component_container-3] [WARN] [1777135432.117628625] [rcl.logging_rosout]: Publisher already registered for node name: 'ros_gz_container'. If this is due to multiple nodes with the same name then all logs for the logger named 'ros_gz_container' will go out over the existing publisher. As soon as any node with that name is destructed it will unregister the publisher, preventing any further logs for that name from being published on the rosout topic.
[component_container-3] [INFO] [1777135432.120623542] [ros_gz_container.hardware_component.system.ControlSystem]: `status_publish_rate` is set to 0.0, hardware status publisher will not be created.
[component_container-3] [INFO] [1777135432.120803625] [ros_gz_container]: Successful initialization of hardware 'ControlSystem'
[component_container-3] [INFO] [1777135432.121704000] [resource_manager]: 'configure' hardware 'ControlSystem' 
[component_container-3] [INFO] [1777135432.121786250] [ros_gz_container]: System Successfully configured!
[component_container-3] [INFO] [1777135432.121798709] [resource_manager]: Successful 'configure' of hardware 'ControlSystem'
[component_container-3] [INFO] [1777135432.122040459] [resource_manager]: 'activate' hardware 'ControlSystem' 
[component_container-3] [INFO] [1777135432.122251959] [resource_manager]: Successful 'activate' of hardware 'ControlSystem'
[component_container-3] [INFO] [1777135432.122952375] [resource_manager]: 'configure' hardware 'gripper' 
[component_container-3] [INFO] [1777135432.122956584] [ros_gz_container]: System Successfully configured!
[component_container-3] [INFO] [1777135432.122962917] [resource_manager]: Successful 'configure' of hardware 'gripper'
[component_container-3] [INFO] [1777135432.122966375] [resource_manager]: 'activate' hardware 'gripper' 
[component_container-3] [INFO] [1777135432.122969584] [resource_manager]: Successful 'activate' of hardware 'gripper'
[component_container-3] [WARN] [1777135432.123082125] [controller_manager]: Component 'ControlSystem' does not have read or write statistics initialized, skipping registration.
[component_container-3] [WARN] [1777135432.123100834] [controller_manager]: Component 'gripper' does not have read or write statistics initialized, skipping registration.
[component_container-3] [INFO] [1777135432.123139750] [controller_manager]: Resource Manager has been successfully initialized. Starting Controller Manager services...
[2m2026-04-25T16:43:52.367034Z[0m [32m INFO[0m acc-0 ThreadId(04) [2mzenoh::net::routing::interceptor::access_control[0m[2m:[0m 558c2bafa336ebc2efe51d35435c438 did not match any configured ACL subject. Default permission `Allow` will be applied on all messages
[2m2026-04-25T16:43:52.439405Z[0m [32m INFO[0m acc-0 ThreadId(04) [2mzenoh::net::routing::interceptor::access_control[0m[2m:[0m 91bb7c375b56e765e96f8175de1205a6 did not match any configured ACL subject. Default permission `Allow` will be applied on all messages
[component_container-3] [INFO] [1777135432.502891625] [controller_manager]: Loading controller : 'joint_state_broadcaster' of type 'joint_state_broadcaster/JointStateBroadcaster'
[component_container-3] [INFO] [1777135432.503145042] [controller_manager]: Loading controller 'joint_state_broadcaster'
[component_container-3] [INFO] [1777135432.508510209] [controller_manager]: Controller 'joint_state_broadcaster' node arguments: --ros-args --params-file /ws_aic/install/share/aic_bringup/config/aic_ros2_controllers.yaml -p use_sim_time:=true --param use_sim_time:=true 
[spawner-7] [INFO] [1777135432.526473667] [spawner_joint_state_broadcaster]: Loaded joint_state_broadcaster
[component_container-3] [INFO] [1777135432.529902209] [controller_manager]: Configuring controller: 'joint_state_broadcaster'
[component_container-3] [INFO] [1777135432.531277292] [joint_state_broadcaster]: 'joints' or 'interfaces' parameter is empty. All available state interfaces will be published
[component_container-3] [INFO] [1777135432.546197084] [controller_manager]: Activating controllers: [ joint_state_broadcaster ]
[component_container-3] [INFO] [1777135432.548179542] [controller_manager]: Requested controller switch from non-realtime loop
[component_container-3] [INFO] [1777135432.551983459] [controller_manager]: Successfully switched controllers!
[component_container-3] (2026-04-25 16:43:54.079) [debug] [SystemManager.cc:80] Loaded system [gz_ros2_control::GazeboSimROS2ControlPlugin] for entity [31]
[component_container-3] (2026-04-25 16:43:54.084) [debug] [SystemManager.cc:80] Loaded system [gz::sim::systems::ForceTorque] for entity [31]
[component_container-3] (2026-04-25 16:43:54.087) [debug] [OffLimitContactsPlugin.cc:41] aic_gazebo::OffLimitContactsPlugin::Configure on entity: 31
[component_container-3] (2026-04-25 16:43:54.090) [debug] [OffLimitContactsPlugin.cc:165] Enabled collision [34]
[component_container-3] (2026-04-25 16:43:54.090) [debug] [OffLimitContactsPlugin.cc:165] Enabled collision [37]
[component_container-3] (2026-04-25 16:43:54.090) [debug] [OffLimitContactsPlugin.cc:165] Enabled collision [40]
[component_container-3] (2026-04-25 16:43:54.090) [debug] [OffLimitContactsPlugin.cc:165] Enabled collision [43]
[component_container-3] (2026-04-25 16:43:54.090) [debug] [OffLimitContactsPlugin.cc:165] Enabled collision [46]
[component_container-3] (2026-04-25 16:43:54.090) [debug] [OffLimitContactsPlugin.cc:165] Enabled collision [49]
[component_container-3] (2026-04-25 16:43:54.090) [debug] [OffLimitContactsPlugin.cc:165] Enabled collision [57]
[component_container-3] (2026-04-25 16:43:54.090) [debug] [OffLimitContactsPlugin.cc:165] Enabled collision [58]
[component_container-3] (2026-04-25 16:43:54.090) [debug] [OffLimitContactsPlugin.cc:165] Enabled collision [59]
[component_container-3] (2026-04-25 16:43:54.090) [debug] [OffLimitContactsPlugin.cc:165] Enabled collision [60]
[component_container-3] (2026-04-25 16:43:54.090) [debug] [OffLimitContactsPlugin.cc:165] Enabled collision [61]
[component_container-3] (2026-04-25 16:43:54.090) [debug] [OffLimitContactsPlugin.cc:165] Enabled collision [62]
[component_container-3] (2026-04-25 16:43:54.090) [debug] [OffLimitContactsPlugin.cc:165] Enabled collision [63]
[component_container-3] (2026-04-25 16:43:54.090) [debug] [OffLimitContactsPlugin.cc:165] Enabled collision [64]
[component_container-3] (2026-04-25 16:43:54.090) [debug] [OffLimitContactsPlugin.cc:165] Enabled collision [65]
[component_container-3] (2026-04-25 16:43:54.090) [debug] [OffLimitContactsPlugin.cc:165] Enabled collision [66]
[component_container-3] (2026-04-25 16:43:54.090) [debug] [OffLimitContactsPlugin.cc:165] Enabled collision [67]
[component_container-3] (2026-04-25 16:43:54.090) [debug] [OffLimitContactsPlugin.cc:165] Enabled collision [68]
[component_container-3] (2026-04-25 16:43:54.090) [debug] [OffLimitContactsPlugin.cc:165] Enabled collision [69]
[component_container-3] (2026-04-25 16:43:54.090) [debug] [OffLimitContactsPlugin.cc:165] Enabled collision [70]
[component_container-3] (2026-04-25 16:43:54.090) [debug] [OffLimitContactsPlugin.cc:165] Enabled collision [71]
[component_container-3] (2026-04-25 16:43:54.090) [debug] [OffLimitContactsPlugin.cc:165] Enabled collision [72]
[component_container-3] (2026-04-25 16:43:54.090) [debug] [OffLimitContactsPlugin.cc:165] Enabled collision [73]
[component_container-3] (2026-04-25 16:43:54.090) [debug] [OffLimitContactsPlugin.cc:165] Enabled collision [74]
[component_container-3] (2026-04-25 16:43:54.090) [debug] [OffLimitContactsPlugin.cc:165] Enabled collision [75]
[component_container-3] (2026-04-25 16:43:54.090) [debug] [OffLimitContactsPlugin.cc:165] Enabled collision [81]
[component_container-3] (2026-04-25 16:43:54.090) [debug] [OffLimitContactsPlugin.cc:165] Enabled collision [82]
[component_container-3] (2026-04-25 16:43:54.090) [debug] [OffLimitContactsPlugin.cc:165] Enabled collision [85]
[component_container-3] (2026-04-25 16:43:54.090) [debug] [OffLimitContactsPlugin.cc:165] Enabled collision [86]
[component_container-3] (2026-04-25 16:43:54.090) [debug] [OffLimitContactsPlugin.cc:165] Enabled collision [87]
[component_container-3] (2026-04-25 16:43:54.090) [debug] [OffLimitContactsPlugin.cc:165] Enabled collision [88]
[component_container-3] (2026-04-25 16:43:54.090) [debug] [OffLimitContactsPlugin.cc:165] Enabled collision [91]
[component_container-3] (2026-04-25 16:43:54.090) [debug] [OffLimitContactsPlugin.cc:165] Enabled collision [92]
[component_container-3] (2026-04-25 16:43:54.090) [debug] [OffLimitContactsPlugin.cc:165] Enabled collision [93]
[component_container-3] (2026-04-25 16:43:54.090) [debug] [OffLimitContactsPlugin.cc:165] Enabled collision [94]
[component_container-3] (2026-04-25 16:43:54.090) [debug] [SystemManager.cc:80] Loaded system [aic_gazebo::OffLimitContactsPlugin] for entity [31]
[component_container-3] (2026-04-25 16:43:54.092) [debug] [ResetJointsPlugin.cc:40] aic_gazebo::ResetJointsPlugin::Configure on entity: 31
[component_container-3] [WARN] [1777135434.093334960] [rcl.logging_rosout]: Publisher already registered for node name: 'ros_gz_container'. If this is due to multiple nodes with the same name then all logs for the logger named 'ros_gz_container' will go out over the existing publisher. As soon as any node with that name is destructed it will unregister the publisher, preventing any further logs for that name from being published on the rosout topic.
[component_container-3] (2026-04-25 16:43:54.095) [info] [ResetJointsPlugin.cc:117] Initialized ResetJointsPlugin!
[component_container-3] (2026-04-25 16:43:54.095) [debug] [SystemManager.cc:80] Loaded system [aic_gazebo::ResetJointsPlugin] for entity [31]
[component_container-3] (2026-04-25 16:43:54.096) [debug] [UserCommands.cc:1108] Created entity [31] named [ur5e]
[component_container-3] (2026-04-25 16:43:54.104) [debug] [Physics.cc:1171] Attempting to set physics options, but the physics engine doesn't support feature [CollisionPairMaxContacts]. Options will be ignored.
[component_container-3] (2026-04-25 16:43:54.143) [debug] [Sensors.cc:953] Initialization needed
[component_container-3] (2026-04-25 16:43:54.144) [debug] [Sensors.cc:349] Initializing render context
[component_container-3] (2026-04-25 16:43:54.148) [info] [RenderEngineManager.cc:514] Loading plugin [gz-rendering-ogre2]
[component_container-3] (2026-04-25 16:43:54.153) [info] [SceneBroadcaster.cc:634] Serving scene information on [/world/aic_world/scene/info]
[component_container-3] (2026-04-25 16:43:54.153) [info] [SceneBroadcaster.cc:643] Serving graph information on [/world/aic_world/scene/graph]
[component_container-3] (2026-04-25 16:43:54.153) [info] [SceneBroadcaster.cc:654] Serving full state on [/world/aic_world/state]
[component_container-3] (2026-04-25 16:43:54.154) [info] [SceneBroadcaster.cc:663] Serving full state (async) on [/world/aic_world/state_async]
[component_container-3] (2026-04-25 16:43:54.154) [info] [SceneBroadcaster.cc:671] Publishing scene information on [/world/aic_world/scene/info]
[component_container-3] (2026-04-25 16:43:54.154) [info] [SceneBroadcaster.cc:680] Publishing entity deletions on [/world/aic_world/scene/deletion]
[component_container-3] (2026-04-25 16:43:54.154) [info] [SceneBroadcaster.cc:689] Publishing state changes on [/world/aic_world/state]
[component_container-3] (2026-04-25 16:43:54.154) [info] [SceneBroadcaster.cc:700] Publishing pose messages on [/world/aic_world/pose/info]
[component_container-3] (2026-04-25 16:43:54.154) [info] [SceneBroadcaster.cc:711] Publishing dynamic pose messages on [/world/aic_world/dynamic_pose/info]
[component_container-3] (2026-04-25 16:43:54.166) [debug] [EntityComponentManager.cc:1676] Updated state thread iterators: 10 threads processing around 12 entities each.
[component_container-3] (2026-04-25 16:43:54.236) [debug] [SimulationRunner.cc:600] Exiting postupdate worker thread (3)
[component_container-3] (2026-04-25 16:43:54.236) [debug] [SimulationRunner.cc:600] Exiting postupdate worker thread (1)
[component_container-3] (2026-04-25 16:43:54.236) [debug] [SimulationRunner.cc:600] Exiting postupdate worker thread (0)
[component_container-3] (2026-04-25 16:43:54.236) [debug] [SimulationRunner.cc:600] Exiting postupdate worker thread (2)
[component_container-3] (2026-04-25 16:43:54.237) [debug] [SimulationRunner.cc:573] Creating PostUpdate worker threads: 6
[component_container-3] (2026-04-25 16:43:54.237) [debug] [SimulationRunner.cc:584] Creating postupdate worker thread (0)
[component_container-3] (2026-04-25 16:43:54.237) [debug] [SimulationRunner.cc:584] Creating postupdate worker thread (1)
[component_container-3] (2026-04-25 16:43:54.237) [debug] [SimulationRunner.cc:584] Creating postupdate worker thread (2)
[component_container-3] (2026-04-25 16:43:54.237) [debug] [SimulationRunner.cc:584] Creating postupdate worker thread (3)
[component_container-3] (2026-04-25 16:43:54.238) [debug] [SimulationRunner.cc:584] Creating postupdate worker thread (4)
[aic_engine-6] [INFO] [1777135434.240755710] [aic_engine]: Clock found successfully.
[component_container-3] (2026-04-25 16:43:54.282) [debug] [EntityComponentManager.cc:1676] Updated state thread iterators: 10 threads processing around 12 entities each.
[aic_engine-6] [INFO] [1777135434.285264376] [aic_engine]: Retrieved home joint position from config: [shoulder_pan_joint]: -0.159700
[aic_engine-6] [INFO] [1777135434.286561793] [aic_engine]: Retrieved home joint position from config: [shoulder_lift_joint]: -1.354200
[aic_engine-6] [INFO] [1777135434.286962501] [aic_engine]: Retrieved home joint position from config: [elbow_joint]: -1.664800
[aic_engine-6] [INFO] [1777135434.286970751] [aic_engine]: Retrieved home joint position from config: [wrist_1_joint]: -1.693300
[aic_engine-6] [INFO] [1777135434.287084960] [aic_engine]: Retrieved home joint position from config: [wrist_2_joint]: 1.571000
[aic_engine-6] [INFO] [1777135434.287233460] [aic_engine]: Retrieved home joint position from config: [wrist_3_joint]: 1.411000
[aic_engine-6] [INFO] [1777135434.287484043] [aic_engine]: Pre-built home messages for robot homing.
[aic_engine-6] [INFO] [1777135434.297373126] [aic_engine]: Bag output directory: /workspace/aic_results
[aic_engine-6] [INFO] [1777135434.297428043] [aic_engine]: [1;32m✓ AIC Engine initialized successfully![0m
[aic_engine-6] [INFO] [1777135434.297609585] [aic_engine]:  
[aic_engine-6] [INFO] [1777135434.297630960] [aic_engine]: [1;35m╔════════════════════════════════════════╗[0m
[aic_engine-6] [INFO] [1777135434.297647501] [aic_engine]: [1;35m║      Starting AIC Engine Run           ║[0m
[aic_engine-6] [INFO] [1777135434.297672626] [aic_engine]: [1;35m║   Total Trials: 3                      ║[0m
[aic_engine-6] [INFO] [1777135434.297763210] [aic_engine]: [1;35m╚════════════════════════════════════════╝[0m
[aic_engine-6] [INFO] [1777135434.297772001] [aic_engine]:  
[aic_engine-6] [INFO] [1777135434.297793376] [aic_engine]:  
[aic_engine-6] [INFO] [1777135434.297807876] [aic_engine]: [1;33m━━━━━━━━━━━━━━━━━━━━━━━━━━━━━━━━━━━━━━━━[0m
[aic_engine-6] [INFO] [1777135434.297826918] [aic_engine]: [1;33m  Trial 1/3: trial_1[0m
[aic_engine-6] [INFO] [1777135434.297831668] [aic_engine]: [1;33m━━━━━━━━━━━━━━━━━━━━━━━━━━━━━━━━━━━━━━━━[0m
[aic_engine-6] [INFO] [1777135434.297931585] [aic_engine]: [1;36m→ Starting trial 'trial_1'...[0m
[aic_engine-6] [INFO] [1777135434.298039835] [aic_engine]: Checking participant model readiness...
[aic_engine-6] [INFO] [1777135434.298662335] [aic_engine]: No node with name 'aic_model' found. Retrying...
[component_container-3] [1;33mWarning [Utils.cc:119][0m [/sdf/model[@name="ur"]/link[@name="center_camera/sensor_link"]/sensor[@name="center_camera"]/camera[@name="center_camera"]/optical_frame_id]: SDF Element[optical_frame_id] is deprecated
[component_container-3] [1;33mWarning [Utils.cc:119][0m [/sdf/model[@name="ur"]/link[@name="left_camera/sensor_link"]/sensor[@name="left_camera"]/camera[@name="left_camera"]/optical_frame_id]: SDF Element[optical_frame_id] is deprecated
[component_container-3] [1;33mWarning [Utils.cc:119][0m [/sdf/model[@name="ur"]/link[@name="right_camera/sensor_link"]/sensor[@name="right_camera"]/camera[@name="right_camera"]/optical_frame_id]: SDF Element[optical_frame_id] is deprecated
[spawner-7] [INFO] [1777135434.361684126] [spawner_joint_state_broadcaster]: Configured and activated joint_state_broadcaster
[component_container-3] [INFO] [1777135434.432334668] [gz_server]: InitializeCanonicalLinks
[component_container-3] [INFO] [1777135434.436382543] [gz_server]: Creating services on gz_server
[component_container-3] [INFO] [1777135434.448617376] [gz_server]: Created service /gz_server/delete_entity
[INFO] [spawner-7]: process has finished cleanly [pid 268]
[component_container-3] [INFO] [1777135434.461248501] [gz_server]: Created service /gz_server/get_entities
[INFO] [spawner-9]: process started with pid [411]
[component_container-3] [INFO] [1777135434.471843418] [gz_server]: Created service /gz_server/get_entity_info
[component_container-3] [INFO] [1777135434.478695335] [gz_server]: Created service /gz_server/get_entity_state
[component_container-3] [INFO] [1777135434.479734501] [controller_manager]: Loading controller : 'fts_broadcaster' of type 'force_torque_sensor_broadcaster/ForceTorqueSensorBroadcaster'
[component_container-3] [INFO] [1777135434.479769001] [controller_manager]: Loading controller 'fts_broadcaster'
[component_container-3] [INFO] [1777135434.490523293] [gz_server]: Created service /gz_server/get_entities_states
[component_container-3] [INFO] [1777135434.493544751] [controller_manager]: Controller 'fts_broadcaster' node arguments: --ros-args --params-file /ws_aic/install/share/aic_bringup/config/aic_ros2_controllers.yaml -p use_sim_time:=true --param use_sim_time:=true 
[component_container-3] [INFO] [1777135434.495475460] [gz_server]: Created service /gz_server/get_simulation_state
[component_container-3] [INFO] [1777135434.507841835] [gz_server]: Created service /gz_server/get_simulator_features
[component_container-3] [INFO] [1777135434.514307210] [gz_server]: Created service /gz_server/reset_simulation
[component_container-3] [INFO] [1777135434.516056293] [gz_server]: Created service /gz_server/set_entity_state
[component_container-3] [INFO] [1777135434.519023543] [gz_server]: Created service /gz_server/set_simulation_state
[component_container-3] [INFO] [1777135434.522476876] [gz_server]: Created service /gz_server/spawn_entity
[component_container-3] [INFO] [1777135434.524042626] [gz_server]: Created service /gz_server/step_simulation
[component_container-3] [INFO] [1777135434.533709210] [gz_server]: Created action /gz_server/simulate_steps
[gz-4] [1;33mWarning [Utils.cc:119][0m [/sdf/model[@name="ur"]/link[@name="center_camera/sensor_link"]/sensor[@name="center_camera"]/camera[@name="center_camera"]/optical_frame_id]: SDF Element[optical_frame_id] is deprecated
[gz-4] [1;33mWarning [Utils.cc:119][0m [/sdf/model[@name="ur"]/link[@name="left_camera/sensor_link"]/sensor[@name="left_camera"]/camera[@name="left_camera"]/optical_frame_id]: SDF Element[optical_frame_id] is deprecated
[gz-4] [1;33mWarning [Utils.cc:119][0m [/sdf/model[@name="ur"]/link[@name="right_camera/sensor_link"]/sensor[@name="right_camera"]/camera[@name="right_camera"]/optical_frame_id]: SDF Element[optical_frame_id] is deprecated
[component_container-3] (2026-04-25 16:43:54.768) [debug] [RenderUtil.cc:2646] Create scene [scene]
[2m2026-04-25T16:43:54.931310Z[0m [32m INFO[0m acc-0 ThreadId(04) [2mzenoh::net::routing::interceptor::access_control[0m[2m:[0m 4eafe71d9fa25493de46bbbba0fc49d6 did not match any configured ACL subject. Default permission `Allow` will be applied on all messages
[component_container-3] (2026-04-25 16:43:57.515) [debug] [Sensors.cc:953] Initialization needed
[component_container-3] (2026-04-25 16:43:57.515) [debug] [Sensors.cc:391] Rendering Thread initialized
[component_container-3] (2026-04-25 16:43:57.543) [info] [ApplyLinkWrench.cc:209] Listening to instantaneous wrench commands in [/world/aic_world/wrench]
[component_container-3] (2026-04-25 16:43:57.543) [info] [ApplyLinkWrench.cc:220] Listening to persistent wrench commands in [/world/aic_world/wrench/persistent]
[component_container-3] (2026-04-25 16:43:57.544) [info] [ApplyLinkWrench.cc:231] Listening to wrench clear commands in [/world/aic_world/wrench/clear]
[component_container-3] (2026-04-25 16:43:57.544) [debug] [SystemManager.cc:80] Loaded system [gz::sim::systems::ApplyLinkWrench] for entity [1]
[component_container-3] (2026-04-25 16:43:57.545) [debug] [ForceTorque.cc:162] Adding JointTransmittedWrench to: 110
[component_container-3] [INFO] [1777135437.549500961] [ros_gz_container]: ForceTorque AtiForceTorqueSensor has a topic name: /axia80_m20/wrench
[component_container-3] [INFO] [1777135437.555239294] [ros_gz_container]: ForceTorque AtiForceTorqueSensor has a topic name: /axia80_m20/wrench
[spawner-8] [INFO] [1777135437.567311795] [spawner_fts_broadcaster]: Loaded fts_broadcaster
[component_container-3] [INFO] [1777135437.571479586] [controller_manager]: Configuring controller: 'fts_broadcaster'
[component_container-3] [INFO] [1777135437.579793003] [fts_broadcaster]: configure successful
[component_container-3] (2026-04-25 16:43:59.152) [debug] [CameraSensor.cc:342] Camera images for [ur5e::center_camera/sensor_link::center_camera] advertised on [/center_camera/image]
[component_container-3] (2026-04-25 16:43:59.153) [debug] [CameraSensor.cc:632] Camera info for [ur5e::center_camera/sensor_link::center_camera] advertised on [/center_camera/camera_info]
[component_container-3] (2026-04-25 16:43:59.158) [warning] [Ogre2Camera.cc:423] Ogre2Camera::SetVisibilityMask: Mask bits c0000000 are set but will be ignored as they conflict with the reserved bits used internally by the ogre2 backend.
[component_container-3] (2026-04-25 16:43:59.162) [debug] [CameraSensor.cc:342] Camera images for [ur5e::left_camera/sensor_link::left_camera] advertised on [/left_camera/image]
[component_container-3] (2026-04-25 16:43:59.162) [debug] [CameraSensor.cc:632] Camera info for [ur5e::left_camera/sensor_link::left_camera] advertised on [/left_camera/camera_info]
[component_container-3] (2026-04-25 16:43:59.162) [warning] [Ogre2Camera.cc:423] Ogre2Camera::SetVisibilityMask: Mask bits c0000000 are set but will be ignored as they conflict with the reserved bits used internally by the ogre2 backend.
[component_container-3] (2026-04-25 16:43:59.163) [debug] [CameraSensor.cc:342] Camera images for [ur5e::right_camera/sensor_link::right_camera] advertised on [/right_camera/image]
[component_container-3] (2026-04-25 16:43:59.163) [debug] [CameraSensor.cc:632] Camera info for [ur5e::right_camera/sensor_link::right_camera] advertised on [/right_camera/camera_info]
[component_container-3] (2026-04-25 16:43:59.163) [warning] [Ogre2Camera.cc:423] Ogre2Camera::SetVisibilityMask: Mask bits c0000000 are set but will be ignored as they conflict with the reserved bits used internally by the ogre2 backend.
[spawner-9] [WARN] [1777135455.049459220] [ros2_control_controller_spawner_aic_controller]: Attempt 1 failed. Retrying in 3 seconds...
[2m2026-04-25T16:44:21.939853Z[0m [32m INFO[0m acc-0 ThreadId(04) [2mzenoh::net::routing::interceptor::access_control[0m[2m:[0m a501a146a5d24fd43f9628d73fd75c00 did not match any configured ACL subject. Default permission `Allow` will be applied on all messages
[2m2026-04-25T16:44:22.449035Z[0m [32m INFO[0m acc-0 ThreadId(04) [2mzenoh::net::routing::interceptor::access_control[0m[2m:[0m 49968a9e49b4f48072be956c78c4b3e9 did not match any configured ACL subject. Default permission `Allow` will be applied on all messages
[spawner-8] [WARN] [1777135467.584172961] [spawner_fts_broadcaster]: Failed getting a result from calling /controller_manager/configure_controller in 30.0. (Attempt 1 of 3.)
[component_container-3] (2026-04-25 16:44:27.689) [warning] [Ogre2RenderTarget.cc:668] Anti-aliasing level of '' is not supported; valid FSAA levels are: [ 0 ]. Setting to 1
[component_container-3] (2026-04-25 16:44:37.300) [debug] [CameraSensor.cc:441] Enabling camera sensor: 'ur5e::center_camera/sensor_link::center_camera' data generation.
[spawner-9] [WARN] [1777135478.083719341] [ros2_control_controller_spawner_aic_controller]: Attempt 2 failed. Retrying in 3 seconds...
[component_container-3] (2026-04-25 16:44:40.432) [debug] [CameraSensor.cc:441] Enabling camera sensor: 'ur5e::left_camera/sensor_link::left_camera' data generation.
[component_container-3] (2026-04-25 16:44:41.461) [debug] [CameraSensor.cc:441] Enabling camera sensor: 'ur5e::right_camera/sensor_link::right_camera' data generation.
[component_container-3] (2026-04-25 16:44:43.153) [debug] [SimulationRunner.cc:600] Exiting postupdate worker thread (3)
[component_container-3] (2026-04-25 16:44:43.153) [debug] [SimulationRunner.cc:600] Exiting postupdate worker thread (4)
[component_container-3] (2026-04-25 16:44:43.154) [debug] [SimulationRunner.cc:600] Exiting postupdate worker thread (0)
[component_container-3] (2026-04-25 16:44:43.154) [debug] [SimulationRunner.cc:600] Exiting postupdate worker thread (1)
[component_container-3] (2026-04-25 16:44:43.154) [debug] [SimulationRunner.cc:600] Exiting postupdate worker thread (2)
[component_container-3] (2026-04-25 16:44:43.154) [debug] [SimulationRunner.cc:573] Creating PostUpdate worker threads: 6
[component_container-3] (2026-04-25 16:44:43.154) [debug] [SimulationRunner.cc:584] Creating postupdate worker thread (0)
[component_container-3] (2026-04-25 16:44:43.154) [debug] [SimulationRunner.cc:584] Creating postupdate worker thread (1)
[component_container-3] (2026-04-25 16:44:43.154) [debug] [SimulationRunner.cc:584] Creating postupdate worker thread (2)
[component_container-3] (2026-04-25 16:44:43.154) [debug] [SimulationRunner.cc:584] Creating postupdate worker thread (3)
[component_container-3] (2026-04-25 16:44:43.154) [debug] [SimulationRunner.cc:584] Creating postupdate worker thread (4)
[component_container-3] [INFO] [1777135483.163823510] [controller_manager]: Configuring controller: 'fts_broadcaster'
[component_container-3] [INFO] [1777135483.178374094] [fts_broadcaster]: configure successful
[component_container-3] [INFO] [1777135483.202096510] [controller_manager]: Activating controllers: [ fts_broadcaster ]
[component_container-3] [INFO] [1777135483.202189760] [controller_manager]: Requested controller switch from non-realtime loop
[component_container-3] [INFO] [1777135483.202524260] [controller_manager]: Successfully switched controllers!
[spawner-8] [INFO] [1777135483.212776635] [spawner_fts_broadcaster]: Configured and activated fts_broadcaster
[INFO] [spawner-8]: process has finished cleanly [pid 270]
[component_container-3] [INFO] [1777135483.573644260] [controller_manager]: Loading controller : 'aic_controller' of type 'aic/Controller'
[component_container-3] [INFO] [1777135483.573704469] [controller_manager]: Loading controller 'aic_controller'
[component_container-3] [INFO] [1777135483.662390552] [controller_manager]: Controller 'aic_controller' node arguments: --ros-args --params-file /ws_aic/install/share/aic_bringup/config/aic_ros2_controllers.yaml -p use_sim_time:=true --param use_sim_time:=true 
[component_container-3] (2026-04-25 16:44:44.009) [debug] [WorldSdfGeneratorPlugin.cc:79] Saving world: aic_world to: /tmp/aic.sdf
[component_container-3] (2026-04-25 16:44:44.009) [info] [WorldSdfGeneratorPlugin.cc:84] World saved to /tmp/aic.sdf
[spawner-9] [INFO] [1777135487.859053971] [spawner_aic_controller]: Loaded aic_controller
[component_container-3] [INFO] [1777135487.871167388] [controller_manager]: Configuring controller: 'aic_controller'
[component_container-3] [INFO] [1777135487.871919054] [aic_controller]: Control mode set to impedance
[component_container-3] [INFO] [1777135487.872050388] [aic_controller]: Target mode set to Cartesian. Accepting MotionUpdate targets.
[component_container-3] [INFO] [1777135487.951678304] [controller_manager]: Activating controllers: [ aic_controller ]
[component_container-3] [INFO] [1777135487.952466263] [controller_manager]: Requested controller switch from non-realtime loop
[component_container-3] [INFO] [1777135487.965008054] [controller_manager]: Successfully switched controllers!
[component_container-3] (2026-04-25 16:44:47.972) [warning] [Component.hh:144] Trying to serialize component with data type [St6vectorIdSaIdEE], which doesn't have `operator<<`. Component will not be serialized.
[component_container-3] (2026-04-25 16:44:47.974) [warning] [Component.hh:189] Trying to deserialize component with data type [St6vectorIdSaIdEE], which doesn't have `operator>>`. Component will not be deserialized.
[spawner-9] [INFO] [1777135487.982481721] [spawner_aic_controller]: Configured and activated all the parsed controllers list : ['aic_controller']!
[INFO] [spawner-9]: process has finished cleanly [pid 411]
[INFO] [rviz2-10]: process started with pid [700]
[rviz2-10] QStandardPaths: XDG_RUNTIME_DIR not set, defaulting to '/tmp/runtime-root'
[2m2026-04-25T16:44:49.002314Z[0m [32m INFO[0m acc-0 ThreadId(04) [2mzenoh::net::routing::interceptor::access_control[0m[2m:[0m 2ffcbe7fb84ec4f6dd2797557aabd40 did not match any configured ACL subject. Default permission `Allow` will be applied on all messages
[rviz2-10] [INFO] [1777135490.515209014] [rviz2]: Stereo is NOT SUPPORTED
[rviz2-10] [INFO] [1777135490.521753180] [rviz2]: OpenGl version: 4.5 (GLSL 4.5)
[rviz2-10] [INFO] [1777135490.805289791] [rviz2]: Stereo is NOT SUPPORTED
[rviz2-10] [INFO] [1777135494.662803960] [rviz2]: Stereo is NOT SUPPORTED
[component_container-3] (2026-04-25 16:45:30.695) [debug] [UserCommands.cc:1108] Created entity [118] named [cone]
[component_container-3] [INFO] [1777135530.711577213] [gz_server]: InitializeCanonicalLinks
[aic_engine-6] [INFO] [1777135568.382639216] [aic_engine]: No node with name 'aic_model' found. Retrying...
[aic_engine-6] [INFO] [1777135650.241942004] [aic_engine]: No node with name 'aic_model' found. Retrying...
[component_container-3] (2026-04-25 16:48:45.682) [error] [Physics.cc:2555] SetPose is not supported for models containing plane collision geometry. Entity [20]. Request ignored
[component_container-3] (2026-04-25 16:48:45.685) [error] [Physics.cc:2555] SetPose is not supported for models containing plane collision geometry. Entity [20]. Request ignored
[aic_engine-6] [INFO] [1777135734.118917376] [aic_engine]: No node with name 'aic_model' found. Retrying...
[aic_engine-6] [INFO] [1777135820.535634472] [aic_engine]: No node with name 'aic_model' found. Retrying...
[aic_engine-6] [INFO] [1777135904.964042219] [aic_engine]: No node with name 'aic_model' found. Retrying...
[aic_engine-6] [INFO] [1777135987.975511716] [aic_engine]: No node with name 'aic_model' found. Retrying...
[aic_engine-6] [INFO] [1777136072.282801922] [aic_engine]: No node with name 'aic_model' found. Retrying...
[aic_engine-6] [INFO] [1777136156.367673586] [aic_engine]: No node with name 'aic_model' found. Retrying...
[aic_engine-6] [INFO] [1777136242.400502834] [aic_engine]: No node with name 'aic_model' found. Retrying...
[aic_engine-6] [INFO] [1777136325.767483803] [aic_engine]: No node with name 'aic_model' found. Retrying...
[aic_engine-6] [INFO] [1777136406.834866424] [aic_engine]: No node with name 'aic_model' found. Retrying...
[aic_engine-6] [INFO] [1777136489.167017795] [aic_engine]: No node with name 'aic_model' found. Retrying...
