$ ['/entrypoint.sh', 'gazebo_gui:=true', 'launch_rviz:=true', 'ground_truth:=false', 'start_aic_engine:=false', 'shutdown_on_aic_engine_exit:=false', 'model_discovery_timeout_seconds:=600']

ZENOH_CONFIG_OVERRIDE_ROUTER=mode="router";listen/endpoints=["tcp/[::]:7447"];connect/endpoints=[];routing/router/peers_failover_brokering=true;transport/shared_memory/enabled=false
ZENOH_CONFIG_OVERRIDE_PEER=;transport/shared_memory/enabled=false
[2m2026-05-09T13:03:39.667886Z[0m [32m INFO[0m ThreadId(02) [2mzenoh::net::runtime[0m[2m:[0m Using ZID: 1865c64edc84fe9ee6c976c6ec5d51c2
[2m2026-05-09T13:03:39.672686Z[0m [33m WARN[0m ThreadId(02) [2mzenoh::net::routing::interceptor::authorization[0m[2m:[0m Rule 'deny_rule' flows list is not set. Setting it to both Ingress and Egress
[INFO] [launch]: All log files can be found below /root/.ros/log/2026-05-09-13-03-39-675021-66c16c793324-70
[INFO] [launch]: Default logging verbosity is set to INFO
[2m2026-05-09T13:03:39.702431Z[0m [32m INFO[0m ThreadId(02) [2mzenoh::net::runtime::orchestrator[0m[2m:[0m Zenoh can be reached at: tcp/172.18.0.2:7447
Started Zenoh router with id 1865c64edc84fe9ee6c976c6ec5d51c2
[2m2026-05-09T13:03:40.357816Z[0m [32m INFO[0m acc-0 ThreadId(04) [2mzenoh::net::routing::interceptor::access_control[0m[2m:[0m c609372fdf7bfb57c37d6087af3a00a1 did not match any configured ACL subject. Default permission `Allow` will be applied on all messages
[INFO] [robot_state_publisher-1]: process started with pid [142]
[INFO] [aic_adapter-2]: process started with pid [144]
[INFO] [component_container-3]: process started with pid [146]
[INFO] [gz-4]: process started with pid [148]
[INFO] [create-5]: process started with pid [150]
[2m2026-05-09T13:03:40.978936Z[0m [32m INFO[0m acc-0 ThreadId(04) [2mzenoh::net::routing::interceptor::access_control[0m[2m:[0m b5c0b9f309821bdcd7b2559a5fec5932 did not match any configured ACL subject. Default permission `Allow` will be applied on all messages
[2m2026-05-09T13:03:40.981927Z[0m [32m INFO[0m acc-0 ThreadId(04) [2mzenoh::net::routing::interceptor::access_control[0m[2m:[0m 59fb3346d68256ba0fa90d07ffc9d477 did not match any configured ACL subject. Default permission `Allow` will be applied on all messages
[2m2026-05-09T13:03:40.989179Z[0m [32m INFO[0m acc-0 ThreadId(04) [2mzenoh::net::routing::interceptor::access_control[0m[2m:[0m 5058fa95d4262dd5c1836d223cba09a2 did not match any configured ACL subject. Default permission `Allow` will be applied on all messages
[2m2026-05-09T13:03:41.051988Z[0m [32m INFO[0m acc-0 ThreadId(04) [2mzenoh::net::routing::interceptor::access_control[0m[2m:[0m ee5075d31916264890de7e994d0d7c63 did not match any configured ACL subject. Default permission `Allow` will be applied on all messages
[aic_adapter-2] [INFO] [1778331821.192373917] [aic_adapter_node]: Adapter node initialization complete.
[robot_state_publisher-1] [INFO] [1778331821.202644792] [robot_state_publisher]: Robot initialized
[create-5] [INFO] [1778331821.227484833] [ros_gz_sim]: Requesting list of world names.
[component_container-3] [INFO] [1778331821.290730250] [ros_gz_container]: Load Library: /ws_aic/install/lib/libgzserver_component.so
[gz-4] QStandardPaths: XDG_RUNTIME_DIR not set, defaulting to '/tmp/runtime-root'
[component_container-3] [INFO] [1778331821.403360500] [ros_gz_container]: Found class: rclcpp_components::NodeFactoryTemplate<ros_gz_sim::GzServer>
[component_container-3] [INFO] [1778331821.403597208] [ros_gz_container]: Instantiate class: rclcpp_components::NodeFactoryTemplate<ros_gz_sim::GzServer>
[INFO] [launch_ros.actions.load_composable_nodes]: Loaded node '/gz_server' in container '/ros_gz_container'
[component_container-3] [INFO] [1778331821.425380583] [ros_gz_container]: Load Library: /ws_aic/install/lib/libros_gz_bridge.so
[component_container-3] [INFO] [1778331821.461310792] [ros_gz_container]: Found class: rclcpp_components::NodeFactoryTemplate<ros_gz_bridge::RosGzBridge>
[component_container-3] [INFO] [1778331821.461387292] [ros_gz_container]: Instantiate class: rclcpp_components::NodeFactoryTemplate<ros_gz_bridge::RosGzBridge>
[INFO] [launch_ros.actions.load_composable_nodes]: Loaded node '/ros_gz_bridge' in container 'ros_gz_container'
[component_container-3] (2026-05-09 13:03:41.582) [info] [ServerPrivate.cc:664] Loading SDF world file[/ws_aic/install/share/aic_description/world/aic.sdf].
[gz-4] (2026-05-09 13:03:42.294) [error] [SignalHandler.cc:178] [GUI] 4 Interrupted system call
[component_container-3] [INFO] [1778331822.492031334] [ros_gz_bridge]: Creating GZ->ROS Bridge: [/clock (gz.msgs.Clock) -> /clock (rosgraph_msgs/msg/Clock)] (Lazy 0)
[component_container-3] [INFO] [1778331822.498515709] [ros_gz_bridge]: Creating GZ->ROS Bridge: [/left_camera/image (gz.msgs.Image) -> /left_camera/image (sensor_msgs/msg/Image)] (Lazy 1)
[component_container-3] [INFO] [1778331822.501244167] [ros_gz_bridge]: Creating GZ->ROS Bridge: [/center_camera/image (gz.msgs.Image) -> /center_camera/image (sensor_msgs/msg/Image)] (Lazy 1)
[component_container-3] [INFO] [1778331822.501557917] [ros_gz_bridge]: Creating GZ->ROS Bridge: [/right_camera/image (gz.msgs.Image) -> /right_camera/image (sensor_msgs/msg/Image)] (Lazy 1)
[component_container-3] [INFO] [1778331822.501982667] [ros_gz_bridge]: Creating GZ->ROS Bridge: [/left_camera/camera_info (gz.msgs.CameraInfo) -> /left_camera/camera_info (sensor_msgs/msg/CameraInfo)] (Lazy 1)
[component_container-3] [INFO] [1778331822.503280751] [ros_gz_bridge]: Creating GZ->ROS Bridge: [/center_camera/camera_info (gz.msgs.CameraInfo) -> /center_camera/camera_info (sensor_msgs/msg/CameraInfo)] (Lazy 1)
[component_container-3] [INFO] [1778331822.503500251] [ros_gz_bridge]: Creating GZ->ROS Bridge: [/right_camera/camera_info (gz.msgs.CameraInfo) -> /right_camera/camera_info (sensor_msgs/msg/CameraInfo)] (Lazy 1)
[component_container-3] [INFO] [1778331822.503613292] [ros_gz_bridge]: Creating GZ->ROS Bridge: [/aic/gazebo/contacts/off_limit (gz.msgs.Contacts) -> /aic/gazebo/contacts/off_limit (ros_gz_interfaces/msg/Contacts)] (Lazy 1)
[component_container-3] [INFO] [1778331822.505958834] [ros_gz_bridge]: Creating GZ->ROS Bridge: [/cable_0/pose (gz.msgs.Pose_V) -> /scoring/tf (tf2_msgs/msg/TFMessage)] (Lazy 1)
[component_container-3] [INFO] [1778331822.508163417] [ros_gz_bridge]: Creating GZ->ROS Bridge: [/cable_1/pose (gz.msgs.Pose_V) -> /scoring/tf (tf2_msgs/msg/TFMessage)] (Lazy 1)
[component_container-3] [INFO] [1778331822.509372667] [ros_gz_bridge]: Creating GZ->ROS Bridge: [/cable_2/pose (gz.msgs.Pose_V) -> /scoring/tf (tf2_msgs/msg/TFMessage)] (Lazy 1)
[component_container-3] [INFO] [1778331822.509550292] [ros_gz_bridge]: Creating GZ->ROS Bridge: [/cable_3/pose (gz.msgs.Pose_V) -> /scoring/tf (tf2_msgs/msg/TFMessage)] (Lazy 1)
[component_container-3] [INFO] [1778331822.509650167] [ros_gz_bridge]: Creating GZ->ROS Bridge: [/cable_4/pose (gz.msgs.Pose_V) -> /scoring/tf (tf2_msgs/msg/TFMessage)] (Lazy 1)
[component_container-3] [INFO] [1778331822.509980167] [ros_gz_bridge]: Creating GZ->ROS Bridge: [/task_board/pose_static (gz.msgs.Pose_V) -> /scoring/tf (tf2_msgs/msg/TFMessage)] (Lazy 1)
[component_container-3] [INFO] [1778331822.510055667] [ros_gz_bridge]: Creating GZ->ROS Bridge: [/cable_0/insertion_event (gz.msgs.StringMsg) -> /scoring/insertion_event (std_msgs/msg/String)] (Lazy 1)
[component_container-3] [INFO] [1778331822.511949709] [ros_gz_bridge]: Creating GZ->ROS Bridge: [/cable_1/insertion_event (gz.msgs.StringMsg) -> /scoring/insertion_event (std_msgs/msg/String)] (Lazy 1)
[component_container-3] (2026-05-09 13:03:43.510) [info] [SystemManager.cc:54] Serving entity system service on [/entity/system/add]
[component_container-3] (2026-05-09 13:03:43.548) [info] [UserCommands.cc:752] Create service on [/world/aic_world/create_multiple] (async)
[component_container-3] (2026-05-09 13:03:43.548) [info] [UserCommands.cc:754] Create service on [/world/aic_world/create_multiple/blocking] (blocking)
[component_container-3] (2026-05-09 13:03:43.548) [info] [UserCommands.cc:752] Remove service on [/world/aic_world/remove] (async)
[component_container-3] (2026-05-09 13:03:43.548) [info] [UserCommands.cc:754] Remove service on [/world/aic_world/remove/blocking] (blocking)
[component_container-3] (2026-05-09 13:03:43.549) [info] [UserCommands.cc:752] Pose service on [/world/aic_world/set_pose] (async)
[component_container-3] (2026-05-09 13:03:43.549) [info] [UserCommands.cc:754] Pose service on [/world/aic_world/set_pose/blocking] (blocking)
[component_container-3] (2026-05-09 13:03:43.549) [info] [UserCommands.cc:752] Pose service on [/world/aic_world/set_pose_vector] (async)
[component_container-3] (2026-05-09 13:03:43.549) [info] [UserCommands.cc:754] Pose service on [/world/aic_world/set_pose_vector/blocking] (blocking)
[component_container-3] (2026-05-09 13:03:43.550) [info] [UserCommands.cc:752] Light configuration service on [/world/aic_world/light_config] (async)
[component_container-3] (2026-05-09 13:03:43.550) [info] [UserCommands.cc:754] Light configuration service on [/world/aic_world/light_config/blocking] (blocking)
[component_container-3] (2026-05-09 13:03:43.551) [info] [UserCommands.cc:752] Physics service on [/world/aic_world/set_physics] (async)
[component_container-3] (2026-05-09 13:03:43.551) [info] [UserCommands.cc:754] Physics service on [/world/aic_world/set_physics/blocking] (blocking)
[component_container-3] (2026-05-09 13:03:43.551) [info] [UserCommands.cc:752] SphericalCoordinates service on [/world/aic_world/set_spherical_coordinates] (async)
[component_container-3] (2026-05-09 13:03:43.551) [info] [UserCommands.cc:754] SphericalCoordinates service on [/world/aic_world/set_spherical_coordinates/blocking] (blocking)
[component_container-3] (2026-05-09 13:03:43.551) [info] [UserCommands.cc:752] Enable collision service on [/world/aic_world/enable_collision] (async)
[component_container-3] (2026-05-09 13:03:43.552) [info] [UserCommands.cc:754] Enable collision service on [/world/aic_world/enable_collision/blocking] (blocking)
[component_container-3] (2026-05-09 13:03:43.552) [info] [UserCommands.cc:752] Disable collision service on [/world/aic_world/disable_collision] (async)
[component_container-3] (2026-05-09 13:03:43.552) [info] [UserCommands.cc:754] Disable collision service on [/world/aic_world/disable_collision/blocking] (blocking)
[component_container-3] (2026-05-09 13:03:43.552) [info] [UserCommands.cc:752] Material service on [/world/aic_world/visual_config] (async)
[component_container-3] (2026-05-09 13:03:43.552) [info] [UserCommands.cc:754] Material service on [/world/aic_world/visual_config/blocking] (blocking)
[component_container-3] (2026-05-09 13:03:43.552) [info] [UserCommands.cc:752] Material service on [/world/aic_world/wheel_slip] (async)
[component_container-3] (2026-05-09 13:03:43.552) [info] [UserCommands.cc:754] Material service on [/world/aic_world/wheel_slip/blocking] (blocking)
[component_container-3] (2026-05-09 13:03:43.552) [debug] [SystemManager.cc:80] Loaded system [gz::sim::systems::UserCommands] for entity [1]
[component_container-3] (2026-05-09 13:03:43.605) [debug] [Physics.cc:967] Loaded [gz::physics::bullet_featherstone::Plugin] from library [/ws_aic/install/lib/gz-physics-8/engine-plugins/libgz-physics-bullet-featherstone-plugin.so]
[component_container-3] (2026-05-09 13:03:43.606) [debug] [SystemManager.cc:80] Loaded system [gz::sim::systems::Physics] for entity [1]
[component_container-3] (2026-05-09 13:03:43.626) [debug] [Sensors.cc:697] Configuring Sensors system
[component_container-3] (2026-05-09 13:03:43.629) [debug] [Sensors.cc:557] SensorsPrivate::Run
[component_container-3] (2026-05-09 13:03:43.629) [debug] [SystemManager.cc:80] Loaded system [gz::sim::systems::Sensors] for entity [1]
[component_container-3] (2026-05-09 13:03:43.629) [debug] [Sensors.cc:532] SensorsPrivate::RenderThread started
[component_container-3] (2026-05-09 13:03:43.629) [debug] [Sensors.cc:337] Waiting for init
[component_container-3] (2026-05-09 13:03:43.633) [debug] [ScoringPlugin.cc:45] aic_gazebo::ScoringPlugin::Configure on entity: 1
[component_container-3] (2026-05-09 13:03:43.635) [debug] [SystemManager.cc:80] Loaded system [aic_gazebo::ScoringPlugin] for entity [1]
[component_container-3] (2026-05-09 13:03:43.638) [debug] [WorldSdfGeneratorPlugin.cc:47] aic_gazebo::WorldSdfGeneratorPlugin::Configure
[component_container-3] (2026-05-09 13:03:43.638) [debug] [SystemManager.cc:80] Loaded system [aic_gazebo::WorldSdfGeneratorPlugin] for entity [1]
[component_container-3] (2026-05-09 13:03:43.642) [debug] [SystemManager.cc:80] Loaded system [gz::sim::systems::Contact] for entity [1]
[component_container-3] (2026-05-09 13:03:43.643) [info] [LevelManager.cc:646] Loaded level [default]
[component_container-3] (2026-05-09 13:03:43.644) [info] [ServerConfig.cc:1010] Copied installed config [/ws_aic/install/share/gz/gz-sim9/server.config] to default config [/root/.gz/sim/9/server.config].
[component_container-3] (2026-05-09 13:03:43.645) [debug] [ServerConfig.cc:1025] Loading (3) plugins from file [/root/.gz/sim/9/server.config]
[component_container-3] (2026-05-09 13:03:43.645) [debug] [SimulationRunner.cc:1696] Additional plugins to load:
[component_container-3] (2026-05-09 13:03:43.645) [debug] [SimulationRunner.cc:1699] gz::sim::systems::SceneBroadcaster gz-sim-scene-broadcaster-system
[component_container-3] (2026-05-09 13:03:43.653) [debug] [SystemManager.cc:80] Loaded system [gz::sim::systems::SceneBroadcaster] for entity [1]
[component_container-3] (2026-05-09 13:03:43.656) [info] [SimulationRunner.cc:275] Serving world controls on [/world/aic_world/control], [/world/aic_world/control/state] and [/world/aic_world/playback/control]
[component_container-3] (2026-05-09 13:03:43.656) [info] [SimulationRunner.cc:301] Serving GUI information on [/world/aic_world/gui/info]
[component_container-3] (2026-05-09 13:03:43.656) [info] [SimulationRunner.cc:304] World [aic_world] initialized with [2ms] physics profile.
[component_container-3] (2026-05-09 13:03:43.657) [info] [SimulationRunner.cc:311] Serving world SDF generation service on [/world/aic_world/generate_world_sdf]
[component_container-3] (2026-05-09 13:03:43.658) [info] [ServerPrivate.cc:344] Serving world names on [/gazebo/worlds]
[component_container-3] (2026-05-09 13:03:43.658) [info] [ServerPrivate.cc:357] Resource path add service on [/gazebo/resource_paths/add].
[component_container-3] (2026-05-09 13:03:43.658) [info] [ServerPrivate.cc:370] Resource path get service on [/gazebo/resource_paths/get].
[component_container-3] (2026-05-09 13:03:43.658) [info] [ServerPrivate.cc:385] Resource path resolve service on [/gazebo/resource_paths/resolve].
[component_container-3] (2026-05-09 13:03:43.659) [info] [ServerPrivate.cc:399] Resource paths published on [/gazebo/resource_paths].
[component_container-3] (2026-05-09 13:03:43.659) [info] [ServerPrivate.cc:412] Server control service on [/server_control].
[component_container-3] (2026-05-09 13:03:43.660) [info] [SimulationRunner.cc:769] Found no publishers on /stats, adding root stats topic
[component_container-3] (2026-05-09 13:03:43.662) [info] [SimulationRunner.cc:803] Found no publishers on /clock, adding root clock topic
[component_container-3] (2026-05-09 13:03:43.878) [debug] [SimulationRunner.cc:573] Creating PostUpdate worker threads: 5
[component_container-3] (2026-05-09 13:03:43.878) [debug] [SimulationRunner.cc:584] Creating postupdate worker thread (0)
[component_container-3] (2026-05-09 13:03:43.879) [debug] [SimulationRunner.cc:584] Creating postupdate worker thread (1)
[component_container-3] (2026-05-09 13:03:43.879) [debug] [SimulationRunner.cc:584] Creating postupdate worker thread (2)
[component_container-3] (2026-05-09 13:03:43.879) [debug] [SimulationRunner.cc:584] Creating postupdate worker thread (3)
[create-5] [INFO] [1778331823.885530418] [ros_gz_sim]: Entity creation successful.
[component_container-3] (2026-05-09 13:03:43.893) [debug] [Physics.cc:1171] Attempting to set physics options, but the physics engine doesn't support feature [CollisionPairMaxContacts]. Options will be ignored.
[INFO] [create-5]: process has finished cleanly [pid 150]
[INFO] [spawner-6]: process started with pid [281]
[INFO] [spawner-7]: process started with pid [283]
[component_container-3] (2026-05-09 13:03:43.941) [info] [SceneBroadcaster.cc:634] Serving scene information on [/world/aic_world/scene/info]
[component_container-3] (2026-05-09 13:03:43.941) [info] [SceneBroadcaster.cc:643] Serving graph information on [/world/aic_world/scene/graph]
[component_container-3] (2026-05-09 13:03:43.941) [info] [SceneBroadcaster.cc:654] Serving full state on [/world/aic_world/state]
[component_container-3] (2026-05-09 13:03:43.942) [info] [SceneBroadcaster.cc:663] Serving full state (async) on [/world/aic_world/state_async]
[component_container-3] (2026-05-09 13:03:43.942) [info] [SceneBroadcaster.cc:671] Publishing scene information on [/world/aic_world/scene/info]
[component_container-3] (2026-05-09 13:03:43.942) [info] [SceneBroadcaster.cc:680] Publishing entity deletions on [/world/aic_world/scene/deletion]
[component_container-3] (2026-05-09 13:03:43.942) [info] [SceneBroadcaster.cc:689] Publishing state changes on [/world/aic_world/state]
[component_container-3] (2026-05-09 13:03:43.942) [info] [SceneBroadcaster.cc:700] Publishing pose messages on [/world/aic_world/pose/info]
[component_container-3] (2026-05-09 13:03:43.942) [info] [SceneBroadcaster.cc:711] Publishing dynamic pose messages on [/world/aic_world/dynamic_pose/info]
[component_container-3] [1;33mWarning [Utils.cc:119][0m [/sdf/model[@name="ur"]/link[@name="center_camera/sensor_link"]/sensor[@name="center_camera"]/camera[@name="center_camera"]/optical_frame_id]: SDF Element[optical_frame_id] is deprecated
[component_container-3] [1;33mWarning [Utils.cc:119][0m [/sdf/model[@name="ur"]/link[@name="left_camera/sensor_link"]/sensor[@name="left_camera"]/camera[@name="left_camera"]/optical_frame_id]: SDF Element[optical_frame_id] is deprecated
[component_container-3] [1;33mWarning [Utils.cc:119][0m [/sdf/model[@name="ur"]/link[@name="right_camera/sensor_link"]/sensor[@name="right_camera"]/camera[@name="right_camera"]/optical_frame_id]: SDF Element[optical_frame_id] is deprecated
[component_container-3] [WARN] [1778331824.181220626] [rcl.logging_rosout]: Publisher already registered for node name: 'ros_gz_container'. If this is due to multiple nodes with the same name then all logs for the logger named 'ros_gz_container' will go out over the existing publisher. As soon as any node with that name is destructed it will unregister the publisher, preventing any further logs for that name from being published on the rosout topic.
[component_container-3] [INFO] [1778331824.187036918] [ros_gz_container]: [gz_ros2_control] Fixed joint [tabletop_joint] (Entity=101)] is skipped
[component_container-3] [INFO] [1778331824.187213918] [ros_gz_container]: [gz_ros2_control] Fixed joint [center_camera/attach_sensor_link] (Entity=108)] is skipped
[component_container-3] [INFO] [1778331824.187251835] [ros_gz_container]: [gz_ros2_control] Fixed joint [center_camera/attach_optical] (Entity=109)] is skipped
[component_container-3] [INFO] [1778331824.187285126] [ros_gz_container]: [gz_ros2_control] Fixed joint [ati/attach_joint] (Entity=110)] is skipped
[component_container-3] [INFO] [1778331824.187298918] [ros_gz_container]: [gz_ros2_control] Fixed joint [left_camera/attach_sensor_link] (Entity=114)] is skipped
[component_container-3] [INFO] [1778331824.187303501] [ros_gz_container]: [gz_ros2_control] Fixed joint [left_camera/attach_optical] (Entity=115)] is skipped
[component_container-3] [INFO] [1778331824.187306710] [ros_gz_container]: [gz_ros2_control] Fixed joint [right_camera/attach_sensor_link] (Entity=116)] is skipped
[component_container-3] [INFO] [1778331824.187309710] [ros_gz_container]: [gz_ros2_control] Fixed joint [right_camera/attach_optical] (Entity=117)] is skipped
[component_container-3] [INFO] [1778331824.194992793] [ros_gz_container]: Loading controller_manager
[component_container-3] [INFO] [1778331824.258102960] [controller_manager]: Using ROS clock for triggering controller manager cycles.
[component_container-3] [INFO] [1778331824.274489918] [controller_manager]: Subscribing to '/robot_description' topic for robot description.
[component_container-3] [INFO] [1778331824.288603793] [controller_manager]: Enforcing command limits is enabled...
[component_container-3] [WARN] [1778331824.288939001] [ros_gz_container]: Waiting RM to load and initialize hardware...
[component_container-3] [INFO] [1778331824.292172376] [controller_manager]: Received robot description from topic.
[component_container-3] [INFO] [1778331824.303940626] [ros_gz_container]: Using JointLimiter for joint 'gripper/left_finger_joint' in hardware 'gripper' : '  has position limits: true [0, 0.025]
[component_container-3]   has velocity limits: true [0.05]
[component_container-3]   has acceleration limits: false [nan]
[component_container-3]   has deceleration limits: false [nan]
[component_container-3]   has jerk limits: false [nan]
[component_container-3]   has effort limits: true [20]
[component_container-3]   angle wraparound: false'
[component_container-3] [INFO] [1778331824.304069043] [ros_gz_container]: Creating JointSaturationLimiter for joint 'gripper/left_finger_joint' in hardware 'gripper'
[component_container-3] [INFO] [1778331824.306936501] [ros_gz_container]: Using JointLimiter for joint 'wrist_3_joint' in hardware 'ControlSystem' : '  has position limits: true [-6.28319, 6.28319]
[component_container-3]   has velocity limits: true [3.14159]
[component_container-3]   has acceleration limits: false [nan]
[component_container-3]   has deceleration limits: false [nan]
[component_container-3]   has jerk limits: false [nan]
[component_container-3]   has effort limits: true [28]
[component_container-3]   angle wraparound: false'
[component_container-3] [INFO] [1778331824.307059418] [ros_gz_container]: Creating JointSaturationLimiter for joint 'wrist_3_joint' in hardware 'ControlSystem'
[component_container-3] [INFO] [1778331824.307172501] [ros_gz_container]: Using JointLimiter for joint 'wrist_2_joint' in hardware 'ControlSystem' : '  has position limits: true [-6.28319, 6.28319]
[component_container-3]   has velocity limits: true [3.14159]
[component_container-3]   has acceleration limits: false [nan]
[component_container-3]   has deceleration limits: false [nan]
[component_container-3]   has jerk limits: false [nan]
[component_container-3]   has effort limits: true [28]
[component_container-3]   angle wraparound: false'
[component_container-3] [INFO] [1778331824.307191793] [ros_gz_container]: Creating JointSaturationLimiter for joint 'wrist_2_joint' in hardware 'ControlSystem'
[component_container-3] [INFO] [1778331824.307251043] [ros_gz_container]: Using JointLimiter for joint 'wrist_1_joint' in hardware 'ControlSystem' : '  has position limits: true [-6.28319, 6.28319]
[component_container-3]   has velocity limits: true [3.14159]
[component_container-3]   has acceleration limits: false [nan]
[component_container-3]   has deceleration limits: false [nan]
[component_container-3]   has jerk limits: false [nan]
[component_container-3]   has effort limits: true [28]
[component_container-3]   angle wraparound: false'
[component_container-3] [INFO] [1778331824.307261918] [ros_gz_container]: Creating JointSaturationLimiter for joint 'wrist_1_joint' in hardware 'ControlSystem'
[component_container-3] [INFO] [1778331824.307276751] [ros_gz_container]: Using JointLimiter for joint 'elbow_joint' in hardware 'ControlSystem' : '  has position limits: true [-3.14159, 3.14159]
[component_container-3]   has velocity limits: true [3.14159]
[component_container-3]   has acceleration limits: false [nan]
[component_container-3]   has deceleration limits: false [nan]
[component_container-3]   has jerk limits: false [nan]
[component_container-3]   has effort limits: true [150]
[component_container-3]   angle wraparound: false'
[component_container-3] [INFO] [1778331824.307286335] [ros_gz_container]: Creating JointSaturationLimiter for joint 'elbow_joint' in hardware 'ControlSystem'
[component_container-3] [INFO] [1778331824.307302293] [ros_gz_container]: Using JointLimiter for joint 'shoulder_lift_joint' in hardware 'ControlSystem' : '  has position limits: true [-6.28319, 6.28319]
[component_container-3]   has velocity limits: true [3.14159]
[component_container-3]   has acceleration limits: false [nan]
[component_container-3]   has deceleration limits: false [nan]
[component_container-3]   has jerk limits: false [nan]
[component_container-3]   has effort limits: true [150]
[component_container-3]   angle wraparound: false'
[component_container-3] [INFO] [1778331824.307349793] [ros_gz_container]: Creating JointSaturationLimiter for joint 'shoulder_lift_joint' in hardware 'ControlSystem'
[component_container-3] [INFO] [1778331824.307372293] [ros_gz_container]: Using JointLimiter for joint 'shoulder_pan_joint' in hardware 'ControlSystem' : '  has position limits: true [-6.28319, 6.28319]
[component_container-3]   has velocity limits: true [3.14159]
[component_container-3]   has acceleration limits: false [nan]
[component_container-3]   has deceleration limits: false [nan]
[component_container-3]   has jerk limits: false [nan]
[component_container-3]   has effort limits: true [150]
[component_container-3]   angle wraparound: false'
[component_container-3] [INFO] [1778331824.307380585] [ros_gz_container]: Creating JointSaturationLimiter for joint 'shoulder_pan_joint' in hardware 'ControlSystem'
[component_container-3] [INFO] [1778331824.326785293] [ros_gz_container]: The position_proportional_gain has been set to: 0.1
[component_container-3] [INFO] [1778331824.327353335] [ros_gz_container]: Loading joint: gripper/left_finger_joint
[component_container-3] [INFO] [1778331824.327387543] [ros_gz_container]: 	State:
[component_container-3] [INFO] [1778331824.327437293] [ros_gz_container]: 		 position
[component_container-3] [INFO] [1778331824.327627501] [ros_gz_container]: 			 found initial value: 0.007300
[component_container-3] [INFO] [1778331824.327647418] [ros_gz_container]: 		 velocity
[component_container-3] [INFO] [1778331824.327957168] [ros_gz_container]: 			 found initial value: 0.000000
[component_container-3] [INFO] [1778331824.328033668] [ros_gz_container]: 		 effort
[component_container-3] [INFO] [1778331824.328485210] [ros_gz_container]: 			 found initial value: 0.000000
[component_container-3] [INFO] [1778331824.328803710] [ros_gz_container]: 	Command:
[component_container-3] [INFO] [1778331824.328828501] [ros_gz_container]: 		 position
[component_container-3] [INFO] [1778331824.329561501] [ros_gz_container]: 		 effort
[component_container-3] [INFO] [1778331824.332320251] [ros_gz_container]: Loading sensor: AtiForceTorqueSensor
[component_container-3] [INFO] [1778331824.332479335] [ros_gz_container]: 	State:
[component_container-3] [INFO] [1778331824.336487043] [ros_gz_container]: Initialize hardware 'gripper' 
[component_container-3] [WARN] [1778331824.337262210] [rcl.logging_rosout]: Publisher already registered for node name: 'ros_gz_container'. If this is due to multiple nodes with the same name then all logs for the logger named 'ros_gz_container' will go out over the existing publisher. As soon as any node with that name is destructed it will unregister the publisher, preventing any further logs for that name from being published on the rosout topic.
[component_container-3] [INFO] [1778331824.339639460] [ros_gz_container.hardware_component.system.gripper]: `status_publish_rate` is set to 0.0, hardware status publisher will not be created.
[component_container-3] [INFO] [1778331824.340727293] [ros_gz_container]: Successful initialization of hardware 'gripper'
[component_container-3] [INFO] [1778331824.343991543] [ros_gz_container]: The position_proportional_gain has been set to: 0.1
[component_container-3] [INFO] [1778331824.344223252] [ros_gz_container]: Loading joint: shoulder_pan_joint
[component_container-3] [INFO] [1778331824.344277502] [ros_gz_container]: 	State:
[component_container-3] [INFO] [1778331824.344304002] [ros_gz_container]: 		 position
[component_container-3] [INFO] [1778331824.344335918] [ros_gz_container]: 			 found initial value: -0.159700
[component_container-3] [INFO] [1778331824.344349960] [ros_gz_container]: 		 velocity
[component_container-3] [INFO] [1778331824.344363668] [ros_gz_container]: 			 found initial value: 0.000000
[component_container-3] [INFO] [1778331824.344374210] [ros_gz_container]: 		 effort
[component_container-3] [INFO] [1778331824.344385335] [ros_gz_container]: 			 found initial value: 0.000000
[component_container-3] [INFO] [1778331824.344393793] [ros_gz_container]: 	Command:
[component_container-3] [INFO] [1778331824.344401127] [ros_gz_container]: 		 position
[component_container-3] [INFO] [1778331824.344442543] [ros_gz_container]: 		 velocity
[component_container-3] [INFO] [1778331824.344666293] [ros_gz_container]: 		 effort
[component_container-3] [INFO] [1778331824.344773168] [ros_gz_container]: Loading joint: shoulder_lift_joint
[component_container-3] [INFO] [1778331824.344792127] [ros_gz_container]: 	State:
[component_container-3] [INFO] [1778331824.344801668] [ros_gz_container]: 		 position
[component_container-3] [INFO] [1778331824.344822085] [ros_gz_container]: 			 found initial value: -1.354200
[component_container-3] [INFO] [1778331824.344838460] [ros_gz_container]: 		 velocity
[component_container-3] [INFO] [1778331824.344871835] [ros_gz_container]: 			 found initial value: 0.000000
[component_container-3] [INFO] [1778331824.344882293] [ros_gz_container]: 		 effort
[component_container-3] [INFO] [1778331824.344924210] [ros_gz_container]: 			 found initial value: 0.000000
[component_container-3] [INFO] [1778331824.344934335] [ros_gz_container]: 	Command:
[component_container-3] [INFO] [1778331824.344941543] [ros_gz_container]: 		 position
[component_container-3] [INFO] [1778331824.344968502] [ros_gz_container]: 		 velocity
[component_container-3] [INFO] [1778331824.345024960] [ros_gz_container]: 		 effort
[component_container-3] [INFO] [1778331824.345065752] [ros_gz_container]: Loading joint: elbow_joint
[component_container-3] [INFO] [1778331824.345075668] [ros_gz_container]: 	State:
[component_container-3] [INFO] [1778331824.345083627] [ros_gz_container]: 		 position
[component_container-3] [INFO] [1778331824.345098543] [ros_gz_container]: 			 found initial value: -1.664800
[component_container-3] [INFO] [1778331824.345109293] [ros_gz_container]: 		 velocity
[component_container-3] [INFO] [1778331824.345119127] [ros_gz_container]: 			 found initial value: 0.000000
[component_container-3] [INFO] [1778331824.345128002] [ros_gz_container]: 		 effort
[component_container-3] [INFO] [1778331824.345224418] [ros_gz_container]: 			 found initial value: 0.000000
[component_container-3] [INFO] [1778331824.345236627] [ros_gz_container]: 	Command:
[component_container-3] [INFO] [1778331824.345240585] [ros_gz_container]: 		 position
[component_container-3] [INFO] [1778331824.345266085] [ros_gz_container]: 		 velocity
[component_container-3] [INFO] [1778331824.345271585] [ros_gz_container]: 		 effort
[component_container-3] [INFO] [1778331824.345290752] [ros_gz_container]: Loading joint: wrist_1_joint
[component_container-3] [INFO] [1778331824.345296418] [ros_gz_container]: 	State:
[component_container-3] [INFO] [1778331824.345299793] [ros_gz_container]: 		 position
[component_container-3] [INFO] [1778331824.345307168] [ros_gz_container]: 			 found initial value: -1.693300
[component_container-3] [INFO] [1778331824.345311210] [ros_gz_container]: 		 velocity
[component_container-3] [INFO] [1778331824.345316668] [ros_gz_container]: 			 found initial value: 0.000000
[component_container-3] [INFO] [1778331824.345320168] [ros_gz_container]: 		 effort
[component_container-3] [INFO] [1778331824.345323127] [ros_gz_container]: 			 found initial value: 0.000000
[component_container-3] [INFO] [1778331824.345325877] [ros_gz_container]: 	Command:
[component_container-3] [INFO] [1778331824.345328377] [ros_gz_container]: 		 position
[component_container-3] [INFO] [1778331824.345337293] [ros_gz_container]: 		 velocity
[component_container-3] [INFO] [1778331824.345340752] [ros_gz_container]: 		 effort
[component_container-3] [INFO] [1778331824.345353043] [ros_gz_container]: Loading joint: wrist_2_joint
[component_container-3] [INFO] [1778331824.345356668] [ros_gz_container]: 	State:
[component_container-3] [INFO] [1778331824.345359377] [ros_gz_container]: 		 position
[component_container-3] [INFO] [1778331824.345363043] [ros_gz_container]: 			 found initial value: 1.571000
[component_container-3] [INFO] [1778331824.345368835] [ros_gz_container]: 		 velocity
[component_container-3] [INFO] [1778331824.345371585] [ros_gz_container]: 			 found initial value: 0.000000
[component_container-3] [INFO] [1778331824.345374543] [ros_gz_container]: 		 effort
[component_container-3] [INFO] [1778331824.345378002] [ros_gz_container]: 			 found initial value: 0.000000
[component_container-3] [INFO] [1778331824.345380668] [ros_gz_container]: 	Command:
[component_container-3] [INFO] [1778331824.345382877] [ros_gz_container]: 		 position
[component_container-3] [INFO] [1778331824.345389335] [ros_gz_container]: 		 velocity
[component_container-3] [INFO] [1778331824.345392877] [ros_gz_container]: 		 effort
[component_container-3] [INFO] [1778331824.345401418] [ros_gz_container]: Loading joint: wrist_3_joint
[component_container-3] [INFO] [1778331824.345404293] [ros_gz_container]: 	State:
[component_container-3] [INFO] [1778331824.345406668] [ros_gz_container]: 		 position
[component_container-3] [INFO] [1778331824.345409710] [ros_gz_container]: 			 found initial value: 1.411000
[component_container-3] [INFO] [1778331824.345412418] [ros_gz_container]: 		 velocity
[component_container-3] [INFO] [1778331824.345453585] [ros_gz_container]: 			 found initial value: 0.000000
[component_container-3] [INFO] [1778331824.345532377] [ros_gz_container]: 		 effort
[component_container-3] [INFO] [1778331824.345571793] [ros_gz_container]: 			 found initial value: 0.000000
[component_container-3] [INFO] [1778331824.345581793] [ros_gz_container]: 	Command:
[component_container-3] [INFO] [1778331824.345589002] [ros_gz_container]: 		 position
[component_container-3] [INFO] [1778331824.345654668] [ros_gz_container]: 		 velocity
[component_container-3] [INFO] [1778331824.345675335] [ros_gz_container]: 		 effort
[component_container-3] [INFO] [1778331824.346346585] [ros_gz_container]: Loading sensor: AtiForceTorqueSensor
[component_container-3] [INFO] [1778331824.346408585] [ros_gz_container]: 	State:
[component_container-3] [INFO] [1778331824.346973293] [ros_gz_container]: 		 force.x
[component_container-3] [INFO] [1778331824.347011043] [ros_gz_container]: 		 force.y
[component_container-3] [INFO] [1778331824.347019793] [ros_gz_container]: 		 force.z
[component_container-3] [INFO] [1778331824.347027085] [ros_gz_container]: 		 torque.x
[component_container-3] [INFO] [1778331824.347035127] [ros_gz_container]: 		 torque.y
[component_container-3] [INFO] [1778331824.347063627] [ros_gz_container]: 		 torque.z
[component_container-3] [INFO] [1778331824.347309043] [ros_gz_container]: Initialize hardware 'ControlSystem' 
[component_container-3] [WARN] [1778331824.347505502] [rcl.logging_rosout]: Publisher already registered for node name: 'ros_gz_container'. If this is due to multiple nodes with the same name then all logs for the logger named 'ros_gz_container' will go out over the existing publisher. As soon as any node with that name is destructed it will unregister the publisher, preventing any further logs for that name from being published on the rosout topic.
[component_container-3] [INFO] [1778331824.348577002] [ros_gz_container.hardware_component.system.ControlSystem]: `status_publish_rate` is set to 0.0, hardware status publisher will not be created.
[component_container-3] [INFO] [1778331824.348894668] [ros_gz_container]: Successful initialization of hardware 'ControlSystem'
[component_container-3] [INFO] [1778331824.349812752] [resource_manager]: 'configure' hardware 'ControlSystem' 
[component_container-3] [INFO] [1778331824.349892293] [ros_gz_container]: System Successfully configured!
[component_container-3] [INFO] [1778331824.349916585] [resource_manager]: Successful 'configure' of hardware 'ControlSystem'
[component_container-3] [INFO] [1778331824.350144710] [resource_manager]: 'activate' hardware 'ControlSystem' 
[component_container-3] [INFO] [1778331824.350360585] [resource_manager]: Successful 'activate' of hardware 'ControlSystem'
[component_container-3] [INFO] [1778331824.351068002] [resource_manager]: 'configure' hardware 'gripper' 
[component_container-3] [INFO] [1778331824.351075293] [ros_gz_container]: System Successfully configured!
[component_container-3] [INFO] [1778331824.351083252] [resource_manager]: Successful 'configure' of hardware 'gripper'
[component_container-3] [INFO] [1778331824.351086835] [resource_manager]: 'activate' hardware 'gripper' 
[component_container-3] [INFO] [1778331824.351090585] [resource_manager]: Successful 'activate' of hardware 'gripper'
[component_container-3] [WARN] [1778331824.351201752] [controller_manager]: Component 'ControlSystem' does not have read or write statistics initialized, skipping registration.
[component_container-3] [WARN] [1778331824.351218668] [controller_manager]: Component 'gripper' does not have read or write statistics initialized, skipping registration.
[component_container-3] [INFO] [1778331824.351249918] [controller_manager]: Resource Manager has been successfully initialized. Starting Controller Manager services...
[2m2026-05-09T13:03:44.628778Z[0m [32m INFO[0m acc-0 ThreadId(04) [2mzenoh::net::routing::interceptor::access_control[0m[2m:[0m 374925f929bee45fa9791294087aecf9 did not match any configured ACL subject. Default permission `Allow` will be applied on all messages
[2m2026-05-09T13:03:44.710758Z[0m [32m INFO[0m acc-0 ThreadId(04) [2mzenoh::net::routing::interceptor::access_control[0m[2m:[0m 632eecd0816387de629000d49cce90b8 did not match any configured ACL subject. Default permission `Allow` will be applied on all messages
[component_container-3] [INFO] [1778331824.824984252] [controller_manager]: Loading controller : 'joint_state_broadcaster' of type 'joint_state_broadcaster/JointStateBroadcaster'
[component_container-3] [INFO] [1778331824.825417335] [controller_manager]: Loading controller 'joint_state_broadcaster'
[component_container-3] [INFO] [1778331824.831432127] [controller_manager]: Controller 'joint_state_broadcaster' node arguments: --ros-args --params-file /ws_aic/install/share/aic_bringup/config/aic_ros2_controllers.yaml -p use_sim_time:=true --param use_sim_time:=true 
[spawner-6] [INFO] [1778331824.854912793] [spawner_joint_state_broadcaster]: Loaded joint_state_broadcaster
[component_container-3] [INFO] [1778331824.859583627] [controller_manager]: Configuring controller: 'joint_state_broadcaster'
[component_container-3] [INFO] [1778331824.861084627] [joint_state_broadcaster]: 'joints' or 'interfaces' parameter is empty. All available state interfaces will be published
[component_container-3] [INFO] [1778331824.878648668] [controller_manager]: Activating controllers: [ joint_state_broadcaster ]
[component_container-3] [INFO] [1778331824.880698002] [controller_manager]: Requested controller switch from non-realtime loop
[component_container-3] [INFO] [1778331824.884623335] [controller_manager]: Successfully switched controllers!
[component_container-3] (2026-05-09 13:03:46.290) [debug] [SystemManager.cc:80] Loaded system [gz_ros2_control::GazeboSimROS2ControlPlugin] for entity [31]
[component_container-3] (2026-05-09 13:03:46.295) [debug] [SystemManager.cc:80] Loaded system [gz::sim::systems::ForceTorque] for entity [31]
[component_container-3] (2026-05-09 13:03:46.299) [debug] [OffLimitContactsPlugin.cc:41] aic_gazebo::OffLimitContactsPlugin::Configure on entity: 31
[component_container-3] (2026-05-09 13:03:46.302) [debug] [OffLimitContactsPlugin.cc:165] Enabled collision [34]
[component_container-3] (2026-05-09 13:03:46.302) [debug] [OffLimitContactsPlugin.cc:165] Enabled collision [37]
[component_container-3] (2026-05-09 13:03:46.302) [debug] [OffLimitContactsPlugin.cc:165] Enabled collision [40]
[component_container-3] (2026-05-09 13:03:46.302) [debug] [OffLimitContactsPlugin.cc:165] Enabled collision [43]
[component_container-3] (2026-05-09 13:03:46.302) [debug] [OffLimitContactsPlugin.cc:165] Enabled collision [46]
[component_container-3] (2026-05-09 13:03:46.302) [debug] [OffLimitContactsPlugin.cc:165] Enabled collision [49]
[component_container-3] (2026-05-09 13:03:46.302) [debug] [OffLimitContactsPlugin.cc:165] Enabled collision [57]
[component_container-3] (2026-05-09 13:03:46.302) [debug] [OffLimitContactsPlugin.cc:165] Enabled collision [58]
[component_container-3] (2026-05-09 13:03:46.302) [debug] [OffLimitContactsPlugin.cc:165] Enabled collision [59]
[component_container-3] (2026-05-09 13:03:46.302) [debug] [OffLimitContactsPlugin.cc:165] Enabled collision [60]
[component_container-3] (2026-05-09 13:03:46.302) [debug] [OffLimitContactsPlugin.cc:165] Enabled collision [61]
[component_container-3] (2026-05-09 13:03:46.302) [debug] [OffLimitContactsPlugin.cc:165] Enabled collision [62]
[component_container-3] (2026-05-09 13:03:46.302) [debug] [OffLimitContactsPlugin.cc:165] Enabled collision [63]
[component_container-3] (2026-05-09 13:03:46.302) [debug] [OffLimitContactsPlugin.cc:165] Enabled collision [64]
[component_container-3] (2026-05-09 13:03:46.302) [debug] [OffLimitContactsPlugin.cc:165] Enabled collision [65]
[component_container-3] (2026-05-09 13:03:46.302) [debug] [OffLimitContactsPlugin.cc:165] Enabled collision [66]
[component_container-3] (2026-05-09 13:03:46.302) [debug] [OffLimitContactsPlugin.cc:165] Enabled collision [67]
[component_container-3] (2026-05-09 13:03:46.302) [debug] [OffLimitContactsPlugin.cc:165] Enabled collision [68]
[component_container-3] (2026-05-09 13:03:46.302) [debug] [OffLimitContactsPlugin.cc:165] Enabled collision [69]
[component_container-3] (2026-05-09 13:03:46.302) [debug] [OffLimitContactsPlugin.cc:165] Enabled collision [70]
[component_container-3] (2026-05-09 13:03:46.302) [debug] [OffLimitContactsPlugin.cc:165] Enabled collision [71]
[component_container-3] (2026-05-09 13:03:46.302) [debug] [OffLimitContactsPlugin.cc:165] Enabled collision [72]
[component_container-3] (2026-05-09 13:03:46.302) [debug] [OffLimitContactsPlugin.cc:165] Enabled collision [73]
[component_container-3] (2026-05-09 13:03:46.302) [debug] [OffLimitContactsPlugin.cc:165] Enabled collision [74]
[component_container-3] (2026-05-09 13:03:46.302) [debug] [OffLimitContactsPlugin.cc:165] Enabled collision [75]
[component_container-3] (2026-05-09 13:03:46.302) [debug] [OffLimitContactsPlugin.cc:165] Enabled collision [81]
[component_container-3] (2026-05-09 13:03:46.302) [debug] [OffLimitContactsPlugin.cc:165] Enabled collision [82]
[component_container-3] (2026-05-09 13:03:46.302) [debug] [OffLimitContactsPlugin.cc:165] Enabled collision [85]
[component_container-3] (2026-05-09 13:03:46.302) [debug] [OffLimitContactsPlugin.cc:165] Enabled collision [86]
[component_container-3] (2026-05-09 13:03:46.302) [debug] [OffLimitContactsPlugin.cc:165] Enabled collision [87]
[component_container-3] (2026-05-09 13:03:46.302) [debug] [OffLimitContactsPlugin.cc:165] Enabled collision [88]
[component_container-3] (2026-05-09 13:03:46.302) [debug] [OffLimitContactsPlugin.cc:165] Enabled collision [91]
[component_container-3] (2026-05-09 13:03:46.302) [debug] [OffLimitContactsPlugin.cc:165] Enabled collision [92]
[component_container-3] (2026-05-09 13:03:46.302) [debug] [OffLimitContactsPlugin.cc:165] Enabled collision [93]
[component_container-3] (2026-05-09 13:03:46.302) [debug] [OffLimitContactsPlugin.cc:165] Enabled collision [94]
[component_container-3] (2026-05-09 13:03:46.302) [debug] [SystemManager.cc:80] Loaded system [aic_gazebo::OffLimitContactsPlugin] for entity [31]
[component_container-3] (2026-05-09 13:03:46.306) [debug] [ResetJointsPlugin.cc:40] aic_gazebo::ResetJointsPlugin::Configure on entity: 31
[component_container-3] [WARN] [1778331826.306509294] [rcl.logging_rosout]: Publisher already registered for node name: 'ros_gz_container'. If this is due to multiple nodes with the same name then all logs for the logger named 'ros_gz_container' will go out over the existing publisher. As soon as any node with that name is destructed it will unregister the publisher, preventing any further logs for that name from being published on the rosout topic.
[component_container-3] (2026-05-09 13:03:46.309) [info] [ResetJointsPlugin.cc:117] Initialized ResetJointsPlugin!
[component_container-3] (2026-05-09 13:03:46.309) [debug] [SystemManager.cc:80] Loaded system [aic_gazebo::ResetJointsPlugin] for entity [31]
[component_container-3] (2026-05-09 13:03:46.310) [debug] [UserCommands.cc:1108] Created entity [31] named [ur5e]
[component_container-3] (2026-05-09 13:03:46.387) [debug] [Sensors.cc:953] Initialization needed
[component_container-3] (2026-05-09 13:03:46.387) [debug] [Sensors.cc:349] Initializing render context
[component_container-3] (2026-05-09 13:03:46.390) [info] [RenderEngineManager.cc:514] Loading plugin [gz-rendering-ogre2]
[component_container-3] (2026-05-09 13:03:46.392) [debug] [EntityComponentManager.cc:1676] Updated state thread iterators: 10 threads processing around 12 entities each.
[component_container-3] (2026-05-09 13:03:46.499) [debug] [SimulationRunner.cc:600] Exiting postupdate worker thread (0)
[component_container-3] (2026-05-09 13:03:46.499) [debug] [SimulationRunner.cc:600] Exiting postupdate worker thread (3)
[component_container-3] (2026-05-09 13:03:46.499) [debug] [SimulationRunner.cc:600] Exiting postupdate worker thread (2)
[component_container-3] (2026-05-09 13:03:46.499) [debug] [SimulationRunner.cc:600] Exiting postupdate worker thread (1)
[component_container-3] (2026-05-09 13:03:46.502) [debug] [SimulationRunner.cc:573] Creating PostUpdate worker threads: 6
[component_container-3] (2026-05-09 13:03:46.503) [debug] [SimulationRunner.cc:584] Creating postupdate worker thread (0)
[component_container-3] (2026-05-09 13:03:46.504) [debug] [SimulationRunner.cc:584] Creating postupdate worker thread (1)
[component_container-3] (2026-05-09 13:03:46.504) [debug] [SimulationRunner.cc:584] Creating postupdate worker thread (2)
[component_container-3] (2026-05-09 13:03:46.504) [debug] [SimulationRunner.cc:584] Creating postupdate worker thread (3)
[component_container-3] (2026-05-09 13:03:46.504) [debug] [SimulationRunner.cc:584] Creating postupdate worker thread (4)
[spawner-6] [INFO] [1778331826.624281378] [spawner_joint_state_broadcaster]: Configured and activated joint_state_broadcaster
[component_container-3] [1;33mWarning [Utils.cc:119][0m [/sdf/model[@name="ur"]/link[@name="center_camera/sensor_link"]/sensor[@name="center_camera"]/camera[@name="center_camera"]/optical_frame_id]: SDF Element[optical_frame_id] is deprecated
[component_container-3] [1;33mWarning [Utils.cc:119][0m [/sdf/model[@name="ur"]/link[@name="left_camera/sensor_link"]/sensor[@name="left_camera"]/camera[@name="left_camera"]/optical_frame_id]: SDF Element[optical_frame_id] is deprecated
[component_container-3] [1;33mWarning [Utils.cc:119][0m [/sdf/model[@name="ur"]/link[@name="right_camera/sensor_link"]/sensor[@name="right_camera"]/camera[@name="right_camera"]/optical_frame_id]: SDF Element[optical_frame_id] is deprecated
[INFO] [spawner-6]: process has finished cleanly [pid 281]
[INFO] [spawner-8]: process started with pid [387]
[component_container-3] [INFO] [1778331826.762801044] [controller_manager]: Loading controller : 'fts_broadcaster' of type 'force_torque_sensor_broadcaster/ForceTorqueSensorBroadcaster'
[component_container-3] [INFO] [1778331826.762915044] [controller_manager]: Loading controller 'fts_broadcaster'
[component_container-3] [INFO] [1778331826.781090253] [controller_manager]: Controller 'fts_broadcaster' node arguments: --ros-args --params-file /ws_aic/install/share/aic_bringup/config/aic_ros2_controllers.yaml -p use_sim_time:=true --param use_sim_time:=true 
[component_container-3] [INFO] [1778331826.815824253] [gz_server]: InitializeCanonicalLinks
[component_container-3] [INFO] [1778331826.818548794] [gz_server]: Creating services on gz_server
[component_container-3] [INFO] [1778331826.836494086] [gz_server]: Created service /gz_server/delete_entity
[component_container-3] [INFO] [1778331826.874318794] [gz_server]: Created service /gz_server/get_entities
[component_container-3] [INFO] [1778331826.879727253] [gz_server]: Created service /gz_server/get_entity_info
[component_container-3] [INFO] [1778331826.889937878] [gz_server]: Created service /gz_server/get_entity_state
[component_container-3] [INFO] [1778331826.894404294] [gz_server]: Created service /gz_server/get_entities_states
[component_container-3] [INFO] [1778331826.900346086] [gz_server]: Created service /gz_server/get_simulation_state
[component_container-3] [INFO] [1778331826.913991086] [gz_server]: Created service /gz_server/get_simulator_features
[component_container-3] [INFO] [1778331826.920182794] [gz_server]: Created service /gz_server/reset_simulation
[component_container-3] [INFO] [1778331826.925497919] [gz_server]: Created service /gz_server/set_entity_state
[component_container-3] [INFO] [1778331826.935436836] [gz_server]: Created service /gz_server/set_simulation_state
[component_container-3] [INFO] [1778331826.944472586] [gz_server]: Created service /gz_server/spawn_entity
[component_container-3] [INFO] [1778331826.953213211] [gz_server]: Created service /gz_server/step_simulation
[component_container-3] [INFO] [1778331826.967543919] [gz_server]: Created action /gz_server/simulate_steps
[component_container-3] (2026-05-09 13:03:47.315) [debug] [RenderUtil.cc:2646] Create scene [scene]
[gz-4] [1;33mWarning [Utils.cc:119][0m [/sdf/model[@name="ur"]/link[@name="center_camera/sensor_link"]/sensor[@name="center_camera"]/camera[@name="center_camera"]/optical_frame_id]: SDF Element[optical_frame_id] is deprecated
[gz-4] [1;33mWarning [Utils.cc:119][0m [/sdf/model[@name="ur"]/link[@name="left_camera/sensor_link"]/sensor[@name="left_camera"]/camera[@name="left_camera"]/optical_frame_id]: SDF Element[optical_frame_id] is deprecated
[gz-4] [1;33mWarning [Utils.cc:119][0m [/sdf/model[@name="ur"]/link[@name="right_camera/sensor_link"]/sensor[@name="right_camera"]/camera[@name="right_camera"]/optical_frame_id]: SDF Element[optical_frame_id] is deprecated
[2m2026-05-09T13:03:47.462146Z[0m [32m INFO[0m acc-0 ThreadId(04) [2mzenoh::net::routing::interceptor::access_control[0m[2m:[0m 93790b5c5d5df8895e6c5f0ee7e95cb0 did not match any configured ACL subject. Default permission `Allow` will be applied on all messages
[component_container-3] (2026-05-09 13:03:51.400) [debug] [Sensors.cc:391] Rendering Thread initialized
[component_container-3] (2026-05-09 13:03:51.400) [debug] [Sensors.cc:953] Initialization needed
[component_container-3] (2026-05-09 13:03:51.441) [info] [ApplyLinkWrench.cc:209] Listening to instantaneous wrench commands in [/world/aic_world/wrench]
[component_container-3] (2026-05-09 13:03:51.441) [info] [ApplyLinkWrench.cc:220] Listening to persistent wrench commands in [/world/aic_world/wrench/persistent]
[component_container-3] (2026-05-09 13:03:51.441) [info] [ApplyLinkWrench.cc:231] Listening to wrench clear commands in [/world/aic_world/wrench/clear]
[component_container-3] (2026-05-09 13:03:51.442) [debug] [SystemManager.cc:80] Loaded system [gz::sim::systems::ApplyLinkWrench] for entity [1]
[component_container-3] (2026-05-09 13:03:51.443) [debug] [ForceTorque.cc:162] Adding JointTransmittedWrench to: 110
[component_container-3] [INFO] [1778331831.452535797] [ros_gz_container]: ForceTorque AtiForceTorqueSensor has a topic name: /axia80_m20/wrench
[component_container-3] [INFO] [1778331831.455029130] [ros_gz_container]: ForceTorque AtiForceTorqueSensor has a topic name: /axia80_m20/wrench
[spawner-7] [INFO] [1778331831.484801172] [spawner_fts_broadcaster]: Loaded fts_broadcaster
[component_container-3] [INFO] [1778331831.494757505] [controller_manager]: Configuring controller: 'fts_broadcaster'
[component_container-3] [INFO] [1778331831.510263547] [fts_broadcaster]: configure successful
[component_container-3] (2026-05-09 13:03:53.221) [debug] [CameraSensor.cc:342] Camera images for [ur5e::center_camera/sensor_link::center_camera] advertised on [/center_camera/image]
[component_container-3] (2026-05-09 13:03:53.222) [debug] [CameraSensor.cc:632] Camera info for [ur5e::center_camera/sensor_link::center_camera] advertised on [/center_camera/camera_info]
[component_container-3] (2026-05-09 13:03:53.226) [warning] [Ogre2Camera.cc:423] Ogre2Camera::SetVisibilityMask: Mask bits c0000000 are set but will be ignored as they conflict with the reserved bits used internally by the ogre2 backend.
[component_container-3] (2026-05-09 13:03:53.231) [debug] [CameraSensor.cc:342] Camera images for [ur5e::left_camera/sensor_link::left_camera] advertised on [/left_camera/image]
[component_container-3] (2026-05-09 13:03:53.231) [debug] [CameraSensor.cc:632] Camera info for [ur5e::left_camera/sensor_link::left_camera] advertised on [/left_camera/camera_info]
[component_container-3] (2026-05-09 13:03:53.231) [warning] [Ogre2Camera.cc:423] Ogre2Camera::SetVisibilityMask: Mask bits c0000000 are set but will be ignored as they conflict with the reserved bits used internally by the ogre2 backend.
[component_container-3] (2026-05-09 13:03:53.231) [debug] [CameraSensor.cc:342] Camera images for [ur5e::right_camera/sensor_link::right_camera] advertised on [/right_camera/image]
[component_container-3] (2026-05-09 13:03:53.232) [debug] [CameraSensor.cc:632] Camera info for [ur5e::right_camera/sensor_link::right_camera] advertised on [/right_camera/camera_info]
[component_container-3] (2026-05-09 13:03:53.232) [warning] [Ogre2Camera.cc:423] Ogre2Camera::SetVisibilityMask: Mask bits c0000000 are set but will be ignored as they conflict with the reserved bits used internally by the ogre2 backend.
[spawner-8] [WARN] [1778331847.702584054] [ros2_control_controller_spawner_aic_controller]: Attempt 1 failed. Retrying in 3 seconds...

[web] stop requested: new warehouse_visual run started
[WARNING] [launch]: user interrupted with ctrl-c (SIGINT)
[2m2026-05-09T13:04:18.097689Z[0m [32m INFO[0m ThreadId(02) [2mzenoh::api::session[0m[2m:[0m close session [3mzid[0m[2m=[0m1865c64edc84fe9ee6c976c6ec5d51c2
[ros2run]: Received signal:  Interrupt
[component_container-3] (2026-05-09 13:04:18.089) [debug] [SignalHandler.cc:278] Received signal[2].
[component_container-3] (2026-05-09 13:04:18.090) [debug] [ServerPrivate.cc:127] Server received signal[2]
[component_container-3] (2026-05-09 13:04:18.093) [debug] [Sensors.cc:565] SensorsPrivate::Stop
[INFO] [aic_adapter-2]: process has finished cleanly [pid 144]
[INFO] [robot_state_publisher-1]: process has finished cleanly [pid 142]
[INFO] [spawner-8]: process has finished cleanly [pid 387]
[aic_adapter-2] [INFO] [1778331858.093590837] [rclcpp]: signal_handler(SIGINT/SIGTERM)
[INFO] [spawner-7]: sending signal 'SIGINT' to process[spawner-7]
[INFO] [gz-4]: sending signal 'SIGINT' to process[gz-4]
[INFO] [component_container-3]: sending signal 'SIGINT' to process[component_container-3]
[spawner-8] [INFO] [1778331858.095002045] [ros2_control_controller_spawner_aic_controller]: KeyboardInterrupt received! Exiting....
[robot_state_publisher-1] [INFO] [1778331858.100407378] [rclcpp]: signal_handler(SIGINT/SIGTERM)
