$ ['python3', '/opt/aic_web/warehouse_lidar_random_mode.py']

Starting Lidar Random Map mode
Generated random world seed=1778425827
Exploration must complete before TaskGoal is accepted.
(2026-05-10 15:10:28.098) [info] [Gui.cc:332] Gazebo Sim GUI    v9.5.0
(2026-05-10 15:10:28.102) [info] [Gui.cc:224] Copied installed config [/ws_aic/install/share/gz/gz-sim9/gui/gui.config] to default config [/root/.gz/sim/9/gui.config].
(2026-05-10 15:10:28.238) [info] [gz.cc:170] Received world [/workspace/aic_results/lidar_random_map/lidar_random_world.sdf] from the GUI.
(2026-05-10 15:10:28.242) [info] [gz.cc:337] Gazebo Sim Server v9.5.0
QStandardPaths: XDG_RUNTIME_DIR not set, defaulting to '/tmp/runtime-root'
(2026-05-10 15:10:28.377) [info] [ServerPrivate.cc:664] Loading SDF world file[/workspace/aic_results/lidar_random_map/lidar_random_world.sdf].
[1;33mWarning [Utils.cc:132][0m [/sdf/world[@name="lidar_random_warehouse"]/model[@name="warehouse_robot"]/link[@name="base_link"]/visual[@name="scan_disc"]/material/transparency:/workspace/aic_results/lidar_random_map/lidar_random_world.sdf:L5071]: XML Element[transparency], child of element[material], not defined in SDF. Copying[transparency] as children of [material].
(2026-05-10 15:10:30.138) [info] [SystemManager.cc:54] Serving entity system service on [/entity/system/add]
(2026-05-10 15:10:30.353) [info] [UserCommands.cc:752] Create service on [/world/lidar_random_warehouse/create_multiple] (async)
(2026-05-10 15:10:30.353) [info] [UserCommands.cc:754] Create service on [/world/lidar_random_warehouse/create_multiple/blocking] (blocking)
(2026-05-10 15:10:30.354) [info] [UserCommands.cc:752] Remove service on [/world/lidar_random_warehouse/remove] (async)
(2026-05-10 15:10:30.354) [info] [UserCommands.cc:754] Remove service on [/world/lidar_random_warehouse/remove/blocking] (blocking)
(2026-05-10 15:10:30.354) [info] [UserCommands.cc:752] Pose service on [/world/lidar_random_warehouse/set_pose] (async)
(2026-05-10 15:10:30.354) [info] [UserCommands.cc:754] Pose service on [/world/lidar_random_warehouse/set_pose/blocking] (blocking)
(2026-05-10 15:10:30.355) [info] [UserCommands.cc:752] Pose service on [/world/lidar_random_warehouse/set_pose_vector] (async)
(2026-05-10 15:10:30.355) [info] [UserCommands.cc:754] Pose service on [/world/lidar_random_warehouse/set_pose_vector/blocking] (blocking)
(2026-05-10 15:10:30.355) [info] [UserCommands.cc:752] Light configuration service on [/world/lidar_random_warehouse/light_config] (async)
(2026-05-10 15:10:30.355) [info] [UserCommands.cc:754] Light configuration service on [/world/lidar_random_warehouse/light_config/blocking] (blocking)
(2026-05-10 15:10:30.357) [info] [UserCommands.cc:752] Physics service on [/world/lidar_random_warehouse/set_physics] (async)
(2026-05-10 15:10:30.357) [info] [UserCommands.cc:754] Physics service on [/world/lidar_random_warehouse/set_physics/blocking] (blocking)
(2026-05-10 15:10:30.358) [info] [UserCommands.cc:752] SphericalCoordinates service on [/world/lidar_random_warehouse/set_spherical_coordinates] (async)
(2026-05-10 15:10:30.358) [info] [UserCommands.cc:754] SphericalCoordinates service on [/world/lidar_random_warehouse/set_spherical_coordinates/blocking] (blocking)
(2026-05-10 15:10:30.358) [info] [UserCommands.cc:752] Enable collision service on [/world/lidar_random_warehouse/enable_collision] (async)
(2026-05-10 15:10:30.358) [info] [UserCommands.cc:754] Enable collision service on [/world/lidar_random_warehouse/enable_collision/blocking] (blocking)
(2026-05-10 15:10:30.359) [info] [UserCommands.cc:752] Disable collision service on [/world/lidar_random_warehouse/disable_collision] (async)
(2026-05-10 15:10:30.359) [info] [UserCommands.cc:754] Disable collision service on [/world/lidar_random_warehouse/disable_collision/blocking] (blocking)
(2026-05-10 15:10:30.359) [info] [UserCommands.cc:752] Material service on [/world/lidar_random_warehouse/visual_config] (async)
(2026-05-10 15:10:30.359) [info] [UserCommands.cc:754] Material service on [/world/lidar_random_warehouse/visual_config/blocking] (blocking)
(2026-05-10 15:10:30.360) [info] [UserCommands.cc:752] Material service on [/world/lidar_random_warehouse/wheel_slip] (async)
(2026-05-10 15:10:30.360) [info] [UserCommands.cc:754] Material service on [/world/lidar_random_warehouse/wheel_slip/blocking] (blocking)
(2026-05-10 15:10:30.413) [info] [LevelManager.cc:646] Loaded level [default]
(2026-05-10 15:10:30.416) [info] [ServerConfig.cc:1010] Copied installed config [/ws_aic/install/share/gz/gz-sim9/server.config] to default config [/root/.gz/sim/9/server.config].
(2026-05-10 15:10:30.445) [info] [SimulationRunner.cc:275] Serving world controls on [/world/lidar_random_warehouse/control], [/world/lidar_random_warehouse/control/state] and [/world/lidar_random_warehouse/playback/control]
(2026-05-10 15:10:30.445) [warning] [Conversions.cc:735] <gui><camera> can't be converted yet
(2026-05-10 15:10:30.445) [info] [SimulationRunner.cc:301] Serving GUI information on [/world/lidar_random_warehouse/gui/info]
(2026-05-10 15:10:30.445) [info] [SimulationRunner.cc:304] World [lidar_random_warehouse] initialized with [1ms] physics profile.
(2026-05-10 15:10:30.446) [info] [SimulationRunner.cc:311] Serving world SDF generation service on [/world/lidar_random_warehouse/generate_world_sdf]
(2026-05-10 15:10:30.447) [info] [ServerPrivate.cc:344] Serving world names on [/gazebo/worlds]
(2026-05-10 15:10:30.447) [info] [ServerPrivate.cc:357] Resource path add service on [/gazebo/resource_paths/add].
(2026-05-10 15:10:30.447) [info] [ServerPrivate.cc:370] Resource path get service on [/gazebo/resource_paths/get].
(2026-05-10 15:10:30.448) [info] [ServerPrivate.cc:385] Resource path resolve service on [/gazebo/resource_paths/resolve].
(2026-05-10 15:10:30.449) [info] [ServerPrivate.cc:399] Resource paths published on [/gazebo/resource_paths].
(2026-05-10 15:10:30.449) [info] [ServerPrivate.cc:412] Server control service on [/server_control].
(2026-05-10 15:10:30.451) [info] [SimulationRunner.cc:769] Found no publishers on /stats, adding root stats topic
(2026-05-10 15:10:30.554) [info] [SimulationRunner.cc:803] Found no publishers on /clock, adding root clock topic
(2026-05-10 15:10:30.766) [info] [Application.cc:766] [GUI] Added plugin [3D View] to main window
(2026-05-10 15:10:30.766) [info] [Application.cc:652] [GUI] Loaded plugin [MinimalScene] from path [/ws_aic/install/lib/gz-gui-9/plugins/libMinimalScene.so]
(2026-05-10 15:10:30.772) [info] [SceneBroadcaster.cc:634] Serving scene information on [/world/lidar_random_warehouse/scene/info]
(2026-05-10 15:10:30.772) [info] [SceneBroadcaster.cc:643] Serving graph information on [/world/lidar_random_warehouse/scene/graph]
(2026-05-10 15:10:30.772) [info] [SceneBroadcaster.cc:654] Serving full state on [/world/lidar_random_warehouse/state]
(2026-05-10 15:10:30.772) [info] [SceneBroadcaster.cc:663] Serving full state (async) on [/world/lidar_random_warehouse/state_async]
(2026-05-10 15:10:30.772) [info] [SceneBroadcaster.cc:671] Publishing scene information on [/world/lidar_random_warehouse/scene/info]
(2026-05-10 15:10:30.772) [info] [SceneBroadcaster.cc:680] Publishing entity deletions on [/world/lidar_random_warehouse/scene/deletion]
(2026-05-10 15:10:30.772) [info] [SceneBroadcaster.cc:689] Publishing state changes on [/world/lidar_random_warehouse/state]
(2026-05-10 15:10:30.773) [info] [SceneBroadcaster.cc:700] Publishing pose messages on [/world/lidar_random_warehouse/pose/info]
(2026-05-10 15:10:30.773) [info] [SceneBroadcaster.cc:711] Publishing dynamic pose messages on [/world/lidar_random_warehouse/dynamic_pose/info]
(2026-05-10 15:10:30.784) [info] [EntityContextMenu.cc:134] [GUI] Currently tracking topic on [/gui/currently_tracked]
(2026-05-10 15:10:30.818) [info] [Application.cc:766] [GUI] Added plugin [Entity Context Menu] to main window
(2026-05-10 15:10:30.818) [info] [Application.cc:652] [GUI] Loaded plugin [EntityContextMenuPlugin] from path [/ws_aic/install/lib/gz-sim-9/plugins/gui/libEntityContextMenuPlugin.so]
(2026-05-10 15:10:30.887) [info] [Application.cc:766] [GUI] Added plugin [Scene Manager] to main window
(2026-05-10 15:10:30.887) [info] [Application.cc:652] [GUI] Loaded plugin [GzSceneManager] from path [/ws_aic/install/lib/gz-sim-9/plugins/gui/libGzSceneManager.so]
(2026-05-10 15:10:30.892) [info] [InteractiveViewControl.cc:409] [GUI] Camera view controller topic advertised on [/gui/camera/view_control]
(2026-05-10 15:10:30.893) [info] [InteractiveViewControl.cc:417] [GUI] Camera reference visual topic advertised on [/gui/camera/view_control/reference_visual]
(2026-05-10 15:10:30.893) [info] [InteractiveViewControl.cc:427] [GUI] Camera view control sensitivity advertised on [/gui/camera/view_control/sensitivity]
(2026-05-10 15:10:30.914) [info] [Application.cc:766] [GUI] Added plugin [Interactive view control] to main window
(2026-05-10 15:10:30.914) [info] [Application.cc:652] [GUI] Loaded plugin [InteractiveViewControl] from path [/ws_aic/install/lib/gz-gui-9/plugins/libInteractiveViewControl.so]
(2026-05-10 15:10:30.936) [info] [Application.cc:766] [GUI] Added plugin [Camera tracking] to main window
(2026-05-10 15:10:30.936) [info] [Application.cc:652] [GUI] Loaded plugin [CameraTracking] from path [/ws_aic/install/lib/gz-gui-9/plugins/libCameraTracking.so]
(2026-05-10 15:10:30.941) [info] [MarkerManager.cc:752] [GUI] Listening to stats on [/world/lidar_random_warehouse/stats]
(2026-05-10 15:10:30.956) [info] [Application.cc:766] [GUI] Added plugin [Marker Manager] to main window
(2026-05-10 15:10:30.956) [info] [Application.cc:652] [GUI] Loaded plugin [MarkerManager] from path [/ws_aic/install/lib/gz-gui-9/plugins/libMarkerManager.so]
(2026-05-10 15:10:30.978) [info] [Application.cc:766] [GUI] Added plugin [Select entities] to main window
(2026-05-10 15:10:30.978) [info] [Application.cc:652] [GUI] Loaded plugin [SelectEntities] from path [/ws_aic/install/lib/gz-sim-9/plugins/gui/libSelectEntities.so]
(2026-05-10 15:10:31.004) [info] [Application.cc:766] [GUI] Added plugin [Spawn] to main window
(2026-05-10 15:10:31.004) [info] [Application.cc:652] [GUI] Loaded plugin [Spawn] from path [/ws_aic/install/lib/gz-sim-9/plugins/gui/libSpawn.so]
(2026-05-10 15:10:31.025) [info] [VisualizationCapabilities.cc:2850] [GUI] View as transparent service on [/gui/view/transparent]
(2026-05-10 15:10:31.025) [info] [VisualizationCapabilities.cc:2857] [GUI] View as wireframes service on [/gui/view/wireframes]
(2026-05-10 15:10:31.025) [info] [VisualizationCapabilities.cc:2864] [GUI] View center of mass service on [/gui/view/com]
(2026-05-10 15:10:31.025) [info] [VisualizationCapabilities.cc:2871] [GUI] View inertia service on [/gui/view/inertia]
(2026-05-10 15:10:31.025) [info] [VisualizationCapabilities.cc:2879] [GUI] View collisions service on [/gui/view/collisions]
(2026-05-10 15:10:31.025) [info] [VisualizationCapabilities.cc:2887] [GUI] View joints service on [/gui/view/joints]
(2026-05-10 15:10:31.025) [info] [VisualizationCapabilities.cc:2894] [GUI] View frames service on [/gui/view/frames]
(2026-05-10 15:10:31.039) [info] [Application.cc:766] [GUI] Added plugin [Visualization capabilities] to main window
(2026-05-10 15:10:31.039) [info] [Application.cc:652] [GUI] Loaded plugin [VisualizationCapabilities] from path [/ws_aic/install/lib/gz-sim-9/plugins/gui/libVisualizationCapabilities.so]
(2026-05-10 15:10:31.053) [info] [WorldControl.cc:152] [GUI] Using world control service [/world/lidar_random_warehouse/control]
(2026-05-10 15:10:31.055) [info] [WorldControl.cc:225] [GUI] Listening to stats on [/world/lidar_random_warehouse/stats]
(2026-05-10 15:10:31.070) [info] [Application.cc:766] [GUI] Added plugin [World control] to main window
(2026-05-10 15:10:31.070) [info] [Application.cc:652] [GUI] Loaded plugin [WorldControl] from path [/ws_aic/install/lib/gz-gui-9/plugins/libWorldControl.so]
(2026-05-10 15:10:31.078) [info] [WorldStats.cc:156] [GUI] Listening to stats on [/world/lidar_random_warehouse/stats]
(2026-05-10 15:10:31.093) [info] [Application.cc:766] [GUI] Added plugin [World stats] to main window
(2026-05-10 15:10:31.093) [info] [Application.cc:652] [GUI] Loaded plugin [WorldStats] from path [/ws_aic/install/lib/gz-gui-9/plugins/libWorldStats.so]
(2026-05-10 15:10:31.117) [info] [Application.cc:766] [GUI] Added plugin [Shapes] to main window
(2026-05-10 15:10:31.117) [info] [Application.cc:652] [GUI] Loaded plugin [Shapes] from path [/ws_aic/install/lib/gz-sim-9/plugins/gui/libShapes.so]
(2026-05-10 15:10:31.137) [info] [Application.cc:766] [GUI] Added plugin [Lights] to main window
(2026-05-10 15:10:31.137) [info] [Application.cc:652] [GUI] Loaded plugin [Lights] from path [/ws_aic/install/lib/gz-sim-9/plugins/gui/libLights.so]
(2026-05-10 15:10:31.188) [info] [Application.cc:766] [GUI] Added plugin [Transform control] to main window
(2026-05-10 15:10:31.188) [info] [Application.cc:652] [GUI] Loaded plugin [TransformControl] from path [/ws_aic/install/lib/gz-sim-9/plugins/gui/libTransformControl.so]
(2026-05-10 15:10:31.197) [info] [Screenshot.cc:97] [GUI] Screenshot service on [/gui/screenshot]
(2026-05-10 15:10:31.208) [info] [Application.cc:766] [GUI] Added plugin [Screenshot] to main window
(2026-05-10 15:10:31.208) [info] [Application.cc:652] [GUI] Loaded plugin [Screenshot] from path [/ws_aic/install/lib/gz-gui-9/plugins/libScreenshot.so]
(2026-05-10 15:10:31.225) [info] [Application.cc:766] [GUI] Added plugin [Copy/Paste] to main window
(2026-05-10 15:10:31.225) [info] [Application.cc:652] [GUI] Loaded plugin [CopyPaste] from path [/ws_aic/install/lib/gz-sim-9/plugins/gui/libCopyPaste.so]
(2026-05-10 15:10:31.314) [info] [Application.cc:766] [GUI] Added plugin [Component inspector] to main window
(2026-05-10 15:10:31.314) [info] [Application.cc:652] [GUI] Loaded plugin [ComponentInspector] from path [/ws_aic/install/lib/gz-sim-9/plugins/gui/libComponentInspector.so]
(2026-05-10 15:10:31.330) [info] [EntityContextMenu.cc:134] [GUI] Currently tracking topic on [/gui/currently_tracked]
(2026-05-10 15:10:31.358) [info] [Application.cc:766] [GUI] Added plugin [Entity tree] to main window
(2026-05-10 15:10:31.358) [info] [Application.cc:652] [GUI] Loaded plugin [EntityTree] from path [/ws_aic/install/lib/gz-sim-9/plugins/gui/libEntityTree.so]
[1;33mWarning [Utils.cc:132][0m [/sdf/model[@name="warehouse_robot"]/link[@name="base_link"]/visual[@name="scan_disc"]/material/transparency:<data-string>:L92]: XML Element[transparency], child of element[material], not defined in SDF. Copying[transparency] as children of [material].
(2026-05-10 15:10:33.983) [info] [RenderEngineManager.cc:514] [GUI] Loading plugin [gz-rendering-ogre2]
(2026-05-10 15:10:35.010) [warning] [Ogre2RenderTarget.cc:668] [GUI] Anti-aliasing level of '' is not supported; valid FSAA levels are: [ 0 ]. Setting to 1
(2026-05-10 15:10:35.476) [info] [CameraTracking.cc:224] [GUI] Move to service on [/gui/move_to]
(2026-05-10 15:10:35.476) [info] [CameraTracking.cc:231] [GUI] Follow service on [/gui/follow] (deprecated)
(2026-05-10 15:10:35.477) [info] [CameraTracking.cc:238] [GUI] Tracking topic on [/gui/track]
(2026-05-10 15:10:35.478) [info] [CameraTracking.cc:245] [GUI] Tracking status topic on [/gui/currently_tracked]
(2026-05-10 15:10:35.478) [info] [CameraTracking.cc:253] [GUI] Move to pose service on [/gui/move_to/pose]
(2026-05-10 15:10:35.479) [info] [CameraTracking.cc:260] [GUI] Camera pose topic advertised on [/gui/camera/pose]
(2026-05-10 15:10:35.479) [info] [CameraTracking.cc:267] [GUI] Follow offset service on [/gui/follow/offset] (deprecated)
ROS drive telemetry enabled: publishing /cmd_vel, /odom, /tf, /joint_states
[drive:lidar_random] cmd_vel=(linear.x=2.250, angular.z=-1.383) odom=(-10.420,-7.020,-0.111) map_cell=(21,16) motors: left(v=2.886m/s phi_dot=16.978rad/s angle=1.358) right(v=1.614m/s phi_dot=9.492rad/s angle=0.759) wheel_xy: L=(-10.369201498005571, -6.562813482050135) R=(-10.470798501994429, -7.477186517949864)
[drive:lidar_random] cmd_vel=(linear.x=1.500, angular.z=0.000) odom=(-9.220,-7.020,0.000) map_cell=(31,16) motors: left(v=1.500m/s phi_dot=8.824rad/s angle=1.830) right(v=1.500m/s phi_dot=8.824rad/s angle=1.830) wheel_xy: L=(-9.22, -6.56) R=(-9.22, -7.4799999999999995)
[drive:lidar_random] cmd_vel=(linear.x=1.500, angular.z=0.000) odom=(-8.020,-7.020,0.000) map_cell=(41,16) motors: left(v=1.500m/s phi_dot=8.824rad/s angle=2.606) right(v=1.500m/s phi_dot=8.824rad/s angle=2.606) wheel_xy: L=(-8.02, -6.56) R=(-8.02, -7.4799999999999995)
