$ ['python3', '/opt/aic_web/warehouse_visual.py']

Starting visual warehouse Gazebo simulation
World contains a room, storage racks, dispatch areas, and a mobile warehouse robot
Gazebo camera starts above the robot/work area. Open noVNC to watch it.
(2026-05-09 15:01:41.646) [info] [Gui.cc:332] Gazebo Sim GUI    v9.5.0
(2026-05-09 15:01:41.649) [info] [Gui.cc:224] Copied installed config [/ws_aic/install/share/gz/gz-sim9/gui/gui.config] to default config [/root/.gz/sim/9/gui.config].
(2026-05-09 15:01:41.791) [info] [gz.cc:170] Received world [/opt/aic_web/warehouse_visual.sdf] from the GUI.
(2026-05-09 15:01:41.795) [info] [gz.cc:337] Gazebo Sim Server v9.5.0
QStandardPaths: XDG_RUNTIME_DIR not set, defaulting to '/tmp/runtime-root'
(2026-05-09 15:01:41.904) [info] [ServerPrivate.cc:664] Loading SDF world file[/opt/aic_web/warehouse_visual.sdf].
(2026-05-09 15:01:42.550) [error] [SignalHandler.cc:178] [GUI] 4 Interrupted system call
(2026-05-09 15:01:43.682) [info] [SystemManager.cc:54] Serving entity system service on [/entity/system/add]
(2026-05-09 15:01:43.790) [info] [UserCommands.cc:752] Create service on [/world/warehouse_mobile/create_multiple] (async)
(2026-05-09 15:01:43.790) [info] [UserCommands.cc:754] Create service on [/world/warehouse_mobile/create_multiple/blocking] (blocking)
(2026-05-09 15:01:43.790) [info] [UserCommands.cc:752] Remove service on [/world/warehouse_mobile/remove] (async)
(2026-05-09 15:01:43.790) [info] [UserCommands.cc:754] Remove service on [/world/warehouse_mobile/remove/blocking] (blocking)
(2026-05-09 15:01:43.790) [info] [UserCommands.cc:752] Pose service on [/world/warehouse_mobile/set_pose] (async)
(2026-05-09 15:01:43.790) [info] [UserCommands.cc:754] Pose service on [/world/warehouse_mobile/set_pose/blocking] (blocking)
(2026-05-09 15:01:43.791) [info] [UserCommands.cc:752] Pose service on [/world/warehouse_mobile/set_pose_vector] (async)
(2026-05-09 15:01:43.791) [info] [UserCommands.cc:754] Pose service on [/world/warehouse_mobile/set_pose_vector/blocking] (blocking)
(2026-05-09 15:01:43.791) [info] [UserCommands.cc:752] Light configuration service on [/world/warehouse_mobile/light_config] (async)
(2026-05-09 15:01:43.791) [info] [UserCommands.cc:754] Light configuration service on [/world/warehouse_mobile/light_config/blocking] (blocking)
(2026-05-09 15:01:43.792) [info] [UserCommands.cc:752] Physics service on [/world/warehouse_mobile/set_physics] (async)
(2026-05-09 15:01:43.792) [info] [UserCommands.cc:754] Physics service on [/world/warehouse_mobile/set_physics/blocking] (blocking)
(2026-05-09 15:01:43.792) [info] [UserCommands.cc:752] SphericalCoordinates service on [/world/warehouse_mobile/set_spherical_coordinates] (async)
(2026-05-09 15:01:43.792) [info] [UserCommands.cc:754] SphericalCoordinates service on [/world/warehouse_mobile/set_spherical_coordinates/blocking] (blocking)
(2026-05-09 15:01:43.792) [info] [UserCommands.cc:752] Enable collision service on [/world/warehouse_mobile/enable_collision] (async)
(2026-05-09 15:01:43.792) [info] [UserCommands.cc:754] Enable collision service on [/world/warehouse_mobile/enable_collision/blocking] (blocking)
(2026-05-09 15:01:43.792) [info] [UserCommands.cc:752] Disable collision service on [/world/warehouse_mobile/disable_collision] (async)
(2026-05-09 15:01:43.792) [info] [UserCommands.cc:754] Disable collision service on [/world/warehouse_mobile/disable_collision/blocking] (blocking)
(2026-05-09 15:01:43.793) [info] [UserCommands.cc:752] Material service on [/world/warehouse_mobile/visual_config] (async)
(2026-05-09 15:01:43.793) [info] [UserCommands.cc:754] Material service on [/world/warehouse_mobile/visual_config/blocking] (blocking)
(2026-05-09 15:01:43.793) [info] [UserCommands.cc:752] Material service on [/world/warehouse_mobile/wheel_slip] (async)
(2026-05-09 15:01:43.793) [info] [UserCommands.cc:754] Material service on [/world/warehouse_mobile/wheel_slip/blocking] (blocking)
(2026-05-09 15:01:43.801) [info] [LevelManager.cc:646] Loaded level [default]
(2026-05-09 15:01:43.802) [info] [ServerConfig.cc:1010] Copied installed config [/ws_aic/install/share/gz/gz-sim9/server.config] to default config [/root/.gz/sim/9/server.config].
(2026-05-09 15:01:43.806) [info] [SimulationRunner.cc:275] Serving world controls on [/world/warehouse_mobile/control], [/world/warehouse_mobile/control/state] and [/world/warehouse_mobile/playback/control]
(2026-05-09 15:01:43.806) [warning] [Conversions.cc:735] <gui><camera> can't be converted yet
(2026-05-09 15:01:43.807) [info] [SimulationRunner.cc:301] Serving GUI information on [/world/warehouse_mobile/gui/info]
(2026-05-09 15:01:43.807) [info] [SimulationRunner.cc:304] World [warehouse_mobile] initialized with [1ms] physics profile.
(2026-05-09 15:01:43.807) [info] [SimulationRunner.cc:311] Serving world SDF generation service on [/world/warehouse_mobile/generate_world_sdf]
(2026-05-09 15:01:43.808) [info] [ServerPrivate.cc:344] Serving world names on [/gazebo/worlds]
(2026-05-09 15:01:43.808) [info] [ServerPrivate.cc:357] Resource path add service on [/gazebo/resource_paths/add].
(2026-05-09 15:01:43.808) [info] [ServerPrivate.cc:370] Resource path get service on [/gazebo/resource_paths/get].
(2026-05-09 15:01:43.808) [info] [ServerPrivate.cc:385] Resource path resolve service on [/gazebo/resource_paths/resolve].
(2026-05-09 15:01:43.809) [info] [ServerPrivate.cc:399] Resource paths published on [/gazebo/resource_paths].
(2026-05-09 15:01:43.810) [info] [ServerPrivate.cc:412] Server control service on [/server_control].
(2026-05-09 15:01:43.918) [info] [SimulationRunner.cc:769] Found no publishers on /stats, adding root stats topic
(2026-05-09 15:01:43.918) [info] [SimulationRunner.cc:803] Found no publishers on /clock, adding root clock topic
(2026-05-09 15:01:43.971) [info] [SceneBroadcaster.cc:634] Serving scene information on [/world/warehouse_mobile/scene/info]
(2026-05-09 15:01:43.971) [info] [SceneBroadcaster.cc:643] Serving graph information on [/world/warehouse_mobile/scene/graph]
(2026-05-09 15:01:43.971) [info] [SceneBroadcaster.cc:654] Serving full state on [/world/warehouse_mobile/state]
(2026-05-09 15:01:43.971) [info] [SceneBroadcaster.cc:663] Serving full state (async) on [/world/warehouse_mobile/state_async]
(2026-05-09 15:01:43.971) [info] [SceneBroadcaster.cc:671] Publishing scene information on [/world/warehouse_mobile/scene/info]
(2026-05-09 15:01:43.972) [info] [SceneBroadcaster.cc:680] Publishing entity deletions on [/world/warehouse_mobile/scene/deletion]
(2026-05-09 15:01:43.972) [info] [SceneBroadcaster.cc:689] Publishing state changes on [/world/warehouse_mobile/state]
(2026-05-09 15:01:43.972) [info] [SceneBroadcaster.cc:700] Publishing pose messages on [/world/warehouse_mobile/pose/info]
(2026-05-09 15:01:43.972) [info] [SceneBroadcaster.cc:711] Publishing dynamic pose messages on [/world/warehouse_mobile/dynamic_pose/info]
(2026-05-09 15:01:44.119) [info] [Application.cc:766] [GUI] Added plugin [3D View] to main window
(2026-05-09 15:01:44.119) [info] [Application.cc:652] [GUI] Loaded plugin [MinimalScene] from path [/ws_aic/install/lib/gz-gui-9/plugins/libMinimalScene.so]
(2026-05-09 15:01:44.127) [info] [EntityContextMenu.cc:134] [GUI] Currently tracking topic on [/gui/currently_tracked]
(2026-05-09 15:01:44.155) [info] [Application.cc:766] [GUI] Added plugin [Entity Context Menu] to main window
(2026-05-09 15:01:44.155) [info] [Application.cc:652] [GUI] Loaded plugin [EntityContextMenuPlugin] from path [/ws_aic/install/lib/gz-sim-9/plugins/gui/libEntityContextMenuPlugin.so]
(2026-05-09 15:01:44.213) [info] [Application.cc:766] [GUI] Added plugin [Scene Manager] to main window
(2026-05-09 15:01:44.213) [info] [Application.cc:652] [GUI] Loaded plugin [GzSceneManager] from path [/ws_aic/install/lib/gz-sim-9/plugins/gui/libGzSceneManager.so]
(2026-05-09 15:01:44.218) [info] [InteractiveViewControl.cc:409] [GUI] Camera view controller topic advertised on [/gui/camera/view_control]
(2026-05-09 15:01:44.218) [info] [InteractiveViewControl.cc:417] [GUI] Camera reference visual topic advertised on [/gui/camera/view_control/reference_visual]
(2026-05-09 15:01:44.218) [info] [InteractiveViewControl.cc:427] [GUI] Camera view control sensitivity advertised on [/gui/camera/view_control/sensitivity]
(2026-05-09 15:01:44.232) [info] [Application.cc:766] [GUI] Added plugin [Interactive view control] to main window
(2026-05-09 15:01:44.232) [info] [Application.cc:652] [GUI] Loaded plugin [InteractiveViewControl] from path [/ws_aic/install/lib/gz-gui-9/plugins/libInteractiveViewControl.so]
(2026-05-09 15:01:44.249) [info] [Application.cc:766] [GUI] Added plugin [Camera tracking] to main window
(2026-05-09 15:01:44.249) [info] [Application.cc:652] [GUI] Loaded plugin [CameraTracking] from path [/ws_aic/install/lib/gz-gui-9/plugins/libCameraTracking.so]
(2026-05-09 15:01:44.254) [info] [MarkerManager.cc:752] [GUI] Listening to stats on [/world/warehouse_mobile/stats]
(2026-05-09 15:01:44.265) [info] [Application.cc:766] [GUI] Added plugin [Marker Manager] to main window
(2026-05-09 15:01:44.265) [info] [Application.cc:652] [GUI] Loaded plugin [MarkerManager] from path [/ws_aic/install/lib/gz-gui-9/plugins/libMarkerManager.so]
(2026-05-09 15:01:44.279) [info] [Application.cc:766] [GUI] Added plugin [Select entities] to main window
(2026-05-09 15:01:44.279) [info] [Application.cc:652] [GUI] Loaded plugin [SelectEntities] from path [/ws_aic/install/lib/gz-sim-9/plugins/gui/libSelectEntities.so]
(2026-05-09 15:01:44.298) [info] [Application.cc:766] [GUI] Added plugin [Spawn] to main window
(2026-05-09 15:01:44.298) [info] [Application.cc:652] [GUI] Loaded plugin [Spawn] from path [/ws_aic/install/lib/gz-sim-9/plugins/gui/libSpawn.so]
(2026-05-09 15:01:44.305) [info] [VisualizationCapabilities.cc:2850] [GUI] View as transparent service on [/gui/view/transparent]
(2026-05-09 15:01:44.305) [info] [VisualizationCapabilities.cc:2857] [GUI] View as wireframes service on [/gui/view/wireframes]
(2026-05-09 15:01:44.306) [info] [VisualizationCapabilities.cc:2864] [GUI] View center of mass service on [/gui/view/com]
(2026-05-09 15:01:44.306) [info] [VisualizationCapabilities.cc:2871] [GUI] View inertia service on [/gui/view/inertia]
(2026-05-09 15:01:44.306) [info] [VisualizationCapabilities.cc:2879] [GUI] View collisions service on [/gui/view/collisions]
(2026-05-09 15:01:44.306) [info] [VisualizationCapabilities.cc:2887] [GUI] View joints service on [/gui/view/joints]
(2026-05-09 15:01:44.306) [info] [VisualizationCapabilities.cc:2894] [GUI] View frames service on [/gui/view/frames]
(2026-05-09 15:01:44.317) [info] [Application.cc:766] [GUI] Added plugin [Visualization capabilities] to main window
(2026-05-09 15:01:44.317) [info] [Application.cc:652] [GUI] Loaded plugin [VisualizationCapabilities] from path [/ws_aic/install/lib/gz-sim-9/plugins/gui/libVisualizationCapabilities.so]
(2026-05-09 15:01:44.328) [info] [WorldControl.cc:152] [GUI] Using world control service [/world/warehouse_mobile/control]
(2026-05-09 15:01:44.329) [info] [WorldControl.cc:225] [GUI] Listening to stats on [/world/warehouse_mobile/stats]
(2026-05-09 15:01:44.343) [info] [Application.cc:766] [GUI] Added plugin [World control] to main window
(2026-05-09 15:01:44.343) [info] [Application.cc:652] [GUI] Loaded plugin [WorldControl] from path [/ws_aic/install/lib/gz-gui-9/plugins/libWorldControl.so]
(2026-05-09 15:01:44.350) [info] [WorldStats.cc:156] [GUI] Listening to stats on [/world/warehouse_mobile/stats]
(2026-05-09 15:01:44.363) [info] [Application.cc:766] [GUI] Added plugin [World stats] to main window
(2026-05-09 15:01:44.363) [info] [Application.cc:652] [GUI] Loaded plugin [WorldStats] from path [/ws_aic/install/lib/gz-gui-9/plugins/libWorldStats.so]
(2026-05-09 15:01:44.386) [info] [Application.cc:766] [GUI] Added plugin [Shapes] to main window
(2026-05-09 15:01:44.386) [info] [Application.cc:652] [GUI] Loaded plugin [Shapes] from path [/ws_aic/install/lib/gz-sim-9/plugins/gui/libShapes.so]
(2026-05-09 15:01:44.400) [info] [Application.cc:766] [GUI] Added plugin [Lights] to main window
(2026-05-09 15:01:44.400) [info] [Application.cc:652] [GUI] Loaded plugin [Lights] from path [/ws_aic/install/lib/gz-sim-9/plugins/gui/libLights.so]
(2026-05-09 15:01:44.433) [info] [Application.cc:766] [GUI] Added plugin [Transform control] to main window
(2026-05-09 15:01:44.433) [info] [Application.cc:652] [GUI] Loaded plugin [TransformControl] from path [/ws_aic/install/lib/gz-sim-9/plugins/gui/libTransformControl.so]
(2026-05-09 15:01:44.441) [info] [Screenshot.cc:97] [GUI] Screenshot service on [/gui/screenshot]
(2026-05-09 15:01:44.486) [info] [Application.cc:766] [GUI] Added plugin [Screenshot] to main window
(2026-05-09 15:01:44.486) [info] [Application.cc:652] [GUI] Loaded plugin [Screenshot] from path [/ws_aic/install/lib/gz-gui-9/plugins/libScreenshot.so]
(2026-05-09 15:01:44.506) [info] [Application.cc:766] [GUI] Added plugin [Copy/Paste] to main window
(2026-05-09 15:01:44.506) [info] [Application.cc:652] [GUI] Loaded plugin [CopyPaste] from path [/ws_aic/install/lib/gz-sim-9/plugins/gui/libCopyPaste.so]
(2026-05-09 15:01:44.588) [info] [Application.cc:766] [GUI] Added plugin [Component inspector] to main window
(2026-05-09 15:01:44.588) [info] [Application.cc:652] [GUI] Loaded plugin [ComponentInspector] from path [/ws_aic/install/lib/gz-sim-9/plugins/gui/libComponentInspector.so]
(2026-05-09 15:01:44.602) [info] [EntityContextMenu.cc:134] [GUI] Currently tracking topic on [/gui/currently_tracked]
(2026-05-09 15:01:44.634) [info] [Application.cc:766] [GUI] Added plugin [Entity tree] to main window
(2026-05-09 15:01:44.634) [info] [Application.cc:652] [GUI] Loaded plugin [EntityTree] from path [/ws_aic/install/lib/gz-sim-9/plugins/gui/libEntityTree.so]
(2026-05-09 15:01:45.885) [info] [RenderEngineManager.cc:514] [GUI] Loading plugin [gz-rendering-ogre2]
(2026-05-09 15:01:46.336) [warning] [Ogre2RenderTarget.cc:668] [GUI] Anti-aliasing level of '' is not supported; valid FSAA levels are: [ 0 ]. Setting to 1
(2026-05-09 15:01:46.549) [info] [CameraTracking.cc:224] [GUI] Move to service on [/gui/move_to]
(2026-05-09 15:01:46.549) [info] [CameraTracking.cc:231] [GUI] Follow service on [/gui/follow] (deprecated)
(2026-05-09 15:01:46.550) [info] [CameraTracking.cc:238] [GUI] Tracking topic on [/gui/track]
(2026-05-09 15:01:46.550) [info] [CameraTracking.cc:245] [GUI] Tracking status topic on [/gui/currently_tracked]
(2026-05-09 15:01:46.551) [info] [CameraTracking.cc:253] [GUI] Move to pose service on [/gui/move_to/pose]
(2026-05-09 15:01:46.551) [info] [CameraTracking.cc:260] [GUI] Camera pose topic advertised on [/gui/camera/pose]
(2026-05-09 15:01:46.551) [info] [CameraTracking.cc:267] [GUI] Follow offset service on [/gui/follow/offset] (deprecated)
Route lap 1: executing warehouse pickup and dispatch path
  leaving dispatch area
  driving through lower aisle
  approaching StorageR
  pickup ProductR
pick_up product=ProductR storage=StorageR slot=(6.55, -4.2, 1.02)
  crossing central aisle
  approaching StorageG
  pickup ProductG
  turning toward dispatch
  driving to DispatchB
  dropoff at DispatchB
drop_off product=ProductR dispatch=DispatchB target=(-8.0, 4.0, 0.28)
  returning to standby
Route lap 2: executing warehouse pickup and dispatch path
  leaving dispatch area
  driving through lower aisle
  approaching StorageR
  pickup ProductR
pick_up product=ProductR storage=StorageR slot=(6.55, -4.2, 1.02)
  crossing central aisle
  approaching StorageG
  pickup ProductG
  turning toward dispatch
  driving to DispatchB
  dropoff at DispatchB
drop_off product=ProductR dispatch=DispatchB target=(-8.0, 4.0, 0.28)
  returning to standby
Route lap 3: executing warehouse pickup and dispatch path
  leaving dispatch area
  driving through lower aisle
  approaching StorageR
  pickup ProductR

[web] stop requested: new warehouse_visual run started
Stopping visual warehouse simulation
