$ ['python3', '/opt/aic_web/warehouse_lidar_random_mode.py']

Starting Lidar Random Map mode
Generated random world seed=1778426276
Exploration must complete before TaskGoal is accepted.
(2026-05-10 15:17:57.883) [info] [Gui.cc:332] Gazebo Sim GUI    v9.5.0
(2026-05-10 15:17:57.888) [info] [Gui.cc:224] Copied installed config [/ws_aic/install/share/gz/gz-sim9/gui/gui.config] to default config [/root/.gz/sim/9/gui.config].
(2026-05-10 15:17:58.036) [info] [gz.cc:170] Received world [/workspace/aic_results/lidar_random_map/lidar_random_world.sdf] from the GUI.
(2026-05-10 15:17:58.038) [info] [gz.cc:337] Gazebo Sim Server v9.5.0
QStandardPaths: XDG_RUNTIME_DIR not set, defaulting to '/tmp/runtime-root'
(2026-05-10 15:17:58.168) [info] [ServerPrivate.cc:664] Loading SDF world file[/workspace/aic_results/lidar_random_map/lidar_random_world.sdf].
[1;33mWarning [Utils.cc:132][0m [/sdf/world[@name="lidar_random_warehouse"]/model[@name="warehouse_robot"]/link[@name="base_link"]/visual[@name="scan_disc"]/material/transparency:/workspace/aic_results/lidar_random_map/lidar_random_world.sdf:L4054]: XML Element[transparency], child of element[material], not defined in SDF. Copying[transparency] as children of [material].
(2026-05-10 15:17:59.917) [info] [SystemManager.cc:54] Serving entity system service on [/entity/system/add]
(2026-05-10 15:18:00.073) [info] [UserCommands.cc:752] Create service on [/world/lidar_random_warehouse/create_multiple] (async)
(2026-05-10 15:18:00.073) [info] [UserCommands.cc:754] Create service on [/world/lidar_random_warehouse/create_multiple/blocking] (blocking)
(2026-05-10 15:18:00.074) [info] [UserCommands.cc:752] Remove service on [/world/lidar_random_warehouse/remove] (async)
(2026-05-10 15:18:00.074) [info] [UserCommands.cc:754] Remove service on [/world/lidar_random_warehouse/remove/blocking] (blocking)
(2026-05-10 15:18:00.074) [info] [UserCommands.cc:752] Pose service on [/world/lidar_random_warehouse/set_pose] (async)
(2026-05-10 15:18:00.074) [info] [UserCommands.cc:754] Pose service on [/world/lidar_random_warehouse/set_pose/blocking] (blocking)
(2026-05-10 15:18:00.074) [info] [UserCommands.cc:752] Pose service on [/world/lidar_random_warehouse/set_pose_vector] (async)
(2026-05-10 15:18:00.074) [info] [UserCommands.cc:754] Pose service on [/world/lidar_random_warehouse/set_pose_vector/blocking] (blocking)
(2026-05-10 15:18:00.075) [info] [UserCommands.cc:752] Light configuration service on [/world/lidar_random_warehouse/light_config] (async)
(2026-05-10 15:18:00.075) [info] [UserCommands.cc:754] Light configuration service on [/world/lidar_random_warehouse/light_config/blocking] (blocking)
(2026-05-10 15:18:00.076) [info] [UserCommands.cc:752] Physics service on [/world/lidar_random_warehouse/set_physics] (async)
(2026-05-10 15:18:00.076) [info] [UserCommands.cc:754] Physics service on [/world/lidar_random_warehouse/set_physics/blocking] (blocking)
(2026-05-10 15:18:00.076) [info] [UserCommands.cc:752] SphericalCoordinates service on [/world/lidar_random_warehouse/set_spherical_coordinates] (async)
(2026-05-10 15:18:00.076) [info] [UserCommands.cc:754] SphericalCoordinates service on [/world/lidar_random_warehouse/set_spherical_coordinates/blocking] (blocking)
(2026-05-10 15:18:00.076) [info] [UserCommands.cc:752] Enable collision service on [/world/lidar_random_warehouse/enable_collision] (async)
(2026-05-10 15:18:00.076) [info] [UserCommands.cc:754] Enable collision service on [/world/lidar_random_warehouse/enable_collision/blocking] (blocking)
(2026-05-10 15:18:00.077) [info] [UserCommands.cc:752] Disable collision service on [/world/lidar_random_warehouse/disable_collision] (async)
(2026-05-10 15:18:00.077) [info] [UserCommands.cc:754] Disable collision service on [/world/lidar_random_warehouse/disable_collision/blocking] (blocking)
(2026-05-10 15:18:00.077) [info] [UserCommands.cc:752] Material service on [/world/lidar_random_warehouse/visual_config] (async)
(2026-05-10 15:18:00.077) [info] [UserCommands.cc:754] Material service on [/world/lidar_random_warehouse/visual_config/blocking] (blocking)
(2026-05-10 15:18:00.077) [info] [UserCommands.cc:752] Material service on [/world/lidar_random_warehouse/wheel_slip] (async)
(2026-05-10 15:18:00.077) [info] [UserCommands.cc:754] Material service on [/world/lidar_random_warehouse/wheel_slip/blocking] (blocking)
(2026-05-10 15:18:00.091) [info] [LevelManager.cc:646] Loaded level [default]
(2026-05-10 15:18:00.093) [info] [ServerConfig.cc:1010] Copied installed config [/ws_aic/install/share/gz/gz-sim9/server.config] to default config [/root/.gz/sim/9/server.config].
(2026-05-10 15:18:00.105) [info] [SimulationRunner.cc:275] Serving world controls on [/world/lidar_random_warehouse/control], [/world/lidar_random_warehouse/control/state] and [/world/lidar_random_warehouse/playback/control]
(2026-05-10 15:18:00.106) [warning] [Conversions.cc:735] <gui><camera> can't be converted yet
(2026-05-10 15:18:00.106) [info] [SimulationRunner.cc:301] Serving GUI information on [/world/lidar_random_warehouse/gui/info]
(2026-05-10 15:18:00.106) [info] [SimulationRunner.cc:304] World [lidar_random_warehouse] initialized with [1ms] physics profile.
(2026-05-10 15:18:00.107) [info] [SimulationRunner.cc:311] Serving world SDF generation service on [/world/lidar_random_warehouse/generate_world_sdf]
(2026-05-10 15:18:00.107) [info] [ServerPrivate.cc:344] Serving world names on [/gazebo/worlds]
(2026-05-10 15:18:00.108) [info] [ServerPrivate.cc:357] Resource path add service on [/gazebo/resource_paths/add].
(2026-05-10 15:18:00.108) [info] [ServerPrivate.cc:370] Resource path get service on [/gazebo/resource_paths/get].
(2026-05-10 15:18:00.108) [info] [ServerPrivate.cc:385] Resource path resolve service on [/gazebo/resource_paths/resolve].
(2026-05-10 15:18:00.108) [info] [ServerPrivate.cc:399] Resource paths published on [/gazebo/resource_paths].
(2026-05-10 15:18:00.109) [info] [ServerPrivate.cc:412] Server control service on [/server_control].
(2026-05-10 15:18:00.111) [info] [SimulationRunner.cc:769] Found no publishers on /stats, adding root stats topic
(2026-05-10 15:18:00.213) [info] [SimulationRunner.cc:803] Found no publishers on /clock, adding root clock topic
(2026-05-10 15:18:00.311) [info] [SceneBroadcaster.cc:634] Serving scene information on [/world/lidar_random_warehouse/scene/info]
(2026-05-10 15:18:00.311) [info] [SceneBroadcaster.cc:643] Serving graph information on [/world/lidar_random_warehouse/scene/graph]
(2026-05-10 15:18:00.311) [info] [SceneBroadcaster.cc:654] Serving full state on [/world/lidar_random_warehouse/state]
(2026-05-10 15:18:00.312) [info] [SceneBroadcaster.cc:663] Serving full state (async) on [/world/lidar_random_warehouse/state_async]
(2026-05-10 15:18:00.312) [info] [SceneBroadcaster.cc:671] Publishing scene information on [/world/lidar_random_warehouse/scene/info]
(2026-05-10 15:18:00.312) [info] [SceneBroadcaster.cc:680] Publishing entity deletions on [/world/lidar_random_warehouse/scene/deletion]
(2026-05-10 15:18:00.312) [info] [SceneBroadcaster.cc:689] Publishing state changes on [/world/lidar_random_warehouse/state]
(2026-05-10 15:18:00.312) [info] [SceneBroadcaster.cc:700] Publishing pose messages on [/world/lidar_random_warehouse/pose/info]
(2026-05-10 15:18:00.312) [info] [SceneBroadcaster.cc:711] Publishing dynamic pose messages on [/world/lidar_random_warehouse/dynamic_pose/info]
(2026-05-10 15:18:00.444) [info] [Application.cc:766] [GUI] Added plugin [3D View] to main window
(2026-05-10 15:18:00.444) [info] [Application.cc:652] [GUI] Loaded plugin [MinimalScene] from path [/ws_aic/install/lib/gz-gui-9/plugins/libMinimalScene.so]
(2026-05-10 15:18:00.453) [info] [EntityContextMenu.cc:134] [GUI] Currently tracking topic on [/gui/currently_tracked]
(2026-05-10 15:18:00.495) [info] [Application.cc:766] [GUI] Added plugin [Entity Context Menu] to main window
(2026-05-10 15:18:00.495) [info] [Application.cc:652] [GUI] Loaded plugin [EntityContextMenuPlugin] from path [/ws_aic/install/lib/gz-sim-9/plugins/gui/libEntityContextMenuPlugin.so]
(2026-05-10 15:18:00.559) [info] [Application.cc:766] [GUI] Added plugin [Scene Manager] to main window
(2026-05-10 15:18:00.560) [info] [Application.cc:652] [GUI] Loaded plugin [GzSceneManager] from path [/ws_aic/install/lib/gz-sim-9/plugins/gui/libGzSceneManager.so]
(2026-05-10 15:18:00.565) [info] [InteractiveViewControl.cc:409] [GUI] Camera view controller topic advertised on [/gui/camera/view_control]
(2026-05-10 15:18:00.565) [info] [InteractiveViewControl.cc:417] [GUI] Camera reference visual topic advertised on [/gui/camera/view_control/reference_visual]
(2026-05-10 15:18:00.565) [info] [InteractiveViewControl.cc:427] [GUI] Camera view control sensitivity advertised on [/gui/camera/view_control/sensitivity]
(2026-05-10 15:18:00.589) [info] [Application.cc:766] [GUI] Added plugin [Interactive view control] to main window
(2026-05-10 15:18:00.589) [info] [Application.cc:652] [GUI] Loaded plugin [InteractiveViewControl] from path [/ws_aic/install/lib/gz-gui-9/plugins/libInteractiveViewControl.so]
(2026-05-10 15:18:00.610) [info] [Application.cc:766] [GUI] Added plugin [Camera tracking] to main window
(2026-05-10 15:18:00.610) [info] [Application.cc:652] [GUI] Loaded plugin [CameraTracking] from path [/ws_aic/install/lib/gz-gui-9/plugins/libCameraTracking.so]
(2026-05-10 15:18:00.615) [info] [MarkerManager.cc:752] [GUI] Listening to stats on [/world/lidar_random_warehouse/stats]
(2026-05-10 15:18:00.630) [info] [Application.cc:766] [GUI] Added plugin [Marker Manager] to main window
(2026-05-10 15:18:00.630) [info] [Application.cc:652] [GUI] Loaded plugin [MarkerManager] from path [/ws_aic/install/lib/gz-gui-9/plugins/libMarkerManager.so]
(2026-05-10 15:18:00.651) [info] [Application.cc:766] [GUI] Added plugin [Select entities] to main window
(2026-05-10 15:18:00.651) [info] [Application.cc:652] [GUI] Loaded plugin [SelectEntities] from path [/ws_aic/install/lib/gz-sim-9/plugins/gui/libSelectEntities.so]
(2026-05-10 15:18:00.673) [info] [Application.cc:766] [GUI] Added plugin [Spawn] to main window
(2026-05-10 15:18:00.673) [info] [Application.cc:652] [GUI] Loaded plugin [Spawn] from path [/ws_aic/install/lib/gz-sim-9/plugins/gui/libSpawn.so]
(2026-05-10 15:18:00.683) [info] [VisualizationCapabilities.cc:2850] [GUI] View as transparent service on [/gui/view/transparent]
(2026-05-10 15:18:00.683) [info] [VisualizationCapabilities.cc:2857] [GUI] View as wireframes service on [/gui/view/wireframes]
(2026-05-10 15:18:00.683) [info] [VisualizationCapabilities.cc:2864] [GUI] View center of mass service on [/gui/view/com]
(2026-05-10 15:18:00.683) [info] [VisualizationCapabilities.cc:2871] [GUI] View inertia service on [/gui/view/inertia]
(2026-05-10 15:18:00.683) [info] [VisualizationCapabilities.cc:2879] [GUI] View collisions service on [/gui/view/collisions]
(2026-05-10 15:18:00.683) [info] [VisualizationCapabilities.cc:2887] [GUI] View joints service on [/gui/view/joints]
(2026-05-10 15:18:00.683) [info] [VisualizationCapabilities.cc:2894] [GUI] View frames service on [/gui/view/frames]
(2026-05-10 15:18:00.699) [info] [Application.cc:766] [GUI] Added plugin [Visualization capabilities] to main window
(2026-05-10 15:18:00.699) [info] [Application.cc:652] [GUI] Loaded plugin [VisualizationCapabilities] from path [/ws_aic/install/lib/gz-sim-9/plugins/gui/libVisualizationCapabilities.so]
(2026-05-10 15:18:00.712) [info] [WorldControl.cc:152] [GUI] Using world control service [/world/lidar_random_warehouse/control]
(2026-05-10 15:18:00.714) [info] [WorldControl.cc:225] [GUI] Listening to stats on [/world/lidar_random_warehouse/stats]
(2026-05-10 15:18:00.732) [info] [Application.cc:766] [GUI] Added plugin [World control] to main window
(2026-05-10 15:18:00.732) [info] [Application.cc:652] [GUI] Loaded plugin [WorldControl] from path [/ws_aic/install/lib/gz-gui-9/plugins/libWorldControl.so]
(2026-05-10 15:18:00.782) [info] [WorldStats.cc:156] [GUI] Listening to stats on [/world/lidar_random_warehouse/stats]
(2026-05-10 15:18:00.815) [info] [Application.cc:766] [GUI] Added plugin [World stats] to main window
(2026-05-10 15:18:00.815) [info] [Application.cc:652] [GUI] Loaded plugin [WorldStats] from path [/ws_aic/install/lib/gz-gui-9/plugins/libWorldStats.so]
(2026-05-10 15:18:00.849) [info] [Application.cc:766] [GUI] Added plugin [Shapes] to main window
(2026-05-10 15:18:00.849) [info] [Application.cc:652] [GUI] Loaded plugin [Shapes] from path [/ws_aic/install/lib/gz-sim-9/plugins/gui/libShapes.so]
(2026-05-10 15:18:00.872) [info] [Application.cc:766] [GUI] Added plugin [Lights] to main window
(2026-05-10 15:18:00.872) [info] [Application.cc:652] [GUI] Loaded plugin [Lights] from path [/ws_aic/install/lib/gz-sim-9/plugins/gui/libLights.so]
(2026-05-10 15:18:00.916) [info] [Application.cc:766] [GUI] Added plugin [Transform control] to main window
(2026-05-10 15:18:00.916) [info] [Application.cc:652] [GUI] Loaded plugin [TransformControl] from path [/ws_aic/install/lib/gz-sim-9/plugins/gui/libTransformControl.so]
(2026-05-10 15:18:00.925) [info] [Screenshot.cc:97] [GUI] Screenshot service on [/gui/screenshot]
(2026-05-10 15:18:00.941) [info] [Application.cc:766] [GUI] Added plugin [Screenshot] to main window
(2026-05-10 15:18:00.941) [info] [Application.cc:652] [GUI] Loaded plugin [Screenshot] from path [/ws_aic/install/lib/gz-gui-9/plugins/libScreenshot.so]
(2026-05-10 15:18:00.965) [info] [Application.cc:766] [GUI] Added plugin [Copy/Paste] to main window
(2026-05-10 15:18:00.965) [info] [Application.cc:652] [GUI] Loaded plugin [CopyPaste] from path [/ws_aic/install/lib/gz-sim-9/plugins/gui/libCopyPaste.so]
(2026-05-10 15:18:01.070) [info] [Application.cc:766] [GUI] Added plugin [Component inspector] to main window
(2026-05-10 15:18:01.070) [info] [Application.cc:652] [GUI] Loaded plugin [ComponentInspector] from path [/ws_aic/install/lib/gz-sim-9/plugins/gui/libComponentInspector.so]
(2026-05-10 15:18:01.086) [info] [EntityContextMenu.cc:134] [GUI] Currently tracking topic on [/gui/currently_tracked]
(2026-05-10 15:18:01.120) [info] [Application.cc:766] [GUI] Added plugin [Entity tree] to main window
(2026-05-10 15:18:01.120) [info] [Application.cc:652] [GUI] Loaded plugin [EntityTree] from path [/ws_aic/install/lib/gz-sim-9/plugins/gui/libEntityTree.so]
[1;33mWarning [Utils.cc:132][0m [/sdf/model[@name="warehouse_robot"]/link[@name="base_link"]/visual[@name="scan_disc"]/material/transparency:<data-string>:L92]: XML Element[transparency], child of element[material], not defined in SDF. Copying[transparency] as children of [material].
(2026-05-10 15:18:03.184) [info] [RenderEngineManager.cc:514] [GUI] Loading plugin [gz-rendering-ogre2]
(2026-05-10 15:18:03.855) [warning] [Ogre2RenderTarget.cc:668] [GUI] Anti-aliasing level of '' is not supported; valid FSAA levels are: [ 0 ]. Setting to 1
(2026-05-10 15:18:04.141) [info] [CameraTracking.cc:224] [GUI] Move to service on [/gui/move_to]
(2026-05-10 15:18:04.141) [info] [CameraTracking.cc:231] [GUI] Follow service on [/gui/follow] (deprecated)
(2026-05-10 15:18:04.142) [info] [CameraTracking.cc:238] [GUI] Tracking topic on [/gui/track]
(2026-05-10 15:18:04.143) [info] [CameraTracking.cc:245] [GUI] Tracking status topic on [/gui/currently_tracked]
(2026-05-10 15:18:04.143) [info] [CameraTracking.cc:253] [GUI] Move to pose service on [/gui/move_to/pose]
(2026-05-10 15:18:04.143) [info] [CameraTracking.cc:260] [GUI] Camera pose topic advertised on [/gui/camera/pose]
(2026-05-10 15:18:04.144) [info] [CameraTracking.cc:267] [GUI] Follow offset service on [/gui/follow/offset] (deprecated)
ROS drive telemetry enabled: publishing /cmd_vel, /odom, /tf, /joint_states
[drive:lidar_random] cmd_vel=(linear.x=0.750, angular.z=12.880) odom=(-10.540,-6.900,1.030) map_cell=(20,17) motors: left(v=-5.175m/s phi_dot=-30.439rad/s angle=-2.435) right(v=6.675m/s phi_dot=39.263rad/s angle=3.141) wheel_xy: L=(-10.934446745827769, -6.663331952503336) R=(-10.14555325417223, -7.136668047496665)
[drive:lidar_random] cmd_vel=(linear.x=1.500, angular.z=0.000) odom=(-10.540,-5.700,1.571) map_cell=(20,27) motors: left(v=1.500m/s phi_dot=8.824rad/s angle=3.061) right(v=1.500m/s phi_dot=8.824rad/s angle=-1.005) wheel_xy: L=(-11.0, -5.7) R=(-10.079999999999998, -5.7)
[drive:lidar_random] cmd_vel=(linear.x=1.500, angular.z=0.000) odom=(-10.540,-4.500,1.571) map_cell=(20,37) motors: left(v=1.500m/s phi_dot=8.824rad/s angle=-2.447) right(v=1.500m/s phi_dot=8.824rad/s angle=-0.229) wheel_xy: L=(-11.0, -4.5) R=(-10.079999999999998, -4.5)
[drive:lidar_random] cmd_vel=(linear.x=1.500, angular.z=0.000) odom=(-10.660,-3.300,1.571) map_cell=(19,47) motors: left(v=1.500m/s phi_dot=8.824rad/s angle=-1.878) right(v=1.500m/s phi_dot=8.824rad/s angle=0.340) wheel_xy: L=(-11.120000000000001, -3.3) R=(-10.2, -3.3)
[drive:lidar_random] cmd_vel=(linear.x=1.061, angular.z=-9.817) odom=(-11.380,-2.100,1.571) map_cell=(13,57) motors: left(v=5.577m/s phi_dot=32.804rad/s angle=-0.845) right(v=-3.455m/s phi_dot=-20.326rad/s angle=1.372) wheel_xy: L=(-11.840000000000002, -2.1000000000000005) R=(-10.92, -2.1000000000000005)
[drive:lidar_random] cmd_vel=(linear.x=2.121, angular.z=0.000) odom=(-10.540,-2.820,-0.785) map_cell=(20,51) motors: left(v=2.121m/s phi_dot=12.478rad/s angle=0.451) right(v=2.121m/s phi_dot=12.478rad/s angle=2.484) wheel_xy: L=(-10.214730880654189, -2.494730880654187) R=(-10.86526911934581, -3.1452691193458135)
[drive:lidar_random] cmd_vel=(linear.x=1.061, angular.z=-9.817) odom=(-9.460,-4.020,-1.571) map_cell=(29,41) motors: left(v=5.577m/s phi_dot=32.804rad/s angle=-0.507) right(v=-3.455m/s phi_dot=-20.326rad/s angle=-2.724) wheel_xy: L=(-9.0, -4.0200000000000005) R=(-9.920000000000002, -4.0200000000000005)
[drive:lidar_random] cmd_vel=(linear.x=2.121, angular.z=-0.000) odom=(-8.380,-5.220,-0.785) map_cell=(38,31) motors: left(v=2.121m/s phi_dot=12.478rad/s angle=0.483) right(v=2.121m/s phi_dot=12.478rad/s angle=2.516) wheel_xy: L=(-8.054730880654187, -4.894730880654189) R=(-8.705269119345811, -5.545269119345813)
[drive:lidar_random] cmd_vel=(linear.x=2.121, angular.z=0.000) odom=(-7.180,-6.420,-0.785) map_cell=(48,21) motors: left(v=2.121m/s phi_dot=12.478rad/s angle=-2.101) right(v=2.121m/s phi_dot=12.478rad/s angle=-0.068) wheel_xy: L=(-6.854730880654189, -6.094730880654188) R=(-7.5052691193458125, -6.745269119345812)
[drive:lidar_random] cmd_vel=(linear.x=2.121, angular.z=0.000) odom=(-5.980,-7.620,-0.785) map_cell=(58,11) motors: left(v=2.121m/s phi_dot=12.478rad/s angle=1.599) right(v=2.121m/s phi_dot=12.478rad/s angle=-2.652) wheel_xy: L=(-5.6547308806541885, -7.294730880654188) R=(-6.305269119345812, -7.945269119345812)
[drive:lidar_random] cmd_vel=(linear.x=2.121, angular.z=0.000) odom=(-6.220,-7.620,2.356) map_cell=(56,11) motors: left(v=2.121m/s phi_dot=12.478rad/s angle=-1.762) right(v=2.121m/s phi_dot=12.478rad/s angle=2.119) wheel_xy: L=(-6.545269119345813, -7.945269119345812) R=(-5.894730880654189, -7.294730880654188)
[drive:lidar_random] cmd_vel=(linear.x=2.121, angular.z=0.000) odom=(-7.420,-6.420,2.356) map_cell=(46,21) motors: left(v=2.121m/s phi_dot=12.478rad/s angle=1.937) right(v=2.121m/s phi_dot=12.478rad/s angle=-0.465) wheel_xy: L=(-7.745269119345812, -6.745269119345812) R=(-7.094730880654188, -6.094730880654188)
[drive:lidar_random] cmd_vel=(linear.x=1.061, angular.z=-9.817) odom=(-8.380,-5.220,1.571) map_cell=(38,31) motors: left(v=5.577m/s phi_dot=32.804rad/s angle=0.188) right(v=-3.455m/s phi_dot=-20.326rad/s angle=-0.182) wheel_xy: L=(-8.84, -5.220000000000001) R=(-7.919999999999999, -5.220000000000001)
[drive:lidar_random] cmd_vel=(linear.x=1.061, angular.z=-9.817) odom=(-9.460,-4.020,1.571) map_cell=(29,41) motors: left(v=5.577m/s phi_dot=32.804rad/s angle=3.096) right(v=-3.455m/s phi_dot=-20.326rad/s angle=2.726) wheel_xy: L=(-9.920000000000002, -4.0200000000000005) R=(-9.0, -4.0200000000000005)
[drive:lidar_random] cmd_vel=(linear.x=1.500, angular.z=0.000) odom=(-9.460,-2.820,1.571) map_cell=(29,51) motors: left(v=1.500m/s phi_dot=8.824rad/s angle=-2.411) right(v=1.500m/s phi_dot=8.824rad/s angle=-2.781) wheel_xy: L=(-9.920000000000002, -2.8200000000000003) R=(-9.0, -2.8200000000000003)
[drive:lidar_random] cmd_vel=(linear.x=1.500, angular.z=9.817) odom=(-10.060,-1.620,2.356) map_cell=(24,61) motors: left(v=-3.016m/s phi_dot=-17.741rad/s angle=1.695) right(v=6.016m/s phi_dot=35.388rad/s angle=-0.707) wheel_xy: L=(-10.38526911934581, -1.9452691193458131) R=(-9.73473088065419, -1.294730880654187)
[drive:lidar_random] cmd_vel=(linear.x=1.061, angular.z=-9.817) odom=(-10.540,-0.420,1.571) map_cell=(20,71) motors: left(v=5.577m/s phi_dot=32.804rad/s angle=-2.721) right(v=-3.455m/s phi_dot=-20.326rad/s angle=-3.091) wheel_xy: L=(-11.0, -0.4199999999999999) R=(-10.079999999999998, -0.42)
