$ ['/entrypoint.sh', 'gazebo_gui:=true', 'launch_rviz:=true', 'ground_truth:=false', 'start_aic_engine:=false', 'shutdown_on_aic_engine_exit:=false', 'model_discovery_timeout_seconds:=600']

ZENOH_CONFIG_OVERRIDE_ROUTER=mode="router";listen/endpoints=["tcp/[::]:7447"];connect/endpoints=[];routing/router/peers_failover_brokering=true;transport/shared_memory/enabled=false
ZENOH_CONFIG_OVERRIDE_PEER=;transport/shared_memory/enabled=false
[INFO] [launch]: All log files can be found below /root/.ros/log/2026-05-08-20-45-56-422215-48a734b03016-48
[INFO] [launch]: Default logging verbosity is set to INFO
[2m2026-05-08T20:45:56.428015Z[0m [32m INFO[0m ThreadId(02) [2mzenoh::net::runtime[0m[2m:[0m Using ZID: fdfdb520f55d452f7456ec858f5733c8
[2m2026-05-08T20:45:56.431598Z[0m [33m WARN[0m ThreadId(02) [2mzenoh::net::routing::interceptor::authorization[0m[2m:[0m Rule 'deny_rule' flows list is not set. Setting it to both Ingress and Egress
[2m2026-05-08T20:45:56.454116Z[0m [32m INFO[0m ThreadId(02) [2mzenoh::net::runtime::orchestrator[0m[2m:[0m Zenoh can be reached at: tcp/172.18.0.2:7447
[2m2026-05-08T20:45:56.948535Z[0m [32m INFO[0m acc-0 ThreadId(04) [2mzenoh::net::routing::interceptor::access_control[0m[2m:[0m d6ef1d5ce450c51256edfc14f893c71c did not match any configured ACL subject. Default permission `Allow` will be applied on all messages
Started Zenoh router with id fdfdb520f55d452f7456ec858f5733c8
[INFO] [robot_state_publisher-1]: process started with pid [115]
[INFO] [aic_adapter-2]: process started with pid [117]
[INFO] [component_container-3]: process started with pid [119]
[INFO] [gz-4]: process started with pid [122]
[INFO] [create-5]: process started with pid [124]
[2m2026-05-08T20:45:57.394528Z[0m [32m INFO[0m acc-0 ThreadId(04) [2mzenoh::net::routing::interceptor::access_control[0m[2m:[0m ae43af0cb6ac41828ddcb5c294700866 did not match any configured ACL subject. Default permission `Allow` will be applied on all messages
[2m2026-05-08T20:45:57.395422Z[0m [32m INFO[0m acc-0 ThreadId(04) [2mzenoh::net::routing::interceptor::access_control[0m[2m:[0m 27d576f16b190c4dc570e5326c48e28 did not match any configured ACL subject. Default permission `Allow` will be applied on all messages
[2m2026-05-08T20:45:57.398134Z[0m [32m INFO[0m acc-0 ThreadId(04) [2mzenoh::net::routing::interceptor::access_control[0m[2m:[0m a289aa8b6ea4996b8c9276418df16795 did not match any configured ACL subject. Default permission `Allow` will be applied on all messages
[2m2026-05-08T20:45:57.431521Z[0m [32m INFO[0m acc-0 ThreadId(04) [2mzenoh::net::routing::interceptor::access_control[0m[2m:[0m 6216ea10817327722a8d1c7f46946c36 did not match any configured ACL subject. Default permission `Allow` will be applied on all messages
[robot_state_publisher-1] [INFO] [1778273157.540476086] [robot_state_publisher]: Robot initialized
[aic_adapter-2] [INFO] [1778273157.545726169] [aic_adapter_node]: Adapter node initialization complete.
[create-5] [INFO] [1778273157.557464086] [ros_gz_sim]: Requesting list of world names.
[component_container-3] [INFO] [1778273157.575892919] [ros_gz_container]: Load Library: /ws_aic/install/lib/libgzserver_component.so
[gz-4] QStandardPaths: XDG_RUNTIME_DIR not set, defaulting to '/tmp/runtime-root'
[component_container-3] [INFO] [1778273157.646910669] [ros_gz_container]: Found class: rclcpp_components::NodeFactoryTemplate<ros_gz_sim::GzServer>
[component_container-3] [INFO] [1778273157.647074586] [ros_gz_container]: Instantiate class: rclcpp_components::NodeFactoryTemplate<ros_gz_sim::GzServer>
[component_container-3] [INFO] [1778273157.661744294] [ros_gz_container]: Load Library: /ws_aic/install/lib/libros_gz_bridge.so
[INFO] [launch_ros.actions.load_composable_nodes]: Loaded node '/gz_server' in container '/ros_gz_container'
[component_container-3] [INFO] [1778273157.693670419] [ros_gz_container]: Found class: rclcpp_components::NodeFactoryTemplate<ros_gz_bridge::RosGzBridge>
[component_container-3] [INFO] [1778273157.693706544] [ros_gz_container]: Instantiate class: rclcpp_components::NodeFactoryTemplate<ros_gz_bridge::RosGzBridge>
[INFO] [launch_ros.actions.load_composable_nodes]: Loaded node '/ros_gz_bridge' in container 'ros_gz_container'
[component_container-3] (2026-05-08 20:45:57.787) [info] [ServerPrivate.cc:664] Loading SDF world file[/ws_aic/install/share/aic_description/world/aic.sdf].
[gz-4] (2026-05-08 20:45:58.221) [error] [SignalHandler.cc:178] [GUI] 4 Interrupted system call
[component_container-3] [INFO] [1778273158.732017086] [ros_gz_bridge]: Creating GZ->ROS Bridge: [/clock (gz.msgs.Clock) -> /clock (rosgraph_msgs/msg/Clock)] (Lazy 0)
[component_container-3] [INFO] [1778273158.740403461] [ros_gz_bridge]: Creating GZ->ROS Bridge: [/left_camera/image (gz.msgs.Image) -> /left_camera/image (sensor_msgs/msg/Image)] (Lazy 1)
[component_container-3] [INFO] [1778273158.743133711] [ros_gz_bridge]: Creating GZ->ROS Bridge: [/center_camera/image (gz.msgs.Image) -> /center_camera/image (sensor_msgs/msg/Image)] (Lazy 1)
[component_container-3] [INFO] [1778273158.743586378] [ros_gz_bridge]: Creating GZ->ROS Bridge: [/right_camera/image (gz.msgs.Image) -> /right_camera/image (sensor_msgs/msg/Image)] (Lazy 1)
[component_container-3] [INFO] [1778273158.743774961] [ros_gz_bridge]: Creating GZ->ROS Bridge: [/left_camera/camera_info (gz.msgs.CameraInfo) -> /left_camera/camera_info (sensor_msgs/msg/CameraInfo)] (Lazy 1)
[component_container-3] [INFO] [1778273158.745213670] [ros_gz_bridge]: Creating GZ->ROS Bridge: [/center_camera/camera_info (gz.msgs.CameraInfo) -> /center_camera/camera_info (sensor_msgs/msg/CameraInfo)] (Lazy 1)
[component_container-3] [INFO] [1778273158.745444045] [ros_gz_bridge]: Creating GZ->ROS Bridge: [/right_camera/camera_info (gz.msgs.CameraInfo) -> /right_camera/camera_info (sensor_msgs/msg/CameraInfo)] (Lazy 1)
[component_container-3] [INFO] [1778273158.745601920] [ros_gz_bridge]: Creating GZ->ROS Bridge: [/aic/gazebo/contacts/off_limit (gz.msgs.Contacts) -> /aic/gazebo/contacts/off_limit (ros_gz_interfaces/msg/Contacts)] (Lazy 1)
[component_container-3] [INFO] [1778273158.747708878] [ros_gz_bridge]: Creating GZ->ROS Bridge: [/cable_0/pose (gz.msgs.Pose_V) -> /scoring/tf (tf2_msgs/msg/TFMessage)] (Lazy 1)
[component_container-3] [INFO] [1778273158.749751670] [ros_gz_bridge]: Creating GZ->ROS Bridge: [/cable_1/pose (gz.msgs.Pose_V) -> /scoring/tf (tf2_msgs/msg/TFMessage)] (Lazy 1)
[component_container-3] [INFO] [1778273158.750432378] [ros_gz_bridge]: Creating GZ->ROS Bridge: [/cable_2/pose (gz.msgs.Pose_V) -> /scoring/tf (tf2_msgs/msg/TFMessage)] (Lazy 1)
[component_container-3] [INFO] [1778273158.750601878] [ros_gz_bridge]: Creating GZ->ROS Bridge: [/cable_3/pose (gz.msgs.Pose_V) -> /scoring/tf (tf2_msgs/msg/TFMessage)] (Lazy 1)
[component_container-3] [INFO] [1778273158.750698836] [ros_gz_bridge]: Creating GZ->ROS Bridge: [/cable_4/pose (gz.msgs.Pose_V) -> /scoring/tf (tf2_msgs/msg/TFMessage)] (Lazy 1)
[component_container-3] [INFO] [1778273158.750794461] [ros_gz_bridge]: Creating GZ->ROS Bridge: [/task_board/pose_static (gz.msgs.Pose_V) -> /scoring/tf (tf2_msgs/msg/TFMessage)] (Lazy 1)
[component_container-3] [INFO] [1778273158.750870461] [ros_gz_bridge]: Creating GZ->ROS Bridge: [/cable_0/insertion_event (gz.msgs.StringMsg) -> /scoring/insertion_event (std_msgs/msg/String)] (Lazy 1)
[component_container-3] [INFO] [1778273158.752167461] [ros_gz_bridge]: Creating GZ->ROS Bridge: [/cable_1/insertion_event (gz.msgs.StringMsg) -> /scoring/insertion_event (std_msgs/msg/String)] (Lazy 1)
[component_container-3] (2026-05-08 20:45:59.720) [info] [SystemManager.cc:54] Serving entity system service on [/entity/system/add]
[component_container-3] (2026-05-08 20:45:59.765) [info] [UserCommands.cc:752] Create service on [/world/aic_world/create_multiple] (async)
[component_container-3] (2026-05-08 20:45:59.766) [info] [UserCommands.cc:754] Create service on [/world/aic_world/create_multiple/blocking] (blocking)
[component_container-3] (2026-05-08 20:45:59.766) [info] [UserCommands.cc:752] Remove service on [/world/aic_world/remove] (async)
[component_container-3] (2026-05-08 20:45:59.766) [info] [UserCommands.cc:754] Remove service on [/world/aic_world/remove/blocking] (blocking)
[component_container-3] (2026-05-08 20:45:59.766) [info] [UserCommands.cc:752] Pose service on [/world/aic_world/set_pose] (async)
[component_container-3] (2026-05-08 20:45:59.766) [info] [UserCommands.cc:754] Pose service on [/world/aic_world/set_pose/blocking] (blocking)
[component_container-3] (2026-05-08 20:45:59.766) [info] [UserCommands.cc:752] Pose service on [/world/aic_world/set_pose_vector] (async)
[component_container-3] (2026-05-08 20:45:59.766) [info] [UserCommands.cc:754] Pose service on [/world/aic_world/set_pose_vector/blocking] (blocking)
[component_container-3] (2026-05-08 20:45:59.767) [info] [UserCommands.cc:752] Light configuration service on [/world/aic_world/light_config] (async)
[component_container-3] (2026-05-08 20:45:59.767) [info] [UserCommands.cc:754] Light configuration service on [/world/aic_world/light_config/blocking] (blocking)
[component_container-3] (2026-05-08 20:45:59.768) [info] [UserCommands.cc:752] Physics service on [/world/aic_world/set_physics] (async)
[component_container-3] (2026-05-08 20:45:59.768) [info] [UserCommands.cc:754] Physics service on [/world/aic_world/set_physics/blocking] (blocking)
[component_container-3] (2026-05-08 20:45:59.768) [info] [UserCommands.cc:752] SphericalCoordinates service on [/world/aic_world/set_spherical_coordinates] (async)
[component_container-3] (2026-05-08 20:45:59.768) [info] [UserCommands.cc:754] SphericalCoordinates service on [/world/aic_world/set_spherical_coordinates/blocking] (blocking)
[component_container-3] (2026-05-08 20:45:59.768) [info] [UserCommands.cc:752] Enable collision service on [/world/aic_world/enable_collision] (async)
[component_container-3] (2026-05-08 20:45:59.768) [info] [UserCommands.cc:754] Enable collision service on [/world/aic_world/enable_collision/blocking] (blocking)
[component_container-3] (2026-05-08 20:45:59.768) [info] [UserCommands.cc:752] Disable collision service on [/world/aic_world/disable_collision] (async)
[component_container-3] (2026-05-08 20:45:59.768) [info] [UserCommands.cc:754] Disable collision service on [/world/aic_world/disable_collision/blocking] (blocking)
[component_container-3] (2026-05-08 20:45:59.768) [info] [UserCommands.cc:752] Material service on [/world/aic_world/visual_config] (async)
[component_container-3] (2026-05-08 20:45:59.768) [info] [UserCommands.cc:754] Material service on [/world/aic_world/visual_config/blocking] (blocking)
[component_container-3] (2026-05-08 20:45:59.769) [info] [UserCommands.cc:752] Material service on [/world/aic_world/wheel_slip] (async)
[component_container-3] (2026-05-08 20:45:59.769) [info] [UserCommands.cc:754] Material service on [/world/aic_world/wheel_slip/blocking] (blocking)
[component_container-3] (2026-05-08 20:45:59.769) [debug] [SystemManager.cc:80] Loaded system [gz::sim::systems::UserCommands] for entity [1]
[component_container-3] (2026-05-08 20:45:59.811) [debug] [Physics.cc:967] Loaded [gz::physics::bullet_featherstone::Plugin] from library [/ws_aic/install/lib/gz-physics-8/engine-plugins/libgz-physics-bullet-featherstone-plugin.so]
[component_container-3] (2026-05-08 20:45:59.811) [debug] [SystemManager.cc:80] Loaded system [gz::sim::systems::Physics] for entity [1]
[component_container-3] (2026-05-08 20:45:59.826) [debug] [Sensors.cc:697] Configuring Sensors system
[component_container-3] (2026-05-08 20:45:59.828) [debug] [Sensors.cc:557] SensorsPrivate::Run
[component_container-3] (2026-05-08 20:45:59.828) [debug] [SystemManager.cc:80] Loaded system [gz::sim::systems::Sensors] for entity [1]
[component_container-3] (2026-05-08 20:45:59.828) [debug] [Sensors.cc:532] SensorsPrivate::RenderThread started
[component_container-3] (2026-05-08 20:45:59.828) [debug] [Sensors.cc:337] Waiting for init
[component_container-3] (2026-05-08 20:45:59.831) [debug] [ScoringPlugin.cc:45] aic_gazebo::ScoringPlugin::Configure on entity: 1
[component_container-3] (2026-05-08 20:45:59.833) [debug] [SystemManager.cc:80] Loaded system [aic_gazebo::ScoringPlugin] for entity [1]
[component_container-3] (2026-05-08 20:45:59.835) [debug] [WorldSdfGeneratorPlugin.cc:47] aic_gazebo::WorldSdfGeneratorPlugin::Configure
[component_container-3] (2026-05-08 20:45:59.835) [debug] [SystemManager.cc:80] Loaded system [aic_gazebo::WorldSdfGeneratorPlugin] for entity [1]
[component_container-3] (2026-05-08 20:45:59.838) [debug] [SystemManager.cc:80] Loaded system [gz::sim::systems::Contact] for entity [1]
[component_container-3] (2026-05-08 20:45:59.839) [info] [LevelManager.cc:646] Loaded level [default]
[component_container-3] (2026-05-08 20:45:59.840) [info] [ServerConfig.cc:1010] Copied installed config [/ws_aic/install/share/gz/gz-sim9/server.config] to default config [/root/.gz/sim/9/server.config].
[component_container-3] (2026-05-08 20:45:59.840) [debug] [ServerConfig.cc:1025] Loading (3) plugins from file [/root/.gz/sim/9/server.config]
[component_container-3] (2026-05-08 20:45:59.840) [debug] [SimulationRunner.cc:1696] Additional plugins to load:
[component_container-3] (2026-05-08 20:45:59.840) [debug] [SimulationRunner.cc:1699] gz::sim::systems::SceneBroadcaster gz-sim-scene-broadcaster-system
[component_container-3] (2026-05-08 20:45:59.846) [debug] [SystemManager.cc:80] Loaded system [gz::sim::systems::SceneBroadcaster] for entity [1]
[component_container-3] (2026-05-08 20:45:59.849) [info] [SimulationRunner.cc:275] Serving world controls on [/world/aic_world/control], [/world/aic_world/control/state] and [/world/aic_world/playback/control]
[component_container-3] (2026-05-08 20:45:59.849) [info] [SimulationRunner.cc:301] Serving GUI information on [/world/aic_world/gui/info]
[component_container-3] (2026-05-08 20:45:59.849) [info] [SimulationRunner.cc:304] World [aic_world] initialized with [2ms] physics profile.
[component_container-3] (2026-05-08 20:45:59.850) [info] [SimulationRunner.cc:311] Serving world SDF generation service on [/world/aic_world/generate_world_sdf]
[component_container-3] (2026-05-08 20:45:59.850) [info] [ServerPrivate.cc:344] Serving world names on [/gazebo/worlds]
[component_container-3] (2026-05-08 20:45:59.851) [info] [ServerPrivate.cc:357] Resource path add service on [/gazebo/resource_paths/add].
[component_container-3] (2026-05-08 20:45:59.851) [info] [ServerPrivate.cc:370] Resource path get service on [/gazebo/resource_paths/get].
[component_container-3] (2026-05-08 20:45:59.851) [info] [ServerPrivate.cc:385] Resource path resolve service on [/gazebo/resource_paths/resolve].
[component_container-3] (2026-05-08 20:45:59.851) [info] [ServerPrivate.cc:399] Resource paths published on [/gazebo/resource_paths].
[component_container-3] (2026-05-08 20:45:59.851) [info] [ServerPrivate.cc:412] Server control service on [/server_control].
[component_container-3] (2026-05-08 20:45:59.852) [info] [SimulationRunner.cc:769] Found no publishers on /stats, adding root stats topic
[component_container-3] (2026-05-08 20:45:59.854) [info] [SimulationRunner.cc:803] Found no publishers on /clock, adding root clock topic
[create-5] [INFO] [1778273160.067696212] [ros_gz_sim]: Entity creation successful.
[component_container-3] (2026-05-08 20:46:00.079) [debug] [SimulationRunner.cc:573] Creating PostUpdate worker threads: 5
[component_container-3] (2026-05-08 20:46:00.081) [debug] [SimulationRunner.cc:584] Creating postupdate worker thread (0)
[component_container-3] (2026-05-08 20:46:00.082) [debug] [SimulationRunner.cc:584] Creating postupdate worker thread (1)
[component_container-3] (2026-05-08 20:46:00.082) [debug] [SimulationRunner.cc:584] Creating postupdate worker thread (2)
[component_container-3] (2026-05-08 20:46:00.082) [debug] [SimulationRunner.cc:584] Creating postupdate worker thread (3)
[INFO] [create-5]: process has finished cleanly [pid 124]
[INFO] [spawner-6]: process started with pid [254]
[INFO] [spawner-7]: process started with pid [256]
[component_container-3] [1;33mWarning [Utils.cc:119][0m [/sdf/model[@name="ur"]/link[@name="center_camera/sensor_link"]/sensor[@name="center_camera"]/camera[@name="center_camera"]/optical_frame_id]: SDF Element[optical_frame_id] is deprecated
[component_container-3] [1;33mWarning [Utils.cc:119][0m [/sdf/model[@name="ur"]/link[@name="left_camera/sensor_link"]/sensor[@name="left_camera"]/camera[@name="left_camera"]/optical_frame_id]: SDF Element[optical_frame_id] is deprecated
[component_container-3] [1;33mWarning [Utils.cc:119][0m [/sdf/model[@name="ur"]/link[@name="right_camera/sensor_link"]/sensor[@name="right_camera"]/camera[@name="right_camera"]/optical_frame_id]: SDF Element[optical_frame_id] is deprecated
[component_container-3] [WARN] [1778273160.216370546] [rcl.logging_rosout]: Publisher already registered for node name: 'ros_gz_container'. If this is due to multiple nodes with the same name then all logs for the logger named 'ros_gz_container' will go out over the existing publisher. As soon as any node with that name is destructed it will unregister the publisher, preventing any further logs for that name from being published on the rosout topic.
[component_container-3] [INFO] [1778273160.220638129] [ros_gz_container]: [gz_ros2_control] Fixed joint [tabletop_joint] (Entity=101)] is skipped
[component_container-3] [INFO] [1778273160.220963504] [ros_gz_container]: [gz_ros2_control] Fixed joint [center_camera/attach_sensor_link] (Entity=108)] is skipped
[component_container-3] [INFO] [1778273160.221018671] [ros_gz_container]: [gz_ros2_control] Fixed joint [center_camera/attach_optical] (Entity=109)] is skipped
[component_container-3] [INFO] [1778273160.221068754] [ros_gz_container]: [gz_ros2_control] Fixed joint [ati/attach_joint] (Entity=110)] is skipped
[component_container-3] [INFO] [1778273160.221084712] [ros_gz_container]: [gz_ros2_control] Fixed joint [left_camera/attach_sensor_link] (Entity=114)] is skipped
[component_container-3] [INFO] [1778273160.221089379] [ros_gz_container]: [gz_ros2_control] Fixed joint [left_camera/attach_optical] (Entity=115)] is skipped
[component_container-3] [INFO] [1778273160.221093296] [ros_gz_container]: [gz_ros2_control] Fixed joint [right_camera/attach_sensor_link] (Entity=116)] is skipped
[component_container-3] [INFO] [1778273160.221097171] [ros_gz_container]: [gz_ros2_control] Fixed joint [right_camera/attach_optical] (Entity=117)] is skipped
[component_container-3] [INFO] [1778273160.226724421] [ros_gz_container]: Loading controller_manager
[component_container-3] [INFO] [1778273160.251818462] [controller_manager]: Using ROS clock for triggering controller manager cycles.
[component_container-3] [INFO] [1778273160.273329837] [controller_manager]: Subscribing to '/robot_description' topic for robot description.
[component_container-3] [INFO] [1778273160.285408796] [controller_manager]: Enforcing command limits is enabled...
[component_container-3] [WARN] [1778273160.287782921] [ros_gz_container]: Waiting RM to load and initialize hardware...
[component_container-3] [INFO] [1778273160.293878837] [controller_manager]: Received robot description from topic.
[component_container-3] [INFO] [1778273160.303447837] [ros_gz_container]: Using JointLimiter for joint 'gripper/left_finger_joint' in hardware 'gripper' : '  has position limits: true [0, 0.025]
[component_container-3]   has velocity limits: true [0.05]
[component_container-3]   has acceleration limits: false [nan]
[component_container-3]   has deceleration limits: false [nan]
[component_container-3]   has jerk limits: false [nan]
[component_container-3]   has effort limits: true [20]
[component_container-3]   angle wraparound: false'
[component_container-3] [INFO] [1778273160.303527837] [ros_gz_container]: Creating JointSaturationLimiter for joint 'gripper/left_finger_joint' in hardware 'gripper'
[component_container-3] [INFO] [1778273160.304832504] [ros_gz_container]: Using JointLimiter for joint 'wrist_3_joint' in hardware 'ControlSystem' : '  has position limits: true [-6.28319, 6.28319]
[component_container-3]   has velocity limits: true [3.14159]
[component_container-3]   has acceleration limits: false [nan]
[component_container-3]   has deceleration limits: false [nan]
[component_container-3]   has jerk limits: false [nan]
[component_container-3]   has effort limits: true [28]
[component_container-3]   angle wraparound: false'
[component_container-3] [INFO] [1778273160.304852046] [ros_gz_container]: Creating JointSaturationLimiter for joint 'wrist_3_joint' in hardware 'ControlSystem'
[component_container-3] [INFO] [1778273160.304866337] [ros_gz_container]: Using JointLimiter for joint 'wrist_2_joint' in hardware 'ControlSystem' : '  has position limits: true [-6.28319, 6.28319]
[component_container-3]   has velocity limits: true [3.14159]
[component_container-3]   has acceleration limits: false [nan]
[component_container-3]   has deceleration limits: false [nan]
[component_container-3]   has jerk limits: false [nan]
[component_container-3]   has effort limits: true [28]
[component_container-3]   angle wraparound: false'
[component_container-3] [INFO] [1778273160.304871462] [ros_gz_container]: Creating JointSaturationLimiter for joint 'wrist_2_joint' in hardware 'ControlSystem'
[component_container-3] [INFO] [1778273160.304892546] [ros_gz_container]: Using JointLimiter for joint 'wrist_1_joint' in hardware 'ControlSystem' : '  has position limits: true [-6.28319, 6.28319]
[component_container-3]   has velocity limits: true [3.14159]
[component_container-3]   has acceleration limits: false [nan]
[component_container-3]   has deceleration limits: false [nan]
[component_container-3]   has jerk limits: false [nan]
[component_container-3]   has effort limits: true [28]
[component_container-3]   angle wraparound: false'
[component_container-3] [INFO] [1778273160.304897171] [ros_gz_container]: Creating JointSaturationLimiter for joint 'wrist_1_joint' in hardware 'ControlSystem'
[component_container-3] [INFO] [1778273160.304903754] [ros_gz_container]: Using JointLimiter for joint 'elbow_joint' in hardware 'ControlSystem' : '  has position limits: true [-3.14159, 3.14159]
[component_container-3]   has velocity limits: true [3.14159]
[component_container-3]   has acceleration limits: false [nan]
[component_container-3]   has deceleration limits: false [nan]
[component_container-3]   has jerk limits: false [nan]
[component_container-3]   has effort limits: true [150]
[component_container-3]   angle wraparound: false'
[component_container-3] [INFO] [1778273160.304907462] [ros_gz_container]: Creating JointSaturationLimiter for joint 'elbow_joint' in hardware 'ControlSystem'
[component_container-3] [INFO] [1778273160.304913962] [ros_gz_container]: Using JointLimiter for joint 'shoulder_lift_joint' in hardware 'ControlSystem' : '  has position limits: true [-6.28319, 6.28319]
[component_container-3]   has velocity limits: true [3.14159]
[component_container-3]   has acceleration limits: false [nan]
[component_container-3]   has deceleration limits: false [nan]
[component_container-3]   has jerk limits: false [nan]
[component_container-3]   has effort limits: true [150]
[component_container-3]   angle wraparound: false'
[component_container-3] [INFO] [1778273160.304926712] [ros_gz_container]: Creating JointSaturationLimiter for joint 'shoulder_lift_joint' in hardware 'ControlSystem'
[component_container-3] [INFO] [1778273160.304933837] [ros_gz_container]: Using JointLimiter for joint 'shoulder_pan_joint' in hardware 'ControlSystem' : '  has position limits: true [-6.28319, 6.28319]
[component_container-3]   has velocity limits: true [3.14159]
[component_container-3]   has acceleration limits: false [nan]
[component_container-3]   has deceleration limits: false [nan]
[component_container-3]   has jerk limits: false [nan]
[component_container-3]   has effort limits: true [150]
[component_container-3]   angle wraparound: false'
[component_container-3] [INFO] [1778273160.304937421] [ros_gz_container]: Creating JointSaturationLimiter for joint 'shoulder_pan_joint' in hardware 'ControlSystem'
[component_container-3] [INFO] [1778273160.313600837] [ros_gz_container]: The position_proportional_gain has been set to: 0.1
[component_container-3] [INFO] [1778273160.314095754] [ros_gz_container]: Loading joint: gripper/left_finger_joint
[component_container-3] [INFO] [1778273160.314128129] [ros_gz_container]: 	State:
[component_container-3] [INFO] [1778273160.314178129] [ros_gz_container]: 		 position
[component_container-3] [INFO] [1778273160.314550296] [ros_gz_container]: 			 found initial value: 0.007300
[component_container-3] [INFO] [1778273160.314604462] [ros_gz_container]: 		 velocity
[component_container-3] [INFO] [1778273160.314734587] [ros_gz_container]: 			 found initial value: 0.000000
[component_container-3] [INFO] [1778273160.314743921] [ros_gz_container]: 		 effort
[component_container-3] [INFO] [1778273160.314892421] [ros_gz_container]: 			 found initial value: 0.000000
[component_container-3] [INFO] [1778273160.314998171] [ros_gz_container]: 	Command:
[component_container-3] [INFO] [1778273160.315003046] [ros_gz_container]: 		 position
[component_container-3] [INFO] [1778273160.315307212] [ros_gz_container]: 		 effort
[component_container-3] [INFO] [1778273160.317190212] [ros_gz_container]: Loading sensor: AtiForceTorqueSensor
[component_container-3] [INFO] [1778273160.317213962] [ros_gz_container]: 	State:
[component_container-3] [INFO] [1778273160.319641879] [ros_gz_container]: Initialize hardware 'gripper' 
[component_container-3] [WARN] [1778273160.320373921] [rcl.logging_rosout]: Publisher already registered for node name: 'ros_gz_container'. If this is due to multiple nodes with the same name then all logs for the logger named 'ros_gz_container' will go out over the existing publisher. As soon as any node with that name is destructed it will unregister the publisher, preventing any further logs for that name from being published on the rosout topic.
[component_container-3] [INFO] [1778273160.322385004] [ros_gz_container.hardware_component.system.gripper]: `status_publish_rate` is set to 0.0, hardware status publisher will not be created.
[component_container-3] [INFO] [1778273160.324862004] [ros_gz_container]: Successful initialization of hardware 'gripper'
[component_container-3] [INFO] [1778273160.328024921] [ros_gz_container]: The position_proportional_gain has been set to: 0.1
[component_container-3] [INFO] [1778273160.328122671] [ros_gz_container]: Loading joint: shoulder_pan_joint
[component_container-3] [INFO] [1778273160.328131921] [ros_gz_container]: 	State:
[component_container-3] [INFO] [1778273160.328135671] [ros_gz_container]: 		 position
[component_container-3] [INFO] [1778273160.328152379] [ros_gz_container]: 			 found initial value: -0.159700
[component_container-3] [INFO] [1778273160.328158087] [ros_gz_container]: 		 velocity
[component_container-3] [INFO] [1778273160.328163962] [ros_gz_container]: 			 found initial value: 0.000000
[component_container-3] [INFO] [1778273160.328167962] [ros_gz_container]: 		 effort
[component_container-3] [INFO] [1778273160.328173129] [ros_gz_container]: 			 found initial value: 0.000000
[component_container-3] [INFO] [1778273160.328176546] [ros_gz_container]: 	Command:
[component_container-3] [INFO] [1778273160.328179379] [ros_gz_container]: 		 position
[component_container-3] [INFO] [1778273160.328190087] [ros_gz_container]: 		 velocity
[component_container-3] [INFO] [1778273160.328274462] [ros_gz_container]: 		 effort
[component_container-3] [INFO] [1778273160.328296379] [ros_gz_container]: Loading joint: shoulder_lift_joint
[component_container-3] [INFO] [1778273160.328299962] [ros_gz_container]: 	State:
[component_container-3] [INFO] [1778273160.328302837] [ros_gz_container]: 		 position
[component_container-3] [INFO] [1778273160.328308629] [ros_gz_container]: 			 found initial value: -1.354200
[component_container-3] [INFO] [1778273160.328315462] [ros_gz_container]: 		 velocity
[component_container-3] [INFO] [1778273160.328383671] [ros_gz_container]: 			 found initial value: 0.000000
[component_container-3] [INFO] [1778273160.328388504] [ros_gz_container]: 		 effort
[component_container-3] [INFO] [1778273160.328405754] [ros_gz_container]: 			 found initial value: 0.000000
[component_container-3] [INFO] [1778273160.328409212] [ros_gz_container]: 	Command:
[component_container-3] [INFO] [1778273160.328411796] [ros_gz_container]: 		 position
[component_container-3] [INFO] [1778273160.328417587] [ros_gz_container]: 		 velocity
[component_container-3] [INFO] [1778273160.328430712] [ros_gz_container]: 		 effort
[component_container-3] [INFO] [1778273160.328442962] [ros_gz_container]: Loading joint: elbow_joint
[component_container-3] [INFO] [1778273160.328448546] [ros_gz_container]: 	State:
[component_container-3] [INFO] [1778273160.328451296] [ros_gz_container]: 		 position
[component_container-3] [INFO] [1778273160.328454962] [ros_gz_container]: 			 found initial value: -1.664800
[component_container-3] [INFO] [1778273160.328459587] [ros_gz_container]: 		 velocity
[component_container-3] [INFO] [1778273160.328463212] [ros_gz_container]: 			 found initial value: 0.000000
[component_container-3] [INFO] [1778273160.328466171] [ros_gz_container]: 		 effort
[component_container-3] [INFO] [1778273160.328470296] [ros_gz_container]: 			 found initial value: 0.000000
[component_container-3] [INFO] [1778273160.328473212] [ros_gz_container]: 	Command:
[component_container-3] [INFO] [1778273160.328475712] [ros_gz_container]: 		 position
[component_container-3] [INFO] [1778273160.328480129] [ros_gz_container]: 		 velocity
[component_container-3] [INFO] [1778273160.328483337] [ros_gz_container]: 		 effort
[component_container-3] [INFO] [1778273160.328490671] [ros_gz_container]: Loading joint: wrist_1_joint
[component_container-3] [INFO] [1778273160.328493629] [ros_gz_container]: 	State:
[component_container-3] [INFO] [1778273160.328496212] [ros_gz_container]: 		 position
[component_container-3] [INFO] [1778273160.328499504] [ros_gz_container]: 			 found initial value: -1.693300
[component_container-3] [INFO] [1778273160.328502504] [ros_gz_container]: 		 velocity
[component_container-3] [INFO] [1778273160.328505254] [ros_gz_container]: 			 found initial value: 0.000000
[component_container-3] [INFO] [1778273160.328508087] [ros_gz_container]: 		 effort
[component_container-3] [INFO] [1778273160.328510796] [ros_gz_container]: 			 found initial value: 0.000000
[component_container-3] [INFO] [1778273160.328513546] [ros_gz_container]: 	Command:
[component_container-3] [INFO] [1778273160.328515837] [ros_gz_container]: 		 position
[component_container-3] [INFO] [1778273160.328520254] [ros_gz_container]: 		 velocity
[component_container-3] [INFO] [1778273160.328523337] [ros_gz_container]: 		 effort
[component_container-3] [INFO] [1778273160.328528712] [ros_gz_container]: Loading joint: wrist_2_joint
[component_container-3] [INFO] [1778273160.328531587] [ros_gz_container]: 	State:
[component_container-3] [INFO] [1778273160.328534004] [ros_gz_container]: 		 position
[component_container-3] [INFO] [1778273160.328537254] [ros_gz_container]: 			 found initial value: 1.571000
[component_container-3] [INFO] [1778273160.328542379] [ros_gz_container]: 		 velocity
[component_container-3] [INFO] [1778273160.328545087] [ros_gz_container]: 			 found initial value: 0.000000
[component_container-3] [INFO] [1778273160.328547837] [ros_gz_container]: 		 effort
[component_container-3] [INFO] [1778273160.328550629] [ros_gz_container]: 			 found initial value: 0.000000
[component_container-3] [INFO] [1778273160.328553296] [ros_gz_container]: 	Command:
[component_container-3] [INFO] [1778273160.328555629] [ros_gz_container]: 		 position
[component_container-3] [INFO] [1778273160.328559296] [ros_gz_container]: 		 velocity
[component_container-3] [INFO] [1778273160.328562337] [ros_gz_container]: 		 effort
[component_container-3] [INFO] [1778273160.328567254] [ros_gz_container]: Loading joint: wrist_3_joint
[component_container-3] [INFO] [1778273160.328569712] [ros_gz_container]: 	State:
[component_container-3] [INFO] [1778273160.328572004] [ros_gz_container]: 		 position
[component_container-3] [INFO] [1778273160.328574921] [ros_gz_container]: 			 found initial value: 1.411000
[component_container-3] [INFO] [1778273160.328577671] [ros_gz_container]: 		 velocity
[component_container-3] [INFO] [1778273160.328581754] [ros_gz_container]: 			 found initial value: 0.000000
[component_container-3] [INFO] [1778273160.328584587] [ros_gz_container]: 		 effort
[component_container-3] [INFO] [1778273160.328587171] [ros_gz_container]: 			 found initial value: 0.000000
[component_container-3] [INFO] [1778273160.328589879] [ros_gz_container]: 	Command:
[component_container-3] [INFO] [1778273160.328592254] [ros_gz_container]: 		 position
[component_container-3] [INFO] [1778273160.328595879] [ros_gz_container]: 		 velocity
[component_container-3] [INFO] [1778273160.328600629] [ros_gz_container]: 		 effort
[component_container-3] [INFO] [1778273160.328825337] [ros_gz_container]: Loading sensor: AtiForceTorqueSensor
[component_container-3] [INFO] [1778273160.328831087] [ros_gz_container]: 	State:
[component_container-3] [INFO] [1778273160.329122337] [ros_gz_container]: 		 force.x
[component_container-3] [INFO] [1778273160.329127712] [ros_gz_container]: 		 force.y
[component_container-3] [INFO] [1778273160.329130671] [ros_gz_container]: 		 force.z
[component_container-3] [INFO] [1778273160.329133254] [ros_gz_container]: 		 torque.x
[component_container-3] [INFO] [1778273160.329136254] [ros_gz_container]: 		 torque.y
[component_container-3] [INFO] [1778273160.329145004] [ros_gz_container]: 		 torque.z
[component_container-3] [INFO] [1778273160.329269962] [ros_gz_container]: Initialize hardware 'ControlSystem' 
[component_container-3] [WARN] [1778273160.329486379] [rcl.logging_rosout]: Publisher already registered for node name: 'ros_gz_container'. If this is due to multiple nodes with the same name then all logs for the logger named 'ros_gz_container' will go out over the existing publisher. As soon as any node with that name is destructed it will unregister the publisher, preventing any further logs for that name from being published on the rosout topic.
[component_container-3] [INFO] [1778273160.330622546] [ros_gz_container.hardware_component.system.ControlSystem]: `status_publish_rate` is set to 0.0, hardware status publisher will not be created.
[component_container-3] [INFO] [1778273160.330879212] [ros_gz_container]: Successful initialization of hardware 'ControlSystem'
[component_container-3] [INFO] [1778273160.331712462] [resource_manager]: 'configure' hardware 'ControlSystem' 
[component_container-3] [INFO] [1778273160.331784421] [ros_gz_container]: System Successfully configured!
[component_container-3] [INFO] [1778273160.331794962] [resource_manager]: Successful 'configure' of hardware 'ControlSystem'
[component_container-3] [INFO] [1778273160.332014962] [resource_manager]: 'activate' hardware 'ControlSystem' 
[component_container-3] [INFO] [1778273160.332226004] [resource_manager]: Successful 'activate' of hardware 'ControlSystem'
[component_container-3] [INFO] [1778273160.332837171] [resource_manager]: 'configure' hardware 'gripper' 
[component_container-3] [INFO] [1778273160.332841462] [ros_gz_container]: System Successfully configured!
[component_container-3] [INFO] [1778273160.332846504] [resource_manager]: Successful 'configure' of hardware 'gripper'
[component_container-3] [INFO] [1778273160.332849296] [resource_manager]: 'activate' hardware 'gripper' 
[component_container-3] [INFO] [1778273160.332852171] [resource_manager]: Successful 'activate' of hardware 'gripper'
[component_container-3] [WARN] [1778273160.332947087] [controller_manager]: Component 'ControlSystem' does not have read or write statistics initialized, skipping registration.
[component_container-3] [WARN] [1778273160.332962587] [controller_manager]: Component 'gripper' does not have read or write statistics initialized, skipping registration.
[component_container-3] [INFO] [1778273160.332992337] [controller_manager]: Resource Manager has been successfully initialized. Starting Controller Manager services...
[2m2026-05-08T20:46:00.554571Z[0m [32m INFO[0m acc-0 ThreadId(04) [2mzenoh::net::routing::interceptor::access_control[0m[2m:[0m 560dba29d1145a68f5e8ab2262abb1bf did not match any configured ACL subject. Default permission `Allow` will be applied on all messages
[2m2026-05-08T20:46:00.558611Z[0m [32m INFO[0m acc-0 ThreadId(04) [2mzenoh::net::routing::interceptor::access_control[0m[2m:[0m 82e4000f860050d96b1b150500dfd591 did not match any configured ACL subject. Default permission `Allow` will be applied on all messages
[component_container-3] [INFO] [1778273160.688006129] [controller_manager]: Loading controller : 'joint_state_broadcaster' of type 'joint_state_broadcaster/JointStateBroadcaster'
[component_container-3] [INFO] [1778273160.688497296] [controller_manager]: Loading controller 'joint_state_broadcaster'
[component_container-3] [INFO] [1778273160.694085546] [controller_manager]: Controller 'joint_state_broadcaster' node arguments: --ros-args --params-file /ws_aic/install/share/aic_bringup/config/aic_ros2_controllers.yaml -p use_sim_time:=true --param use_sim_time:=true 
[spawner-6] [INFO] [1778273160.710567546] [spawner_joint_state_broadcaster]: Loaded joint_state_broadcaster
[component_container-3] [INFO] [1778273160.714000129] [controller_manager]: Configuring controller: 'joint_state_broadcaster'
[component_container-3] [INFO] [1778273160.715293962] [joint_state_broadcaster]: 'joints' or 'interfaces' parameter is empty. All available state interfaces will be published
[component_container-3] [INFO] [1778273160.728496796] [controller_manager]: Activating controllers: [ joint_state_broadcaster ]
[component_container-3] [INFO] [1778273160.730256879] [controller_manager]: Requested controller switch from non-realtime loop
[component_container-3] [INFO] [1778273160.733283462] [controller_manager]: Successfully switched controllers!
[component_container-3] (2026-05-08 20:46:02.289) [debug] [SystemManager.cc:80] Loaded system [gz_ros2_control::GazeboSimROS2ControlPlugin] for entity [31]
[component_container-3] (2026-05-08 20:46:02.293) [debug] [SystemManager.cc:80] Loaded system [gz::sim::systems::ForceTorque] for entity [31]
[component_container-3] (2026-05-08 20:46:02.296) [debug] [OffLimitContactsPlugin.cc:41] aic_gazebo::OffLimitContactsPlugin::Configure on entity: 31
[component_container-3] (2026-05-08 20:46:02.298) [debug] [OffLimitContactsPlugin.cc:165] Enabled collision [34]
[component_container-3] (2026-05-08 20:46:02.298) [debug] [OffLimitContactsPlugin.cc:165] Enabled collision [37]
[component_container-3] (2026-05-08 20:46:02.298) [debug] [OffLimitContactsPlugin.cc:165] Enabled collision [40]
[component_container-3] (2026-05-08 20:46:02.298) [debug] [OffLimitContactsPlugin.cc:165] Enabled collision [43]
[component_container-3] (2026-05-08 20:46:02.298) [debug] [OffLimitContactsPlugin.cc:165] Enabled collision [46]
[component_container-3] (2026-05-08 20:46:02.298) [debug] [OffLimitContactsPlugin.cc:165] Enabled collision [49]
[component_container-3] (2026-05-08 20:46:02.298) [debug] [OffLimitContactsPlugin.cc:165] Enabled collision [57]
[component_container-3] (2026-05-08 20:46:02.298) [debug] [OffLimitContactsPlugin.cc:165] Enabled collision [58]
[component_container-3] (2026-05-08 20:46:02.298) [debug] [OffLimitContactsPlugin.cc:165] Enabled collision [59]
[component_container-3] (2026-05-08 20:46:02.298) [debug] [OffLimitContactsPlugin.cc:165] Enabled collision [60]
[component_container-3] (2026-05-08 20:46:02.298) [debug] [OffLimitContactsPlugin.cc:165] Enabled collision [61]
[component_container-3] (2026-05-08 20:46:02.298) [debug] [OffLimitContactsPlugin.cc:165] Enabled collision [62]
[component_container-3] (2026-05-08 20:46:02.298) [debug] [OffLimitContactsPlugin.cc:165] Enabled collision [63]
[component_container-3] (2026-05-08 20:46:02.298) [debug] [OffLimitContactsPlugin.cc:165] Enabled collision [64]
[component_container-3] (2026-05-08 20:46:02.298) [debug] [OffLimitContactsPlugin.cc:165] Enabled collision [65]
[component_container-3] (2026-05-08 20:46:02.298) [debug] [OffLimitContactsPlugin.cc:165] Enabled collision [66]
[component_container-3] (2026-05-08 20:46:02.298) [debug] [OffLimitContactsPlugin.cc:165] Enabled collision [67]
[component_container-3] (2026-05-08 20:46:02.298) [debug] [OffLimitContactsPlugin.cc:165] Enabled collision [68]
[component_container-3] (2026-05-08 20:46:02.298) [debug] [OffLimitContactsPlugin.cc:165] Enabled collision [69]
[component_container-3] (2026-05-08 20:46:02.298) [debug] [OffLimitContactsPlugin.cc:165] Enabled collision [70]
[component_container-3] (2026-05-08 20:46:02.298) [debug] [OffLimitContactsPlugin.cc:165] Enabled collision [71]
[component_container-3] (2026-05-08 20:46:02.298) [debug] [OffLimitContactsPlugin.cc:165] Enabled collision [72]
[component_container-3] (2026-05-08 20:46:02.298) [debug] [OffLimitContactsPlugin.cc:165] Enabled collision [73]
[component_container-3] (2026-05-08 20:46:02.298) [debug] [OffLimitContactsPlugin.cc:165] Enabled collision [74]
[component_container-3] (2026-05-08 20:46:02.298) [debug] [OffLimitContactsPlugin.cc:165] Enabled collision [75]
[component_container-3] (2026-05-08 20:46:02.298) [debug] [OffLimitContactsPlugin.cc:165] Enabled collision [81]
[component_container-3] (2026-05-08 20:46:02.298) [debug] [OffLimitContactsPlugin.cc:165] Enabled collision [82]
[component_container-3] (2026-05-08 20:46:02.298) [debug] [OffLimitContactsPlugin.cc:165] Enabled collision [85]
[component_container-3] (2026-05-08 20:46:02.298) [debug] [OffLimitContactsPlugin.cc:165] Enabled collision [86]
[component_container-3] (2026-05-08 20:46:02.298) [debug] [OffLimitContactsPlugin.cc:165] Enabled collision [87]
[component_container-3] (2026-05-08 20:46:02.298) [debug] [OffLimitContactsPlugin.cc:165] Enabled collision [88]
[component_container-3] (2026-05-08 20:46:02.298) [debug] [OffLimitContactsPlugin.cc:165] Enabled collision [91]
[component_container-3] (2026-05-08 20:46:02.298) [debug] [OffLimitContactsPlugin.cc:165] Enabled collision [92]
[component_container-3] (2026-05-08 20:46:02.298) [debug] [OffLimitContactsPlugin.cc:165] Enabled collision [93]
[component_container-3] (2026-05-08 20:46:02.298) [debug] [OffLimitContactsPlugin.cc:165] Enabled collision [94]
[component_container-3] (2026-05-08 20:46:02.298) [debug] [SystemManager.cc:80] Loaded system [aic_gazebo::OffLimitContactsPlugin] for entity [31]
[component_container-3] (2026-05-08 20:46:02.300) [debug] [ResetJointsPlugin.cc:40] aic_gazebo::ResetJointsPlugin::Configure on entity: 31
[component_container-3] [WARN] [1778273162.301252963] [rcl.logging_rosout]: Publisher already registered for node name: 'ros_gz_container'. If this is due to multiple nodes with the same name then all logs for the logger named 'ros_gz_container' will go out over the existing publisher. As soon as any node with that name is destructed it will unregister the publisher, preventing any further logs for that name from being published on the rosout topic.
[component_container-3] (2026-05-08 20:46:02.303) [info] [ResetJointsPlugin.cc:117] Initialized ResetJointsPlugin!
[component_container-3] (2026-05-08 20:46:02.303) [debug] [SystemManager.cc:80] Loaded system [aic_gazebo::ResetJointsPlugin] for entity [31]
[component_container-3] (2026-05-08 20:46:02.303) [debug] [UserCommands.cc:1108] Created entity [31] named [ur5e]
[component_container-3] (2026-05-08 20:46:02.311) [debug] [Physics.cc:1171] Attempting to set physics options, but the physics engine doesn't support feature [CollisionPairMaxContacts]. Options will be ignored.
[component_container-3] (2026-05-08 20:46:02.350) [debug] [Sensors.cc:953] Initialization needed
[component_container-3] (2026-05-08 20:46:02.351) [debug] [Sensors.cc:349] Initializing render context
[component_container-3] (2026-05-08 20:46:02.355) [info] [RenderEngineManager.cc:514] Loading plugin [gz-rendering-ogre2]
[component_container-3] (2026-05-08 20:46:02.361) [info] [SceneBroadcaster.cc:634] Serving scene information on [/world/aic_world/scene/info]
[component_container-3] (2026-05-08 20:46:02.361) [info] [SceneBroadcaster.cc:643] Serving graph information on [/world/aic_world/scene/graph]
[component_container-3] (2026-05-08 20:46:02.361) [info] [SceneBroadcaster.cc:654] Serving full state on [/world/aic_world/state]
[component_container-3] (2026-05-08 20:46:02.361) [info] [SceneBroadcaster.cc:663] Serving full state (async) on [/world/aic_world/state_async]
[component_container-3] (2026-05-08 20:46:02.361) [info] [SceneBroadcaster.cc:671] Publishing scene information on [/world/aic_world/scene/info]
[component_container-3] (2026-05-08 20:46:02.361) [info] [SceneBroadcaster.cc:680] Publishing entity deletions on [/world/aic_world/scene/deletion]
[component_container-3] (2026-05-08 20:46:02.361) [info] [SceneBroadcaster.cc:689] Publishing state changes on [/world/aic_world/state]
[component_container-3] (2026-05-08 20:46:02.361) [info] [SceneBroadcaster.cc:700] Publishing pose messages on [/world/aic_world/pose/info]
[component_container-3] (2026-05-08 20:46:02.361) [info] [SceneBroadcaster.cc:711] Publishing dynamic pose messages on [/world/aic_world/dynamic_pose/info]
[component_container-3] (2026-05-08 20:46:02.370) [debug] [EntityComponentManager.cc:1676] Updated state thread iterators: 10 threads processing around 12 entities each.
[component_container-3] (2026-05-08 20:46:02.432) [debug] [SimulationRunner.cc:600] Exiting postupdate worker thread (3)
[component_container-3] (2026-05-08 20:46:02.432) [debug] [SimulationRunner.cc:600] Exiting postupdate worker thread (0)
[component_container-3] (2026-05-08 20:46:02.432) [debug] [SimulationRunner.cc:600] Exiting postupdate worker thread (1)
[component_container-3] (2026-05-08 20:46:02.432) [debug] [SimulationRunner.cc:600] Exiting postupdate worker thread (2)
[component_container-3] (2026-05-08 20:46:02.433) [debug] [SimulationRunner.cc:573] Creating PostUpdate worker threads: 6
[component_container-3] (2026-05-08 20:46:02.433) [debug] [SimulationRunner.cc:584] Creating postupdate worker thread (0)
[component_container-3] (2026-05-08 20:46:02.434) [debug] [SimulationRunner.cc:584] Creating postupdate worker thread (1)
[component_container-3] (2026-05-08 20:46:02.434) [debug] [SimulationRunner.cc:584] Creating postupdate worker thread (2)
[component_container-3] (2026-05-08 20:46:02.434) [debug] [SimulationRunner.cc:584] Creating postupdate worker thread (3)
[component_container-3] (2026-05-08 20:46:02.434) [debug] [SimulationRunner.cc:584] Creating postupdate worker thread (4)
[component_container-3] (2026-05-08 20:46:02.485) [debug] [EntityComponentManager.cc:1676] Updated state thread iterators: 10 threads processing around 12 entities each.
[spawner-6] [INFO] [1778273162.559115547] [spawner_joint_state_broadcaster]: Configured and activated joint_state_broadcaster
[component_container-3] [1;33mWarning [Utils.cc:119][0m [/sdf/model[@name="ur"]/link[@name="center_camera/sensor_link"]/sensor[@name="center_camera"]/camera[@name="center_camera"]/optical_frame_id]: SDF Element[optical_frame_id] is deprecated
[component_container-3] [1;33mWarning [Utils.cc:119][0m [/sdf/model[@name="ur"]/link[@name="left_camera/sensor_link"]/sensor[@name="left_camera"]/camera[@name="left_camera"]/optical_frame_id]: SDF Element[optical_frame_id] is deprecated
[component_container-3] [1;33mWarning [Utils.cc:119][0m [/sdf/model[@name="ur"]/link[@name="right_camera/sensor_link"]/sensor[@name="right_camera"]/camera[@name="right_camera"]/optical_frame_id]: SDF Element[optical_frame_id] is deprecated
[INFO] [spawner-6]: process has finished cleanly [pid 254]
[INFO] [spawner-8]: process started with pid [393]
[component_container-3] [INFO] [1778273162.648250088] [gz_server]: InitializeCanonicalLinks
[component_container-3] [INFO] [1778273162.650779838] [gz_server]: Creating services on gz_server
[component_container-3] [INFO] [1778273162.656022547] [controller_manager]: Loading controller : 'fts_broadcaster' of type 'force_torque_sensor_broadcaster/ForceTorqueSensorBroadcaster'
[component_container-3] [INFO] [1778273162.656111838] [controller_manager]: Loading controller 'fts_broadcaster'
[component_container-3] [INFO] [1778273162.668295213] [controller_manager]: Controller 'fts_broadcaster' node arguments: --ros-args --params-file /ws_aic/install/share/aic_bringup/config/aic_ros2_controllers.yaml -p use_sim_time:=true --param use_sim_time:=true 
[component_container-3] [INFO] [1778273162.671307297] [gz_server]: Created service /gz_server/delete_entity
[component_container-3] [INFO] [1778273162.693398213] [gz_server]: Created service /gz_server/get_entities
[component_container-3] [INFO] [1778273162.696007005] [gz_server]: Created service /gz_server/get_entity_info
[component_container-3] [INFO] [1778273162.699413755] [gz_server]: Created service /gz_server/get_entity_state
[component_container-3] [INFO] [1778273162.701828172] [gz_server]: Created service /gz_server/get_entities_states
[component_container-3] [INFO] [1778273162.706820338] [gz_server]: Created service /gz_server/get_simulation_state
[component_container-3] [INFO] [1778273162.709736880] [gz_server]: Created service /gz_server/get_simulator_features
[component_container-3] [INFO] [1778273162.711560880] [gz_server]: Created service /gz_server/reset_simulation
[component_container-3] [INFO] [1778273162.714575130] [gz_server]: Created service /gz_server/set_entity_state
[component_container-3] [INFO] [1778273162.716799213] [gz_server]: Created service /gz_server/set_simulation_state
[component_container-3] [INFO] [1778273162.718034922] [gz_server]: Created service /gz_server/spawn_entity
[component_container-3] [INFO] [1778273162.719004963] [gz_server]: Created service /gz_server/step_simulation
[component_container-3] [INFO] [1778273162.732246422] [gz_server]: Created action /gz_server/simulate_steps
[gz-4] [1;33mWarning [Utils.cc:119][0m [/sdf/model[@name="ur"]/link[@name="center_camera/sensor_link"]/sensor[@name="center_camera"]/camera[@name="center_camera"]/optical_frame_id]: SDF Element[optical_frame_id] is deprecated
[gz-4] [1;33mWarning [Utils.cc:119][0m [/sdf/model[@name="ur"]/link[@name="left_camera/sensor_link"]/sensor[@name="left_camera"]/camera[@name="left_camera"]/optical_frame_id]: SDF Element[optical_frame_id] is deprecated
[gz-4] [1;33mWarning [Utils.cc:119][0m [/sdf/model[@name="ur"]/link[@name="right_camera/sensor_link"]/sensor[@name="right_camera"]/camera[@name="right_camera"]/optical_frame_id]: SDF Element[optical_frame_id] is deprecated
[component_container-3] (2026-05-08 20:46:02.938) [debug] [RenderUtil.cc:2646] Create scene [scene]
[2m2026-05-08T20:46:03.076574Z[0m [32m INFO[0m acc-0 ThreadId(04) [2mzenoh::net::routing::interceptor::access_control[0m[2m:[0m e3fa521ca7091e700adc8d3326a8badf did not match any configured ACL subject. Default permission `Allow` will be applied on all messages
[component_container-3] (2026-05-08 20:46:05.729) [debug] [Sensors.cc:391] Rendering Thread initialized
[component_container-3] (2026-05-08 20:46:05.729) [debug] [Sensors.cc:953] Initialization needed
[component_container-3] (2026-05-08 20:46:05.757) [info] [ApplyLinkWrench.cc:209] Listening to instantaneous wrench commands in [/world/aic_world/wrench]
[component_container-3] (2026-05-08 20:46:05.757) [info] [ApplyLinkWrench.cc:220] Listening to persistent wrench commands in [/world/aic_world/wrench/persistent]
[component_container-3] (2026-05-08 20:46:05.758) [info] [ApplyLinkWrench.cc:231] Listening to wrench clear commands in [/world/aic_world/wrench/clear]
[component_container-3] (2026-05-08 20:46:05.758) [debug] [SystemManager.cc:80] Loaded system [gz::sim::systems::ApplyLinkWrench] for entity [1]
[component_container-3] (2026-05-08 20:46:05.758) [debug] [ForceTorque.cc:162] Adding JointTransmittedWrench to: 110
[component_container-3] [INFO] [1778273165.764133256] [ros_gz_container]: ForceTorque AtiForceTorqueSensor has a topic name: /axia80_m20/wrench
[component_container-3] [INFO] [1778273165.769234548] [ros_gz_container]: ForceTorque AtiForceTorqueSensor has a topic name: /axia80_m20/wrench
[spawner-7] [INFO] [1778273165.785020590] [spawner_fts_broadcaster]: Loaded fts_broadcaster
[component_container-3] [INFO] [1778273165.792892798] [controller_manager]: Configuring controller: 'fts_broadcaster'
[component_container-3] [INFO] [1778273165.799536548] [fts_broadcaster]: configure successful
[component_container-3] (2026-05-08 20:46:07.533) [debug] [CameraSensor.cc:342] Camera images for [ur5e::center_camera/sensor_link::center_camera] advertised on [/center_camera/image]
[component_container-3] (2026-05-08 20:46:07.533) [debug] [CameraSensor.cc:632] Camera info for [ur5e::center_camera/sensor_link::center_camera] advertised on [/center_camera/camera_info]
[component_container-3] (2026-05-08 20:46:07.537) [warning] [Ogre2Camera.cc:423] Ogre2Camera::SetVisibilityMask: Mask bits c0000000 are set but will be ignored as they conflict with the reserved bits used internally by the ogre2 backend.
[component_container-3] (2026-05-08 20:46:07.540) [debug] [CameraSensor.cc:342] Camera images for [ur5e::left_camera/sensor_link::left_camera] advertised on [/left_camera/image]
[component_container-3] (2026-05-08 20:46:07.540) [debug] [CameraSensor.cc:632] Camera info for [ur5e::left_camera/sensor_link::left_camera] advertised on [/left_camera/camera_info]
[component_container-3] (2026-05-08 20:46:07.541) [warning] [Ogre2Camera.cc:423] Ogre2Camera::SetVisibilityMask: Mask bits c0000000 are set but will be ignored as they conflict with the reserved bits used internally by the ogre2 backend.
[component_container-3] (2026-05-08 20:46:07.541) [debug] [CameraSensor.cc:342] Camera images for [ur5e::right_camera/sensor_link::right_camera] advertised on [/right_camera/image]
[component_container-3] (2026-05-08 20:46:07.541) [debug] [CameraSensor.cc:632] Camera info for [ur5e::right_camera/sensor_link::right_camera] advertised on [/right_camera/camera_info]
[component_container-3] (2026-05-08 20:46:07.541) [warning] [Ogre2Camera.cc:423] Ogre2Camera::SetVisibilityMask: Mask bits c0000000 are set but will be ignored as they conflict with the reserved bits used internally by the ogre2 backend.
[2m2026-05-08T20:46:14.402825Z[0m [32m INFO[0m acc-0 ThreadId(04) [2mzenoh::net::routing::interceptor::access_control[0m[2m:[0m 128c46f4dba4817fa321f1d58e35d033 did not match any configured ACL subject. Default permission `Allow` will be applied on all messages
[spawner-8] [WARN] [1778273183.198443542] [ros2_control_controller_spawner_aic_controller]: Attempt 1 failed. Retrying in 3 seconds...
[component_container-3] (2026-05-08 20:46:35.686) [warning] [Ogre2RenderTarget.cc:668] Anti-aliasing level of '' is not supported; valid FSAA levels are: [ 0 ]. Setting to 1
[spawner-7] [WARN] [1778273195.805150340] [spawner_fts_broadcaster]: Failed getting a result from calling /controller_manager/configure_controller in 30.0. (Attempt 1 of 3.)
[component_container-3] (2026-05-08 20:46:45.008) [debug] [CameraSensor.cc:441] Enabling camera sensor: 'ur5e::center_camera/sensor_link::center_camera' data generation.
[spawner-8] [WARN] [1778273206.220297386] [ros2_control_controller_spawner_aic_controller]: Attempt 2 failed. Retrying in 3 seconds...
[component_container-3] (2026-05-08 20:46:48.294) [debug] [CameraSensor.cc:441] Enabling camera sensor: 'ur5e::left_camera/sensor_link::left_camera' data generation.
[component_container-3] (2026-05-08 20:46:49.723) [debug] [CameraSensor.cc:441] Enabling camera sensor: 'ur5e::right_camera/sensor_link::right_camera' data generation.
[component_container-3] (2026-05-08 20:46:51.290) [debug] [SimulationRunner.cc:600] Exiting postupdate worker thread (4)
[component_container-3] (2026-05-08 20:46:51.290) [debug] [SimulationRunner.cc:600] Exiting postupdate worker thread (3)
[component_container-3] (2026-05-08 20:46:51.290) [debug] [SimulationRunner.cc:600] Exiting postupdate worker thread (0)
[component_container-3] (2026-05-08 20:46:51.290) [debug] [SimulationRunner.cc:600] Exiting postupdate worker thread (2)
[component_container-3] (2026-05-08 20:46:51.291) [debug] [SimulationRunner.cc:600] Exiting postupdate worker thread (1)
[component_container-3] (2026-05-08 20:46:51.295) [debug] [SimulationRunner.cc:573] Creating PostUpdate worker threads: 6
[component_container-3] (2026-05-08 20:46:51.295) [debug] [SimulationRunner.cc:584] Creating postupdate worker thread (0)
[component_container-3] (2026-05-08 20:46:51.295) [debug] [SimulationRunner.cc:584] Creating postupdate worker thread (1)
[component_container-3] (2026-05-08 20:46:51.295) [debug] [SimulationRunner.cc:584] Creating postupdate worker thread (2)
[component_container-3] (2026-05-08 20:46:51.295) [debug] [SimulationRunner.cc:584] Creating postupdate worker thread (3)
[component_container-3] (2026-05-08 20:46:51.295) [debug] [SimulationRunner.cc:584] Creating postupdate worker thread (4)
[component_container-3] [INFO] [1778273211.323778125] [controller_manager]: Configuring controller: 'fts_broadcaster'
[component_container-3] [INFO] [1778273211.354152000] [fts_broadcaster]: configure successful
[component_container-3] [INFO] [1778273211.377230166] [controller_manager]: Activating controllers: [ fts_broadcaster ]
[component_container-3] [INFO] [1778273211.377922958] [controller_manager]: Requested controller switch from non-realtime loop
[component_container-3] [INFO] [1778273211.379346458] [controller_manager]: Successfully switched controllers!
[spawner-7] [INFO] [1778273211.382801708] [spawner_fts_broadcaster]: Configured and activated fts_broadcaster
[INFO] [spawner-7]: process has finished cleanly [pid 256]
[component_container-3] [INFO] [1778273211.784499875] [controller_manager]: Loading controller : 'aic_controller' of type 'aic/Controller'
[component_container-3] [INFO] [1778273211.784555500] [controller_manager]: Loading controller 'aic_controller'
[component_container-3] [INFO] [1778273211.799728916] [controller_manager]: Controller 'aic_controller' node arguments: --ros-args --params-file /ws_aic/install/share/aic_bringup/config/aic_ros2_controllers.yaml -p use_sim_time:=true --param use_sim_time:=true 
[component_container-3] (2026-05-08 20:46:51.967) [debug] [WorldSdfGeneratorPlugin.cc:79] Saving world: aic_world to: /tmp/aic.sdf
[component_container-3] (2026-05-08 20:46:51.968) [info] [WorldSdfGeneratorPlugin.cc:84] World saved to /tmp/aic.sdf
[spawner-8] [INFO] [1778273215.209977626] [spawner_aic_controller]: Loaded aic_controller
[component_container-3] [INFO] [1778273215.243107126] [controller_manager]: Configuring controller: 'aic_controller'
[component_container-3] [INFO] [1778273215.243538793] [aic_controller]: Control mode set to impedance
[component_container-3] [INFO] [1778273215.243560168] [aic_controller]: Target mode set to Cartesian. Accepting MotionUpdate targets.
[component_container-3] [INFO] [1778273215.367173668] [controller_manager]: Activating controllers: [ aic_controller ]
[component_container-3] [INFO] [1778273215.367958085] [controller_manager]: Requested controller switch from non-realtime loop
[component_container-3] [INFO] [1778273215.374953668] [controller_manager]: Successfully switched controllers!
[component_container-3] (2026-05-08 20:46:59.583) [warning] [Component.hh:144] Trying to serialize component with data type [St6vectorIdSaIdEE], which doesn't have `operator<<`. Component will not be serialized.
[spawner-8] [INFO] [1778273219.587244962] [spawner_aic_controller]: Configured and activated all the parsed controllers list : ['aic_controller']!
[component_container-3] (2026-05-08 20:46:59.593) [warning] [Component.hh:189] Trying to deserialize component with data type [St6vectorIdSaIdEE], which doesn't have `operator>>`. Component will not be deserialized.
[INFO] [spawner-8]: process has finished cleanly [pid 393]
[INFO] [rviz2-9]: process started with pid [651]
[rviz2-9] QStandardPaths: XDG_RUNTIME_DIR not set, defaulting to '/tmp/runtime-root'
[2m2026-05-08T20:47:00.597071Z[0m [32m INFO[0m acc-0 ThreadId(04) [2mzenoh::net::routing::interceptor::access_control[0m[2m:[0m 81756edc7b88d0487b51f3ff8e703294 did not match any configured ACL subject. Default permission `Allow` will be applied on all messages
[rviz2-9] [INFO] [1778273221.433009713] [rviz2]: Stereo is NOT SUPPORTED
[rviz2-9] [INFO] [1778273221.440670004] [rviz2]: OpenGl version: 4.5 (GLSL 4.5)
[rviz2-9] [INFO] [1778273221.555567754] [rviz2]: Stereo is NOT SUPPORTED
[rviz2-9] [INFO] [1778273223.880799089] [rviz2]: Stereo is NOT SUPPORTED
[2m2026-05-08T20:47:25.575449Z[0m [32m INFO[0m acc-0 ThreadId(04) [2mzenoh::net::routing::interceptor::access_control[0m[2m:[0m 1ac7d4056779cf1200e65cb7d2482f99 did not match any configured ACL subject. Default permission `Allow` will be applied on all messages
